# JRE version: OpenJDK Runtime Environment (17.0.6) (build 17.0.6+0-b2043.56-10027231)
# Java VM: OpenJDK 64-Bit Server VM (17.0.6+0-b2043.56-10027231, mixed mode, tiered, compressed oops, compressed class ptrs, g1 gc, windows-amd64)
GC Precious Log:
 CPUs: 8 total, 8 available
 Memory: 7991M
 Large Page Support: Disabled
 NUMA Support: Disabled
 Compressed Oops: Enabled (32-bit)
 Heap Region Size: 1M
 Heap Min Capacity: 8M
 Heap Initial Capacity: 126M
 Heap Max Capacity: 2G
 Pre-touch: Disabled
 Parallel Workers: 8
 Concurrent Workers: 2
 Concurrent Refinement Workers: 8
 Periodic GC: Disabled
Heap:
 garbage-first heap   total 237568K, used 144707K [0x0000000080000000, 0x0000000100000000)
  region size 1024K, 20 young (20480K), 4 survivors (4096K)
 Metaspace       used 118123K, committed 118784K, reserved 1155072K
  class space    used 15860K, committed 16192K, reserved 1048576K
GC Heap History (20 events):
Event: 5.488 GC heap before
{Heap before GC invocations=23 (full 0):
 garbage-first heap   total 124928K, used 93831K [0x0000000080000000, 0x0000000100000000)
  region size 1024K, 33 young (33792K), 1 survivors (1024K)
 Metaspace       used 70312K, committed 70912K, reserved 1114112K
  class space    used 9299K, committed 9600K, reserved 1048576K
}
Event: 5.491 GC heap after
{Heap after GC invocations=24 (full 0):
 garbage-first heap   total 124928K, used 62866K [0x0000000080000000, 0x0000000100000000)
  region size 1024K, 3 young (3072K), 3 survivors (3072K)
 Metaspace       used 70312K, committed 70912K, reserved 1114112K
  class space    used 9299K, committed 9600K, reserved 1048576K
}
Event: 5.792 GC heap before
{Heap before GC invocations=25 (full 0):
 garbage-first heap   total 124928K, used 95634K [0x0000000080000000, 0x0000000100000000)
  region size 1024K, 35 young (35840K), 3 survivors (3072K)
 Metaspace       used 74215K, committed 74816K, reserved 1114112K
  class space    used 9823K, committed 10112K, reserved 1048576K
}
Event: 5.795 GC heap after
{Heap after GC invocations=26 (full 0):
 garbage-first heap   total 124928K, used 64813K [0x0000000080000000, 0x0000000100000000)
  region size 1024K, 5 young (5120K), 5 survivors (5120K)
 Metaspace       used 74215K, committed 74816K, reserved 1114112K
  class space    used 9823K, committed 10112K, reserved 1048576K
}
Event: 5.808 GC heap before
{Heap before GC invocations=26 (full 0):
 garbage-first heap   total 124928K, used 65837K [0x0000000080000000, 0x0000000100000000)
  region size 1024K, 6 young (6144K), 5 survivors (5120K)
 Metaspace       used 74400K, committed 75008K, reserved 1114112K
  class space    used 9844K, committed 10112K, reserved 1048576K
}
Event: 5.811 GC heap after
{Heap after GC invocations=27 (full 0):
 garbage-first heap   total 124928K, used 65002K [0x0000000080000000, 0x0000000100000000)
  region size 1024K, 1 young (1024K), 1 survivors (1024K)
 Metaspace       used 74400K, committed 75008K, reserved 1114112K
  class space    used 9844K, committed 10112K, reserved 1048576K
}
Event: 6.009 GC heap before
{Heap before GC invocations=27 (full 0):
 garbage-first heap   total 124928K, used 96746K [0x0000000080000000, 0x0000000100000000)
  region size 1024K, 33 young (33792K), 1 survivors (1024K)
 Metaspace       used 76372K, committed 76928K, reserved 1122304K
  class space    used 10087K, committed 10368K, reserved 1048576K
}
Event: 6.013 GC heap after
{Heap after GC invocations=28 (full 0):
 garbage-first heap   total 237568K, used 68751K [0x0000000080000000, 0x0000000100000000)
  region size 1024K, 5 young (5120K), 5 survivors (5120K)
 Metaspace       used 76372K, committed 76928K, reserved 1122304K
  class space    used 10087K, committed 10368K, reserved 1048576K
}
Event: 7.180 GC heap before
{Heap before GC invocations=29 (full 0):
 garbage-first heap   total 237568K, used 161935K [0x0000000080000000, 0x0000000100000000)
  region size 1024K, 96 young (98304K), 5 survivors (5120K)
 Metaspace       used 86735K, committed 87424K, reserved 1130496K
  class space    used 11783K, committed 12096K, reserved 1048576K
}
Event: 7.186 GC heap after
{Heap after GC invocations=30 (full 0):
 garbage-first heap   total 237568K, used 73920K [0x0000000080000000, 0x0000000100000000)
  region size 1024K, 10 young (10240K), 10 survivors (10240K)
 Metaspace       used 86735K, committed 87424K, reserved 1130496K
  class space    used 11783K, committed 12096K, reserved 1048576K
}
Event: 7.203 GC heap before
{Heap before GC invocations=30 (full 0):
 garbage-first heap   total 237568K, used 74944K [0x0000000080000000, 0x0000000100000000)
  region size 1024K, 11 young (11264K), 10 survivors (10240K)
 Metaspace       used 87051K, committed 87744K, reserved 1130496K
  class space    used 11901K, committed 12224K, reserved 1048576K
}
Event: 7.208 GC heap after
{Heap after GC invocations=31 (full 0):
 garbage-first heap   total 237568K, used 74285K [0x0000000080000000, 0x0000000100000000)
  region size 1024K, 2 young (2048K), 2 survivors (2048K)
 Metaspace       used 87051K, committed 87744K, reserved 1130496K
  class space    used 11901K, committed 12224K, reserved 1048576K
}
Event: 9.034 GC heap before
{Heap before GC invocations=31 (full 0):
 garbage-first heap   total 237568K, used 174637K [0x0000000080000000, 0x0000000100000000)
  region size 1024K, 97 young (99328K), 2 survivors (2048K)
 Metaspace       used 99422K, committed 100032K, reserved 1138688K
  class space    used 13791K, committed 14080K, reserved 1048576K
}
Event: 9.038 GC heap after
{Heap after GC invocations=32 (full 0):
 garbage-first heap   total 237568K, used 82630K [0x0000000080000000, 0x0000000100000000)
  region size 1024K, 6 young (6144K), 6 survivors (6144K)
 Metaspace       used 99422K, committed 100032K, reserved 1138688K
  class space    used 13791K, committed 14080K, reserved 1048576K
}
Event: 9.852 GC heap before
{Heap before GC invocations=32 (full 0):
 garbage-first heap   total 237568K, used 187078K [0x0000000080000000, 0x0000000100000000)
  region size 1024K, 103 young (105472K), 6 survivors (6144K)
 Metaspace       used 100858K, committed 101568K, reserved 1138688K
  class space    used 13954K, committed 14272K, reserved 1048576K
}
Event: 9.869 GC heap after
{Heap after GC invocations=33 (full 0):
 garbage-first heap   total 237568K, used 108401K [0x0000000080000000, 0x0000000100000000)
  region size 1024K, 13 young (13312K), 13 survivors (13312K)
 Metaspace       used 100858K, committed 101568K, reserved 1138688K
  class space    used 13954K, committed 14272K, reserved 1048576K
}
Event: 11.508 GC heap before
{Heap before GC invocations=33 (full 0):
 garbage-first heap   total 237568K, used 187249K [0x0000000080000000, 0x0000000100000000)
  region size 1024K, 84 young (86016K), 13 survivors (13312K)
 Metaspace       used 109409K, committed 110080K, reserved 1146880K
  class space    used 14785K, committed 15104K, reserved 1048576K
}
Event: 11.518 GC heap after
{Heap after GC invocations=34 (full 0):
 garbage-first heap   total 237568K, used 124585K [0x0000000080000000, 0x0000000100000000)
  region size 1024K, 9 young (9216K), 9 survivors (9216K)
 Metaspace       used 109409K, committed 110080K, reserved 1146880K
  class space    used 14785K, committed 15104K, reserved 1048576K
}
Event: 12.311 GC heap before
{Heap before GC invocations=34 (full 0):
 garbage-first heap   total 237568K, used 187049K [0x0000000080000000, 0x0000000100000000)
  region size 1024K, 70 young (71680K), 9 survivors (9216K)
 Metaspace       used 117816K, committed 118464K, reserved 1155072K
  class space    used 15843K, committed 16128K, reserved 1048576K
}
Event: 12.317 GC heap after
{Heap after GC invocations=35 (full 0):
 garbage-first heap   total 237568K, used 128323K [0x0000000080000000, 0x0000000100000000)
  region size 1024K, 4 young (4096K), 4 survivors (4096K)
 Metaspace       used 117816K, committed 118464K, reserved 1155072K
  class space    used 15843K, committed 16128K, reserved 1048576K
}

