# JRE version: OpenJDK Runtime Environment (17.0.6) (build 17.0.6+0-b2043.56-10027231)
# Java VM: OpenJDK 64-Bit Server VM (17.0.6+0-b2043.56-10027231, mixed mode, tiered, compressed oops, compressed class ptrs, g1 gc, windows-amd64)
GC Precious Log:
 CPUs: 8 total, 8 available
 Memory: 7991M
 Large Page Support: Disabled
 NUMA Support: Disabled
 Compressed Oops: Enabled (32-bit)
 Heap Region Size: 1M
 Heap Min Capacity: 8M
 Heap Initial Capacity: 126M
 Heap Max Capacity: 2G
 Pre-touch: Disabled
 Parallel Workers: 8
 Concurrent Workers: 2
 Concurrent Refinement Workers: 8
 Periodic GC: Disabled
Heap:
 garbage-first heap   total 352256K, used 149994K [0x0000000080000000, 0x0000000100000000)
  region size 1024K, 11 young (11264K), 11 survivors (11264K)
 Metaspace       used 133884K, committed 134848K, reserved 1171456K
  class space    used 18159K, committed 18624K, reserved 1048576K
GC Heap History (20 events):
Event: 59.998 GC heap after
{Heap after GC invocations=62 (full 0):
 garbage-first heap   total 352256K, used 162192K [0x0000000080000000, 0x0000000100000000)
  region size 1024K, 6 young (6144K), 6 survivors (6144K)
 Metaspace       used 125984K, committed 126848K, reserved 1163264K
  class space    used 17547K, committed 17984K, reserved 1048576K
}
Event: 547.070 GC heap before
{Heap before GC invocations=63 (full 0):
 garbage-first heap   total 352256K, used 299408K [0x0000000080000000, 0x0000000100000000)
  region size 1024K, 129 young (132096K), 6 survivors (6144K)
 Metaspace       used 131301K, committed 132224K, reserved 1163264K
  class space    used 18029K, committed 18496K, reserved 1048576K
}
Event: 547.081 GC heap after
{Heap after GC invocations=64 (full 0):
 garbage-first heap   total 352256K, used 152799K [0x0000000080000000, 0x0000000100000000)
  region size 1024K, 15 young (15360K), 15 survivors (15360K)
 Metaspace       used 131301K, committed 132224K, reserved 1163264K
  class space    used 18029K, committed 18496K, reserved 1048576K
}
Event: 547.085 GC heap before
{Heap before GC invocations=64 (full 0):
 garbage-first heap   total 352256K, used 154847K [0x0000000080000000, 0x0000000100000000)
  region size 1024K, 17 young (17408K), 15 survivors (15360K)
 Metaspace       used 131301K, committed 132224K, reserved 1163264K
  class space    used 18029K, committed 18496K, reserved 1048576K
}
Event: 547.094 GC heap after
{Heap after GC invocations=65 (full 0):
 garbage-first heap   total 352256K, used 153107K [0x0000000080000000, 0x0000000100000000)
  region size 1024K, 2 young (2048K), 2 survivors (2048K)
 Metaspace       used 131301K, committed 132224K, reserved 1163264K
  class space    used 18029K, committed 18496K, reserved 1048576K
}
Event: 555.495 GC heap before
{Heap before GC invocations=65 (full 0):
 garbage-first heap   total 352256K, used 232979K [0x0000000080000000, 0x0000000100000000)
  region size 1024K, 82 young (83968K), 2 survivors (2048K)
 Metaspace       used 131921K, committed 132864K, reserved 1171456K
  class space    used 18039K, committed 18496K, reserved 1048576K
}
Event: 555.499 GC heap after
{Heap after GC invocations=66 (full 0):
 garbage-first heap   total 352256K, used 155826K [0x0000000080000000, 0x0000000100000000)
  region size 1024K, 5 young (5120K), 5 survivors (5120K)
 Metaspace       used 131921K, committed 132864K, reserved 1171456K
  class space    used 18039K, committed 18496K, reserved 1048576K
}
Event: 1915.951 GC heap before
{Heap before GC invocations=67 (full 0):
 garbage-first heap   total 352256K, used 317618K [0x0000000080000000, 0x0000000100000000)
  region size 1024K, 134 young (137216K), 5 survivors (5120K)
 Metaspace       used 132408K, committed 133376K, reserved 1171456K
  class space    used 18041K, committed 18496K, reserved 1048576K
}
Event: 1915.973 GC heap after
{Heap after GC invocations=68 (full 0):
 garbage-first heap   total 352256K, used 165801K [0x0000000080000000, 0x0000000100000000)
  region size 1024K, 15 young (15360K), 15 survivors (15360K)
 Metaspace       used 132408K, committed 133376K, reserved 1171456K
  class space    used 18041K, committed 18496K, reserved 1048576K
}
Event: 1916.005 GC heap before
{Heap before GC invocations=68 (full 0):
 garbage-first heap   total 352256K, used 167849K [0x0000000080000000, 0x0000000100000000)
  region size 1024K, 17 young (17408K), 15 survivors (15360K)
 Metaspace       used 132413K, committed 133376K, reserved 1171456K
  class space    used 18041K, committed 18496K, reserved 1048576K
}
Event: 1916.039 GC heap after
{Heap after GC invocations=69 (full 0):
 garbage-first heap   total 352256K, used 160457K [0x0000000080000000, 0x0000000100000000)
  region size 1024K, 2 young (2048K), 2 survivors (2048K)
 Metaspace       used 132413K, committed 133376K, reserved 1171456K
  class space    used 18041K, committed 18496K, reserved 1048576K
}
Event: 1930.267 GC heap before
{Heap before GC invocations=69 (full 0):
 garbage-first heap   total 352256K, used 231113K [0x0000000080000000, 0x0000000100000000)
  region size 1024K, 73 young (74752K), 2 survivors (2048K)
 Metaspace       used 133020K, committed 134016K, reserved 1171456K
  class space    used 18081K, committed 18560K, reserved 1048576K
}
Event: 1930.272 GC heap after
{Heap after GC invocations=70 (full 0):
 garbage-first heap   total 352256K, used 162360K [0x0000000080000000, 0x0000000100000000)
  region size 1024K, 4 young (4096K), 4 survivors (4096K)
 Metaspace       used 133020K, committed 134016K, reserved 1171456K
  class space    used 18081K, committed 18560K, reserved 1048576K
}
Event: 3004.591 GC heap before
{Heap before GC invocations=71 (full 0):
 garbage-first heap   total 352256K, used 316984K [0x0000000080000000, 0x0000000100000000)
  region size 1024K, 126 young (129024K), 4 survivors (4096K)
 Metaspace       used 133527K, committed 134528K, reserved 1171456K
  class space    used 18124K, committed 18624K, reserved 1048576K
}
Event: 3004.602 GC heap after
{Heap after GC invocations=72 (full 0):
 garbage-first heap   total 352256K, used 161481K [0x0000000080000000, 0x0000000100000000)
  region size 1024K, 3 young (3072K), 3 survivors (3072K)
 Metaspace       used 133527K, committed 134528K, reserved 1171456K
  class space    used 18124K, committed 18624K, reserved 1048576K
}
Event: 3004.746 GC heap before
{Heap before GC invocations=72 (full 0):
 garbage-first heap   total 352256K, used 175817K [0x0000000080000000, 0x0000000100000000)
  region size 1024K, 17 young (17408K), 3 survivors (3072K)
 Metaspace       used 133541K, committed 134528K, reserved 1171456K
  class space    used 18124K, committed 18624K, reserved 1048576K
}
Event: 3004.806 GC heap after
{Heap after GC invocations=73 (full 0):
 garbage-first heap   total 352256K, used 140350K [0x0000000080000000, 0x0000000100000000)
  region size 1024K, 3 young (3072K), 3 survivors (3072K)
 Metaspace       used 133541K, committed 134528K, reserved 1171456K
  class space    used 18124K, committed 18624K, reserved 1048576K
}
Event: 3004.878 GC heap before
{Heap before GC invocations=73 (full 0):
 garbage-first heap   total 352256K, used 154686K [0x0000000080000000, 0x0000000100000000)
  region size 1024K, 17 young (17408K), 3 survivors (3072K)
 Metaspace       used 133544K, committed 134528K, reserved 1171456K
  class space    used 18125K, committed 18624K, reserved 1048576K
}
Event: 3004.883 GC heap after
{Heap after GC invocations=74 (full 0):
 garbage-first heap   total 352256K, used 142222K [0x0000000080000000, 0x0000000100000000)
  region size 1024K, 3 young (3072K), 3 survivors (3072K)
 Metaspace       used 133544K, committed 134528K, reserved 1171456K
  class space    used 18125K, committed 18624K, reserved 1048576K
}
Event: 3005.802 GC heap before
{Heap before GC invocations=74 (full 0):
 garbage-first heap   total 352256K, used 201614K [0x0000000080000000, 0x0000000100000000)
  region size 1024K, 63 young (64512K), 3 survivors (3072K)
 Metaspace       used 133884K, committed 134848K, reserved 1171456K
  class space    used 18159K, committed 18624K, reserved 1048576K
}

