# JRE version: OpenJDK Runtime Environment (17.0.6) (build 17.0.6+0-b2043.56-10027231)
# Java VM: OpenJDK 64-Bit Server VM (17.0.6+0-b2043.56-10027231, mixed mode, tiered, compressed oops, compressed class ptrs, g1 gc, windows-amd64)
GC Precious Log:
 CPUs: 8 total, 8 available
 Memory: 7991M
 Large Page Support: Disabled
 NUMA Support: Disabled
 Compressed Oops: Enabled (32-bit)
 Heap Region Size: 1M
 Heap Min Capacity: 8M
 Heap Initial Capacity: 126M
 Heap Max Capacity: 2G
 Pre-touch: Disabled
 Parallel Workers: 8
 Concurrent Workers: 2
 Concurrent Refinement Workers: 8
 Periodic GC: Disabled
Heap:
 garbage-first heap   total 243712K, used 169205K [0x0000000080000000, 0x0000000100000000)
  region size 1024K, 5 young (5120K), 5 survivors (5120K)
 Metaspace       used 107064K, committed 107840K, reserved 1146880K
  class space    used 14268K, committed 14656K, reserved 1048576K
GC Heap History (20 events):
Event: 6.697 GC heap after
{Heap after GC invocations=30 (full 0):
 garbage-first heap   total 243712K, used 74728K [0x0000000080000000, 0x0000000100000000)
  region size 1024K, 10 young (10240K), 10 survivors (10240K)
 Metaspace       used 85021K, committed 85632K, reserved 1130496K
  class space    used 11472K, committed 11776K, reserved 1048576K
}
Event: 6.700 GC heap before
{Heap before GC invocations=30 (full 0):
 garbage-first heap   total 243712K, used 75752K [0x0000000080000000, 0x0000000100000000)
  region size 1024K, 11 young (11264K), 10 survivors (10240K)
 Metaspace       used 85021K, committed 85632K, reserved 1130496K
  class space    used 11472K, committed 11776K, reserved 1048576K
}
Event: 6.705 GC heap after
{Heap after GC invocations=31 (full 0):
 garbage-first heap   total 243712K, used 74790K [0x0000000080000000, 0x0000000100000000)
  region size 1024K, 2 young (2048K), 2 survivors (2048K)
 Metaspace       used 85021K, committed 85632K, reserved 1130496K
  class space    used 11472K, committed 11776K, reserved 1048576K
}
Event: 7.842 GC heap before
{Heap before GC invocations=31 (full 0):
 garbage-first heap   total 243712K, used 186406K [0x0000000080000000, 0x0000000100000000)
  region size 1024K, 111 young (113664K), 2 survivors (2048K)
 Metaspace       used 94553K, committed 95168K, reserved 1138688K
  class space    used 12809K, committed 13120K, reserved 1048576K
}
Event: 7.850 GC heap after
{Heap after GC invocations=32 (full 0):
 garbage-first heap   total 243712K, used 85678K [0x0000000080000000, 0x0000000100000000)
  region size 1024K, 13 young (13312K), 13 survivors (13312K)
 Metaspace       used 94553K, committed 95168K, reserved 1138688K
  class space    used 12809K, committed 13120K, reserved 1048576K
}
Event: 10.914 GC heap before
{Heap before GC invocations=32 (full 0):
 garbage-first heap   total 243712K, used 186030K [0x0000000080000000, 0x0000000100000000)
  region size 1024K, 111 young (113664K), 13 survivors (13312K)
 Metaspace       used 99000K, committed 99776K, reserved 1138688K
  class space    used 13330K, committed 13696K, reserved 1048576K
}
Event: 10.927 GC heap after
{Heap after GC invocations=33 (full 0):
 garbage-first heap   total 243712K, used 102030K [0x0000000080000000, 0x0000000100000000)
  region size 1024K, 14 young (14336K), 14 survivors (14336K)
 Metaspace       used 99000K, committed 99776K, reserved 1138688K
  class space    used 13330K, committed 13696K, reserved 1048576K
}
Event: 11.319 GC heap before
{Heap before GC invocations=33 (full 0):
 garbage-first heap   total 243712K, used 188046K [0x0000000080000000, 0x0000000100000000)
  region size 1024K, 98 young (100352K), 14 survivors (14336K)
 Metaspace       used 100161K, committed 100864K, reserved 1138688K
  class space    used 13505K, committed 13824K, reserved 1048576K
}
Event: 11.331 GC heap after
{Heap after GC invocations=34 (full 0):
 garbage-first heap   total 243712K, used 111749K [0x0000000080000000, 0x0000000100000000)
  region size 1024K, 10 young (10240K), 10 survivors (10240K)
 Metaspace       used 100161K, committed 100864K, reserved 1138688K
  class space    used 13505K, committed 13824K, reserved 1048576K
}
Event: 11.646 GC heap before
{Heap before GC invocations=34 (full 0):
 garbage-first heap   total 243712K, used 190597K [0x0000000080000000, 0x0000000100000000)
  region size 1024K, 88 young (90112K), 10 survivors (10240K)
 Metaspace       used 100794K, committed 101504K, reserved 1138688K
  class space    used 13569K, committed 13888K, reserved 1048576K
}
Event: 11.653 GC heap after
{Heap after GC invocations=35 (full 0):
 garbage-first heap   total 243712K, used 116613K [0x0000000080000000, 0x0000000100000000)
  region size 1024K, 7 young (7168K), 7 survivors (7168K)
 Metaspace       used 100794K, committed 101504K, reserved 1138688K
  class space    used 13569K, committed 13888K, reserved 1048576K
}
Event: 16.594 GC heap before
{Heap before GC invocations=35 (full 0):
 garbage-first heap   total 243712K, used 203653K [0x0000000080000000, 0x0000000100000000)
  region size 1024K, 84 young (86016K), 7 survivors (7168K)
 Metaspace       used 103655K, committed 104448K, reserved 1146880K
  class space    used 13868K, committed 14272K, reserved 1048576K
}
Event: 16.605 GC heap after
{Heap after GC invocations=36 (full 0):
 garbage-first heap   total 243712K, used 138437K [0x0000000080000000, 0x0000000100000000)
  region size 1024K, 11 young (11264K), 11 survivors (11264K)
 Metaspace       used 103655K, committed 104448K, reserved 1146880K
  class space    used 13868K, committed 14272K, reserved 1048576K
}
Event: 19.774 GC heap before
{Heap before GC invocations=36 (full 0):
 garbage-first heap   total 243712K, used 195781K [0x0000000080000000, 0x0000000100000000)
  region size 1024K, 60 young (61440K), 11 survivors (11264K)
 Metaspace       used 104246K, committed 105024K, reserved 1146880K
  class space    used 13923K, committed 14336K, reserved 1048576K
}
Event: 19.785 GC heap after
{Heap after GC invocations=37 (full 0):
 garbage-first heap   total 243712K, used 151508K [0x0000000080000000, 0x0000000100000000)
  region size 1024K, 8 young (8192K), 8 survivors (8192K)
 Metaspace       used 104246K, committed 105024K, reserved 1146880K
  class space    used 13923K, committed 14336K, reserved 1048576K
}
Event: 20.573 GC heap before
{Heap before GC invocations=37 (full 0):
 garbage-first heap   total 243712K, used 192468K [0x0000000080000000, 0x0000000100000000)
  region size 1024K, 48 young (49152K), 8 survivors (8192K)
 Metaspace       used 106526K, committed 107264K, reserved 1146880K
  class space    used 14226K, committed 14592K, reserved 1048576K
}
Event: 20.580 GC heap after
{Heap after GC invocations=38 (full 0):
 garbage-first heap   total 243712K, used 156672K [0x0000000080000000, 0x0000000100000000)
  region size 1024K, 4 young (4096K), 4 survivors (4096K)
 Metaspace       used 106526K, committed 107264K, reserved 1146880K
  class space    used 14226K, committed 14592K, reserved 1048576K
}
Event: 20.728 GC heap before
{Heap before GC invocations=38 (full 0):
 garbage-first heap   total 243712K, used 190464K [0x0000000080000000, 0x0000000100000000)
  region size 1024K, 15 young (15360K), 4 survivors (4096K)
 Metaspace       used 106627K, committed 107392K, reserved 1146880K
  class space    used 14235K, committed 14592K, reserved 1048576K
}
Event: 20.734 GC heap after
{Heap after GC invocations=39 (full 0):
 garbage-first heap   total 243712K, used 168242K [0x0000000080000000, 0x0000000100000000)
  region size 1024K, 6 young (6144K), 6 survivors (6144K)
 Metaspace       used 106627K, committed 107392K, reserved 1146880K
  class space    used 14235K, committed 14592K, reserved 1048576K
}
Event: 20.848 GC heap before
{Heap before GC invocations=39 (full 0):
 garbage-first heap   total 243712K, used 204082K [0x0000000080000000, 0x0000000100000000)
  region size 1024K, 37 young (37888K), 6 survivors (6144K)
 Metaspace       used 107064K, committed 107840K, reserved 1146880K
  class space    used 14268K, committed 14656K, reserved 1048576K
}

