# JRE version: OpenJDK Runtime Environment (17.0.6) (build 17.0.6+0-b2043.56-10027231)
# Java VM: OpenJDK 64-Bit Server VM (17.0.6+0-b2043.56-10027231, mixed mode, tiered, compressed oops, compressed class ptrs, g1 gc, windows-amd64)
GC Precious Log:
 CPUs: 8 total, 8 available
 Memory: 7991M
 Large Page Support: Disabled
 NUMA Support: Disabled
 Compressed Oops: Enabled (32-bit)
 Heap Region Size: 1M
 Heap Min Capacity: 8M
 Heap Initial Capacity: 126M
 Heap Max Capacity: 2G
 Pre-touch: Disabled
 Parallel Workers: 8
 Concurrent Workers: 2
 Concurrent Refinement Workers: 8
 Periodic GC: Disabled
Heap:
 garbage-first heap   total 382976K, used 151547K [0x0000000080000000, 0x0000000100000000)
  region size 1024K, 1 young (1024K), 1 survivors (1024K)
 Metaspace       used 156684K, committed 158272K, reserved 1187840K
  class space    used 20547K, committed 21376K, reserved 1048576K
GC Heap History (20 events):
Event: 6903.891 GC heap after
{Heap after GC invocations=93 (full 0):
 garbage-first heap   total 563200K, used 176794K [0x0000000080000000, 0x0000000100000000)
  region size 1024K, 3 young (3072K), 3 survivors (3072K)
 Metaspace       used 155273K, committed 156224K, reserved 1187840K
  class space    used 20423K, committed 20864K, reserved 1048576K
}
Event: 6985.984 GC heap before
{Heap before GC invocations=93 (full 0):
 garbage-first heap   total 563200K, used 445082K [0x0000000080000000, 0x0000000100000000)
  region size 1024K, 265 young (271360K), 3 survivors (3072K)
 Metaspace       used 156845K, committed 158272K, reserved 1187840K
  class space    used 20706K, committed 21376K, reserved 1048576K
}
Event: 6986.038 GC heap after
{Heap after GC invocations=94 (full 0):
 garbage-first heap   total 563200K, used 188527K [0x0000000080000000, 0x0000000100000000)
  region size 1024K, 15 young (15360K), 15 survivors (15360K)
 Metaspace       used 156845K, committed 158272K, reserved 1187840K
  class space    used 20706K, committed 21376K, reserved 1048576K
}
Event: 10586.852 GC heap before
{Heap before GC invocations=95 (full 0):
 garbage-first heap   total 563200K, used 252015K [0x0000000080000000, 0x0000000100000000)
  region size 1024K, 97 young (99328K), 15 survivors (15360K)
 Metaspace       used 156882K, committed 158336K, reserved 1187840K
  class space    used 20712K, committed 21376K, reserved 1048576K
}
Event: 10587.847 GC heap after
{Heap after GC invocations=96 (full 1):
 garbage-first heap   total 382976K, used 109586K [0x0000000080000000, 0x0000000100000000)
  region size 1024K, 0 young (0K), 0 survivors (0K)
 Metaspace       used 156882K, committed 158336K, reserved 1187840K
  class space    used 20712K, committed 21376K, reserved 1048576K
}
Event: 12431.894 GC heap before
{Heap before GC invocations=96 (full 1):
 garbage-first heap   total 382976K, used 231442K [0x0000000080000000, 0x0000000100000000)
  region size 1024K, 120 young (122880K), 0 survivors (0K)
 Metaspace       used 157091K, committed 158592K, reserved 1187840K
  class space    used 20722K, committed 21440K, reserved 1048576K
}
Event: 12432.001 GC heap after
{Heap after GC invocations=97 (full 1):
 garbage-first heap   total 382976K, used 121136K [0x0000000080000000, 0x0000000100000000)
  region size 1024K, 12 young (12288K), 12 survivors (12288K)
 Metaspace       used 157091K, committed 158592K, reserved 1187840K
  class space    used 20722K, committed 21440K, reserved 1048576K
}
Event: 12513.377 GC heap before
{Heap before GC invocations=98 (full 1):
 garbage-first heap   total 382976K, used 322864K [0x0000000080000000, 0x0000000100000000)
  region size 1024K, 179 young (183296K), 12 survivors (12288K)
 Metaspace       used 156686K, committed 158272K, reserved 1187840K
  class space    used 20605K, committed 21376K, reserved 1048576K
}
Event: 12514.180 GC heap after
{Heap after GC invocations=99 (full 1):
 garbage-first heap   total 382976K, used 128824K [0x0000000080000000, 0x0000000100000000)
  region size 1024K, 19 young (19456K), 19 survivors (19456K)
 Metaspace       used 156686K, committed 158272K, reserved 1187840K
  class space    used 20605K, committed 21376K, reserved 1048576K
}
Event: 12514.228 GC heap before
{Heap before GC invocations=99 (full 1):
 garbage-first heap   total 382976K, used 129848K [0x0000000080000000, 0x0000000100000000)
  region size 1024K, 20 young (20480K), 19 survivors (19456K)
 Metaspace       used 156686K, committed 158272K, reserved 1187840K
  class space    used 20605K, committed 21376K, reserved 1048576K
}
Event: 12514.908 GC heap after
{Heap after GC invocations=100 (full 1):
 garbage-first heap   total 382976K, used 130200K [0x0000000080000000, 0x0000000100000000)
  region size 1024K, 3 young (3072K), 3 survivors (3072K)
 Metaspace       used 156686K, committed 158272K, reserved 1187840K
  class space    used 20605K, committed 21376K, reserved 1048576K
}
Event: 12520.409 GC heap before
{Heap before GC invocations=100 (full 1):
 garbage-first heap   total 382976K, used 146584K [0x0000000080000000, 0x0000000100000000)
  region size 1024K, 21 young (21504K), 3 survivors (3072K)
 Metaspace       used 156733K, committed 158272K, reserved 1187840K
  class space    used 20605K, committed 21376K, reserved 1048576K
}
Event: 12520.479 GC heap after
{Heap after GC invocations=101 (full 1):
 garbage-first heap   total 382976K, used 135345K [0x0000000080000000, 0x0000000100000000)
  region size 1024K, 3 young (3072K), 3 survivors (3072K)
 Metaspace       used 156733K, committed 158272K, reserved 1187840K
  class space    used 20605K, committed 21376K, reserved 1048576K
}
Event: 12520.829 GC heap before
{Heap before GC invocations=101 (full 1):
 garbage-first heap   total 382976K, used 153777K [0x0000000080000000, 0x0000000100000000)
  region size 1024K, 19 young (19456K), 3 survivors (3072K)
 Metaspace       used 156410K, committed 158272K, reserved 1187840K
  class space    used 20540K, committed 21376K, reserved 1048576K
}
Event: 12520.951 GC heap after
{Heap after GC invocations=102 (full 1):
 garbage-first heap   total 382976K, used 143349K [0x0000000080000000, 0x0000000100000000)
  region size 1024K, 3 young (3072K), 3 survivors (3072K)
 Metaspace       used 156410K, committed 158272K, reserved 1187840K
  class space    used 20540K, committed 21376K, reserved 1048576K
}
Event: 12521.257 GC heap before
{Heap before GC invocations=103 (full 1):
 garbage-first heap   total 382976K, used 158709K [0x0000000080000000, 0x0000000100000000)
  region size 1024K, 18 young (18432K), 3 survivors (3072K)
 Metaspace       used 156419K, committed 158272K, reserved 1187840K
  class space    used 20540K, committed 21376K, reserved 1048576K
}
Event: 12521.627 GC heap after
{Heap after GC invocations=104 (full 1):
 garbage-first heap   total 382976K, used 148641K [0x0000000080000000, 0x0000000100000000)
  region size 1024K, 3 young (3072K), 3 survivors (3072K)
 Metaspace       used 156419K, committed 158272K, reserved 1187840K
  class space    used 20540K, committed 21376K, reserved 1048576K
}
Event: 12521.912 GC heap before
{Heap before GC invocations=104 (full 1):
 garbage-first heap   total 382976K, used 164001K [0x0000000080000000, 0x0000000100000000)
  region size 1024K, 18 young (18432K), 3 survivors (3072K)
 Metaspace       used 156610K, committed 158272K, reserved 1187840K
  class space    used 20540K, committed 21376K, reserved 1048576K
}
Event: 12522.171 GC heap after
{Heap after GC invocations=105 (full 1):
 garbage-first heap   total 382976K, used 150851K [0x0000000080000000, 0x0000000100000000)
  region size 1024K, 3 young (3072K), 3 survivors (3072K)
 Metaspace       used 156610K, committed 158272K, reserved 1187840K
  class space    used 20540K, committed 21376K, reserved 1048576K
}
Event: 12522.758 GC heap before
{Heap before GC invocations=105 (full 1):
 garbage-first heap   total 382976K, used 165187K [0x0000000080000000, 0x0000000100000000)
  region size 1024K, 18 young (18432K), 3 survivors (3072K)
 Metaspace       used 156684K, committed 158272K, reserved 1187840K
  class space    used 20547K, committed 21376K, reserved 1048576K
}

