# JRE version: OpenJDK Runtime Environment (17.0.6) (build 17.0.6+0-b2043.56-10027231)
# Java VM: OpenJDK 64-Bit Server VM (17.0.6+0-b2043.56-10027231, mixed mode, tiered, compressed oops, compressed class ptrs, g1 gc, windows-amd64)
GC Precious Log:
 CPUs: 8 total, 8 available
 Memory: 7991M
 Large Page Support: Disabled
 NUMA Support: Disabled
 Compressed Oops: Enabled (32-bit)
 Heap Region Size: 1M
 Heap Min Capacity: 8M
 Heap Initial Capacity: 126M
 Heap Max Capacity: 2G
 Pre-touch: Disabled
 Parallel Workers: 8
 Concurrent Workers: 2
 Concurrent Refinement Workers: 8
 Periodic GC: Disabled
Heap:
 garbage-first heap   total 398336K, used 273097K [0x0000000080000000, 0x0000000100000000)
  region size 1024K, 107 young (109568K), 3 survivors (3072K)
 Metaspace       used 147778K, committed 148800K, reserved 1179648K
  class space    used 20059K, committed 20544K, reserved 1048576K
GC Heap History (20 events):
Event: 27.406 GC heap before
{Heap before GC invocations=45 (full 0):
 garbage-first heap   total 271360K, used 227814K [0x0000000080000000, 0x0000000100000000)
  region size 1024K, 52 young (53248K), 4 survivors (4096K)
 Metaspace       used 130352K, committed 131200K, reserved 1163264K
  class space    used 18102K, committed 18496K, reserved 1048576K
}
Event: 27.410 GC heap after
{Heap after GC invocations=46 (full 0):
 garbage-first heap   total 271360K, used 178437K [0x0000000080000000, 0x0000000100000000)
  region size 1024K, 3 young (3072K), 3 survivors (3072K)
 Metaspace       used 130352K, committed 131200K, reserved 1163264K
  class space    used 18102K, committed 18496K, reserved 1048576K
}
Event: 27.646 GC heap before
{Heap before GC invocations=46 (full 0):
 garbage-first heap   total 271360K, used 228613K [0x0000000080000000, 0x0000000100000000)
  region size 1024K, 53 young (54272K), 3 survivors (3072K)
 Metaspace       used 131583K, committed 132480K, reserved 1163264K
  class space    used 18342K, committed 18752K, reserved 1048576K
}
Event: 27.652 GC heap after
{Heap after GC invocations=47 (full 0):
 garbage-first heap   total 271360K, used 187717K [0x0000000080000000, 0x0000000100000000)
  region size 1024K, 7 young (7168K), 7 survivors (7168K)
 Metaspace       used 131583K, committed 132480K, reserved 1163264K
  class space    used 18342K, committed 18752K, reserved 1048576K
}
Event: 29.010 GC heap before
{Heap before GC invocations=47 (full 0):
 garbage-first heap   total 271360K, used 234821K [0x0000000080000000, 0x0000000100000000)
  region size 1024K, 34 young (34816K), 7 survivors (7168K)
 Metaspace       used 134075K, committed 134976K, reserved 1171456K
  class space    used 18639K, committed 19072K, reserved 1048576K
}
Event: 29.019 GC heap after
{Heap after GC invocations=48 (full 0):
 garbage-first heap   total 325632K, used 207659K [0x0000000080000000, 0x0000000100000000)
  region size 1024K, 4 young (4096K), 4 survivors (4096K)
 Metaspace       used 134075K, committed 134976K, reserved 1171456K
  class space    used 18639K, committed 19072K, reserved 1048576K
}
Event: 204.195 GC heap before
{Heap before GC invocations=48 (full 0):
 garbage-first heap   total 325632K, used 285483K [0x0000000080000000, 0x0000000100000000)
  region size 1024K, 68 young (69632K), 4 survivors (4096K)
 Metaspace       used 139068K, committed 140032K, reserved 1171456K
  class space    used 19103K, committed 19584K, reserved 1048576K
}
Event: 204.199 GC heap after
{Heap after GC invocations=49 (full 0):
 garbage-first heap   total 325632K, used 193497K [0x0000000080000000, 0x0000000100000000)
  region size 1024K, 6 young (6144K), 6 survivors (6144K)
 Metaspace       used 139068K, committed 140032K, reserved 1171456K
  class space    used 19103K, committed 19584K, reserved 1048576K
}
Event: 204.738 GC heap before
{Heap before GC invocations=49 (full 0):
 garbage-first heap   total 325632K, used 272345K [0x0000000080000000, 0x0000000100000000)
  region size 1024K, 84 young (86016K), 6 survivors (6144K)
 Metaspace       used 139643K, committed 140672K, reserved 1171456K
  class space    used 19124K, committed 19648K, reserved 1048576K
}
Event: 204.748 GC heap after
{Heap after GC invocations=50 (full 0):
 garbage-first heap   total 325632K, used 205812K [0x0000000080000000, 0x0000000100000000)
  region size 1024K, 11 young (11264K), 11 survivors (11264K)
 Metaspace       used 139643K, committed 140672K, reserved 1171456K
  class space    used 19124K, committed 19648K, reserved 1048576K
}
Event: 218.204 GC heap before
{Heap before GC invocations=50 (full 0):
 garbage-first heap   total 325632K, used 270324K [0x0000000080000000, 0x0000000100000000)
  region size 1024K, 75 young (76800K), 11 survivors (11264K)
 Metaspace       used 143627K, committed 144640K, reserved 1179648K
  class space    used 19584K, committed 20032K, reserved 1048576K
}
Event: 218.215 GC heap after
{Heap after GC invocations=51 (full 0):
 garbage-first heap   total 325632K, used 211835K [0x0000000080000000, 0x0000000100000000)
  region size 1024K, 6 young (6144K), 6 survivors (6144K)
 Metaspace       used 143627K, committed 144640K, reserved 1179648K
  class space    used 19584K, committed 20032K, reserved 1048576K
}
Event: 218.781 GC heap before
{Heap before GC invocations=51 (full 0):
 garbage-first heap   total 325632K, used 289659K [0x0000000080000000, 0x0000000100000000)
  region size 1024K, 58 young (59392K), 6 survivors (6144K)
 Metaspace       used 143990K, committed 145024K, reserved 1179648K
  class space    used 19605K, committed 20096K, reserved 1048576K
}
Event: 218.786 GC heap after
{Heap after GC invocations=52 (full 0):
 garbage-first heap   total 325632K, used 237384K [0x0000000080000000, 0x0000000100000000)
  region size 1024K, 5 young (5120K), 5 survivors (5120K)
 Metaspace       used 143990K, committed 145024K, reserved 1179648K
  class space    used 19605K, committed 20096K, reserved 1048576K
}
Event: 296.474 GC heap before
{Heap before GC invocations=53 (full 0):
 garbage-first heap   total 398336K, used 276296K [0x0000000080000000, 0x0000000100000000)
  region size 1024K, 46 young (47104K), 5 survivors (5120K)
 Metaspace       used 143972K, committed 145024K, reserved 1179648K
  class space    used 19579K, committed 20096K, reserved 1048576K
}
Event: 296.479 GC heap after
{Heap after GC invocations=54 (full 0):
 garbage-first heap   total 398336K, used 210180K [0x0000000080000000, 0x0000000100000000)
  region size 1024K, 3 young (3072K), 3 survivors (3072K)
 Metaspace       used 143972K, committed 145024K, reserved 1179648K
  class space    used 19579K, committed 20096K, reserved 1048576K
}
Event: 296.579 GC heap before
{Heap before GC invocations=54 (full 0):
 garbage-first heap   total 398336K, used 226564K [0x0000000080000000, 0x0000000100000000)
  region size 1024K, 19 young (19456K), 3 survivors (3072K)
 Metaspace       used 144041K, committed 145088K, reserved 1179648K
  class space    used 19582K, committed 20096K, reserved 1048576K
}
Event: 296.587 GC heap after
{Heap after GC invocations=55 (full 0):
 garbage-first heap   total 398336K, used 178561K [0x0000000080000000, 0x0000000100000000)
  region size 1024K, 3 young (3072K), 3 survivors (3072K)
 Metaspace       used 144041K, committed 145088K, reserved 1179648K
  class space    used 19582K, committed 20096K, reserved 1048576K
}
Event: 296.680 GC heap before
{Heap before GC invocations=55 (full 0):
 garbage-first heap   total 398336K, used 194945K [0x0000000080000000, 0x0000000100000000)
  region size 1024K, 19 young (19456K), 3 survivors (3072K)
 Metaspace       used 144122K, committed 145088K, reserved 1179648K
  class space    used 19591K, committed 20096K, reserved 1048576K
}
Event: 296.692 GC heap after
{Heap after GC invocations=56 (full 0):
 garbage-first heap   total 398336K, used 168649K [0x0000000080000000, 0x0000000100000000)
  region size 1024K, 3 young (3072K), 3 survivors (3072K)
 Metaspace       used 144122K, committed 145088K, reserved 1179648K
  class space    used 19591K, committed 20096K, reserved 1048576K
}

