# JRE version: OpenJDK Runtime Environment (17.0.6) (build 17.0.6+0-b2043.56-10027231)
# Java VM: OpenJDK 64-Bit Server VM (17.0.6+0-b2043.56-10027231, mixed mode, tiered, compressed oops, compressed class ptrs, g1 gc, windows-amd64)
GC Precious Log:
 CPUs: 8 total, 8 available
 Memory: 7991M
 Large Page Support: Disabled
 NUMA Support: Disabled
 Compressed Oops: Enabled (32-bit)
 Heap Region Size: 1M
 Heap Min Capacity: 8M
 Heap Initial Capacity: 126M
 Heap Max Capacity: 2G
 Pre-touch: Disabled
 Parallel Workers: 8
 Concurrent Workers: 2
 Concurrent Refinement Workers: 8
 Periodic GC: Disabled
Heap:
 garbage-first heap   total 340992K, used 226887K [0x0000000080000000, 0x0000000100000000)
  region size 1024K, 1 young (1024K), 1 survivors (1024K)
 Metaspace       used 119472K, committed 120320K, reserved 1155072K
  class space    used 15651K, committed 16064K, reserved 1048576K
GC Heap History (20 events):
Event: 13.316 GC heap after
{Heap after GC invocations=46 (full 0):
 garbage-first heap   total 326656K, used 163330K [0x0000000080000000, 0x0000000100000000)
  region size 1024K, 8 young (8192K), 8 survivors (8192K)
 Metaspace       used 108068K, committed 108800K, reserved 1146880K
  class space    used 14366K, committed 14720K, reserved 1048576K
}
Event: 13.328 GC heap before
{Heap before GC invocations=46 (full 0):
 garbage-first heap   total 326656K, used 170498K [0x0000000080000000, 0x0000000100000000)
  region size 1024K, 15 young (15360K), 8 survivors (8192K)
 Metaspace       used 108281K, committed 109120K, reserved 1146880K
  class space    used 14382K, committed 14784K, reserved 1048576K
}
Event: 13.333 GC heap after
{Heap after GC invocations=47 (full 0):
 garbage-first heap   total 326656K, used 163155K [0x0000000080000000, 0x0000000100000000)
  region size 1024K, 2 young (2048K), 2 survivors (2048K)
 Metaspace       used 108281K, committed 109120K, reserved 1146880K
  class space    used 14382K, committed 14784K, reserved 1048576K
}
Event: 13.648 GC heap before
{Heap before GC invocations=47 (full 0):
 garbage-first heap   total 326656K, used 249171K [0x0000000080000000, 0x0000000100000000)
  region size 1024K, 87 young (89088K), 2 survivors (2048K)
 Metaspace       used 110668K, committed 111424K, reserved 1146880K
  class space    used 14576K, committed 14976K, reserved 1048576K
}
Event: 13.653 GC heap after
{Heap after GC invocations=48 (full 0):
 garbage-first heap   total 326656K, used 167567K [0x0000000080000000, 0x0000000100000000)
  region size 1024K, 7 young (7168K), 7 survivors (7168K)
 Metaspace       used 110668K, committed 111424K, reserved 1146880K
  class space    used 14576K, committed 14976K, reserved 1048576K
}
Event: 14.012 GC heap before
{Heap before GC invocations=48 (full 0):
 garbage-first heap   total 326656K, used 253583K [0x0000000080000000, 0x0000000100000000)
  region size 1024K, 92 young (94208K), 7 survivors (7168K)
 Metaspace       used 111639K, committed 112448K, reserved 1146880K
  class space    used 14646K, committed 15040K, reserved 1048576K
}
Event: 14.016 GC heap after
{Heap after GC invocations=49 (full 0):
 garbage-first heap   total 326656K, used 168727K [0x0000000080000000, 0x0000000100000000)
  region size 1024K, 7 young (7168K), 7 survivors (7168K)
 Metaspace       used 111639K, committed 112448K, reserved 1146880K
  class space    used 14646K, committed 15040K, reserved 1048576K
}
Event: 14.456 GC heap before
{Heap before GC invocations=49 (full 0):
 garbage-first heap   total 326656K, used 258839K [0x0000000080000000, 0x0000000100000000)
  region size 1024K, 96 young (98304K), 7 survivors (7168K)
 Metaspace       used 113589K, committed 114368K, reserved 1155072K
  class space    used 14874K, committed 15232K, reserved 1048576K
}
Event: 14.463 GC heap after
{Heap after GC invocations=50 (full 0):
 garbage-first heap   total 326656K, used 173995K [0x0000000080000000, 0x0000000100000000)
  region size 1024K, 9 young (9216K), 9 survivors (9216K)
 Metaspace       used 113589K, committed 114368K, reserved 1155072K
  class space    used 14874K, committed 15232K, reserved 1048576K
}
Event: 15.139 GC heap before
{Heap before GC invocations=51 (full 0):
 garbage-first heap   total 326656K, used 241579K [0x0000000080000000, 0x0000000100000000)
  region size 1024K, 96 young (98304K), 9 survivors (9216K)
 Metaspace       used 115476K, committed 116288K, reserved 1155072K
  class space    used 15103K, committed 15488K, reserved 1048576K
}
Event: 15.147 GC heap after
{Heap after GC invocations=52 (full 0):
 garbage-first heap   total 326656K, used 160067K [0x0000000080000000, 0x0000000100000000)
  region size 1024K, 12 young (12288K), 12 survivors (12288K)
 Metaspace       used 115476K, committed 116288K, reserved 1155072K
  class space    used 15103K, committed 15488K, reserved 1048576K
}
Event: 15.154 GC heap before
{Heap before GC invocations=52 (full 0):
 garbage-first heap   total 326656K, used 163139K [0x0000000080000000, 0x0000000100000000)
  region size 1024K, 15 young (15360K), 12 survivors (12288K)
 Metaspace       used 115476K, committed 116288K, reserved 1155072K
  class space    used 15103K, committed 15488K, reserved 1048576K
}
Event: 15.160 GC heap after
{Heap after GC invocations=53 (full 0):
 garbage-first heap   total 326656K, used 142704K [0x0000000080000000, 0x0000000100000000)
  region size 1024K, 2 young (2048K), 2 survivors (2048K)
 Metaspace       used 115476K, committed 116288K, reserved 1155072K
  class space    used 15103K, committed 15488K, reserved 1048576K
}
Event: 15.628 GC heap before
{Heap before GC invocations=53 (full 0):
 garbage-first heap   total 326656K, used 253296K [0x0000000080000000, 0x0000000100000000)
  region size 1024K, 111 young (113664K), 2 survivors (2048K)
 Metaspace       used 115676K, committed 116480K, reserved 1155072K
  class space    used 15125K, committed 15488K, reserved 1048576K
}
Event: 15.633 GC heap after
{Heap after GC invocations=54 (full 0):
 garbage-first heap   total 326656K, used 147350K [0x0000000080000000, 0x0000000100000000)
  region size 1024K, 7 young (7168K), 7 survivors (7168K)
 Metaspace       used 115676K, committed 116480K, reserved 1155072K
  class space    used 15125K, committed 15488K, reserved 1048576K
}
Event: 15.900 GC heap before
{Heap before GC invocations=54 (full 0):
 garbage-first heap   total 326656K, used 203670K [0x0000000080000000, 0x0000000100000000)
  region size 1024K, 64 young (65536K), 7 survivors (7168K)
 Metaspace       used 116012K, committed 116864K, reserved 1155072K
  class space    used 15157K, committed 15552K, reserved 1048576K
}
Event: 15.906 GC heap after
{Heap after GC invocations=55 (full 0):
 garbage-first heap   total 326656K, used 150428K [0x0000000080000000, 0x0000000100000000)
  region size 1024K, 10 young (10240K), 10 survivors (10240K)
 Metaspace       used 116012K, committed 116864K, reserved 1155072K
  class space    used 15157K, committed 15552K, reserved 1048576K
}
Event: 16.186 GC heap before
{Heap before GC invocations=56 (full 0):
 garbage-first heap   total 326656K, used 306076K [0x0000000080000000, 0x0000000100000000)
  region size 1024K, 63 young (64512K), 10 survivors (10240K)
 Metaspace       used 119472K, committed 120320K, reserved 1155072K
  class space    used 15651K, committed 16064K, reserved 1048576K
}
Event: 16.196 GC heap after
{Heap after GC invocations=57 (full 0):
 garbage-first heap   total 340992K, used 232088K [0x0000000080000000, 0x0000000100000000)
  region size 1024K, 15 young (15360K), 15 survivors (15360K)
 Metaspace       used 119472K, committed 120320K, reserved 1155072K
  class space    used 15651K, committed 16064K, reserved 1048576K
}
Event: 16.197 GC heap before
{Heap before GC invocations=57 (full 0):
 garbage-first heap   total 340992K, used 238232K [0x0000000080000000, 0x0000000100000000)
  region size 1024K, 16 young (16384K), 15 survivors (15360K)
 Metaspace       used 119472K, committed 120320K, reserved 1155072K
  class space    used 15651K, committed 16064K, reserved 1048576K
}

