# JRE version: OpenJDK Runtime Environment (17.0.6) (build 17.0.6+0-b2043.56-10027231)
# Java VM: OpenJDK 64-Bit Server VM (17.0.6+0-b2043.56-10027231, mixed mode, tiered, compressed oops, compressed class ptrs, g1 gc, windows-amd64)
GC Precious Log:
 CPUs: 8 total, 8 available
 Memory: 7991M
 Large Page Support: Disabled
 NUMA Support: Disabled
 Compressed Oops: Enabled (32-bit)
 Heap Region Size: 1M
 Heap Min Capacity: 8M
 Heap Initial Capacity: 126M
 Heap Max Capacity: 2G
 Pre-touch: Disabled
 Parallel Workers: 8
 Concurrent Workers: 2
 Concurrent Refinement Workers: 8
 Periodic GC: Disabled
Heap:
 garbage-first heap   total 129024K, used 72209K [0x0000000080000000, 0x0000000100000000)
  region size 1024K, 2 young (2048K), 2 survivors (2048K)
 Metaspace       used 81054K, committed 81664K, reserved 1122304K
  class space    used 10861K, committed 11136K, reserved 1048576K
GC Heap History (20 events):
Event: 17.176 GC heap after
{Heap after GC invocations=32 (full 0):
 garbage-first heap   total 113664K, used 64632K [0x0000000080000000, 0x0000000100000000)
  region size 1024K, 4 young (4096K), 4 survivors (4096K)
 Metaspace       used 65145K, committed 65664K, reserved 1105920K
  class space    used 8613K, committed 8832K, reserved 1048576K
}
Event: 17.178 GC heap before
{Heap before GC invocations=32 (full 0):
 garbage-first heap   total 113664K, used 65656K [0x0000000080000000, 0x0000000100000000)
  region size 1024K, 5 young (5120K), 4 survivors (4096K)
 Metaspace       used 65145K, committed 65664K, reserved 1105920K
  class space    used 8613K, committed 8832K, reserved 1048576K
}
Event: 17.183 GC heap after
{Heap after GC invocations=33 (full 0):
 garbage-first heap   total 113664K, used 64953K [0x0000000080000000, 0x0000000100000000)
  region size 1024K, 1 young (1024K), 1 survivors (1024K)
 Metaspace       used 65145K, committed 65664K, reserved 1105920K
  class space    used 8613K, committed 8832K, reserved 1048576K
}
Event: 17.489 GC heap before
{Heap before GC invocations=33 (full 0):
 garbage-first heap   total 113664K, used 86457K [0x0000000080000000, 0x0000000100000000)
  region size 1024K, 22 young (22528K), 1 survivors (1024K)
 Metaspace       used 67281K, committed 67840K, reserved 1114112K
  class space    used 8893K, committed 9216K, reserved 1048576K
}
Event: 17.493 GC heap after
{Heap after GC invocations=34 (full 0):
 garbage-first heap   total 113664K, used 66457K [0x0000000080000000, 0x0000000100000000)
  region size 1024K, 3 young (3072K), 3 survivors (3072K)
 Metaspace       used 67281K, committed 67840K, reserved 1114112K
  class space    used 8893K, committed 9216K, reserved 1048576K
}
Event: 18.093 GC heap before
{Heap before GC invocations=35 (full 0):
 garbage-first heap   total 113664K, used 82841K [0x0000000080000000, 0x0000000100000000)
  region size 1024K, 24 young (24576K), 3 survivors (3072K)
 Metaspace       used 69573K, committed 70144K, reserved 1114112K
  class space    used 9180K, committed 9472K, reserved 1048576K
}
Event: 18.097 GC heap after
{Heap after GC invocations=36 (full 0):
 garbage-first heap   total 113664K, used 64154K [0x0000000080000000, 0x0000000100000000)
  region size 1024K, 2 young (2048K), 2 survivors (2048K)
 Metaspace       used 69573K, committed 70144K, reserved 1114112K
  class space    used 9180K, committed 9472K, reserved 1048576K
}
Event: 18.178 GC heap before
{Heap before GC invocations=36 (full 0):
 garbage-first heap   total 113664K, used 66202K [0x0000000080000000, 0x0000000100000000)
  region size 1024K, 5 young (5120K), 2 survivors (2048K)
 Metaspace       used 69687K, committed 70272K, reserved 1114112K
  class space    used 9199K, committed 9472K, reserved 1048576K
}
Event: 18.182 GC heap after
{Heap after GC invocations=37 (full 0):
 garbage-first heap   total 113664K, used 64072K [0x0000000080000000, 0x0000000100000000)
  region size 1024K, 1 young (1024K), 1 survivors (1024K)
 Metaspace       used 69687K, committed 70272K, reserved 1114112K
  class space    used 9199K, committed 9472K, reserved 1048576K
}
Event: 19.037 GC heap before
{Heap before GC invocations=37 (full 0):
 garbage-first heap   total 113664K, used 87624K [0x0000000080000000, 0x0000000100000000)
  region size 1024K, 24 young (24576K), 1 survivors (1024K)
 Metaspace       used 72018K, committed 72640K, reserved 1114112K
  class space    used 9510K, committed 9792K, reserved 1048576K
}
Event: 19.041 GC heap after
{Heap after GC invocations=38 (full 0):
 garbage-first heap   total 113664K, used 65501K [0x0000000080000000, 0x0000000100000000)
  region size 1024K, 2 young (2048K), 2 survivors (2048K)
 Metaspace       used 72018K, committed 72640K, reserved 1114112K
  class space    used 9510K, committed 9792K, reserved 1048576K
}
Event: 19.517 GC heap before
{Heap before GC invocations=38 (full 0):
 garbage-first heap   total 113664K, used 89053K [0x0000000080000000, 0x0000000100000000)
  region size 1024K, 26 young (26624K), 2 survivors (2048K)
 Metaspace       used 75417K, committed 76032K, reserved 1122304K
  class space    used 9973K, committed 10240K, reserved 1048576K
}
Event: 19.521 GC heap after
{Heap after GC invocations=39 (full 0):
 garbage-first heap   total 113664K, used 66972K [0x0000000080000000, 0x0000000100000000)
  region size 1024K, 4 young (4096K), 4 survivors (4096K)
 Metaspace       used 75417K, committed 76032K, reserved 1122304K
  class space    used 9973K, committed 10240K, reserved 1048576K
}
Event: 20.236 GC heap before
{Heap before GC invocations=39 (full 0):
 garbage-first heap   total 113664K, used 90524K [0x0000000080000000, 0x0000000100000000)
  region size 1024K, 27 young (27648K), 4 survivors (4096K)
 Metaspace       used 76381K, committed 76992K, reserved 1122304K
  class space    used 10089K, committed 10368K, reserved 1048576K
}
Event: 20.241 GC heap after
{Heap after GC invocations=40 (full 0):
 garbage-first heap   total 113664K, used 70319K [0x0000000080000000, 0x0000000100000000)
  region size 1024K, 4 young (4096K), 4 survivors (4096K)
 Metaspace       used 76381K, committed 76992K, reserved 1122304K
  class space    used 10089K, committed 10368K, reserved 1048576K
}
Event: 20.920 GC heap before
{Heap before GC invocations=41 (full 0):
 garbage-first heap   total 121856K, used 91823K [0x0000000080000000, 0x0000000100000000)
  region size 1024K, 25 young (25600K), 4 survivors (4096K)
 Metaspace       used 77840K, committed 78400K, reserved 1122304K
  class space    used 10283K, committed 10560K, reserved 1048576K
}
Event: 20.925 GC heap after
{Heap after GC invocations=42 (full 0):
 garbage-first heap   total 121856K, used 72180K [0x0000000080000000, 0x0000000100000000)
  region size 1024K, 3 young (3072K), 3 survivors (3072K)
 Metaspace       used 77840K, committed 78400K, reserved 1122304K
  class space    used 10283K, committed 10560K, reserved 1048576K
}
Event: 20.944 GC heap before
{Heap before GC invocations=42 (full 0):
 garbage-first heap   total 121856K, used 74228K [0x0000000080000000, 0x0000000100000000)
  region size 1024K, 5 young (5120K), 3 survivors (3072K)
 Metaspace       used 78100K, committed 78656K, reserved 1122304K
  class space    used 10327K, committed 10624K, reserved 1048576K
}
Event: 20.947 GC heap after
{Heap after GC invocations=43 (full 0):
 garbage-first heap   total 121856K, used 71218K [0x0000000080000000, 0x0000000100000000)
  region size 1024K, 1 young (1024K), 1 survivors (1024K)
 Metaspace       used 78100K, committed 78656K, reserved 1122304K
  class space    used 10327K, committed 10624K, reserved 1048576K
}
Event: 21.657 GC heap before
{Heap before GC invocations=43 (full 0):
 garbage-first heap   total 121856K, used 96818K [0x0000000080000000, 0x0000000100000000)
  region size 1024K, 26 young (26624K), 1 survivors (1024K)
 Metaspace       used 81054K, committed 81664K, reserved 1122304K
  class space    used 10861K, committed 11136K, reserved 1048576K
}

