# JRE version: OpenJDK Runtime Environment (17.0.6) (build 17.0.6+0-b2043.56-10027231)
# Java VM: OpenJDK 64-Bit Server VM (17.0.6+0-b2043.56-10027231, mixed mode, tiered, compressed oops, compressed class ptrs, g1 gc, windows-amd64)
GC Precious Log:
 CPUs: 8 total, 8 available
 Memory: 7991M
 Large Page Support: Disabled
 NUMA Support: Disabled
 Compressed Oops: Enabled (32-bit)
 Heap Region Size: 1M
 Heap Min Capacity: 8M
 Heap Initial Capacity: 126M
 Heap Max Capacity: 2G
 Pre-touch: Disabled
 Parallel Workers: 8
 Concurrent Workers: 2
 Concurrent Refinement Workers: 8
 Periodic GC: Disabled
Heap:
 garbage-first heap   total 189440K, used 156671K [0x0000000080000000, 0x0000000100000000)
  region size 1024K, 4 young (4096K), 2 survivors (2048K)
 Metaspace       used 114646K, committed 115456K, reserved 1155072K
  class space    used 15026K, committed 15424K, reserved 1048576K
GC Heap History (20 events):
Event: 33.325 GC heap before
{Heap before GC invocations=33 (full 0):
 garbage-first heap   total 189440K, used 149975K [0x0000000080000000, 0x0000000100000000)
  region size 1024K, 40 young (40960K), 2 survivors (2048K)
 Metaspace       used 109061K, committed 109760K, reserved 1146880K
  class space    used 14442K, committed 14784K, reserved 1048576K
}
Event: 33.332 GC heap after
{Heap after GC invocations=34 (full 0):
 garbage-first heap   total 189440K, used 118486K [0x0000000080000000, 0x0000000100000000)
  region size 1024K, 5 young (5120K), 5 survivors (5120K)
 Metaspace       used 109061K, committed 109760K, reserved 1146880K
  class space    used 14442K, committed 14784K, reserved 1048576K
}
Event: 33.980 GC heap before
{Heap before GC invocations=34 (full 0):
 garbage-first heap   total 189440K, used 152278K [0x0000000080000000, 0x0000000100000000)
  region size 1024K, 39 young (39936K), 5 survivors (5120K)
 Metaspace       used 110461K, committed 111296K, reserved 1146880K
  class space    used 14607K, committed 15040K, reserved 1048576K
}
Event: 33.984 GC heap after
{Heap after GC invocations=35 (full 0):
 garbage-first heap   total 189440K, used 120969K [0x0000000080000000, 0x0000000100000000)
  region size 1024K, 4 young (4096K), 4 survivors (4096K)
 Metaspace       used 110461K, committed 111296K, reserved 1146880K
  class space    used 14607K, committed 15040K, reserved 1048576K
}
Event: 34.872 GC heap before
{Heap before GC invocations=35 (full 0):
 garbage-first heap   total 189440K, used 152713K [0x0000000080000000, 0x0000000100000000)
  region size 1024K, 36 young (36864K), 4 survivors (4096K)
 Metaspace       used 110924K, committed 111744K, reserved 1146880K
  class space    used 14661K, committed 15040K, reserved 1048576K
}
Event: 34.876 GC heap after
{Heap after GC invocations=36 (full 0):
 garbage-first heap   total 189440K, used 123038K [0x0000000080000000, 0x0000000100000000)
  region size 1024K, 4 young (4096K), 4 survivors (4096K)
 Metaspace       used 110924K, committed 111744K, reserved 1146880K
  class space    used 14661K, committed 15040K, reserved 1048576K
}
Event: 36.001 GC heap before
{Heap before GC invocations=36 (full 0):
 garbage-first heap   total 189440K, used 154782K [0x0000000080000000, 0x0000000100000000)
  region size 1024K, 36 young (36864K), 4 survivors (4096K)
 Metaspace       used 111143K, committed 111872K, reserved 1146880K
  class space    used 14667K, committed 15040K, reserved 1048576K
}
Event: 36.005 GC heap after
{Heap after GC invocations=37 (full 0):
 garbage-first heap   total 189440K, used 124776K [0x0000000080000000, 0x0000000100000000)
  region size 1024K, 4 young (4096K), 4 survivors (4096K)
 Metaspace       used 111143K, committed 111872K, reserved 1146880K
  class space    used 14667K, committed 15040K, reserved 1048576K
}
Event: 37.834 GC heap before
{Heap before GC invocations=37 (full 0):
 garbage-first heap   total 189440K, used 155496K [0x0000000080000000, 0x0000000100000000)
  region size 1024K, 35 young (35840K), 4 survivors (4096K)
 Metaspace       used 111542K, committed 112320K, reserved 1146880K
  class space    used 14700K, committed 15104K, reserved 1048576K
}
Event: 37.838 GC heap after
{Heap after GC invocations=38 (full 0):
 garbage-first heap   total 189440K, used 125554K [0x0000000080000000, 0x0000000100000000)
  region size 1024K, 3 young (3072K), 3 survivors (3072K)
 Metaspace       used 111542K, committed 112320K, reserved 1146880K
  class space    used 14700K, committed 15104K, reserved 1048576K
}
Event: 39.505 GC heap before
{Heap before GC invocations=38 (full 0):
 garbage-first heap   total 189440K, used 156274K [0x0000000080000000, 0x0000000100000000)
  region size 1024K, 34 young (34816K), 3 survivors (3072K)
 Metaspace       used 112778K, committed 113600K, reserved 1155072K
  class space    used 14842K, committed 15232K, reserved 1048576K
}
Event: 39.509 GC heap after
{Heap after GC invocations=39 (full 0):
 garbage-first heap   total 189440K, used 128315K [0x0000000080000000, 0x0000000100000000)
  region size 1024K, 5 young (5120K), 5 survivors (5120K)
 Metaspace       used 112778K, committed 113600K, reserved 1155072K
  class space    used 14842K, committed 15232K, reserved 1048576K
}
Event: 40.837 GC heap before
{Heap before GC invocations=39 (full 0):
 garbage-first heap   total 189440K, used 156987K [0x0000000080000000, 0x0000000100000000)
  region size 1024K, 33 young (33792K), 5 survivors (5120K)
 Metaspace       used 114519K, committed 115328K, reserved 1155072K
  class space    used 15025K, committed 15424K, reserved 1048576K
}
Event: 40.841 GC heap after
{Heap after GC invocations=40 (full 0):
 garbage-first heap   total 189440K, used 132540K [0x0000000080000000, 0x0000000100000000)
  region size 1024K, 5 young (5120K), 5 survivors (5120K)
 Metaspace       used 114519K, committed 115328K, reserved 1155072K
  class space    used 15025K, committed 15424K, reserved 1048576K
}
Event: 43.699 GC heap before
{Heap before GC invocations=40 (full 0):
 garbage-first heap   total 189440K, used 157116K [0x0000000080000000, 0x0000000100000000)
  region size 1024K, 30 young (30720K), 5 survivors (5120K)
 Metaspace       used 114612K, committed 115392K, reserved 1155072K
  class space    used 15025K, committed 15424K, reserved 1048576K
}
Event: 43.704 GC heap after
{Heap after GC invocations=41 (full 0):
 garbage-first heap   total 189440K, used 138160K [0x0000000080000000, 0x0000000100000000)
  region size 1024K, 4 young (4096K), 4 survivors (4096K)
 Metaspace       used 114612K, committed 115392K, reserved 1155072K
  class space    used 15025K, committed 15424K, reserved 1048576K
}
Event: 45.840 GC heap before
{Heap before GC invocations=41 (full 0):
 garbage-first heap   total 189440K, used 166832K [0x0000000080000000, 0x0000000100000000)
  region size 1024K, 24 young (24576K), 4 survivors (4096K)
 Metaspace       used 114645K, committed 115456K, reserved 1155072K
  class space    used 15026K, committed 15424K, reserved 1048576K
}
Event: 45.847 GC heap after
{Heap after GC invocations=42 (full 0):
 garbage-first heap   total 189440K, used 151670K [0x0000000080000000, 0x0000000100000000)
  region size 1024K, 3 young (3072K), 3 survivors (3072K)
 Metaspace       used 114645K, committed 115456K, reserved 1155072K
  class space    used 15026K, committed 15424K, reserved 1048576K
}
Event: 46.364 GC heap before
{Heap before GC invocations=42 (full 0):
 garbage-first heap   total 189440K, used 157814K [0x0000000080000000, 0x0000000100000000)
  region size 1024K, 10 young (10240K), 3 survivors (3072K)
 Metaspace       used 114646K, committed 115456K, reserved 1155072K
  class space    used 15026K, committed 15424K, reserved 1048576K
}
Event: 46.372 GC heap after
{Heap after GC invocations=43 (full 0):
 garbage-first heap   total 189440K, used 155647K [0x0000000080000000, 0x0000000100000000)
  region size 1024K, 2 young (2048K), 2 survivors (2048K)
 Metaspace       used 114646K, committed 115456K, reserved 1155072K
  class space    used 15026K, committed 15424K, reserved 1048576K
}

