# JRE version: OpenJDK Runtime Environment (17.0.6) (build 17.0.6+0-b2043.56-10027231)
# Java VM: OpenJDK 64-Bit Server VM (17.0.6+0-b2043.56-10027231, mixed mode, tiered, compressed oops, compressed class ptrs, g1 gc, windows-amd64)
GC Precious Log:
 CPUs: 8 total, 8 available
 Memory: 7991M
 Large Page Support: Disabled
 NUMA Support: Disabled
 Compressed Oops: Enabled (32-bit)
 Heap Region Size: 1M
 Heap Min Capacity: 8M
 Heap Initial Capacity: 126M
 Heap Max Capacity: 2G
 Pre-touch: Disabled
 Parallel Workers: 8
 Concurrent Workers: 2
 Concurrent Refinement Workers: 8
 Periodic GC: Disabled
Heap:
 garbage-first heap   total 339968K, used 182272K [0x0000000080000000, 0x0000000100000000)
  region size 1024K, 2 young (2048K), 2 survivors (2048K)
 Metaspace       used 147572K, committed 148736K, reserved 1179648K
  class space    used 19654K, committed 20224K, reserved 1048576K
GC Heap History (20 events):
Event: 1644.648 GC heap after
{Heap after GC invocations=61 (full 0):
 garbage-first heap   total 339968K, used 167614K [0x0000000080000000, 0x0000000100000000)
  region size 1024K, 2 young (2048K), 2 survivors (2048K)
 Metaspace       used 142543K, committed 143552K, reserved 1179648K
  class space    used 19102K, committed 19584K, reserved 1048576K
}
Event: 1682.584 GC heap before
{Heap before GC invocations=61 (full 0):
 garbage-first heap   total 339968K, used 267966K [0x0000000080000000, 0x0000000100000000)
  region size 1024K, 101 young (103424K), 2 survivors (2048K)
 Metaspace       used 143135K, committed 144192K, reserved 1179648K
  class space    used 19189K, committed 19712K, reserved 1048576K
}
Event: 1682.593 GC heap after
{Heap after GC invocations=62 (full 0):
 garbage-first heap   total 339968K, used 176897K [0x0000000080000000, 0x0000000100000000)
  region size 1024K, 12 young (12288K), 12 survivors (12288K)
 Metaspace       used 143135K, committed 144192K, reserved 1179648K
  class space    used 19189K, committed 19712K, reserved 1048576K
}
Event: 1874.355 GC heap before
{Heap before GC invocations=63 (full 0):
 garbage-first heap   total 339968K, used 289537K [0x0000000080000000, 0x0000000100000000)
  region size 1024K, 105 young (107520K), 12 survivors (12288K)
 Metaspace       used 143765K, committed 144896K, reserved 1179648K
  class space    used 19231K, committed 19776K, reserved 1048576K
}
Event: 1874.363 GC heap after
{Heap after GC invocations=64 (full 0):
 garbage-first heap   total 339968K, used 167552K [0x0000000080000000, 0x0000000100000000)
  region size 1024K, 3 young (3072K), 3 survivors (3072K)
 Metaspace       used 143765K, committed 144896K, reserved 1179648K
  class space    used 19231K, committed 19776K, reserved 1048576K
}
Event: 1874.406 GC heap before
{Heap before GC invocations=64 (full 0):
 garbage-first heap   total 339968K, used 179840K [0x0000000080000000, 0x0000000100000000)
  region size 1024K, 16 young (16384K), 3 survivors (3072K)
 Metaspace       used 143768K, committed 144896K, reserved 1179648K
  class space    used 19231K, committed 19776K, reserved 1048576K
}
Event: 1874.413 GC heap after
{Heap after GC invocations=65 (full 0):
 garbage-first heap   total 339968K, used 151823K [0x0000000080000000, 0x0000000100000000)
  region size 1024K, 2 young (2048K), 2 survivors (2048K)
 Metaspace       used 143768K, committed 144896K, reserved 1179648K
  class space    used 19231K, committed 19776K, reserved 1048576K
}
Event: 1894.346 GC heap before
{Heap before GC invocations=65 (full 0):
 garbage-first heap   total 339968K, used 269583K [0x0000000080000000, 0x0000000100000000)
  region size 1024K, 118 young (120832K), 2 survivors (2048K)
 Metaspace       used 144231K, committed 145344K, reserved 1179648K
  class space    used 19279K, committed 19840K, reserved 1048576K
}
Event: 1894.402 GC heap after
{Heap after GC invocations=66 (full 0):
 garbage-first heap   total 339968K, used 164388K [0x0000000080000000, 0x0000000100000000)
  region size 1024K, 14 young (14336K), 14 survivors (14336K)
 Metaspace       used 144231K, committed 145344K, reserved 1179648K
  class space    used 19279K, committed 19840K, reserved 1048576K
}
Event: 2750.777 GC heap before
{Heap before GC invocations=67 (full 0):
 garbage-first heap   total 339968K, used 299556K [0x0000000080000000, 0x0000000100000000)
  region size 1024K, 120 young (122880K), 14 survivors (14336K)
 Metaspace       used 144801K, committed 145856K, reserved 1179648K
  class space    used 19289K, committed 19840K, reserved 1048576K
}
Event: 2751.235 GC heap after
{Heap after GC invocations=68 (full 0):
 garbage-first heap   total 339968K, used 170552K [0x0000000080000000, 0x0000000100000000)
  region size 1024K, 10 young (10240K), 10 survivors (10240K)
 Metaspace       used 144801K, committed 145856K, reserved 1179648K
  class space    used 19289K, committed 19840K, reserved 1048576K
}
Event: 2752.954 GC heap before
{Heap before GC invocations=68 (full 0):
 garbage-first heap   total 339968K, used 176696K [0x0000000080000000, 0x0000000100000000)
  region size 1024K, 16 young (16384K), 10 survivors (10240K)
 Metaspace       used 144804K, committed 145920K, reserved 1179648K
  class space    used 19289K, committed 19840K, reserved 1048576K
}
Event: 2753.117 GC heap after
{Heap after GC invocations=69 (full 0):
 garbage-first heap   total 339968K, used 157342K [0x0000000080000000, 0x0000000100000000)
  region size 1024K, 2 young (2048K), 2 survivors (2048K)
 Metaspace       used 144804K, committed 145920K, reserved 1179648K
  class space    used 19289K, committed 19840K, reserved 1048576K
}
Event: 2765.619 GC heap before
{Heap before GC invocations=69 (full 0):
 garbage-first heap   total 339968K, used 271006K [0x0000000080000000, 0x0000000100000000)
  region size 1024K, 114 young (116736K), 2 survivors (2048K)
 Metaspace       used 145106K, committed 146176K, reserved 1179648K
  class space    used 19294K, committed 19840K, reserved 1048576K
}
Event: 2765.626 GC heap after
{Heap after GC invocations=70 (full 0):
 garbage-first heap   total 339968K, used 164482K [0x0000000080000000, 0x0000000100000000)
  region size 1024K, 9 young (9216K), 9 survivors (9216K)
 Metaspace       used 145106K, committed 146176K, reserved 1179648K
  class space    used 19294K, committed 19840K, reserved 1048576K
}
Event: 3286.984 GC heap before
{Heap before GC invocations=71 (full 0):
 garbage-first heap   total 339968K, used 317058K [0x0000000080000000, 0x0000000100000000)
  region size 1024K, 107 young (109568K), 9 survivors (9216K)
 Metaspace       used 147229K, committed 148352K, reserved 1179648K
  class space    used 19592K, committed 20160K, reserved 1048576K
}
Event: 3287.474 GC heap after
{Heap after GC invocations=72 (full 0):
 garbage-first heap   total 339968K, used 197750K [0x0000000080000000, 0x0000000100000000)
  region size 1024K, 11 young (11264K), 11 survivors (11264K)
 Metaspace       used 147229K, committed 148352K, reserved 1179648K
  class space    used 19592K, committed 20160K, reserved 1048576K
}
Event: 3287.771 GC heap before
{Heap before GC invocations=72 (full 0):
 garbage-first heap   total 339968K, used 202870K [0x0000000080000000, 0x0000000100000000)
  region size 1024K, 16 young (16384K), 11 survivors (11264K)
 Metaspace       used 147566K, committed 148736K, reserved 1179648K
  class space    used 19654K, committed 20224K, reserved 1048576K
}
Event: 3288.203 GC heap after
{Heap after GC invocations=73 (full 0):
 garbage-first heap   total 339968K, used 183697K [0x0000000080000000, 0x0000000100000000)
  region size 1024K, 2 young (2048K), 2 survivors (2048K)
 Metaspace       used 147566K, committed 148736K, reserved 1179648K
  class space    used 19654K, committed 20224K, reserved 1048576K
}
Event: 3290.730 GC heap before
{Heap before GC invocations=73 (full 0):
 garbage-first heap   total 339968K, used 198033K [0x0000000080000000, 0x0000000100000000)
  region size 1024K, 16 young (16384K), 2 survivors (2048K)
 Metaspace       used 147572K, committed 148736K, reserved 1179648K
  class space    used 19654K, committed 20224K, reserved 1048576K
}

