# JRE version: OpenJDK Runtime Environment (17.0.6) (build 17.0.6+0-b2043.56-10027231)
# Java VM: OpenJDK 64-Bit Server VM (17.0.6+0-b2043.56-10027231, mixed mode, tiered, compressed oops, compressed class ptrs, g1 gc, windows-amd64)
GC Precious Log:
 CPUs: 8 total, 8 available
 Memory: 7991M
 Large Page Support: Disabled
 NUMA Support: Disabled
 Compressed Oops: Enabled (32-bit)
 Heap Region Size: 1M
 Heap Min Capacity: 8M
 Heap Initial Capacity: 126M
 Heap Max Capacity: 2G
 Pre-touch: Disabled
 Parallel Workers: 8
 Concurrent Workers: 2
 Concurrent Refinement Workers: 8
 Periodic GC: Disabled
Heap:
 garbage-first heap   total 129024K, used 64753K [0x0000000080000000, 0x0000000100000000)
  region size 1024K, 1 young (1024K), 1 survivors (1024K)
 Metaspace       used 74454K, committed 75072K, reserved 1122304K
  class space    used 9853K, committed 10176K, reserved 1048576K
GC Heap History (20 events):
Event: 4.221 GC heap after
{Heap after GC invocations=14 (full 0):
 garbage-first heap   total 86016K, used 46834K [0x0000000080000000, 0x0000000100000000)
  region size 1024K, 5 young (5120K), 5 survivors (5120K)
 Metaspace       used 53484K, committed 53952K, reserved 1097728K
  class space    used 7143K, committed 7360K, reserved 1048576K
}
Event: 4.380 GC heap before
{Heap before GC invocations=15 (full 0):
 garbage-first heap   total 94208K, used 70386K [0x0000000080000000, 0x0000000100000000)
  region size 1024K, 24 young (24576K), 5 survivors (5120K)
 Metaspace       used 55526K, committed 55936K, reserved 1097728K
  class space    used 7423K, committed 7616K, reserved 1048576K
}
Event: 4.384 GC heap after
{Heap after GC invocations=16 (full 0):
 garbage-first heap   total 94208K, used 54326K [0x0000000080000000, 0x0000000100000000)
  region size 1024K, 3 young (3072K), 3 survivors (3072K)
 Metaspace       used 55526K, committed 55936K, reserved 1097728K
  class space    used 7423K, committed 7616K, reserved 1048576K
}
Event: 4.564 GC heap before
{Heap before GC invocations=16 (full 0):
 garbage-first heap   total 94208K, used 72758K [0x0000000080000000, 0x0000000100000000)
  region size 1024K, 21 young (21504K), 3 survivors (3072K)
 Metaspace       used 58790K, committed 59328K, reserved 1105920K
  class space    used 7812K, committed 8064K, reserved 1048576K
}
Event: 4.567 GC heap after
{Heap after GC invocations=17 (full 0):
 garbage-first heap   total 113664K, used 55623K [0x0000000080000000, 0x0000000100000000)
  region size 1024K, 1 young (1024K), 1 survivors (1024K)
 Metaspace       used 58790K, committed 59328K, reserved 1105920K
  class space    used 7812K, committed 8064K, reserved 1048576K
}
Event: 4.898 GC heap before
{Heap before GC invocations=18 (full 0):
 garbage-first heap   total 113664K, used 82247K [0x0000000080000000, 0x0000000100000000)
  region size 1024K, 28 young (28672K), 1 survivors (1024K)
 Metaspace       used 63361K, committed 63872K, reserved 1105920K
  class space    used 8410K, committed 8640K, reserved 1048576K
}
Event: 4.900 GC heap after
{Heap after GC invocations=19 (full 0):
 garbage-first heap   total 113664K, used 57113K [0x0000000080000000, 0x0000000100000000)
  region size 1024K, 3 young (3072K), 3 survivors (3072K)
 Metaspace       used 63361K, committed 63872K, reserved 1105920K
  class space    used 8410K, committed 8640K, reserved 1048576K
}
Event: 4.918 GC heap before
{Heap before GC invocations=19 (full 0):
 garbage-first heap   total 113664K, used 59161K [0x0000000080000000, 0x0000000100000000)
  region size 1024K, 5 young (5120K), 3 survivors (3072K)
 Metaspace       used 63620K, committed 64192K, reserved 1105920K
  class space    used 8450K, committed 8704K, reserved 1048576K
}
Event: 4.921 GC heap after
{Heap after GC invocations=20 (full 0):
 garbage-first heap   total 113664K, used 57371K [0x0000000080000000, 0x0000000100000000)
  region size 1024K, 1 young (1024K), 1 survivors (1024K)
 Metaspace       used 63620K, committed 64192K, reserved 1105920K
  class space    used 8450K, committed 8704K, reserved 1048576K
}
Event: 4.991 GC heap before
{Heap before GC invocations=20 (full 0):
 garbage-first heap   total 113664K, used 62491K [0x0000000080000000, 0x0000000100000000)
  region size 1024K, 7 young (7168K), 1 survivors (1024K)
 Metaspace       used 65179K, committed 65792K, reserved 1105920K
  class space    used 8627K, committed 8896K, reserved 1048576K
}
Event: 4.993 GC heap after
{Heap after GC invocations=21 (full 0):
 garbage-first heap   total 113664K, used 58425K [0x0000000080000000, 0x0000000100000000)
  region size 1024K, 2 young (2048K), 2 survivors (2048K)
 Metaspace       used 65179K, committed 65792K, reserved 1105920K
  class space    used 8627K, committed 8896K, reserved 1048576K
}
Event: 5.211 GC heap before
{Heap before GC invocations=22 (full 0):
 garbage-first heap   total 121856K, used 94265K [0x0000000080000000, 0x0000000100000000)
  region size 1024K, 31 young (31744K), 2 survivors (2048K)
 Metaspace       used 67021K, committed 67520K, reserved 1114112K
  class space    used 8871K, committed 9088K, reserved 1048576K
}
Event: 5.213 GC heap after
{Heap after GC invocations=23 (full 0):
 garbage-first heap   total 121856K, used 61228K [0x0000000080000000, 0x0000000100000000)
  region size 1024K, 4 young (4096K), 4 survivors (4096K)
 Metaspace       used 67021K, committed 67520K, reserved 1114112K
  class space    used 8871K, committed 9088K, reserved 1048576K
}
Event: 5.221 GC heap before
{Heap before GC invocations=23 (full 0):
 garbage-first heap   total 121856K, used 62252K [0x0000000080000000, 0x0000000100000000)
  region size 1024K, 5 young (5120K), 4 survivors (4096K)
 Metaspace       used 67112K, committed 67584K, reserved 1114112K
  class space    used 8882K, committed 9088K, reserved 1048576K
}
Event: 5.241 GC heap after
{Heap after GC invocations=24 (full 0):
 garbage-first heap   total 121856K, used 60891K [0x0000000080000000, 0x0000000100000000)
  region size 1024K, 1 young (1024K), 1 survivors (1024K)
 Metaspace       used 67112K, committed 67584K, reserved 1114112K
  class space    used 8882K, committed 9088K, reserved 1048576K
}
Event: 5.567 GC heap before
{Heap before GC invocations=24 (full 0):
 garbage-first heap   total 121856K, used 93659K [0x0000000080000000, 0x0000000100000000)
  region size 1024K, 33 young (33792K), 1 survivors (1024K)
 Metaspace       used 70369K, committed 70976K, reserved 1114112K
  class space    used 9308K, committed 9600K, reserved 1048576K
}
Event: 5.569 GC heap after
{Heap after GC invocations=25 (full 0):
 garbage-first heap   total 121856K, used 62748K [0x0000000080000000, 0x0000000100000000)
  region size 1024K, 3 young (3072K), 3 survivors (3072K)
 Metaspace       used 70369K, committed 70976K, reserved 1114112K
  class space    used 9308K, committed 9600K, reserved 1048576K
}
Event: 5.890 GC heap before
{Heap before GC invocations=26 (full 0):
 garbage-first heap   total 121856K, used 95516K [0x0000000080000000, 0x0000000100000000)
  region size 1024K, 35 young (35840K), 3 survivors (3072K)
 Metaspace       used 74264K, committed 74816K, reserved 1122304K
  class space    used 9832K, committed 10112K, reserved 1048576K
}
Event: 5.894 GC heap after
{Heap after GC invocations=27 (full 0):
 garbage-first heap   total 121856K, used 64618K [0x0000000080000000, 0x0000000100000000)
  region size 1024K, 5 young (5120K), 5 survivors (5120K)
 Metaspace       used 74264K, committed 74816K, reserved 1122304K
  class space    used 9832K, committed 10112K, reserved 1048576K
}
Event: 5.907 GC heap before
{Heap before GC invocations=27 (full 0):
 garbage-first heap   total 121856K, used 65642K [0x0000000080000000, 0x0000000100000000)
  region size 1024K, 6 young (6144K), 5 survivors (5120K)
 Metaspace       used 74454K, committed 75072K, reserved 1122304K
  class space    used 9853K, committed 10176K, reserved 1048576K
}

