# JRE version: OpenJDK Runtime Environment (17.0.6) (build 17.0.6+0-b2043.56-10027231)
# Java VM: OpenJDK 64-Bit Server VM (17.0.6+0-b2043.56-10027231, mixed mode, tiered, compressed oops, compressed class ptrs, g1 gc, windows-amd64)
GC Precious Log:
 CPUs: 8 total, 8 available
 Memory: 7991M
 Large Page Support: Disabled
 NUMA Support: Disabled
 Compressed Oops: Enabled (32-bit)
 Heap Region Size: 1M
 Heap Min Capacity: 8M
 Heap Initial Capacity: 126M
 Heap Max Capacity: 2G
 Pre-touch: Disabled
 Parallel Workers: 8
 Concurrent Workers: 2
 Concurrent Refinement Workers: 8
 Periodic GC: Disabled
Heap:
 garbage-first heap   total 422912K, used 191488K [0x0000000080000000, 0x0000000100000000)
  region size 1024K, 23 young (23552K), 11 survivors (11264K)
 Metaspace       used 120723K, committed 121664K, reserved 1155072K
  class space    used 15562K, committed 16064K, reserved 1048576K
GC Heap History (20 events):
Event: 31.289 GC heap before
{Heap before GC invocations=39 (full 5):
 garbage-first heap   total 176128K, used 137242K [0x0000000080000000, 0x0000000100000000)
  region size 1024K, 59 young (60416K), 4 survivors (4096K)
 Metaspace       used 95811K, committed 96512K, reserved 1138688K
  class space    used 12618K, committed 12928K, reserved 1048576K
}
Event: 31.291 GC heap after
{Heap after GC invocations=40 (full 5):
 garbage-first heap   total 176128K, used 79453K [0x0000000080000000, 0x0000000100000000)
  region size 1024K, 2 young (2048K), 2 survivors (2048K)
 Metaspace       used 95811K, committed 96512K, reserved 1138688K
  class space    used 12618K, committed 12928K, reserved 1048576K
}
Event: 31.686 GC heap before
{Heap before GC invocations=40 (full 5):
 garbage-first heap   total 176128K, used 139869K [0x0000000080000000, 0x0000000100000000)
  region size 1024K, 62 young (63488K), 2 survivors (2048K)
 Metaspace       used 96212K, committed 96960K, reserved 1138688K
  class space    used 12632K, committed 12992K, reserved 1048576K
}
Event: 31.691 GC heap after
{Heap after GC invocations=41 (full 5):
 garbage-first heap   total 176128K, used 86316K [0x0000000080000000, 0x0000000100000000)
  region size 1024K, 8 young (8192K), 8 survivors (8192K)
 Metaspace       used 96212K, committed 96960K, reserved 1138688K
  class space    used 12632K, committed 12992K, reserved 1048576K
}
Event: 37.152 GC heap before
{Heap before GC invocations=41 (full 5):
 garbage-first heap   total 176128K, used 138540K [0x0000000080000000, 0x0000000100000000)
  region size 1024K, 59 young (60416K), 8 survivors (8192K)
 Metaspace       used 96584K, committed 97280K, reserved 1138688K
  class space    used 12651K, committed 12992K, reserved 1048576K
}
Event: 37.160 GC heap after
{Heap after GC invocations=42 (full 5):
 garbage-first heap   total 176128K, used 91949K [0x0000000080000000, 0x0000000100000000)
  region size 1024K, 6 young (6144K), 6 survivors (6144K)
 Metaspace       used 96584K, committed 97280K, reserved 1138688K
  class space    used 12651K, committed 12992K, reserved 1048576K
}
Event: 37.493 GC heap before
{Heap before GC invocations=42 (full 5):
 garbage-first heap   total 176128K, used 140077K [0x0000000080000000, 0x0000000100000000)
  region size 1024K, 53 young (54272K), 6 survivors (6144K)
 Metaspace       used 98204K, committed 99008K, reserved 1138688K
  class space    used 12861K, committed 13248K, reserved 1048576K
}
Event: 37.501 GC heap after
{Heap after GC invocations=43 (full 5):
 garbage-first heap   total 176128K, used 99354K [0x0000000080000000, 0x0000000100000000)
  region size 1024K, 7 young (7168K), 7 survivors (7168K)
 Metaspace       used 98204K, committed 99008K, reserved 1138688K
  class space    used 12861K, committed 13248K, reserved 1048576K
}
Event: 37.956 GC heap before
{Heap before GC invocations=43 (full 5):
 garbage-first heap   total 176128K, used 141338K [0x0000000080000000, 0x0000000100000000)
  region size 1024K, 48 young (49152K), 7 survivors (7168K)
 Metaspace       used 103587K, committed 104448K, reserved 1146880K
  class space    used 13636K, committed 14080K, reserved 1048576K
}
Event: 37.964 GC heap after
{Heap after GC invocations=44 (full 5):
 garbage-first heap   total 422912K, used 103404K [0x0000000080000000, 0x0000000100000000)
  region size 1024K, 4 young (4096K), 4 survivors (4096K)
 Metaspace       used 103587K, committed 104448K, reserved 1146880K
  class space    used 13636K, committed 14080K, reserved 1048576K
}
Event: 38.971 GC heap before
{Heap before GC invocations=44 (full 5):
 garbage-first heap   total 422912K, used 283628K [0x0000000080000000, 0x0000000100000000)
  region size 1024K, 181 young (185344K), 4 survivors (4096K)
 Metaspace       used 106398K, committed 107328K, reserved 1146880K
  class space    used 14060K, committed 14528K, reserved 1048576K
}
Event: 38.987 GC heap after
{Heap after GC invocations=45 (full 5):
 garbage-first heap   total 422912K, used 124954K [0x0000000080000000, 0x0000000100000000)
  region size 1024K, 23 young (23552K), 23 survivors (23552K)
 Metaspace       used 106398K, committed 107328K, reserved 1146880K
  class space    used 14060K, committed 14528K, reserved 1048576K
}
Event: 40.245 GC heap before
{Heap before GC invocations=45 (full 5):
 garbage-first heap   total 422912K, used 298010K [0x0000000080000000, 0x0000000100000000)
  region size 1024K, 184 young (188416K), 23 survivors (23552K)
 Metaspace       used 109941K, committed 110848K, reserved 1146880K
  class space    used 14446K, committed 14912K, reserved 1048576K
}
Event: 40.269 GC heap after
{Heap after GC invocations=46 (full 5):
 garbage-first heap   total 422912K, used 159541K [0x0000000080000000, 0x0000000100000000)
  region size 1024K, 23 young (23552K), 23 survivors (23552K)
 Metaspace       used 109941K, committed 110848K, reserved 1146880K
  class space    used 14446K, committed 14912K, reserved 1048576K
}
Event: 42.087 GC heap before
{Heap before GC invocations=46 (full 5):
 garbage-first heap   total 422912K, used 336693K [0x0000000080000000, 0x0000000100000000)
  region size 1024K, 161 young (164864K), 23 survivors (23552K)
 Metaspace       used 115289K, committed 116160K, reserved 1155072K
  class space    used 15025K, committed 15488K, reserved 1048576K
}
Event: 42.103 GC heap after
{Heap after GC invocations=47 (full 5):
 garbage-first heap   total 422912K, used 175130K [0x0000000080000000, 0x0000000100000000)
  region size 1024K, 16 young (16384K), 16 survivors (16384K)
 Metaspace       used 115289K, committed 116160K, reserved 1155072K
  class space    used 15025K, committed 15488K, reserved 1048576K
}
Event: 43.056 GC heap before
{Heap before GC invocations=47 (full 5):
 garbage-first heap   total 422912K, used 313370K [0x0000000080000000, 0x0000000100000000)
  region size 1024K, 152 young (155648K), 16 survivors (16384K)
 Metaspace       used 118023K, committed 118912K, reserved 1155072K
  class space    used 15254K, committed 15680K, reserved 1048576K
}
Event: 43.065 GC heap after
{Heap after GC invocations=48 (full 5):
 garbage-first heap   total 422912K, used 174000K [0x0000000080000000, 0x0000000100000000)
  region size 1024K, 5 young (5120K), 5 survivors (5120K)
 Metaspace       used 118023K, committed 118912K, reserved 1155072K
  class space    used 15254K, committed 15680K, reserved 1048576K
}
Event: 43.755 GC heap before
{Heap before GC invocations=48 (full 5):
 garbage-first heap   total 422912K, used 323504K [0x0000000080000000, 0x0000000100000000)
  region size 1024K, 152 young (155648K), 5 survivors (5120K)
 Metaspace       used 119774K, committed 120704K, reserved 1155072K
  class space    used 15450K, committed 15936K, reserved 1048576K
}
Event: 43.764 GC heap after
{Heap after GC invocations=49 (full 5):
 garbage-first heap   total 422912K, used 180224K [0x0000000080000000, 0x0000000100000000)
  region size 1024K, 11 young (11264K), 11 survivors (11264K)
 Metaspace       used 119774K, committed 120704K, reserved 1155072K
  class space    used 15450K, committed 15936K, reserved 1048576K
}

