# JRE version: OpenJDK Runtime Environment (17.0.6) (build 17.0.6+0-b2043.56-10027231)
# Java VM: OpenJDK 64-Bit Server VM (17.0.6+0-b2043.56-10027231, mixed mode, tiered, compressed oops, compressed class ptrs, g1 gc, windows-amd64)
GC Precious Log:
 CPUs: 8 total, 8 available
 Memory: 7991M
 Large Page Support: Disabled
 NUMA Support: Disabled
 Compressed Oops: Enabled (32-bit)
 Heap Region Size: 1M
 Heap Min Capacity: 8M
 Heap Initial Capacity: 126M
 Heap Max Capacity: 2G
 Pre-touch: Disabled
 Parallel Workers: 8
 Concurrent Workers: 2
 Concurrent Refinement Workers: 8
 Periodic GC: Disabled
Heap:
 garbage-first heap   total 216064K, used 143699K [0x0000000080000000, 0x0000000100000000)
  region size 1024K, 4 young (4096K), 4 survivors (4096K)
 Metaspace       used 90953K, committed 91712K, reserved 1130496K
  class space    used 12210K, committed 12544K, reserved 1048576K
GC Heap History (20 events):
Event: 5.013 GC heap after
{Heap after GC invocations=30 (full 0):
 garbage-first heap   total 146432K, used 92980K [0x0000000080000000, 0x0000000100000000)
  region size 1024K, 1 young (1024K), 1 survivors (1024K)
 Metaspace       used 60075K, committed 60736K, reserved 1105920K
  class space    used 8068K, committed 8384K, reserved 1048576K
}
Event: 5.303 GC heap before
{Heap before GC invocations=30 (full 0):
 garbage-first heap   total 146432K, used 118580K [0x0000000080000000, 0x0000000100000000)
  region size 1024K, 26 young (26624K), 1 survivors (1024K)
 Metaspace       used 63931K, committed 64640K, reserved 1105920K
  class space    used 8536K, committed 8832K, reserved 1048576K
}
Event: 5.305 GC heap after
{Heap after GC invocations=31 (full 0):
 garbage-first heap   total 146432K, used 93755K [0x0000000080000000, 0x0000000100000000)
  region size 1024K, 2 young (2048K), 2 survivors (2048K)
 Metaspace       used 63931K, committed 64640K, reserved 1105920K
  class space    used 8536K, committed 8832K, reserved 1048576K
}
Event: 5.558 GC heap before
{Heap before GC invocations=32 (full 0):
 garbage-first heap   total 160768K, used 125499K [0x0000000080000000, 0x0000000100000000)
  region size 1024K, 28 young (28672K), 2 survivors (2048K)
 Metaspace       used 67452K, committed 68224K, reserved 1114112K
  class space    used 8984K, committed 9344K, reserved 1048576K
}
Event: 5.560 GC heap after
{Heap after GC invocations=33 (full 0):
 garbage-first heap   total 160768K, used 97340K [0x0000000080000000, 0x0000000100000000)
  region size 1024K, 4 young (4096K), 4 survivors (4096K)
 Metaspace       used 67452K, committed 68224K, reserved 1114112K
  class space    used 8984K, committed 9344K, reserved 1048576K
}
Event: 5.576 GC heap before
{Heap before GC invocations=33 (full 0):
 garbage-first heap   total 160768K, used 100412K [0x0000000080000000, 0x0000000100000000)
  region size 1024K, 7 young (7168K), 4 survivors (4096K)
 Metaspace       used 67784K, committed 68544K, reserved 1114112K
  class space    used 9050K, committed 9408K, reserved 1048576K
}
Event: 5.578 GC heap after
{Heap after GC invocations=34 (full 0):
 garbage-first heap   total 216064K, used 97444K [0x0000000080000000, 0x0000000100000000)
  region size 1024K, 1 young (1024K), 1 survivors (1024K)
 Metaspace       used 67784K, committed 68544K, reserved 1114112K
  class space    used 9050K, committed 9408K, reserved 1048576K
}
Event: 6.124 GC heap before
{Heap before GC invocations=34 (full 0):
 garbage-first heap   total 216064K, used 158884K [0x0000000080000000, 0x0000000100000000)
  region size 1024K, 61 young (62464K), 1 survivors (1024K)
 Metaspace       used 74080K, committed 74816K, reserved 1114112K
  class space    used 9847K, committed 10176K, reserved 1048576K
}
Event: 6.127 GC heap after
{Heap after GC invocations=35 (full 0):
 garbage-first heap   total 216064K, used 100837K [0x0000000080000000, 0x0000000100000000)
  region size 1024K, 4 young (4096K), 4 survivors (4096K)
 Metaspace       used 74080K, committed 74816K, reserved 1114112K
  class space    used 9847K, committed 10176K, reserved 1048576K
}
Event: 6.637 GC heap before
{Heap before GC invocations=36 (full 0):
 garbage-first heap   total 216064K, used 171493K [0x0000000080000000, 0x0000000100000000)
  region size 1024K, 73 young (74752K), 4 survivors (4096K)
 Metaspace       used 79958K, committed 80640K, reserved 1122304K
  class space    used 10636K, committed 10944K, reserved 1048576K
}
Event: 6.643 GC heap after
{Heap after GC invocations=37 (full 0):
 garbage-first heap   total 216064K, used 106999K [0x0000000080000000, 0x0000000100000000)
  region size 1024K, 10 young (10240K), 10 survivors (10240K)
 Metaspace       used 79958K, committed 80640K, reserved 1122304K
  class space    used 10636K, committed 10944K, reserved 1048576K
}
Event: 6.650 GC heap before
{Heap before GC invocations=37 (full 0):
 garbage-first heap   total 216064K, used 108023K [0x0000000080000000, 0x0000000100000000)
  region size 1024K, 11 young (11264K), 10 survivors (10240K)
 Metaspace       used 80061K, committed 80768K, reserved 1122304K
  class space    used 10651K, committed 11008K, reserved 1048576K
}
Event: 6.655 GC heap after
{Heap after GC invocations=38 (full 0):
 garbage-first heap   total 216064K, used 107478K [0x0000000080000000, 0x0000000100000000)
  region size 1024K, 2 young (2048K), 2 survivors (2048K)
 Metaspace       used 80061K, committed 80768K, reserved 1122304K
  class space    used 10651K, committed 11008K, reserved 1048576K
}
Event: 7.249 GC heap before
{Heap before GC invocations=38 (full 0):
 garbage-first heap   total 216064K, used 171990K [0x0000000080000000, 0x0000000100000000)
  region size 1024K, 65 young (66560K), 2 survivors (2048K)
 Metaspace       used 86989K, committed 87680K, reserved 1130496K
  class space    used 11813K, committed 12160K, reserved 1048576K
}
Event: 7.252 GC heap after
{Heap after GC invocations=39 (full 0):
 garbage-first heap   total 216064K, used 110356K [0x0000000080000000, 0x0000000100000000)
  region size 1024K, 5 young (5120K), 5 survivors (5120K)
 Metaspace       used 86989K, committed 87680K, reserved 1130496K
  class space    used 11813K, committed 12160K, reserved 1048576K
}
Event: 7.749 GC heap before
{Heap before GC invocations=40 (full 0):
 garbage-first heap   total 216064K, used 173844K [0x0000000080000000, 0x0000000100000000)
  region size 1024K, 67 young (68608K), 5 survivors (5120K)
 Metaspace       used 90060K, committed 90816K, reserved 1130496K
  class space    used 12098K, committed 12416K, reserved 1048576K
}
Event: 7.757 GC heap after
{Heap after GC invocations=41 (full 0):
 garbage-first heap   total 216064K, used 120074K [0x0000000080000000, 0x0000000100000000)
  region size 1024K, 9 young (9216K), 9 survivors (9216K)
 Metaspace       used 90060K, committed 90816K, reserved 1130496K
  class space    used 12098K, committed 12416K, reserved 1048576K
}
Event: 7.772 GC heap before
{Heap before GC invocations=41 (full 0):
 garbage-first heap   total 216064K, used 121098K [0x0000000080000000, 0x0000000100000000)
  region size 1024K, 10 young (10240K), 9 survivors (9216K)
 Metaspace       used 90089K, committed 90816K, reserved 1130496K
  class space    used 12098K, committed 12416K, reserved 1048576K
}
Event: 7.777 GC heap after
{Heap after GC invocations=42 (full 0):
 garbage-first heap   total 216064K, used 120832K [0x0000000080000000, 0x0000000100000000)
  region size 1024K, 1 young (1024K), 1 survivors (1024K)
 Metaspace       used 90089K, committed 90816K, reserved 1130496K
  class space    used 12098K, committed 12416K, reserved 1048576K
}
Event: 7.876 GC heap before
{Heap before GC invocations=42 (full 0):
 garbage-first heap   total 216064K, used 147456K [0x0000000080000000, 0x0000000100000000)
  region size 1024K, 9 young (9216K), 1 survivors (1024K)
 Metaspace       used 90953K, committed 91712K, reserved 1130496K
  class space    used 12210K, committed 12544K, reserved 1048576K
}

