# JRE version: OpenJDK Runtime Environment (17.0.6) (build 17.0.6+0-b2043.56-10027231)
# Java VM: OpenJDK 64-Bit Server VM (17.0.6+0-b2043.56-10027231, mixed mode, tiered, compressed oops, compressed class ptrs, g1 gc, windows-amd64)
GC Precious Log:
 CPUs: 8 total, 8 available
 Memory: 7991M
 Large Page Support: Disabled
 NUMA Support: Disabled
 Compressed Oops: Enabled (32-bit)
 Heap Region Size: 1M
 Heap Min Capacity: 8M
 Heap Initial Capacity: 126M
 Heap Max Capacity: 2G
 Pre-touch: Disabled
 Parallel Workers: 8
 Concurrent Workers: 2
 Concurrent Refinement Workers: 8
 Periodic GC: Disabled
Heap:
 garbage-first heap   total 195584K, used 96072K [0x0000000080000000, 0x0000000100000000)
  region size 1024K, 14 young (14336K), 5 survivors (5120K)
 Metaspace       used 90064K, committed 90752K, reserved 1130496K
  class space    used 12096K, committed 12416K, reserved 1048576K
GC Heap History (20 events):
Event: 3.820 GC heap before
{Heap before GC invocations=12 (full 0):
 garbage-first heap   total 86016K, used 65790K [0x0000000080000000, 0x0000000100000000)
  region size 1024K, 37 young (37888K), 3 survivors (3072K)
 Metaspace       used 51640K, committed 52096K, reserved 1097728K
  class space    used 6919K, committed 7104K, reserved 1048576K
}
Event: 3.823 GC heap after
{Heap after GC invocations=13 (full 0):
 garbage-first heap   total 86016K, used 32605K [0x0000000080000000, 0x0000000100000000)
  region size 1024K, 5 young (5120K), 5 survivors (5120K)
 Metaspace       used 51640K, committed 52096K, reserved 1097728K
  class space    used 6919K, committed 7104K, reserved 1048576K
}
Event: 4.153 GC heap before
{Heap before GC invocations=13 (full 0):
 garbage-first heap   total 86016K, used 66397K [0x0000000080000000, 0x0000000100000000)
  region size 1024K, 38 young (38912K), 5 survivors (5120K)
 Metaspace       used 53070K, committed 53504K, reserved 1097728K
  class space    used 7093K, committed 7296K, reserved 1048576K
}
Event: 4.157 GC heap after
{Heap after GC invocations=14 (full 0):
 garbage-first heap   total 86016K, used 35873K [0x0000000080000000, 0x0000000100000000)
  region size 1024K, 5 young (5120K), 5 survivors (5120K)
 Metaspace       used 53070K, committed 53504K, reserved 1097728K
  class space    used 7093K, committed 7296K, reserved 1048576K
}
Event: 4.286 GC heap before
{Heap before GC invocations=14 (full 0):
 garbage-first heap   total 86016K, used 55329K [0x0000000080000000, 0x0000000100000000)
  region size 1024K, 21 young (21504K), 5 survivors (5120K)
 Metaspace       used 53519K, committed 53952K, reserved 1097728K
  class space    used 7144K, committed 7360K, reserved 1048576K
}
Event: 4.291 GC heap after
{Heap after GC invocations=15 (full 0):
 garbage-first heap   total 162816K, used 45097K [0x0000000080000000, 0x0000000100000000)
  region size 1024K, 5 young (5120K), 5 survivors (5120K)
 Metaspace       used 53519K, committed 53952K, reserved 1097728K
  class space    used 7144K, committed 7360K, reserved 1048576K
}
Event: 4.703 GC heap before
{Heap before GC invocations=15 (full 0):
 garbage-first heap   total 162816K, used 93225K [0x0000000080000000, 0x0000000100000000)
  region size 1024K, 49 young (50176K), 5 survivors (5120K)
 Metaspace       used 59827K, committed 60288K, reserved 1105920K
  class space    used 7906K, committed 8128K, reserved 1048576K
}
Event: 4.708 GC heap after
{Heap after GC invocations=16 (full 0):
 garbage-first heap   total 162816K, used 53608K [0x0000000080000000, 0x0000000100000000)
  region size 1024K, 10 young (10240K), 10 survivors (10240K)
 Metaspace       used 59827K, committed 60288K, reserved 1105920K
  class space    used 7906K, committed 8128K, reserved 1048576K
}
Event: 5.317 GC heap before
{Heap before GC invocations=17 (full 0):
 garbage-first heap   total 162816K, used 120168K [0x0000000080000000, 0x0000000100000000)
  region size 1024K, 69 young (70656K), 10 survivors (10240K)
 Metaspace       used 67173K, committed 67776K, reserved 1114112K
  class space    used 8884K, committed 9152K, reserved 1048576K
}
Event: 5.323 GC heap after
{Heap after GC invocations=18 (full 0):
 garbage-first heap   total 162816K, used 58763K [0x0000000080000000, 0x0000000100000000)
  region size 1024K, 9 young (9216K), 9 survivors (9216K)
 Metaspace       used 67173K, committed 67776K, reserved 1114112K
  class space    used 8884K, committed 9152K, reserved 1048576K
}
Event: 5.944 GC heap before
{Heap before GC invocations=19 (full 0):
 garbage-first heap   total 162816K, used 124299K [0x0000000080000000, 0x0000000100000000)
  region size 1024K, 73 young (74752K), 9 survivors (9216K)
 Metaspace       used 74355K, committed 74944K, reserved 1114112K
  class space    used 9839K, committed 10112K, reserved 1048576K
}
Event: 5.949 GC heap after
{Heap after GC invocations=20 (full 0):
 garbage-first heap   total 162816K, used 63580K [0x0000000080000000, 0x0000000100000000)
  region size 1024K, 10 young (10240K), 10 survivors (10240K)
 Metaspace       used 74355K, committed 74944K, reserved 1114112K
  class space    used 9839K, committed 10112K, reserved 1048576K
}
Event: 6.391 GC heap before
{Heap before GC invocations=20 (full 0):
 garbage-first heap   total 162816K, used 128092K [0x0000000080000000, 0x0000000100000000)
  region size 1024K, 72 young (73728K), 10 survivors (10240K)
 Metaspace       used 78937K, committed 79616K, reserved 1122304K
  class space    used 10440K, committed 10752K, reserved 1048576K
}
Event: 6.397 GC heap after
{Heap after GC invocations=21 (full 0):
 garbage-first heap   total 162816K, used 69087K [0x0000000080000000, 0x0000000100000000)
  region size 1024K, 9 young (9216K), 9 survivors (9216K)
 Metaspace       used 78937K, committed 79616K, reserved 1122304K
  class space    used 10440K, committed 10752K, reserved 1048576K
}
Event: 6.961 GC heap before
{Heap before GC invocations=21 (full 0):
 garbage-first heap   total 162816K, used 128479K [0x0000000080000000, 0x0000000100000000)
  region size 1024K, 67 young (68608K), 9 survivors (9216K)
 Metaspace       used 85019K, committed 85632K, reserved 1130496K
  class space    used 11477K, committed 11776K, reserved 1048576K
}
Event: 6.968 GC heap after
{Heap after GC invocations=22 (full 0):
 garbage-first heap   total 162816K, used 74087K [0x0000000080000000, 0x0000000100000000)
  region size 1024K, 5 young (5120K), 5 survivors (5120K)
 Metaspace       used 85019K, committed 85632K, reserved 1130496K
  class space    used 11477K, committed 11776K, reserved 1048576K
}
Event: 7.510 GC heap before
{Heap before GC invocations=22 (full 0):
 garbage-first heap   total 162816K, used 130407K [0x0000000080000000, 0x0000000100000000)
  region size 1024K, 60 young (61440K), 5 survivors (5120K)
 Metaspace       used 87328K, committed 88000K, reserved 1130496K
  class space    used 11779K, committed 12096K, reserved 1048576K
}
Event: 7.517 GC heap after
{Heap after GC invocations=23 (full 0):
 garbage-first heap   total 162816K, used 81837K [0x0000000080000000, 0x0000000100000000)
  region size 1024K, 8 young (8192K), 8 survivors (8192K)
 Metaspace       used 87328K, committed 88000K, reserved 1130496K
  class space    used 11779K, committed 12096K, reserved 1048576K
}
Event: 7.801 GC heap before
{Heap before GC invocations=23 (full 0):
 garbage-first heap   total 162816K, used 97197K [0x0000000080000000, 0x0000000100000000)
  region size 1024K, 25 young (25600K), 8 survivors (8192K)
 Metaspace       used 88395K, committed 89088K, reserved 1130496K
  class space    used 11877K, committed 12224K, reserved 1048576K
}
Event: 7.808 GC heap after
{Heap after GC invocations=24 (full 0):
 garbage-first heap   total 195584K, used 86856K [0x0000000080000000, 0x0000000100000000)
  region size 1024K, 5 young (5120K), 5 survivors (5120K)
 Metaspace       used 88395K, committed 89088K, reserved 1130496K
  class space    used 11877K, committed 12224K, reserved 1048576K
}

