# JRE version: OpenJDK Runtime Environment (17.0.6) (build 17.0.6+0-b2043.56-10027231)
# Java VM: OpenJDK 64-Bit Server VM (17.0.6+0-b2043.56-10027231, mixed mode, tiered, compressed oops, compressed class ptrs, g1 gc, windows-amd64)
GC Precious Log:
 CPUs: 8 total, 8 available
 Memory: 7991M
 Large Page Support: Disabled
 NUMA Support: Disabled
 Compressed Oops: Enabled (32-bit)
 Heap Region Size: 1M
 Heap Min Capacity: 8M
 Heap Initial Capacity: 126M
 Heap Max Capacity: 2G
 Pre-touch: Disabled
 Parallel Workers: 8
 Concurrent Workers: 2
 Concurrent Refinement Workers: 8
 Periodic GC: Disabled
Heap:
 garbage-first heap   total 454656K, used 347177K [0x0000000080000000, 0x0000000100000000)
  region size 1024K, 54 young (55296K), 3 survivors (3072K)
 Metaspace       used 227728K, committed 229248K, reserved 1253376K
  class space    used 29020K, committed 29696K, reserved 1048576K
GC Heap History (20 events):
Event: 13061.460 GC heap before
{Heap before GC invocations=114 (full 0):
 garbage-first heap   total 439296K, used 392286K [0x0000000080000000, 0x0000000100000000)
  region size 1024K, 140 young (143360K), 11 survivors (11264K)
 Metaspace       used 226465K, committed 227712K, reserved 1253376K
  class space    used 28826K, committed 29440K, reserved 1048576K
}
Event: 13061.479 GC heap after
{Heap after GC invocations=115 (full 0):
 garbage-first heap   total 439296K, used 244237K [0x0000000080000000, 0x0000000100000000)
  region size 1024K, 18 young (18432K), 18 survivors (18432K)
 Metaspace       used 226465K, committed 227712K, reserved 1253376K
  class space    used 28826K, committed 29440K, reserved 1048576K
}
Event: 13061.485 GC heap before
{Heap before GC invocations=115 (full 0):
 garbage-first heap   total 439296K, used 247309K [0x0000000080000000, 0x0000000100000000)
  region size 1024K, 21 young (21504K), 18 survivors (18432K)
 Metaspace       used 226470K, committed 227712K, reserved 1253376K
  class space    used 28826K, committed 29440K, reserved 1048576K
}
Event: 13061.498 GC heap after
{Heap after GC invocations=116 (full 0):
 garbage-first heap   total 439296K, used 233215K [0x0000000080000000, 0x0000000100000000)
  region size 1024K, 3 young (3072K), 3 survivors (3072K)
 Metaspace       used 226470K, committed 227712K, reserved 1253376K
  class space    used 28826K, committed 29440K, reserved 1048576K
}
Event: 13062.697 GC heap before
{Heap before GC invocations=116 (full 0):
 garbage-first heap   total 439296K, used 346879K [0x0000000080000000, 0x0000000100000000)
  region size 1024K, 115 young (117760K), 3 survivors (3072K)
 Metaspace       used 226580K, committed 227840K, reserved 1253376K
  class space    used 28830K, committed 29440K, reserved 1048576K
}
Event: 13062.701 GC heap after
{Heap after GC invocations=117 (full 0):
 garbage-first heap   total 439296K, used 235299K [0x0000000080000000, 0x0000000100000000)
  region size 1024K, 5 young (5120K), 5 survivors (5120K)
 Metaspace       used 226580K, committed 227840K, reserved 1253376K
  class space    used 28830K, committed 29440K, reserved 1048576K
}
Event: 13070.014 GC heap before
{Heap before GC invocations=118 (full 0):
 garbage-first heap   total 439296K, used 340771K [0x0000000080000000, 0x0000000100000000)
  region size 1024K, 120 young (122880K), 5 survivors (5120K)
 Metaspace       used 227491K, committed 228928K, reserved 1253376K
  class space    used 28968K, committed 29632K, reserved 1048576K
}
Event: 13070.024 GC heap after
{Heap after GC invocations=119 (full 0):
 garbage-first heap   total 439296K, used 226304K [0x0000000080000000, 0x0000000100000000)
  region size 1024K, 7 young (7168K), 7 survivors (7168K)
 Metaspace       used 227491K, committed 228928K, reserved 1253376K
  class space    used 28968K, committed 29632K, reserved 1048576K
}
Event: 13076.960 GC heap before
{Heap before GC invocations=119 (full 0):
 garbage-first heap   total 439296K, used 239616K [0x0000000080000000, 0x0000000100000000)
  region size 1024K, 21 young (21504K), 7 survivors (7168K)
 Metaspace       used 227583K, committed 229120K, reserved 1253376K
  class space    used 28993K, committed 29696K, reserved 1048576K
}
Event: 13076.974 GC heap after
{Heap after GC invocations=120 (full 0):
 garbage-first heap   total 439296K, used 200704K [0x0000000080000000, 0x0000000100000000)
  region size 1024K, 3 young (3072K), 3 survivors (3072K)
 Metaspace       used 227583K, committed 229120K, reserved 1253376K
  class space    used 28993K, committed 29696K, reserved 1048576K
}
Event: 13078.080 GC heap before
{Heap before GC invocations=120 (full 0):
 garbage-first heap   total 439296K, used 225280K [0x0000000080000000, 0x0000000100000000)
  region size 1024K, 21 young (21504K), 3 survivors (3072K)
 Metaspace       used 227637K, committed 229120K, reserved 1253376K
  class space    used 29000K, committed 29696K, reserved 1048576K
}
Event: 13078.087 GC heap after
{Heap after GC invocations=121 (full 0):
 garbage-first heap   total 439296K, used 209920K [0x0000000080000000, 0x0000000100000000)
  region size 1024K, 3 young (3072K), 3 survivors (3072K)
 Metaspace       used 227637K, committed 229120K, reserved 1253376K
  class space    used 29000K, committed 29696K, reserved 1048576K
}
Event: 13078.087 GC heap before
{Heap before GC invocations=121 (full 0):
 garbage-first heap   total 439296K, used 209920K [0x0000000080000000, 0x0000000100000000)
  region size 1024K, 4 young (4096K), 3 survivors (3072K)
 Metaspace       used 227637K, committed 229120K, reserved 1253376K
  class space    used 29000K, committed 29696K, reserved 1048576K
}
Event: 13078.090 GC heap after
{Heap after GC invocations=122 (full 0):
 garbage-first heap   total 439296K, used 209986K [0x0000000080000000, 0x0000000100000000)
  region size 1024K, 4 young (4096K), 4 survivors (4096K)
 Metaspace       used 227637K, committed 229120K, reserved 1253376K
  class space    used 29000K, committed 29696K, reserved 1048576K
}
Event: 13081.100 GC heap before
{Heap before GC invocations=123 (full 0):
 garbage-first heap   total 439296K, used 417858K [0x0000000080000000, 0x0000000100000000)
  region size 1024K, 106 young (108544K), 4 survivors (4096K)
 Metaspace       used 227727K, committed 229248K, reserved 1253376K
  class space    used 29020K, committed 29696K, reserved 1048576K
}
Event: 13081.124 GC heap after
{Heap after GC invocations=124 (full 0):
 garbage-first heap   total 454656K, used 295764K [0x0000000080000000, 0x0000000100000000)
  region size 1024K, 18 young (18432K), 18 survivors (18432K)
 Metaspace       used 227727K, committed 229248K, reserved 1253376K
  class space    used 29020K, committed 29696K, reserved 1048576K
}
Event: 13081.149 GC heap before
{Heap before GC invocations=124 (full 0):
 garbage-first heap   total 454656K, used 298836K [0x0000000080000000, 0x0000000100000000)
  region size 1024K, 22 young (22528K), 18 survivors (18432K)
 Metaspace       used 227727K, committed 229248K, reserved 1253376K
  class space    used 29020K, committed 29696K, reserved 1048576K
}
Event: 13081.187 GC heap after
{Heap after GC invocations=125 (full 0):
 garbage-first heap   total 454656K, used 288653K [0x0000000080000000, 0x0000000100000000)
  region size 1024K, 2 young (2048K), 2 survivors (2048K)
 Metaspace       used 227727K, committed 229248K, reserved 1253376K
  class space    used 29020K, committed 29696K, reserved 1048576K
}
Event: 13081.247 GC heap before
{Heap before GC invocations=125 (full 0):
 garbage-first heap   total 454656K, used 291725K [0x0000000080000000, 0x0000000100000000)
  region size 1024K, 6 young (6144K), 2 survivors (2048K)
 Metaspace       used 227727K, committed 229248K, reserved 1253376K
  class space    used 29020K, committed 29696K, reserved 1048576K
}
Event: 13081.266 GC heap after
{Heap after GC invocations=126 (full 0):
 garbage-first heap   total 454656K, used 289833K [0x0000000080000000, 0x0000000100000000)
  region size 1024K, 3 young (3072K), 3 survivors (3072K)
 Metaspace       used 227727K, committed 229248K, reserved 1253376K
  class space    used 29020K, committed 29696K, reserved 1048576K
}

