# JRE version: OpenJDK Runtime Environment (17.0.6) (build 17.0.6+0-b2043.56-10027231)
# Java VM: OpenJDK 64-Bit Server VM (17.0.6+0-b2043.56-10027231, mixed mode, tiered, compressed oops, compressed class ptrs, g1 gc, windows-amd64)
GC Precious Log:
 CPUs: 8 total, 8 available
 Memory: 7991M
 Large Page Support: Disabled
 NUMA Support: Disabled
 Compressed Oops: Enabled (32-bit)
 Heap Region Size: 1M
 Heap Min Capacity: 8M
 Heap Initial Capacity: 126M
 Heap Max Capacity: 2G
 Pre-touch: Disabled
 Parallel Workers: 8
 Concurrent Workers: 2
 Concurrent Refinement Workers: 8
 Periodic GC: Disabled
Heap:
 garbage-first heap   total 345088K, used 281088K [0x0000000080000000, 0x0000000100000000)
  region size 1024K, 93 young (95232K), 8 survivors (8192K)
 Metaspace       used 155316K, committed 156416K, reserved 1187840K
  class space    used 21098K, committed 21632K, reserved 1048576K
GC Heap History (20 events):
Event: 49.340 GC heap before
{Heap before GC invocations=51 (full 0):
 garbage-first heap   total 316416K, used 220356K [0x0000000080000000, 0x0000000100000000)
  region size 1024K, 61 young (62464K), 4 survivors (4096K)
 Metaspace       used 143777K, committed 144640K, reserved 1179648K
  class space    used 19928K, committed 20352K, reserved 1048576K
}
Event: 49.345 GC heap after
{Heap after GC invocations=52 (full 0):
 garbage-first heap   total 316416K, used 165526K [0x0000000080000000, 0x0000000100000000)
  region size 1024K, 7 young (7168K), 7 survivors (7168K)
 Metaspace       used 143777K, committed 144640K, reserved 1179648K
  class space    used 19928K, committed 20352K, reserved 1048576K
}
Event: 49.357 GC heap before
{Heap before GC invocations=52 (full 0):
 garbage-first heap   total 316416K, used 172694K [0x0000000080000000, 0x0000000100000000)
  region size 1024K, 15 young (15360K), 7 survivors (7168K)
 Metaspace       used 143804K, committed 144704K, reserved 1179648K
  class space    used 19928K, committed 20352K, reserved 1048576K
}
Event: 49.363 GC heap after
{Heap after GC invocations=53 (full 0):
 garbage-first heap   total 316416K, used 162928K [0x0000000080000000, 0x0000000100000000)
  region size 1024K, 2 young (2048K), 2 survivors (2048K)
 Metaspace       used 143804K, committed 144704K, reserved 1179648K
  class space    used 19928K, committed 20352K, reserved 1048576K
}
Event: 50.836 GC heap before
{Heap before GC invocations=53 (full 0):
 garbage-first heap   total 316416K, used 260208K [0x0000000080000000, 0x0000000100000000)
  region size 1024K, 94 young (96256K), 2 survivors (2048K)
 Metaspace       used 146231K, committed 147136K, reserved 1179648K
  class space    used 20254K, committed 20672K, reserved 1048576K
}
Event: 50.841 GC heap after
{Heap after GC invocations=54 (full 0):
 garbage-first heap   total 316416K, used 166538K [0x0000000080000000, 0x0000000100000000)
  region size 1024K, 6 young (6144K), 6 survivors (6144K)
 Metaspace       used 146231K, committed 147136K, reserved 1179648K
  class space    used 20254K, committed 20672K, reserved 1048576K
}
Event: 51.898 GC heap before
{Heap before GC invocations=54 (full 0):
 garbage-first heap   total 316416K, used 187018K [0x0000000080000000, 0x0000000100000000)
  region size 1024K, 14 young (14336K), 6 survivors (6144K)
 Metaspace       used 147474K, committed 148352K, reserved 1179648K
  class space    used 20414K, committed 20864K, reserved 1048576K
}
Event: 51.901 GC heap after
{Heap after GC invocations=55 (full 0):
 garbage-first heap   total 316416K, used 179587K [0x0000000080000000, 0x0000000100000000)
  region size 1024K, 7 young (7168K), 7 survivors (7168K)
 Metaspace       used 147474K, committed 148352K, reserved 1179648K
  class space    used 20414K, committed 20864K, reserved 1048576K
}
Event: 522.961 GC heap before
{Heap before GC invocations=55 (full 0):
 garbage-first heap   total 316416K, used 272771K [0x0000000080000000, 0x0000000100000000)
  region size 1024K, 89 young (91136K), 7 survivors (7168K)
 Metaspace       used 152614K, committed 153536K, reserved 1187840K
  class space    used 20877K, committed 21312K, reserved 1048576K
}
Event: 522.969 GC heap after
{Heap after GC invocations=56 (full 0):
 garbage-first heap   total 316416K, used 171403K [0x0000000080000000, 0x0000000100000000)
  region size 1024K, 11 young (11264K), 11 survivors (11264K)
 Metaspace       used 152614K, committed 153536K, reserved 1187840K
  class space    used 20877K, committed 21312K, reserved 1048576K
}
Event: 553.420 GC heap before
{Heap before GC invocations=56 (full 0):
 garbage-first heap   total 316416K, used 261515K [0x0000000080000000, 0x0000000100000000)
  region size 1024K, 100 young (102400K), 11 survivors (11264K)
 Metaspace       used 154132K, committed 155072K, reserved 1187840K
  class space    used 21025K, committed 21504K, reserved 1048576K
}
Event: 553.447 GC heap after
{Heap after GC invocations=57 (full 0):
 garbage-first heap   total 316416K, used 182566K [0x0000000080000000, 0x0000000100000000)
  region size 1024K, 13 young (13312K), 13 survivors (13312K)
 Metaspace       used 154132K, committed 155072K, reserved 1187840K
  class space    used 21025K, committed 21504K, reserved 1048576K
}
Event: 554.613 GC heap before
{Heap before GC invocations=57 (full 0):
 garbage-first heap   total 316416K, used 227622K [0x0000000080000000, 0x0000000100000000)
  region size 1024K, 45 young (46080K), 13 survivors (13312K)
 Metaspace       used 154233K, committed 155328K, reserved 1187840K
  class space    used 21028K, committed 21568K, reserved 1048576K
}
Event: 554.634 GC heap after
{Heap after GC invocations=58 (full 0):
 garbage-first heap   total 316416K, used 200211K [0x0000000080000000, 0x0000000100000000)
  region size 1024K, 3 young (3072K), 3 survivors (3072K)
 Metaspace       used 154233K, committed 155328K, reserved 1187840K
  class space    used 21028K, committed 21568K, reserved 1048576K
}
Event: 659.460 GC heap before
{Heap before GC invocations=59 (full 0):
 garbage-first heap   total 345088K, used 273939K [0x0000000080000000, 0x0000000100000000)
  region size 1024K, 69 young (70656K), 3 survivors (3072K)
 Metaspace       used 154564K, committed 155648K, reserved 1187840K
  class space    used 21027K, committed 21568K, reserved 1048576K
}
Event: 659.471 GC heap after
{Heap after GC invocations=60 (full 0):
 garbage-first heap   total 345088K, used 189889K [0x0000000080000000, 0x0000000100000000)
  region size 1024K, 8 young (8192K), 8 survivors (8192K)
 Metaspace       used 154564K, committed 155648K, reserved 1187840K
  class space    used 21027K, committed 21568K, reserved 1048576K
}
Event: 659.522 GC heap before
{Heap before GC invocations=60 (full 0):
 garbage-first heap   total 345088K, used 197057K [0x0000000080000000, 0x0000000100000000)
  region size 1024K, 16 young (16384K), 8 survivors (8192K)
 Metaspace       used 154572K, committed 155648K, reserved 1187840K
  class space    used 21027K, committed 21568K, reserved 1048576K
}
Event: 659.540 GC heap after
{Heap after GC invocations=61 (full 0):
 garbage-first heap   total 345088K, used 166222K [0x0000000080000000, 0x0000000100000000)
  region size 1024K, 2 young (2048K), 2 survivors (2048K)
 Metaspace       used 154572K, committed 155648K, reserved 1187840K
  class space    used 21027K, committed 21568K, reserved 1048576K
}
Event: 661.161 GC heap before
{Heap before GC invocations=61 (full 0):
 garbage-first heap   total 345088K, used 259406K [0x0000000080000000, 0x0000000100000000)
  region size 1024K, 95 young (97280K), 2 survivors (2048K)
 Metaspace       used 154900K, committed 155904K, reserved 1187840K
  class space    used 21046K, committed 21568K, reserved 1048576K
}
Event: 661.170 GC heap after
{Heap after GC invocations=62 (full 0):
 garbage-first heap   total 345088K, used 172544K [0x0000000080000000, 0x0000000100000000)
  region size 1024K, 8 young (8192K), 8 survivors (8192K)
 Metaspace       used 154900K, committed 155904K, reserved 1187840K
  class space    used 21046K, committed 21568K, reserved 1048576K
}

