# JRE version: OpenJDK Runtime Environment (17.0.6) (build 17.0.6+0-b2043.56-10027231)
# Java VM: OpenJDK 64-Bit Server VM (17.0.6+0-b2043.56-10027231, mixed mode, tiered, compressed oops, compressed class ptrs, g1 gc, windows-amd64)
GC Precious Log:
 CPUs: 8 total, 8 available
 Memory: 7991M
 Large Page Support: Disabled
 NUMA Support: Disabled
 Compressed Oops: Enabled (32-bit)
 Heap Region Size: 1M
 Heap Min Capacity: 8M
 Heap Initial Capacity: 126M
 Heap Max Capacity: 1998M
 Pre-touch: Disabled
 Parallel Workers: 8
 Concurrent Workers: 2
 Concurrent Refinement Workers: 8
 Periodic GC: Disabled
Heap:
 garbage-first heap   total 81920K, used 39825K [0x0000000083200000, 0x0000000100000000)
  region size 1024K, 19 young (19456K), 5 survivors (5120K)
 Metaspace       used 37950K, committed 38144K, reserved 1089536K
  class space    used 4746K, committed 4800K, reserved 1048576K
GC Heap History (14 events):
Event: 0.373 GC heap before
{Heap before GC invocations=0 (full 0):
 garbage-first heap   total 129024K, used 27648K [0x0000000083200000, 0x0000000100000000)
  region size 1024K, 23 young (23552K), 0 survivors (0K)
 Metaspace       used 13305K, committed 13440K, reserved 1064960K
  class space    used 1280K, committed 1344K, reserved 1048576K
}
Event: 0.376 GC heap after
{Heap after GC invocations=1 (full 0):
 garbage-first heap   total 129024K, used 7013K [0x0000000083200000, 0x0000000100000000)
  region size 1024K, 3 young (3072K), 3 survivors (3072K)
 Metaspace       used 13305K, committed 13440K, reserved 1064960K
  class space    used 1280K, committed 1344K, reserved 1048576K
}
Event: 0.861 GC heap before
{Heap before GC invocations=1 (full 0):
 garbage-first heap   total 129024K, used 38757K [0x0000000083200000, 0x0000000100000000)
  region size 1024K, 35 young (35840K), 3 survivors (3072K)
 Metaspace       used 21299K, committed 21504K, reserved 1073152K
  class space    used 2326K, committed 2432K, reserved 1048576K
}
Event: 0.866 GC heap after
{Heap after GC invocations=2 (full 0):
 garbage-first heap   total 129024K, used 10519K [0x0000000083200000, 0x0000000100000000)
  region size 1024K, 4 young (4096K), 4 survivors (4096K)
 Metaspace       used 21299K, committed 21504K, reserved 1073152K
  class space    used 2326K, committed 2432K, reserved 1048576K
}
Event: 1.120 GC heap before
{Heap before GC invocations=3 (full 0):
 garbage-first heap   total 40960K, used 33047K [0x0000000083200000, 0x0000000100000000)
  region size 1024K, 23 young (23552K), 4 survivors (4096K)
 Metaspace       used 27256K, committed 27456K, reserved 1073152K
  class space    used 2999K, committed 3072K, reserved 1048576K
}
Event: 1.125 GC heap after
{Heap after GC invocations=4 (full 0):
 garbage-first heap   total 40960K, used 16634K [0x0000000083200000, 0x0000000100000000)
  region size 1024K, 6 young (6144K), 6 survivors (6144K)
 Metaspace       used 27256K, committed 27456K, reserved 1073152K
  class space    used 2999K, committed 3072K, reserved 1048576K
}
Event: 1.138 GC heap before
{Heap before GC invocations=4 (full 0):
 garbage-first heap   total 40960K, used 17658K [0x0000000083200000, 0x0000000100000000)
  region size 1024K, 7 young (7168K), 6 survivors (6144K)
 Metaspace       used 27659K, committed 27904K, reserved 1081344K
  class space    used 3040K, committed 3136K, reserved 1048576K
}
Event: 1.142 GC heap after
{Heap after GC invocations=5 (full 0):
 garbage-first heap   total 40960K, used 17064K [0x0000000083200000, 0x0000000100000000)
  region size 1024K, 1 young (1024K), 1 survivors (1024K)
 Metaspace       used 27659K, committed 27904K, reserved 1081344K
  class space    used 3040K, committed 3136K, reserved 1048576K
}
Event: 1.325 GC heap before
{Heap before GC invocations=5 (full 0):
 garbage-first heap   total 40960K, used 30376K [0x0000000083200000, 0x0000000100000000)
  region size 1024K, 15 young (15360K), 1 survivors (1024K)
 Metaspace       used 31485K, committed 31744K, reserved 1081344K
  class space    used 3824K, committed 3904K, reserved 1048576K
}
Event: 1.328 GC heap after
{Heap after GC invocations=6 (full 0):
 garbage-first heap   total 40960K, used 17783K [0x0000000083200000, 0x0000000100000000)
  region size 1024K, 2 young (2048K), 2 survivors (2048K)
 Metaspace       used 31485K, committed 31744K, reserved 1081344K
  class space    used 3824K, committed 3904K, reserved 1048576K
}
Event: 1.461 GC heap before
{Heap before GC invocations=6 (full 0):
 garbage-first heap   total 40960K, used 34167K [0x0000000083200000, 0x0000000100000000)
  region size 1024K, 16 young (16384K), 2 survivors (2048K)
 Metaspace       used 31657K, committed 31936K, reserved 1081344K
  class space    used 3824K, committed 3904K, reserved 1048576K
}
Event: 1.467 GC heap after
{Heap after GC invocations=7 (full 0):
 garbage-first heap   total 81920K, used 23765K [0x0000000083200000, 0x0000000100000000)
  region size 1024K, 2 young (2048K), 2 survivors (2048K)
 Metaspace       used 31657K, committed 31936K, reserved 1081344K
  class space    used 3824K, committed 3904K, reserved 1048576K
}
Event: 1.680 GC heap before
{Heap before GC invocations=7 (full 0):
 garbage-first heap   total 81920K, used 42197K [0x0000000083200000, 0x0000000100000000)
  region size 1024K, 21 young (21504K), 2 survivors (2048K)
 Metaspace       used 35755K, committed 35968K, reserved 1081344K
  class space    used 4499K, committed 4608K, reserved 1048576K
}
Event: 1.686 GC heap after
{Heap after GC invocations=8 (full 0):
 garbage-first heap   total 81920K, used 26513K [0x0000000083200000, 0x0000000100000000)
  region size 1024K, 5 young (5120K), 5 survivors (5120K)
 Metaspace       used 35755K, committed 35968K, reserved 1081344K
  class space    used 4499K, committed 4608K, reserved 1048576K
}

