# JRE version: OpenJDK Runtime Environment (17.0.6) (build 17.0.6+0-b2043.56-10027231)
# Java VM: OpenJDK 64-Bit Server VM (17.0.6+0-b2043.56-10027231, mixed mode, tiered, compressed oops, compressed class ptrs, g1 gc, windows-amd64)
GC Precious Log:
 CPUs: 8 total, 8 available
 Memory: 7991M
 Large Page Support: Disabled
 NUMA Support: Disabled
 Compressed Oops: Enabled (32-bit)
 Heap Region Size: 1M
 Heap Min Capacity: 8M
 Heap Initial Capacity: 126M
 Heap Max Capacity: 2G
 Pre-touch: Disabled
 Parallel Workers: 8
 Concurrent Workers: 2
 Concurrent Refinement Workers: 8
 Periodic GC: Disabled
Heap:
 garbage-first heap   total 312320K, used 149467K [0x0000000080000000, 0x0000000100000000)
  region size 1024K, 10 young (10240K), 10 survivors (10240K)
 Metaspace       used 152691K, committed 153664K, reserved 1187840K
  class space    used 20141K, committed 20608K, reserved 1048576K
GC Heap History (20 events):
Event: 1286.366 GC heap after
{Heap after GC invocations=62 (full 0):
 garbage-first heap   total 312320K, used 170836K [0x0000000080000000, 0x0000000100000000)
  region size 1024K, 9 young (9216K), 9 survivors (9216K)
 Metaspace       used 144227K, committed 145216K, reserved 1179648K
  class space    used 19184K, committed 19648K, reserved 1048576K
}
Event: 1287.137 GC heap before
{Heap before GC invocations=62 (full 0):
 garbage-first heap   total 312320K, used 176980K [0x0000000080000000, 0x0000000100000000)
  region size 1024K, 15 young (15360K), 9 survivors (9216K)
 Metaspace       used 144266K, committed 145216K, reserved 1179648K
  class space    used 19184K, committed 19648K, reserved 1048576K
}
Event: 1287.174 GC heap after
{Heap after GC invocations=63 (full 0):
 garbage-first heap   total 312320K, used 156404K [0x0000000080000000, 0x0000000100000000)
  region size 1024K, 2 young (2048K), 2 survivors (2048K)
 Metaspace       used 144266K, committed 145216K, reserved 1179648K
  class space    used 19184K, committed 19648K, reserved 1048576K
}
Event: 1298.415 GC heap before
{Heap before GC invocations=63 (full 0):
 garbage-first heap   total 312320K, used 254708K [0x0000000080000000, 0x0000000100000000)
  region size 1024K, 99 young (101376K), 2 survivors (2048K)
 Metaspace       used 144645K, committed 145664K, reserved 1179648K
  class space    used 19203K, committed 19712K, reserved 1048576K
}
Event: 1298.422 GC heap after
{Heap after GC invocations=64 (full 0):
 garbage-first heap   total 312320K, used 162956K [0x0000000080000000, 0x0000000100000000)
  region size 1024K, 9 young (9216K), 9 survivors (9216K)
 Metaspace       used 144645K, committed 145664K, reserved 1179648K
  class space    used 19203K, committed 19712K, reserved 1048576K
}
Event: 1299.634 GC heap before
{Heap before GC invocations=64 (full 0):
 garbage-first heap   total 312320K, used 177292K [0x0000000080000000, 0x0000000100000000)
  region size 1024K, 25 young (25600K), 9 survivors (9216K)
 Metaspace       used 144771K, committed 145856K, reserved 1179648K
  class space    used 19205K, committed 19712K, reserved 1048576K
}
Event: 1299.640 GC heap after
{Heap after GC invocations=65 (full 0):
 garbage-first heap   total 312320K, used 164385K [0x0000000080000000, 0x0000000100000000)
  region size 1024K, 2 young (2048K), 2 survivors (2048K)
 Metaspace       used 144771K, committed 145856K, reserved 1179648K
  class space    used 19205K, committed 19712K, reserved 1048576K
}
Event: 3086.064 GC heap before
{Heap before GC invocations=66 (full 0):
 garbage-first heap   total 312320K, used 287265K [0x0000000080000000, 0x0000000100000000)
  region size 1024K, 95 young (97280K), 2 survivors (2048K)
 Metaspace       used 144997K, committed 145984K, reserved 1179648K
  class space    used 19207K, committed 19712K, reserved 1048576K
}
Event: 3086.081 GC heap after
{Heap after GC invocations=67 (full 0):
 garbage-first heap   total 312320K, used 166645K [0x0000000080000000, 0x0000000100000000)
  region size 1024K, 6 young (6144K), 6 survivors (6144K)
 Metaspace       used 144997K, committed 145984K, reserved 1179648K
  class space    used 19207K, committed 19712K, reserved 1048576K
}
Event: 3086.424 GC heap before
{Heap before GC invocations=67 (full 0):
 garbage-first heap   total 312320K, used 174837K [0x0000000080000000, 0x0000000100000000)
  region size 1024K, 15 young (15360K), 6 survivors (6144K)
 Metaspace       used 145133K, committed 146112K, reserved 1179648K
  class space    used 19225K, committed 19712K, reserved 1048576K
}
Event: 3086.665 GC heap after
{Heap after GC invocations=68 (full 0):
 garbage-first heap   total 312320K, used 155645K [0x0000000080000000, 0x0000000100000000)
  region size 1024K, 2 young (2048K), 2 survivors (2048K)
 Metaspace       used 145133K, committed 146112K, reserved 1179648K
  class space    used 19225K, committed 19712K, reserved 1048576K
}
Event: 3092.013 GC heap before
{Heap before GC invocations=68 (full 0):
 garbage-first heap   total 312320K, used 187389K [0x0000000080000000, 0x0000000100000000)
  region size 1024K, 34 young (34816K), 2 survivors (2048K)
 Metaspace       used 145185K, committed 146176K, reserved 1179648K
  class space    used 19231K, committed 19712K, reserved 1048576K
}
Event: 3092.019 GC heap after
{Heap after GC invocations=69 (full 0):
 garbage-first heap   total 312320K, used 159393K [0x0000000080000000, 0x0000000100000000)
  region size 1024K, 6 young (6144K), 6 survivors (6144K)
 Metaspace       used 145185K, committed 146176K, reserved 1179648K
  class space    used 19231K, committed 19712K, reserved 1048576K
}
Event: 3094.902 GC heap before
{Heap before GC invocations=70 (full 0):
 garbage-first heap   total 312320K, used 286369K [0x0000000080000000, 0x0000000100000000)
  region size 1024K, 101 young (103424K), 6 survivors (6144K)
 Metaspace       used 145129K, committed 146240K, reserved 1179648K
  class space    used 19180K, committed 19712K, reserved 1048576K
}
Event: 3094.932 GC heap after
{Heap after GC invocations=71 (full 0):
 garbage-first heap   total 312320K, used 163757K [0x0000000080000000, 0x0000000100000000)
  region size 1024K, 11 young (11264K), 11 survivors (11264K)
 Metaspace       used 145129K, committed 146240K, reserved 1179648K
  class space    used 19180K, committed 19712K, reserved 1048576K
}
Event: 3095.220 GC heap before
{Heap before GC invocations=71 (full 0):
 garbage-first heap   total 312320K, used 167853K [0x0000000080000000, 0x0000000100000000)
  region size 1024K, 15 young (15360K), 11 survivors (11264K)
 Metaspace       used 145146K, committed 146240K, reserved 1179648K
  class space    used 19180K, committed 19712K, reserved 1048576K
}
Event: 3095.400 GC heap after
{Heap after GC invocations=72 (full 0):
 garbage-first heap   total 312320K, used 144346K [0x0000000080000000, 0x0000000100000000)
  region size 1024K, 2 young (2048K), 2 survivors (2048K)
 Metaspace       used 145146K, committed 146240K, reserved 1179648K
  class space    used 19180K, committed 19712K, reserved 1048576K
}
Event: 3096.099 GC heap before
{Heap before GC invocations=72 (full 0):
 garbage-first heap   total 312320K, used 157658K [0x0000000080000000, 0x0000000100000000)
  region size 1024K, 15 young (15360K), 2 survivors (2048K)
 Metaspace       used 146117K, committed 147072K, reserved 1179648K
  class space    used 19309K, committed 19776K, reserved 1048576K
}
Event: 3096.145 GC heap after
{Heap after GC invocations=73 (full 0):
 garbage-first heap   total 312320K, used 142135K [0x0000000080000000, 0x0000000100000000)
  region size 1024K, 2 young (2048K), 2 survivors (2048K)
 Metaspace       used 146117K, committed 147072K, reserved 1179648K
  class space    used 19309K, committed 19776K, reserved 1048576K
}
Event: 3126.517 GC heap before
{Heap before GC invocations=73 (full 0):
 garbage-first heap   total 312320K, used 236343K [0x0000000080000000, 0x0000000100000000)
  region size 1024K, 96 young (98304K), 2 survivors (2048K)
 Metaspace       used 152691K, committed 153664K, reserved 1187840K
  class space    used 20141K, committed 20608K, reserved 1048576K
}

