# JRE version: OpenJDK Runtime Environment (17.0.6) (build 17.0.6+0-b2043.56-10027231)
# Java VM: OpenJDK 64-Bit Server VM (17.0.6+0-b2043.56-10027231, mixed mode, tiered, compressed oops, compressed class ptrs, g1 gc, windows-amd64)
GC Precious Log:
 CPUs: 8 total, 8 available
 Memory: 7991M
 Large Page Support: Disabled
 NUMA Support: Disabled
 Compressed Oops: Enabled (32-bit)
 Heap Region Size: 1M
 Heap Min Capacity: 8M
 Heap Initial Capacity: 126M
 Heap Max Capacity: 1998M
 Pre-touch: Disabled
 Parallel Workers: 8
 Concurrent Workers: 2
 Concurrent Refinement Workers: 8
 Periodic GC: Disabled
Heap:
 garbage-first heap   total 214016K, used 100946K [0x0000000083200000, 0x0000000100000000)
  region size 1024K, 5 young (5120K), 5 survivors (5120K)
 Metaspace       used 88618K, committed 89024K, reserved 1130496K
  class space    used 9946K, committed 10112K, reserved 1048576K
GC Heap History (20 events):
Event: 2.505 GC heap after
{Heap after GC invocations=13 (full 0):
 garbage-first heap   total 116736K, used 42612K [0x0000000083200000, 0x0000000100000000)
  region size 1024K, 3 young (3072K), 3 survivors (3072K)
 Metaspace       used 51353K, committed 51648K, reserved 1097728K
  class space    used 6139K, committed 6272K, reserved 1048576K
}
Event: 3.135 GC heap before
{Heap before GC invocations=13 (full 0):
 garbage-first heap   total 116736K, used 84596K [0x0000000083200000, 0x0000000100000000)
  region size 1024K, 44 young (45056K), 3 survivors (3072K)
 Metaspace       used 56396K, committed 56704K, reserved 1105920K
  class space    used 6618K, committed 6784K, reserved 1048576K
}
Event: 3.151 GC heap after
{Heap after GC invocations=14 (full 0):
 garbage-first heap   total 116736K, used 48933K [0x0000000083200000, 0x0000000100000000)
  region size 1024K, 6 young (6144K), 6 survivors (6144K)
 Metaspace       used 56396K, committed 56704K, reserved 1105920K
  class space    used 6618K, committed 6784K, reserved 1048576K
}
Event: 3.432 GC heap before
{Heap before GC invocations=14 (full 0):
 garbage-first heap   total 116736K, used 87845K [0x0000000083200000, 0x0000000100000000)
  region size 1024K, 44 young (45056K), 6 survivors (6144K)
 Metaspace       used 57652K, committed 57920K, reserved 1105920K
  class space    used 6742K, committed 6848K, reserved 1048576K
}
Event: 3.446 GC heap after
{Heap after GC invocations=15 (full 0):
 garbage-first heap   total 116736K, used 55180K [0x0000000083200000, 0x0000000100000000)
  region size 1024K, 6 young (6144K), 6 survivors (6144K)
 Metaspace       used 57652K, committed 57920K, reserved 1105920K
  class space    used 6742K, committed 6848K, reserved 1048576K
}
Event: 3.492 GC heap before
{Heap before GC invocations=15 (full 0):
 garbage-first heap   total 116736K, used 88972K [0x0000000083200000, 0x0000000100000000)
  region size 1024K, 39 young (39936K), 6 survivors (6144K)
 Metaspace       used 57682K, committed 57984K, reserved 1105920K
  class space    used 6742K, committed 6848K, reserved 1048576K
}
Event: 3.502 GC heap after
{Heap after GC invocations=16 (full 0):
 garbage-first heap   total 116736K, used 56320K [0x0000000083200000, 0x0000000100000000)
  region size 1024K, 1 young (1024K), 1 survivors (1024K)
 Metaspace       used 57682K, committed 57984K, reserved 1105920K
  class space    used 6742K, committed 6848K, reserved 1048576K
}
Event: 3.856 GC heap before
{Heap before GC invocations=16 (full 0):
 garbage-first heap   total 116736K, used 90112K [0x0000000083200000, 0x0000000100000000)
  region size 1024K, 35 young (35840K), 1 survivors (1024K)
 Metaspace       used 60192K, committed 60416K, reserved 1105920K
  class space    used 7056K, committed 7168K, reserved 1048576K
}
Event: 3.862 GC heap after
{Heap after GC invocations=17 (full 0):
 garbage-first heap   total 214016K, used 58943K [0x0000000083200000, 0x0000000100000000)
  region size 1024K, 4 young (4096K), 4 survivors (4096K)
 Metaspace       used 60192K, committed 60416K, reserved 1105920K
  class space    used 7056K, committed 7168K, reserved 1048576K
}
Event: 5.565 GC heap before
{Heap before GC invocations=18 (full 0):
 garbage-first heap   total 208896K, used 161343K [0x0000000083200000, 0x0000000100000000)
  region size 1024K, 104 young (106496K), 4 survivors (4096K)
 Metaspace       used 71929K, committed 72256K, reserved 1114112K
  class space    used 8276K, committed 8384K, reserved 1048576K
}
Event: 5.577 GC heap after
{Heap after GC invocations=19 (full 0):
 garbage-first heap   total 208896K, used 72609K [0x0000000083200000, 0x0000000100000000)
  region size 1024K, 13 young (13312K), 13 survivors (13312K)
 Metaspace       used 71929K, committed 72256K, reserved 1114112K
  class space    used 8276K, committed 8384K, reserved 1048576K
}
Event: 5.593 GC heap before
{Heap before GC invocations=19 (full 0):
 garbage-first heap   total 208896K, used 73633K [0x0000000083200000, 0x0000000100000000)
  region size 1024K, 14 young (14336K), 13 survivors (13312K)
 Metaspace       used 72019K, committed 72384K, reserved 1114112K
  class space    used 8287K, committed 8448K, reserved 1048576K
}
Event: 5.599 GC heap after
{Heap after GC invocations=20 (full 0):
 garbage-first heap   total 208896K, used 74017K [0x0000000083200000, 0x0000000100000000)
  region size 1024K, 2 young (2048K), 2 survivors (2048K)
 Metaspace       used 72019K, committed 72384K, reserved 1114112K
  class space    used 8287K, committed 8448K, reserved 1048576K
}
Event: 6.323 GC heap before
{Heap before GC invocations=20 (full 0):
 garbage-first heap   total 208896K, used 147745K [0x0000000083200000, 0x0000000100000000)
  region size 1024K, 74 young (75776K), 2 survivors (2048K)
 Metaspace       used 74993K, committed 75328K, reserved 1122304K
  class space    used 8614K, committed 8768K, reserved 1048576K
}
Event: 6.337 GC heap after
{Heap after GC invocations=21 (full 0):
 garbage-first heap   total 208896K, used 88574K [0x0000000083200000, 0x0000000100000000)
  region size 1024K, 10 young (10240K), 10 survivors (10240K)
 Metaspace       used 74993K, committed 75328K, reserved 1122304K
  class space    used 8614K, committed 8768K, reserved 1048576K
}
Event: 6.973 GC heap before
{Heap before GC invocations=21 (full 0):
 garbage-first heap   total 208896K, used 153086K [0x0000000083200000, 0x0000000100000000)
  region size 1024K, 73 young (74752K), 10 survivors (10240K)
 Metaspace       used 82962K, committed 83328K, reserved 1130496K
  class space    used 9499K, committed 9664K, reserved 1048576K
}
Event: 6.988 GC heap after
{Heap after GC invocations=22 (full 0):
 garbage-first heap   total 208896K, used 96674K [0x0000000083200000, 0x0000000100000000)
  region size 1024K, 8 young (8192K), 8 survivors (8192K)
 Metaspace       used 82962K, committed 83328K, reserved 1130496K
  class space    used 9499K, committed 9664K, reserved 1048576K
}
Event: 7.263 GC heap before
{Heap before GC invocations=22 (full 0):
 garbage-first heap   total 208896K, used 159138K [0x0000000083200000, 0x0000000100000000)
  region size 1024K, 69 young (70656K), 8 survivors (8192K)
 Metaspace       used 83766K, committed 84160K, reserved 1130496K
  class space    used 9534K, committed 9728K, reserved 1048576K
}
Event: 7.269 GC heap after
{Heap after GC invocations=23 (full 0):
 garbage-first heap   total 208896K, used 98465K [0x0000000083200000, 0x0000000100000000)
  region size 1024K, 2 young (2048K), 2 survivors (2048K)
 Metaspace       used 83766K, committed 84160K, reserved 1130496K
  class space    used 9534K, committed 9728K, reserved 1048576K
}
Event: 7.827 GC heap before
{Heap before GC invocations=23 (full 0):
 garbage-first heap   total 208896K, used 164001K [0x0000000083200000, 0x0000000100000000)
  region size 1024K, 66 young (67584K), 2 survivors (2048K)
 Metaspace       used 88618K, committed 89024K, reserved 1130496K
  class space    used 9946K, committed 10112K, reserved 1048576K
}

