# JRE version: OpenJDK Runtime Environment (17.0.6) (build 17.0.6+0-b2043.56-10027231)
# Java VM: OpenJDK 64-Bit Server VM (17.0.6+0-b2043.56-10027231, mixed mode, tiered, compressed oops, compressed class ptrs, g1 gc, windows-amd64)
GC Precious Log:
 CPUs: 8 total, 8 available
 Memory: 7991M
 Large Page Support: Disabled
 NUMA Support: Disabled
 Compressed Oops: Enabled (32-bit)
 Heap Region Size: 1M
 Heap Min Capacity: 8M
 Heap Initial Capacity: 126M
 Heap Max Capacity: 1998M
 Pre-touch: Disabled
 Parallel Workers: 8
 Concurrent Workers: 2
 Concurrent Refinement Workers: 8
 Periodic GC: Disabled
Heap:
 garbage-first heap   total 155648K, used 101802K [0x0000000083200000, 0x0000000100000000)
  region size 1024K, 8 young (8192K), 2 survivors (2048K)
 Metaspace       used 81584K, committed 81984K, reserved 1122304K
  class space    used 9283K, committed 9472K, reserved 1048576K
GC Heap History (20 events):
Event: 3.333 GC heap before
{Heap before GC invocations=13 (full 0):
 garbage-first heap   total 106496K, used 79431K [0x0000000083200000, 0x0000000100000000)
  region size 1024K, 41 young (41984K), 6 survivors (6144K)
 Metaspace       used 56864K, committed 57152K, reserved 1105920K
  class space    used 6651K, committed 6784K, reserved 1048576K
}
Event: 3.349 GC heap after
{Heap after GC invocations=14 (full 0):
 garbage-first heap   total 106496K, used 50143K [0x0000000083200000, 0x0000000100000000)
  region size 1024K, 6 young (6144K), 6 survivors (6144K)
 Metaspace       used 56864K, committed 57152K, reserved 1105920K
  class space    used 6651K, committed 6784K, reserved 1048576K
}
Event: 3.532 GC heap before
{Heap before GC invocations=14 (full 0):
 garbage-first heap   total 106496K, used 80863K [0x0000000083200000, 0x0000000100000000)
  region size 1024K, 36 young (36864K), 6 survivors (6144K)
 Metaspace       used 57836K, committed 58176K, reserved 1105920K
  class space    used 6751K, committed 6912K, reserved 1048576K
}
Event: 3.547 GC heap after
{Heap after GC invocations=15 (full 0):
 garbage-first heap   total 106496K, used 54272K [0x0000000083200000, 0x0000000100000000)
  region size 1024K, 4 young (4096K), 4 survivors (4096K)
 Metaspace       used 57836K, committed 58176K, reserved 1105920K
  class space    used 6751K, committed 6912K, reserved 1048576K
}
Event: 3.624 GC heap before
{Heap before GC invocations=15 (full 0):
 garbage-first heap   total 106496K, used 81920K [0x0000000083200000, 0x0000000100000000)
  region size 1024K, 31 young (31744K), 4 survivors (4096K)
 Metaspace       used 58166K, committed 58432K, reserved 1105920K
  class space    used 6792K, committed 6912K, reserved 1048576K
}
Event: 3.628 GC heap after
{Heap after GC invocations=16 (full 0):
 garbage-first heap   total 155648K, used 55007K [0x0000000083200000, 0x0000000100000000)
  region size 1024K, 1 young (1024K), 1 survivors (1024K)
 Metaspace       used 58166K, committed 58432K, reserved 1105920K
  class space    used 6792K, committed 6912K, reserved 1048576K
}
Event: 4.597 GC heap before
{Heap before GC invocations=17 (full 0):
 garbage-first heap   total 155648K, used 119519K [0x0000000083200000, 0x0000000100000000)
  region size 1024K, 64 young (65536K), 1 survivors (1024K)
 Metaspace       used 64417K, committed 64640K, reserved 1105920K
  class space    used 7625K, committed 7744K, reserved 1048576K
}
Event: 4.606 GC heap after
{Heap after GC invocations=18 (full 0):
 garbage-first heap   total 155648K, used 63448K [0x0000000083200000, 0x0000000100000000)
  region size 1024K, 8 young (8192K), 8 survivors (8192K)
 Metaspace       used 64417K, committed 64640K, reserved 1105920K
  class space    used 7625K, committed 7744K, reserved 1048576K
}
Event: 5.916 GC heap before
{Heap before GC invocations=18 (full 0):
 garbage-first heap   total 155648K, used 115672K [0x0000000083200000, 0x0000000100000000)
  region size 1024K, 59 young (60416K), 8 survivors (8192K)
 Metaspace       used 67465K, committed 67776K, reserved 1114112K
  class space    used 7787K, committed 7936K, reserved 1048576K
}
Event: 5.929 GC heap after
{Heap after GC invocations=19 (full 0):
 garbage-first heap   total 155648K, used 71779K [0x0000000083200000, 0x0000000100000000)
  region size 1024K, 8 young (8192K), 8 survivors (8192K)
 Metaspace       used 67465K, committed 67776K, reserved 1114112K
  class space    used 7787K, committed 7936K, reserved 1048576K
}
Event: 6.465 GC heap before
{Heap before GC invocations=19 (full 0):
 garbage-first heap   total 155648K, used 116835K [0x0000000083200000, 0x0000000100000000)
  region size 1024K, 52 young (53248K), 8 survivors (8192K)
 Metaspace       used 73927K, committed 74240K, reserved 1122304K
  class space    used 8453K, committed 8576K, reserved 1048576K
}
Event: 6.475 GC heap after
{Heap after GC invocations=20 (full 0):
 garbage-first heap   total 155648K, used 76646K [0x0000000083200000, 0x0000000100000000)
  region size 1024K, 4 young (4096K), 4 survivors (4096K)
 Metaspace       used 73927K, committed 74240K, reserved 1122304K
  class space    used 8453K, committed 8576K, reserved 1048576K
}
Event: 6.952 GC heap before
{Heap before GC invocations=20 (full 0):
 garbage-first heap   total 155648K, used 121702K [0x0000000083200000, 0x0000000100000000)
  region size 1024K, 48 young (49152K), 4 survivors (4096K)
 Metaspace       used 75984K, committed 76352K, reserved 1122304K
  class space    used 8686K, committed 8832K, reserved 1048576K
}
Event: 6.967 GC heap after
{Heap after GC invocations=21 (full 0):
 garbage-first heap   total 155648K, used 84992K [0x0000000083200000, 0x0000000100000000)
  region size 1024K, 6 young (6144K), 6 survivors (6144K)
 Metaspace       used 75984K, committed 76352K, reserved 1122304K
  class space    used 8686K, committed 8832K, reserved 1048576K
}
Event: 7.341 GC heap before
{Heap before GC invocations=22 (full 0):
 garbage-first heap   total 155648K, used 122880K [0x0000000083200000, 0x0000000100000000)
  region size 1024K, 43 young (44032K), 6 survivors (6144K)
 Metaspace       used 77051K, committed 77376K, reserved 1122304K
  class space    used 8796K, committed 8960K, reserved 1048576K
}
Event: 7.356 GC heap after
{Heap after GC invocations=23 (full 0):
 garbage-first heap   total 155648K, used 95033K [0x0000000083200000, 0x0000000100000000)
  region size 1024K, 6 young (6144K), 6 survivors (6144K)
 Metaspace       used 77051K, committed 77376K, reserved 1122304K
  class space    used 8796K, committed 8960K, reserved 1048576K
}
Event: 7.367 GC heap before
{Heap before GC invocations=23 (full 0):
 garbage-first heap   total 155648K, used 96057K [0x0000000083200000, 0x0000000100000000)
  region size 1024K, 7 young (7168K), 6 survivors (6144K)
 Metaspace       used 77074K, committed 77440K, reserved 1122304K
  class space    used 8796K, committed 8960K, reserved 1048576K
}
Event: 7.383 GC heap after
{Heap after GC invocations=24 (full 0):
 garbage-first heap   total 155648K, used 95744K [0x0000000083200000, 0x0000000100000000)
  region size 1024K, 1 young (1024K), 1 survivors (1024K)
 Metaspace       used 77074K, committed 77440K, reserved 1122304K
  class space    used 8796K, committed 8960K, reserved 1048576K
}
Event: 7.664 GC heap before
{Heap before GC invocations=24 (full 0):
 garbage-first heap   total 155648K, used 122368K [0x0000000083200000, 0x0000000100000000)
  region size 1024K, 27 young (27648K), 1 survivors (1024K)
 Metaspace       used 80418K, committed 80768K, reserved 1122304K
  class space    used 9167K, committed 9344K, reserved 1048576K
}
Event: 7.669 GC heap after
{Heap after GC invocations=25 (full 0):
 garbage-first heap   total 155648K, used 96682K [0x0000000083200000, 0x0000000100000000)
  region size 1024K, 2 young (2048K), 2 survivors (2048K)
 Metaspace       used 80418K, committed 80768K, reserved 1122304K
  class space    used 9167K, committed 9344K, reserved 1048576K
}

