# JRE version: OpenJDK Runtime Environment (17.0.6) (build 17.0.6+0-b2043.56-10027231)
# Java VM: OpenJDK 64-Bit Server VM (17.0.6+0-b2043.56-10027231, mixed mode, tiered, compressed oops, compressed class ptrs, g1 gc, windows-amd64)
GC Precious Log:
 CPUs: 8 total, 8 available
 Memory: 7991M
 Large Page Support: Disabled
 NUMA Support: Disabled
 Compressed Oops: Enabled (32-bit)
 Heap Region Size: 1M
 Heap Min Capacity: 8M
 Heap Initial Capacity: 126M
 Heap Max Capacity: 2G
 Pre-touch: Disabled
 Parallel Workers: 8
 Concurrent Workers: 2
 Concurrent Refinement Workers: 8
 Periodic GC: Disabled
Heap:
 garbage-first heap   total 325632K, used 111664K [0x0000000080000000, 0x0000000100000000)
  region size 1024K, 16 young (16384K), 3 survivors (3072K)
 Metaspace       used 72647K, committed 73344K, reserved 1114112K
  class space    used 9676K, committed 9984K, reserved 1048576K
GC Heap History (20 events):
Event: 3.790 GC heap before
{Heap before GC invocations=20 (full 0):
 garbage-first heap   total 117760K, used 87111K [0x0000000080000000, 0x0000000100000000)
  region size 1024K, 23 young (23552K), 4 survivors (4096K)
 Metaspace       used 49637K, committed 50112K, reserved 1097728K
  class space    used 6514K, committed 6720K, reserved 1048576K
}
Event: 3.793 GC heap after
{Heap after GC invocations=21 (full 0):
 garbage-first heap   total 117760K, used 68827K [0x0000000080000000, 0x0000000100000000)
  region size 1024K, 2 young (2048K), 2 survivors (2048K)
 Metaspace       used 49637K, committed 50112K, reserved 1097728K
  class space    used 6514K, committed 6720K, reserved 1048576K
}
Event: 4.031 GC heap before
{Heap before GC invocations=21 (full 0):
 garbage-first heap   total 117760K, used 91355K [0x0000000080000000, 0x0000000100000000)
  region size 1024K, 24 young (24576K), 2 survivors (2048K)
 Metaspace       used 51648K, committed 52288K, reserved 1097728K
  class space    used 6885K, committed 7168K, reserved 1048576K
}
Event: 4.034 GC heap after
{Heap after GC invocations=22 (full 0):
 garbage-first heap   total 141312K, used 70252K [0x0000000080000000, 0x0000000100000000)
  region size 1024K, 2 young (2048K), 2 survivors (2048K)
 Metaspace       used 51648K, committed 52288K, reserved 1097728K
  class space    used 6885K, committed 7168K, reserved 1048576K
}
Event: 4.449 GC heap before
{Heap before GC invocations=23 (full 0):
 garbage-first heap   total 141312K, used 107116K [0x0000000080000000, 0x0000000100000000)
  region size 1024K, 38 young (38912K), 2 survivors (2048K)
 Metaspace       used 55657K, committed 56256K, reserved 1105920K
  class space    used 7522K, committed 7808K, reserved 1048576K
}
Event: 4.453 GC heap after
{Heap after GC invocations=24 (full 0):
 garbage-first heap   total 141312K, used 73250K [0x0000000080000000, 0x0000000100000000)
  region size 1024K, 5 young (5120K), 5 survivors (5120K)
 Metaspace       used 55657K, committed 56256K, reserved 1105920K
  class space    used 7522K, committed 7808K, reserved 1048576K
}
Event: 4.688 GC heap before
{Heap before GC invocations=24 (full 0):
 garbage-first heap   total 141312K, used 104994K [0x0000000080000000, 0x0000000100000000)
  region size 1024K, 38 young (38912K), 5 survivors (5120K)
 Metaspace       used 56459K, committed 57152K, reserved 1105920K
  class space    used 7601K, committed 7936K, reserved 1048576K
}
Event: 4.691 GC heap after
{Heap after GC invocations=25 (full 0):
 garbage-first heap   total 141312K, used 75809K [0x0000000080000000, 0x0000000100000000)
  region size 1024K, 4 young (4096K), 4 survivors (4096K)
 Metaspace       used 56459K, committed 57152K, reserved 1105920K
  class space    used 7601K, committed 7936K, reserved 1048576K
}
Event: 4.957 GC heap before
{Heap before GC invocations=26 (full 0):
 garbage-first heap   total 142336K, used 120865K [0x0000000080000000, 0x0000000100000000)
  region size 1024K, 38 young (38912K), 4 survivors (4096K)
 Metaspace       used 59980K, committed 60672K, reserved 1105920K
  class space    used 8095K, committed 8384K, reserved 1048576K
}
Event: 4.961 GC heap after
{Heap after GC invocations=27 (full 0):
 garbage-first heap   total 142336K, used 92160K [0x0000000080000000, 0x0000000100000000)
  region size 1024K, 5 young (5120K), 5 survivors (5120K)
 Metaspace       used 59980K, committed 60672K, reserved 1105920K
  class space    used 8095K, committed 8384K, reserved 1048576K
}
Event: 4.968 GC heap before
{Heap before GC invocations=27 (full 0):
 garbage-first heap   total 142336K, used 93184K [0x0000000080000000, 0x0000000100000000)
  region size 1024K, 6 young (6144K), 5 survivors (5120K)
 Metaspace       used 60186K, committed 60800K, reserved 1105920K
  class space    used 8110K, committed 8384K, reserved 1048576K
}
Event: 4.971 GC heap after
{Heap after GC invocations=28 (full 0):
 garbage-first heap   total 142336K, used 92621K [0x0000000080000000, 0x0000000100000000)
  region size 1024K, 1 young (1024K), 1 survivors (1024K)
 Metaspace       used 60186K, committed 60800K, reserved 1105920K
  class space    used 8110K, committed 8384K, reserved 1048576K
}
Event: 5.224 GC heap before
{Heap before GC invocations=28 (full 0):
 garbage-first heap   total 142336K, used 117197K [0x0000000080000000, 0x0000000100000000)
  region size 1024K, 25 young (25600K), 1 survivors (1024K)
 Metaspace       used 64236K, committed 64832K, reserved 1105920K
  class space    used 8565K, committed 8832K, reserved 1048576K
}
Event: 5.225 GC heap after
{Heap after GC invocations=29 (full 0):
 garbage-first heap   total 142336K, used 93214K [0x0000000080000000, 0x0000000100000000)
  region size 1024K, 2 young (2048K), 2 survivors (2048K)
 Metaspace       used 64236K, committed 64832K, reserved 1105920K
  class space    used 8565K, committed 8832K, reserved 1048576K
}
Event: 5.465 GC heap before
{Heap before GC invocations=30 (full 0):
 garbage-first heap   total 162816K, used 123934K [0x0000000080000000, 0x0000000100000000)
  region size 1024K, 27 young (27648K), 2 survivors (2048K)
 Metaspace       used 67859K, committed 68544K, reserved 1114112K
  class space    used 9037K, committed 9344K, reserved 1048576K
}
Event: 5.468 GC heap after
{Heap after GC invocations=31 (full 0):
 garbage-first heap   total 162816K, used 101616K [0x0000000080000000, 0x0000000100000000)
  region size 1024K, 4 young (4096K), 4 survivors (4096K)
 Metaspace       used 67859K, committed 68544K, reserved 1114112K
  class space    used 9037K, committed 9344K, reserved 1048576K
}
Event: 5.482 GC heap before
{Heap before GC invocations=31 (full 0):
 garbage-first heap   total 162816K, used 104688K [0x0000000080000000, 0x0000000100000000)
  region size 1024K, 7 young (7168K), 4 survivors (4096K)
 Metaspace       used 67893K, committed 68608K, reserved 1114112K
  class space    used 9040K, committed 9344K, reserved 1048576K
}
Event: 5.484 GC heap after
{Heap after GC invocations=32 (full 0):
 garbage-first heap   total 162816K, used 98765K [0x0000000080000000, 0x0000000100000000)
  region size 1024K, 1 young (1024K), 1 survivors (1024K)
 Metaspace       used 67893K, committed 68608K, reserved 1114112K
  class space    used 9040K, committed 9344K, reserved 1048576K
}
Event: 5.725 GC heap before
{Heap before GC invocations=32 (full 0):
 garbage-first heap   total 162816K, used 131533K [0x0000000080000000, 0x0000000100000000)
  region size 1024K, 33 young (33792K), 1 survivors (1024K)
 Metaspace       used 71100K, committed 71808K, reserved 1114112K
  class space    used 9456K, committed 9792K, reserved 1048576K
}
Event: 5.728 GC heap after
{Heap after GC invocations=33 (full 0):
 garbage-first heap   total 325632K, used 100400K [0x0000000080000000, 0x0000000100000000)
  region size 1024K, 3 young (3072K), 3 survivors (3072K)
 Metaspace       used 71100K, committed 71808K, reserved 1114112K
  class space    used 9456K, committed 9792K, reserved 1048576K
}

