# JRE version: OpenJDK Runtime Environment (17.0.6) (build 17.0.6+0-b2043.56-10027231)
# Java VM: OpenJDK 64-Bit Server VM (17.0.6+0-b2043.56-10027231, mixed mode, tiered, compressed oops, compressed class ptrs, g1 gc, windows-amd64)
GC Precious Log:
 CPUs: 8 total, 8 available
 Memory: 7991M
 Large Page Support: Disabled
 NUMA Support: Disabled
 Compressed Oops: Enabled (32-bit)
 Heap Region Size: 1M
 Heap Min Capacity: 8M
 Heap Initial Capacity: 126M
 Heap Max Capacity: 2G
 Pre-touch: Disabled
 Parallel Workers: 8
 Concurrent Workers: 2
 Concurrent Refinement Workers: 8
 Periodic GC: Disabled
Heap:
 garbage-first heap   total 157696K, used 82806K [0x0000000080000000, 0x0000000100000000)
  region size 1024K, 3 young (3072K), 3 survivors (3072K)
 Metaspace       used 90940K, committed 91584K, reserved 1130496K
  class space    used 12344K, committed 12672K, reserved 1048576K
GC Heap History (20 events):
Event: 16.511 GC heap after
{Heap after GC invocations=27 (full 0):
 garbage-first heap   total 119808K, used 63092K [0x0000000080000000, 0x0000000100000000)
  region size 1024K, 4 young (4096K), 4 survivors (4096K)
 Metaspace       used 70077K, committed 70656K, reserved 1114112K
  class space    used 9256K, committed 9536K, reserved 1048576K
}
Event: 17.061 GC heap before
{Heap before GC invocations=28 (full 0):
 garbage-first heap   total 119808K, used 89716K [0x0000000080000000, 0x0000000100000000)
  region size 1024K, 31 young (31744K), 4 survivors (4096K)
 Metaspace       used 72953K, committed 73536K, reserved 1114112K
  class space    used 9645K, committed 9920K, reserved 1048576K
}
Event: 17.066 GC heap after
{Heap after GC invocations=29 (full 0):
 garbage-first heap   total 119808K, used 64138K [0x0000000080000000, 0x0000000100000000)
  region size 1024K, 4 young (4096K), 4 survivors (4096K)
 Metaspace       used 72953K, committed 73536K, reserved 1114112K
  class space    used 9645K, committed 9920K, reserved 1048576K
}
Event: 17.476 GC heap before
{Heap before GC invocations=29 (full 0):
 garbage-first heap   total 119808K, used 92810K [0x0000000080000000, 0x0000000100000000)
  region size 1024K, 32 young (32768K), 4 survivors (4096K)
 Metaspace       used 76452K, committed 76992K, reserved 1122304K
  class space    used 10091K, committed 10368K, reserved 1048576K
}
Event: 17.482 GC heap after
{Heap after GC invocations=30 (full 0):
 garbage-first heap   total 144384K, used 67039K [0x0000000080000000, 0x0000000100000000)
  region size 1024K, 4 young (4096K), 4 survivors (4096K)
 Metaspace       used 76452K, committed 76992K, reserved 1122304K
  class space    used 10091K, committed 10368K, reserved 1048576K
}
Event: 18.513 GC heap before
{Heap before GC invocations=31 (full 0):
 garbage-first heap   total 144384K, used 110047K [0x0000000080000000, 0x0000000100000000)
  region size 1024K, 46 young (47104K), 4 survivors (4096K)
 Metaspace       used 78901K, committed 79424K, reserved 1122304K
  class space    used 10428K, committed 10688K, reserved 1048576K
}
Event: 18.525 GC heap after
{Heap after GC invocations=32 (full 0):
 garbage-first heap   total 144384K, used 70280K [0x0000000080000000, 0x0000000100000000)
  region size 1024K, 6 young (6144K), 6 survivors (6144K)
 Metaspace       used 78901K, committed 79424K, reserved 1122304K
  class space    used 10428K, committed 10688K, reserved 1048576K
}
Event: 18.556 GC heap before
{Heap before GC invocations=32 (full 0):
 garbage-first heap   total 144384K, used 70280K [0x0000000080000000, 0x0000000100000000)
  region size 1024K, 7 young (7168K), 6 survivors (6144K)
 Metaspace       used 78980K, committed 79552K, reserved 1122304K
  class space    used 10434K, committed 10688K, reserved 1048576K
}
Event: 18.562 GC heap after
{Heap after GC invocations=33 (full 0):
 garbage-first heap   total 144384K, used 71292K [0x0000000080000000, 0x0000000100000000)
  region size 1024K, 2 young (2048K), 2 survivors (2048K)
 Metaspace       used 78980K, committed 79552K, reserved 1122304K
  class space    used 10434K, committed 10688K, reserved 1048576K
}
Event: 19.447 GC heap before
{Heap before GC invocations=34 (full 0):
 garbage-first heap   total 144384K, used 108156K [0x0000000080000000, 0x0000000100000000)
  region size 1024K, 37 young (37888K), 2 survivors (2048K)
 Metaspace       used 83286K, committed 83904K, reserved 1122304K
  class space    used 11218K, committed 11520K, reserved 1048576K
}
Event: 19.450 GC heap after
{Heap after GC invocations=35 (full 0):
 garbage-first heap   total 144384K, used 72224K [0x0000000080000000, 0x0000000100000000)
  region size 1024K, 3 young (3072K), 3 survivors (3072K)
 Metaspace       used 83286K, committed 83904K, reserved 1122304K
  class space    used 11218K, committed 11520K, reserved 1048576K
}
Event: 19.483 GC heap before
{Heap before GC invocations=35 (full 0):
 garbage-first heap   total 144384K, used 76320K [0x0000000080000000, 0x0000000100000000)
  region size 1024K, 7 young (7168K), 3 survivors (3072K)
 Metaspace       used 83657K, committed 84288K, reserved 1122304K
  class space    used 11280K, committed 11584K, reserved 1048576K
}
Event: 19.485 GC heap after
{Heap after GC invocations=36 (full 0):
 garbage-first heap   total 144384K, used 71887K [0x0000000080000000, 0x0000000100000000)
  region size 1024K, 1 young (1024K), 1 survivors (1024K)
 Metaspace       used 83657K, committed 84288K, reserved 1122304K
  class space    used 11280K, committed 11584K, reserved 1048576K
}
Event: 20.098 GC heap before
{Heap before GC invocations=36 (full 0):
 garbage-first heap   total 144384K, used 110799K [0x0000000080000000, 0x0000000100000000)
  region size 1024K, 39 young (39936K), 1 survivors (1024K)
 Metaspace       used 85184K, committed 85824K, reserved 1130496K
  class space    used 11490K, committed 11776K, reserved 1048576K
}
Event: 20.103 GC heap after
{Heap after GC invocations=37 (full 0):
 garbage-first heap   total 144384K, used 76770K [0x0000000080000000, 0x0000000100000000)
  region size 1024K, 5 young (5120K), 5 survivors (5120K)
 Metaspace       used 85184K, committed 85824K, reserved 1130496K
  class space    used 11490K, committed 11776K, reserved 1048576K
}
Event: 21.189 GC heap before
{Heap before GC invocations=38 (full 0):
 garbage-first heap   total 144384K, used 112610K [0x0000000080000000, 0x0000000100000000)
  region size 1024K, 40 young (40960K), 5 survivors (5120K)
 Metaspace       used 87317K, committed 87936K, reserved 1130496K
  class space    used 11772K, committed 12096K, reserved 1048576K
}
Event: 21.198 GC heap after
{Heap after GC invocations=39 (full 0):
 garbage-first heap   total 144384K, used 81624K [0x0000000080000000, 0x0000000100000000)
  region size 1024K, 5 young (5120K), 5 survivors (5120K)
 Metaspace       used 87317K, committed 87936K, reserved 1130496K
  class space    used 11772K, committed 12096K, reserved 1048576K
}
Event: 21.252 GC heap before
{Heap before GC invocations=39 (full 0):
 garbage-first heap   total 144384K, used 83672K [0x0000000080000000, 0x0000000100000000)
  region size 1024K, 7 young (7168K), 5 survivors (5120K)
 Metaspace       used 87492K, committed 88192K, reserved 1130496K
  class space    used 11796K, committed 12096K, reserved 1048576K
}
Event: 21.262 GC heap after
{Heap after GC invocations=40 (full 0):
 garbage-first heap   total 144384K, used 81655K [0x0000000080000000, 0x0000000100000000)
  region size 1024K, 1 young (1024K), 1 survivors (1024K)
 Metaspace       used 87492K, committed 88192K, reserved 1130496K
  class space    used 11796K, committed 12096K, reserved 1048576K
}
Event: 22.141 GC heap before
{Heap before GC invocations=40 (full 0):
 garbage-first heap   total 144384K, used 114423K [0x0000000080000000, 0x0000000100000000)
  region size 1024K, 33 young (33792K), 1 survivors (1024K)
 Metaspace       used 90940K, committed 91584K, reserved 1130496K
  class space    used 12344K, committed 12672K, reserved 1048576K
}

