# JRE version: OpenJDK Runtime Environment (17.0.6) (build 17.0.6+0-b2043.56-10027231)
# Java VM: OpenJDK 64-Bit Server VM (17.0.6+0-b2043.56-10027231, mixed mode, tiered, compressed oops, compressed class ptrs, g1 gc, windows-amd64)
GC Precious Log:
 CPUs: 8 total, 8 available
 Memory: 7991M
 Large Page Support: Disabled
 NUMA Support: Disabled
 Compressed Oops: Enabled (32-bit)
 Heap Region Size: 1M
 Heap Min Capacity: 8M
 Heap Initial Capacity: 126M
 Heap Max Capacity: 2G
 Pre-touch: Disabled
 Parallel Workers: 8
 Concurrent Workers: 2
 Concurrent Refinement Workers: 8
 Periodic GC: Disabled
Heap:
 garbage-first heap   total 151552K, used 78082K [0x0000000080000000, 0x0000000100000000)
  region size 1024K, 6 young (6144K), 6 survivors (6144K)
 Metaspace       used 85370K, committed 86016K, reserved 1130496K
  class space    used 11517K, committed 11840K, reserved 1048576K
GC Heap History (20 events):
Event: 4.734 GC heap after
{Heap after GC invocations=18 (full 0):
 garbage-first heap   total 100352K, used 55449K [0x0000000080000000, 0x0000000100000000)
  region size 1024K, 4 young (4096K), 4 survivors (4096K)
 Metaspace       used 56822K, committed 57280K, reserved 1105920K
  class space    used 7610K, committed 7808K, reserved 1048576K
}
Event: 4.747 GC heap before
{Heap before GC invocations=18 (full 0):
 garbage-first heap   total 100352K, used 55449K [0x0000000080000000, 0x0000000100000000)
  region size 1024K, 5 young (5120K), 4 survivors (4096K)
 Metaspace       used 56949K, committed 57408K, reserved 1105920K
  class space    used 7625K, committed 7808K, reserved 1048576K
}
Event: 4.749 GC heap after
{Heap after GC invocations=19 (full 0):
 garbage-first heap   total 100352K, used 55327K [0x0000000080000000, 0x0000000100000000)
  region size 1024K, 1 young (1024K), 1 survivors (1024K)
 Metaspace       used 56949K, committed 57408K, reserved 1105920K
  class space    used 7625K, committed 7808K, reserved 1048576K
}
Event: 5.001 GC heap before
{Heap before GC invocations=19 (full 0):
 garbage-first heap   total 100352K, used 78879K [0x0000000080000000, 0x0000000100000000)
  region size 1024K, 24 young (24576K), 1 survivors (1024K)
 Metaspace       used 60954K, committed 61440K, reserved 1105920K
  class space    used 8041K, committed 8256K, reserved 1048576K
}
Event: 5.003 GC heap after
{Heap after GC invocations=20 (full 0):
 garbage-first heap   total 100352K, used 56180K [0x0000000080000000, 0x0000000100000000)
  region size 1024K, 1 young (1024K), 1 survivors (1024K)
 Metaspace       used 60954K, committed 61440K, reserved 1105920K
  class space    used 8041K, committed 8256K, reserved 1048576K
}
Event: 5.290 GC heap before
{Heap before GC invocations=21 (full 0):
 garbage-first heap   total 100352K, used 83828K [0x0000000080000000, 0x0000000100000000)
  region size 1024K, 25 young (25600K), 1 survivors (1024K)
 Metaspace       used 65190K, committed 65728K, reserved 1105920K
  class space    used 8617K, committed 8832K, reserved 1048576K
}
Event: 5.294 GC heap after
{Heap after GC invocations=22 (full 0):
 garbage-first heap   total 100352K, used 62832K [0x0000000080000000, 0x0000000100000000)
  region size 1024K, 4 young (4096K), 4 survivors (4096K)
 Metaspace       used 65190K, committed 65728K, reserved 1105920K
  class space    used 8617K, committed 8832K, reserved 1048576K
}
Event: 5.297 GC heap before
{Heap before GC invocations=22 (full 0):
 garbage-first heap   total 100352K, used 63856K [0x0000000080000000, 0x0000000100000000)
  region size 1024K, 5 young (5120K), 4 survivors (4096K)
 Metaspace       used 65190K, committed 65728K, reserved 1105920K
  class space    used 8617K, committed 8832K, reserved 1048576K
}
Event: 5.301 GC heap after
{Heap after GC invocations=23 (full 0):
 garbage-first heap   total 151552K, used 63262K [0x0000000080000000, 0x0000000100000000)
  region size 1024K, 1 young (1024K), 1 survivors (1024K)
 Metaspace       used 65190K, committed 65728K, reserved 1105920K
  class space    used 8617K, committed 8832K, reserved 1048576K
}
Event: 5.740 GC heap before
{Heap before GC invocations=23 (full 0):
 garbage-first heap   total 151552K, used 113438K [0x0000000080000000, 0x0000000100000000)
  region size 1024K, 48 young (49152K), 1 survivors (1024K)
 Metaspace       used 69444K, committed 70080K, reserved 1114112K
  class space    used 9163K, committed 9472K, reserved 1048576K
}
Event: 5.744 GC heap after
{Heap after GC invocations=24 (full 0):
 garbage-first heap   total 151552K, used 67923K [0x0000000080000000, 0x0000000100000000)
  region size 1024K, 5 young (5120K), 5 survivors (5120K)
 Metaspace       used 69444K, committed 70080K, reserved 1114112K
  class space    used 9163K, committed 9472K, reserved 1048576K
}
Event: 6.218 GC heap before
{Heap before GC invocations=24 (full 0):
 garbage-first heap   total 151552K, used 115027K [0x0000000080000000, 0x0000000100000000)
  region size 1024K, 51 young (52224K), 5 survivors (5120K)
 Metaspace       used 74815K, committed 75456K, reserved 1122304K
  class space    used 9875K, committed 10176K, reserved 1048576K
}
Event: 6.223 GC heap after
{Heap after GC invocations=25 (full 0):
 garbage-first heap   total 151552K, used 71331K [0x0000000080000000, 0x0000000100000000)
  region size 1024K, 4 young (4096K), 4 survivors (4096K)
 Metaspace       used 74815K, committed 75456K, reserved 1122304K
  class space    used 9875K, committed 10176K, reserved 1048576K
}
Event: 6.553 GC heap before
{Heap before GC invocations=25 (full 0):
 garbage-first heap   total 151552K, used 116387K [0x0000000080000000, 0x0000000100000000)
  region size 1024K, 49 young (50176K), 4 survivors (4096K)
 Metaspace       used 77533K, committed 78080K, reserved 1122304K
  class space    used 10225K, committed 10496K, reserved 1048576K
}
Event: 6.559 GC heap after
{Heap after GC invocations=26 (full 0):
 garbage-first heap   total 151552K, used 75244K [0x0000000080000000, 0x0000000100000000)
  region size 1024K, 7 young (7168K), 7 survivors (7168K)
 Metaspace       used 77533K, committed 78080K, reserved 1122304K
  class space    used 10225K, committed 10496K, reserved 1048576K
}
Event: 7.054 GC heap before
{Heap before GC invocations=27 (full 0):
 garbage-first heap   total 151552K, used 117228K [0x0000000080000000, 0x0000000100000000)
  region size 1024K, 51 young (52224K), 7 survivors (7168K)
 Metaspace       used 82820K, committed 83392K, reserved 1122304K
  class space    used 11162K, committed 11456K, reserved 1048576K
}
Event: 7.060 GC heap after
{Heap after GC invocations=28 (full 0):
 garbage-first heap   total 151552K, used 73823K [0x0000000080000000, 0x0000000100000000)
  region size 1024K, 3 young (3072K), 3 survivors (3072K)
 Metaspace       used 82820K, committed 83392K, reserved 1122304K
  class space    used 11162K, committed 11456K, reserved 1048576K
}
Event: 7.104 GC heap before
{Heap before GC invocations=28 (full 0):
 garbage-first heap   total 151552K, used 77919K [0x0000000080000000, 0x0000000100000000)
  region size 1024K, 7 young (7168K), 3 survivors (3072K)
 Metaspace       used 83212K, committed 83840K, reserved 1122304K
  class space    used 11212K, committed 11520K, reserved 1048576K
}
Event: 7.107 GC heap after
{Heap after GC invocations=29 (full 0):
 garbage-first heap   total 151552K, used 73375K [0x0000000080000000, 0x0000000100000000)
  region size 1024K, 1 young (1024K), 1 survivors (1024K)
 Metaspace       used 83212K, committed 83840K, reserved 1122304K
  class space    used 11212K, committed 11520K, reserved 1048576K
}
Event: 7.472 GC heap before
{Heap before GC invocations=29 (full 0):
 garbage-first heap   total 151552K, used 120479K [0x0000000080000000, 0x0000000100000000)
  region size 1024K, 48 young (49152K), 1 survivors (1024K)
 Metaspace       used 85370K, committed 86016K, reserved 1130496K
  class space    used 11517K, committed 11840K, reserved 1048576K
}

