# JRE version: OpenJDK Runtime Environment (17.0.6) (build 17.0.6+0-b2043.56-10027231)
# Java VM: OpenJDK 64-Bit Server VM (17.0.6+0-b2043.56-10027231, mixed mode, tiered, compressed oops, compressed class ptrs, g1 gc, windows-amd64)
GC Precious Log:
 CPUs: 8 total, 8 available
 Memory: 7991M
 Large Page Support: Disabled
 NUMA Support: Disabled
 Compressed Oops: Enabled (32-bit)
 Heap Region Size: 1M
 Heap Min Capacity: 8M
 Heap Initial Capacity: 126M
 Heap Max Capacity: 2G
 Pre-touch: Disabled
 Parallel Workers: 8
 Concurrent Workers: 2
 Concurrent Refinement Workers: 8
 Periodic GC: Disabled
Heap:
 garbage-first heap   total 239616K, used 179704K [0x0000000080000000, 0x0000000100000000)
  region size 1024K, 7 young (7168K), 4 survivors (4096K)
 Metaspace       used 128342K, committed 129152K, reserved 1163264K
  class space    used 16930K, committed 17344K, reserved 1048576K
GC Heap History (20 events):
Event: 59.565 GC heap before
{Heap before GC invocations=38 (full 0):
 garbage-first heap   total 239616K, used 193402K [0x0000000080000000, 0x0000000100000000)
  region size 1024K, 63 young (64512K), 6 survivors (6144K)
 Metaspace       used 110223K, committed 110976K, reserved 1146880K
  class space    used 14619K, committed 14976K, reserved 1048576K
}
Event: 59.573 GC heap after
{Heap after GC invocations=39 (full 0):
 garbage-first heap   total 239616K, used 138815K [0x0000000080000000, 0x0000000100000000)
  region size 1024K, 5 young (5120K), 5 survivors (5120K)
 Metaspace       used 110223K, committed 110976K, reserved 1146880K
  class space    used 14619K, committed 14976K, reserved 1048576K
}
Event: 68.531 GC heap before
{Heap before GC invocations=39 (full 0):
 garbage-first heap   total 239616K, used 195135K [0x0000000080000000, 0x0000000100000000)
  region size 1024K, 61 young (62464K), 5 survivors (5120K)
 Metaspace       used 110659K, committed 111424K, reserved 1146880K
  class space    used 14659K, committed 15040K, reserved 1048576K
}
Event: 68.537 GC heap after
{Heap after GC invocations=40 (full 0):
 garbage-first heap   total 239616K, used 140442K [0x0000000080000000, 0x0000000100000000)
  region size 1024K, 4 young (4096K), 4 survivors (4096K)
 Metaspace       used 110659K, committed 111424K, reserved 1146880K
  class space    used 14659K, committed 15040K, reserved 1048576K
}
Event: 81.405 GC heap before
{Heap before GC invocations=40 (full 0):
 garbage-first heap   total 239616K, used 196762K [0x0000000080000000, 0x0000000100000000)
  region size 1024K, 60 young (61440K), 4 survivors (4096K)
 Metaspace       used 114916K, committed 115776K, reserved 1155072K
  class space    used 15226K, committed 15680K, reserved 1048576K
}
Event: 81.413 GC heap after
{Heap after GC invocations=41 (full 0):
 garbage-first heap   total 239616K, used 144391K [0x0000000080000000, 0x0000000100000000)
  region size 1024K, 8 young (8192K), 8 survivors (8192K)
 Metaspace       used 114916K, committed 115776K, reserved 1155072K
  class space    used 15226K, committed 15680K, reserved 1048576K
}
Event: 82.291 GC heap before
{Heap before GC invocations=41 (full 0):
 garbage-first heap   total 239616K, used 197639K [0x0000000080000000, 0x0000000100000000)
  region size 1024K, 61 young (62464K), 8 survivors (8192K)
 Metaspace       used 116026K, committed 116864K, reserved 1155072K
  class space    used 15371K, committed 15808K, reserved 1048576K
}
Event: 82.301 GC heap after
{Heap after GC invocations=42 (full 0):
 garbage-first heap   total 239616K, used 150807K [0x0000000080000000, 0x0000000100000000)
  region size 1024K, 7 young (7168K), 7 survivors (7168K)
 Metaspace       used 116026K, committed 116864K, reserved 1155072K
  class space    used 15371K, committed 15808K, reserved 1048576K
}
Event: 83.332 GC heap before
{Heap before GC invocations=42 (full 0):
 garbage-first heap   total 239616K, used 197911K [0x0000000080000000, 0x0000000100000000)
  region size 1024K, 54 young (55296K), 7 survivors (7168K)
 Metaspace       used 119210K, committed 120064K, reserved 1155072K
  class space    used 15805K, committed 16256K, reserved 1048576K
}
Event: 83.345 GC heap after
{Heap after GC invocations=43 (full 0):
 garbage-first heap   total 239616K, used 156748K [0x0000000080000000, 0x0000000100000000)
  region size 1024K, 7 young (7168K), 7 survivors (7168K)
 Metaspace       used 119210K, committed 120064K, reserved 1155072K
  class space    used 15805K, committed 16256K, reserved 1048576K
}
Event: 83.775 GC heap before
{Heap before GC invocations=43 (full 0):
 garbage-first heap   total 239616K, used 199756K [0x0000000080000000, 0x0000000100000000)
  region size 1024K, 48 young (49152K), 7 survivors (7168K)
 Metaspace       used 123243K, committed 124160K, reserved 1163264K
  class space    used 16256K, committed 16704K, reserved 1048576K
}
Event: 83.782 GC heap after
{Heap after GC invocations=44 (full 0):
 garbage-first heap   total 239616K, used 169404K [0x0000000080000000, 0x0000000100000000)
  region size 1024K, 6 young (6144K), 6 survivors (6144K)
 Metaspace       used 123243K, committed 124160K, reserved 1163264K
  class space    used 16256K, committed 16704K, reserved 1048576K
}
Event: 84.136 GC heap before
{Heap before GC invocations=44 (full 0):
 garbage-first heap   total 239616K, used 197052K [0x0000000080000000, 0x0000000100000000)
  region size 1024K, 33 young (33792K), 6 survivors (6144K)
 Metaspace       used 125156K, committed 126016K, reserved 1163264K
  class space    used 16488K, committed 16896K, reserved 1048576K
}
Event: 84.143 GC heap after
{Heap after GC invocations=45 (full 0):
 garbage-first heap   total 239616K, used 175778K [0x0000000080000000, 0x0000000100000000)
  region size 1024K, 5 young (5120K), 5 survivors (5120K)
 Metaspace       used 125156K, committed 126016K, reserved 1163264K
  class space    used 16488K, committed 16896K, reserved 1048576K
}
Event: 84.622 GC heap before
{Heap before GC invocations=45 (full 0):
 garbage-first heap   total 239616K, used 198306K [0x0000000080000000, 0x0000000100000000)
  region size 1024K, 28 young (28672K), 5 survivors (5120K)
 Metaspace       used 125411K, committed 126336K, reserved 1163264K
  class space    used 16508K, committed 16960K, reserved 1048576K
}
Event: 84.627 GC heap after
{Heap after GC invocations=46 (full 0):
 garbage-first heap   total 239616K, used 176880K [0x0000000080000000, 0x0000000100000000)
  region size 1024K, 2 young (2048K), 2 survivors (2048K)
 Metaspace       used 125411K, committed 126336K, reserved 1163264K
  class space    used 16508K, committed 16960K, reserved 1048576K
}
Event: 85.773 GC heap before
{Heap before GC invocations=46 (full 0):
 garbage-first heap   total 239616K, used 204528K [0x0000000080000000, 0x0000000100000000)
  region size 1024K, 26 young (26624K), 2 survivors (2048K)
 Metaspace       used 126510K, committed 127360K, reserved 1163264K
  class space    used 16669K, committed 17088K, reserved 1048576K
}
Event: 85.781 GC heap after
{Heap after GC invocations=47 (full 0):
 garbage-first heap   total 239616K, used 178510K [0x0000000080000000, 0x0000000100000000)
  region size 1024K, 4 young (4096K), 4 survivors (4096K)
 Metaspace       used 126510K, committed 127360K, reserved 1163264K
  class space    used 16669K, committed 17088K, reserved 1048576K
}
Event: 86.135 GC heap before
{Heap before GC invocations=47 (full 0):
 garbage-first heap   total 239616K, used 188750K [0x0000000080000000, 0x0000000100000000)
  region size 1024K, 16 young (16384K), 4 survivors (4096K)
 Metaspace       used 127756K, committed 128576K, reserved 1163264K
  class space    used 16850K, committed 17280K, reserved 1048576K
}
Event: 86.140 GC heap after
{Heap after GC invocations=48 (full 0):
 garbage-first heap   total 239616K, used 180728K [0x0000000080000000, 0x0000000100000000)
  region size 1024K, 4 young (4096K), 4 survivors (4096K)
 Metaspace       used 127756K, committed 128576K, reserved 1163264K
  class space    used 16850K, committed 17280K, reserved 1048576K
}

