# JRE version: OpenJDK Runtime Environment (17.0.6) (build 17.0.6+0-b2043.56-10027231)
# Java VM: OpenJDK 64-Bit Server VM (17.0.6+0-b2043.56-10027231, mixed mode, tiered, compressed oops, compressed class ptrs, g1 gc, windows-amd64)
GC Precious Log:
 CPUs: 8 total, 8 available
 Memory: 7991M
 Large Page Support: Disabled
 NUMA Support: Disabled
 Compressed Oops: Enabled (32-bit)
 Heap Region Size: 1M
 Heap Min Capacity: 8M
 Heap Initial Capacity: 126M
 Heap Max Capacity: 2G
 Pre-touch: Disabled
 Parallel Workers: 8
 Concurrent Workers: 2
 Concurrent Refinement Workers: 8
 Periodic GC: Disabled
Heap:
 garbage-first heap   total 418816K, used 284672K [0x0000000080000000, 0x0000000100000000)
  region size 1024K, 8 young (8192K), 7 survivors (7168K)
 Metaspace       used 129590K, committed 130816K, reserved 1163264K
  class space    used 16975K, committed 17600K, reserved 1048576K
GC Heap History (20 events):
Event: 495.905 GC heap before
{Heap before GC invocations=95 (full 0):
 garbage-first heap   total 391168K, used 317230K [0x0000000080000000, 0x0000000100000000)
  region size 1024K, 90 young (92160K), 7 survivors (7168K)
 Metaspace       used 116934K, committed 117888K, reserved 1155072K
  class space    used 15306K, committed 15744K, reserved 1048576K
}
Event: 495.921 GC heap after
{Heap after GC invocations=96 (full 0):
 garbage-first heap   total 391168K, used 228095K [0x0000000080000000, 0x0000000100000000)
  region size 1024K, 12 young (12288K), 12 survivors (12288K)
 Metaspace       used 116934K, committed 117888K, reserved 1155072K
  class space    used 15306K, committed 15744K, reserved 1048576K
}
Event: 496.569 GC heap before
{Heap before GC invocations=96 (full 0):
 garbage-first heap   total 391168K, used 234239K [0x0000000080000000, 0x0000000100000000)
  region size 1024K, 19 young (19456K), 12 survivors (12288K)
 Metaspace       used 116948K, committed 117888K, reserved 1155072K
  class space    used 15308K, committed 15744K, reserved 1048576K
}
Event: 496.589 GC heap after
{Heap after GC invocations=97 (full 0):
 garbage-first heap   total 391168K, used 228606K [0x0000000080000000, 0x0000000100000000)
  region size 1024K, 3 young (3072K), 3 survivors (3072K)
 Metaspace       used 116948K, committed 117888K, reserved 1155072K
  class space    used 15308K, committed 15744K, reserved 1048576K
}
Event: 500.746 GC heap before
{Heap before GC invocations=97 (full 0):
 garbage-first heap   total 391168K, used 319742K [0x0000000080000000, 0x0000000100000000)
  region size 1024K, 93 young (95232K), 3 survivors (3072K)
 Metaspace       used 118392K, committed 119360K, reserved 1155072K
  class space    used 15480K, committed 15936K, reserved 1048576K
}
Event: 500.754 GC heap after
{Heap after GC invocations=98 (full 0):
 garbage-first heap   total 391168K, used 236524K [0x0000000080000000, 0x0000000100000000)
  region size 1024K, 10 young (10240K), 10 survivors (10240K)
 Metaspace       used 118392K, committed 119360K, reserved 1155072K
  class space    used 15480K, committed 15936K, reserved 1048576K
}
Event: 511.845 GC heap before
{Heap before GC invocations=98 (full 0):
 garbage-first heap   total 391168K, used 322540K [0x0000000080000000, 0x0000000100000000)
  region size 1024K, 95 young (97280K), 10 survivors (10240K)
 Metaspace       used 121953K, committed 122944K, reserved 1163264K
  class space    used 15934K, committed 16384K, reserved 1048576K
}
Event: 511.857 GC heap after
{Heap after GC invocations=99 (full 0):
 garbage-first heap   total 391168K, used 244090K [0x0000000080000000, 0x0000000100000000)
  region size 1024K, 8 young (8192K), 8 survivors (8192K)
 Metaspace       used 121953K, committed 122944K, reserved 1163264K
  class space    used 15934K, committed 16384K, reserved 1048576K
}
Event: 776.320 GC heap before
{Heap before GC invocations=99 (full 0):
 garbage-first heap   total 391168K, used 324986K [0x0000000080000000, 0x0000000100000000)
  region size 1024K, 88 young (90112K), 8 survivors (8192K)
 Metaspace       used 127930K, committed 129024K, reserved 1163264K
  class space    used 16778K, committed 17344K, reserved 1048576K
}
Event: 776.328 GC heap after
{Heap after GC invocations=100 (full 0):
 garbage-first heap   total 391168K, used 249587K [0x0000000080000000, 0x0000000100000000)
  region size 1024K, 6 young (6144K), 6 survivors (6144K)
 Metaspace       used 127930K, committed 129024K, reserved 1163264K
  class space    used 16778K, committed 17344K, reserved 1048576K
}
Event: 805.270 GC heap before
{Heap before GC invocations=101 (full 0):
 garbage-first heap   total 418816K, used 328435K [0x0000000080000000, 0x0000000100000000)
  region size 1024K, 84 young (86016K), 6 survivors (6144K)
 Metaspace       used 128249K, committed 129344K, reserved 1163264K
  class space    used 16793K, committed 17344K, reserved 1048576K
}
Event: 805.277 GC heap after
{Heap after GC invocations=102 (full 0):
 garbage-first heap   total 418816K, used 256372K [0x0000000080000000, 0x0000000100000000)
  region size 1024K, 11 young (11264K), 11 survivors (11264K)
 Metaspace       used 128249K, committed 129344K, reserved 1163264K
  class space    used 16793K, committed 17344K, reserved 1048576K
}
Event: 805.401 GC heap before
{Heap before GC invocations=102 (full 0):
 garbage-first heap   total 418816K, used 264564K [0x0000000080000000, 0x0000000100000000)
  region size 1024K, 20 young (20480K), 11 survivors (11264K)
 Metaspace       used 128382K, committed 129536K, reserved 1163264K
  class space    used 16807K, committed 17408K, reserved 1048576K
}
Event: 805.410 GC heap after
{Heap after GC invocations=103 (full 0):
 garbage-first heap   total 418816K, used 256568K [0x0000000080000000, 0x0000000100000000)
  region size 1024K, 3 young (3072K), 3 survivors (3072K)
 Metaspace       used 128382K, committed 129536K, reserved 1163264K
  class space    used 16807K, committed 17408K, reserved 1048576K
}
Event: 812.066 GC heap before
{Heap before GC invocations=103 (full 0):
 garbage-first heap   total 418816K, used 349752K [0x0000000080000000, 0x0000000100000000)
  region size 1024K, 94 young (96256K), 3 survivors (3072K)
 Metaspace       used 128494K, committed 129664K, reserved 1163264K
  class space    used 16808K, committed 17408K, reserved 1048576K
}
Event: 812.075 GC heap after
{Heap after GC invocations=104 (full 0):
 garbage-first heap   total 418816K, used 266042K [0x0000000080000000, 0x0000000100000000)
  region size 1024K, 12 young (12288K), 12 survivors (12288K)
 Metaspace       used 128494K, committed 129664K, reserved 1163264K
  class space    used 16808K, committed 17408K, reserved 1048576K
}
Event: 828.512 GC heap before
{Heap before GC invocations=104 (full 0):
 garbage-first heap   total 418816K, used 351034K [0x0000000080000000, 0x0000000100000000)
  region size 1024K, 95 young (97280K), 12 survivors (12288K)
 Metaspace       used 129178K, committed 130432K, reserved 1163264K
  class space    used 16910K, committed 17536K, reserved 1048576K
}
Event: 828.521 GC heap after
{Heap after GC invocations=105 (full 0):
 garbage-first heap   total 418816K, used 274379K [0x0000000080000000, 0x0000000100000000)
  region size 1024K, 9 young (9216K), 9 survivors (9216K)
 Metaspace       used 129178K, committed 130432K, reserved 1163264K
  class space    used 16910K, committed 17536K, reserved 1048576K
}
Event: 830.630 GC heap before
{Heap before GC invocations=105 (full 0):
 garbage-first heap   total 418816K, used 331723K [0x0000000080000000, 0x0000000100000000)
  region size 1024K, 67 young (68608K), 9 survivors (9216K)
 Metaspace       used 129578K, committed 130816K, reserved 1163264K
  class space    used 16972K, committed 17600K, reserved 1048576K
}
Event: 830.642 GC heap after
{Heap after GC invocations=106 (full 0):
 garbage-first heap   total 418816K, used 281600K [0x0000000080000000, 0x0000000100000000)
  region size 1024K, 7 young (7168K), 7 survivors (7168K)
 Metaspace       used 129578K, committed 130816K, reserved 1163264K
  class space    used 16972K, committed 17600K, reserved 1048576K
}

