# JRE version: OpenJDK Runtime Environment (17.0.6) (build 17.0.6+0-b2043.56-10027231)
# Java VM: OpenJDK 64-Bit Server VM (17.0.6+0-b2043.56-10027231, mixed mode, tiered, compressed oops, compressed class ptrs, g1 gc, windows-amd64)
GC Precious Log:
 CPUs: 8 total, 8 available
 Memory: 7991M
 Large Page Support: Disabled
 NUMA Support: Disabled
 Compressed Oops: Enabled (32-bit)
 Heap Region Size: 1M
 Heap Min Capacity: 8M
 Heap Initial Capacity: 126M
 Heap Max Capacity: 2G
 Pre-touch: Disabled
 Parallel Workers: 8
 Concurrent Workers: 2
 Concurrent Refinement Workers: 8
 Periodic GC: Disabled
Heap:
 garbage-first heap   total 252928K, used 157236K [0x0000000080000000, 0x0000000100000000)
  region size 1024K, 2 young (2048K), 2 survivors (2048K)
 Metaspace       used 105229K, committed 106048K, reserved 1146880K
  class space    used 14520K, committed 14912K, reserved 1048576K
GC Heap History (20 events):
Event: 4.972 GC heap after
{Heap after GC invocations=31 (full 0):
 garbage-first heap   total 232448K, used 93673K [0x0000000080000000, 0x0000000100000000)
  region size 1024K, 1 young (1024K), 1 survivors (1024K)
 Metaspace       used 63098K, committed 63680K, reserved 1105920K
  class space    used 8389K, committed 8640K, reserved 1048576K
}
Event: 5.584 GC heap before
{Heap before GC invocations=32 (full 0):
 garbage-first heap   total 232448K, used 167401K [0x0000000080000000, 0x0000000100000000)
  region size 1024K, 67 young (68608K), 1 survivors (1024K)
 Metaspace       used 70720K, committed 71424K, reserved 1114112K
  class space    used 9398K, committed 9728K, reserved 1048576K
}
Event: 5.588 GC heap after
{Heap after GC invocations=33 (full 0):
 garbage-first heap   total 232448K, used 99494K [0x0000000080000000, 0x0000000100000000)
  region size 1024K, 7 young (7168K), 7 survivors (7168K)
 Metaspace       used 70720K, committed 71424K, reserved 1114112K
  class space    used 9398K, committed 9728K, reserved 1048576K
}
Event: 5.632 GC heap before
{Heap before GC invocations=33 (full 0):
 garbage-first heap   total 232448K, used 103590K [0x0000000080000000, 0x0000000100000000)
  region size 1024K, 11 young (11264K), 7 survivors (7168K)
 Metaspace       used 71182K, committed 71872K, reserved 1114112K
  class space    used 9472K, committed 9792K, reserved 1048576K
}
Event: 5.636 GC heap after
{Heap after GC invocations=34 (full 0):
 garbage-first heap   total 232448K, used 99974K [0x0000000080000000, 0x0000000100000000)
  region size 1024K, 1 young (1024K), 1 survivors (1024K)
 Metaspace       used 71182K, committed 71872K, reserved 1114112K
  class space    used 9472K, committed 9792K, reserved 1048576K
}
Event: 6.214 GC heap before
{Heap before GC invocations=34 (full 0):
 garbage-first heap   total 232448K, used 175750K [0x0000000080000000, 0x0000000100000000)
  region size 1024K, 76 young (77824K), 1 survivors (1024K)
 Metaspace       used 78569K, committed 79232K, reserved 1122304K
  class space    used 10444K, committed 10752K, reserved 1048576K
}
Event: 6.218 GC heap after
{Heap after GC invocations=35 (full 0):
 garbage-first heap   total 232448K, used 106134K [0x0000000080000000, 0x0000000100000000)
  region size 1024K, 7 young (7168K), 7 survivors (7168K)
 Metaspace       used 78569K, committed 79232K, reserved 1122304K
  class space    used 10444K, committed 10752K, reserved 1048576K
}
Event: 6.821 GC heap before
{Heap before GC invocations=35 (full 0):
 garbage-first heap   total 232448K, used 180886K [0x0000000080000000, 0x0000000100000000)
  region size 1024K, 79 young (80896K), 7 survivors (7168K)
 Metaspace       used 85943K, committed 86592K, reserved 1130496K
  class space    used 11657K, committed 11968K, reserved 1048576K
}
Event: 6.827 GC heap after
{Heap after GC invocations=36 (full 0):
 garbage-first heap   total 232448K, used 110191K [0x0000000080000000, 0x0000000100000000)
  region size 1024K, 6 young (6144K), 6 survivors (6144K)
 Metaspace       used 85943K, committed 86592K, reserved 1130496K
  class space    used 11657K, committed 11968K, reserved 1048576K
}
Event: 7.326 GC heap before
{Heap before GC invocations=36 (full 0):
 garbage-first heap   total 232448K, used 177775K [0x0000000080000000, 0x0000000100000000)
  region size 1024K, 73 young (74752K), 6 survivors (6144K)
 Metaspace       used 92225K, committed 92928K, reserved 1130496K
  class space    used 12465K, committed 12800K, reserved 1048576K
}
Event: 7.332 GC heap after
{Heap after GC invocations=37 (full 0):
 garbage-first heap   total 232448K, used 113943K [0x0000000080000000, 0x0000000100000000)
  region size 1024K, 6 young (6144K), 6 survivors (6144K)
 Metaspace       used 92225K, committed 92928K, reserved 1130496K
  class space    used 12465K, committed 12800K, reserved 1048576K
}
Event: 7.799 GC heap before
{Heap before GC invocations=38 (full 0):
 garbage-first heap   total 232448K, used 196887K [0x0000000080000000, 0x0000000100000000)
  region size 1024K, 77 young (78848K), 6 survivors (6144K)
 Metaspace       used 100746K, committed 101568K, reserved 1138688K
  class space    used 14007K, committed 14400K, reserved 1048576K
}
Event: 7.807 GC heap after
{Heap after GC invocations=39 (full 0):
 garbage-first heap   total 232448K, used 133671K [0x0000000080000000, 0x0000000100000000)
  region size 1024K, 10 young (10240K), 10 survivors (10240K)
 Metaspace       used 100746K, committed 101568K, reserved 1138688K
  class space    used 14007K, committed 14400K, reserved 1048576K
}
Event: 7.810 GC heap before
{Heap before GC invocations=39 (full 0):
 garbage-first heap   total 232448K, used 134695K [0x0000000080000000, 0x0000000100000000)
  region size 1024K, 11 young (11264K), 10 survivors (10240K)
 Metaspace       used 100746K, committed 101568K, reserved 1138688K
  class space    used 14007K, committed 14400K, reserved 1048576K
}
Event: 7.815 GC heap after
{Heap after GC invocations=40 (full 0):
 garbage-first heap   total 232448K, used 134070K [0x0000000080000000, 0x0000000100000000)
  region size 1024K, 2 young (2048K), 2 survivors (2048K)
 Metaspace       used 100746K, committed 101568K, reserved 1138688K
  class space    used 14007K, committed 14400K, reserved 1048576K
}
Event: 7.954 GC heap before
{Heap before GC invocations=40 (full 0):
 garbage-first heap   total 232448K, used 187318K [0x0000000080000000, 0x0000000100000000)
  region size 1024K, 54 young (55296K), 2 survivors (2048K)
 Metaspace       used 100814K, committed 101568K, reserved 1138688K
  class space    used 14008K, committed 14400K, reserved 1048576K
}
Event: 7.964 GC heap after
{Heap after GC invocations=41 (full 0):
 garbage-first heap   total 232448K, used 144349K [0x0000000080000000, 0x0000000100000000)
  region size 1024K, 7 young (7168K), 7 survivors (7168K)
 Metaspace       used 100814K, committed 101568K, reserved 1138688K
  class space    used 14008K, committed 14400K, reserved 1048576K
}
Event: 8.279 GC heap before
{Heap before GC invocations=42 (full 0):
 garbage-first heap   total 252928K, used 185309K [0x0000000080000000, 0x0000000100000000)
  region size 1024K, 47 young (48128K), 7 survivors (7168K)
 Metaspace       used 104903K, committed 105664K, reserved 1146880K
  class space    used 14502K, committed 14848K, reserved 1048576K
}
Event: 8.285 GC heap after
{Heap after GC invocations=43 (full 0):
 garbage-first heap   total 252928K, used 149079K [0x0000000080000000, 0x0000000100000000)
  region size 1024K, 4 young (4096K), 4 survivors (4096K)
 Metaspace       used 104903K, committed 105664K, reserved 1146880K
  class space    used 14502K, committed 14848K, reserved 1048576K
}
Event: 8.334 GC heap before
{Heap before GC invocations=43 (full 0):
 garbage-first heap   total 252928K, used 162391K [0x0000000080000000, 0x0000000100000000)
  region size 1024K, 12 young (12288K), 4 survivors (4096K)
 Metaspace       used 105229K, committed 106048K, reserved 1146880K
  class space    used 14520K, committed 14912K, reserved 1048576K
}

