# JRE version: OpenJDK Runtime Environment (17.0.6) (build 17.0.6+0-b2043.56-10027231)
# Java VM: OpenJDK 64-Bit Server VM (17.0.6+0-b2043.56-10027231, mixed mode, tiered, compressed oops, compressed class ptrs, g1 gc, windows-amd64)
GC Precious Log:
 CPUs: 8 total, 8 available
 Memory: 7991M
 Large Page Support: Disabled
 NUMA Support: Disabled
 Compressed Oops: Enabled (32-bit)
 Heap Region Size: 1M
 Heap Min Capacity: 8M
 Heap Initial Capacity: 126M
 Heap Max Capacity: 2G
 Pre-touch: Disabled
 Parallel Workers: 8
 Concurrent Workers: 2
 Concurrent Refinement Workers: 8
 Periodic GC: Disabled
Heap:
 garbage-first heap   total 362496K, used 295701K [0x0000000080000000, 0x0000000100000000)
  region size 1024K, 43 young (44032K), 4 survivors (4096K)
 Metaspace       used 126593K, committed 127808K, reserved 1163264K
  class space    used 16576K, committed 17152K, reserved 1048576K
GC Heap History (20 events):
Event: 65.238 GC heap before
{Heap before GC invocations=51 (full 0):
 garbage-first heap   total 362496K, used 201330K [0x0000000080000000, 0x0000000100000000)
  region size 1024K, 17 young (17408K), 12 survivors (12288K)
 Metaspace       used 105466K, committed 106368K, reserved 1146880K
  class space    used 14138K, committed 14592K, reserved 1048576K
}
Event: 65.245 GC heap after
{Heap after GC invocations=52 (full 0):
 garbage-first heap   total 362496K, used 196887K [0x0000000080000000, 0x0000000100000000)
  region size 1024K, 2 young (2048K), 2 survivors (2048K)
 Metaspace       used 105466K, committed 106368K, reserved 1146880K
  class space    used 14138K, committed 14592K, reserved 1048576K
}
Event: 67.221 GC heap before
{Heap before GC invocations=52 (full 0):
 garbage-first heap   total 362496K, used 293143K [0x0000000080000000, 0x0000000100000000)
  region size 1024K, 96 young (98304K), 2 survivors (2048K)
 Metaspace       used 108534K, committed 109376K, reserved 1146880K
  class space    used 14431K, committed 14848K, reserved 1048576K
}
Event: 67.230 GC heap after
{Heap after GC invocations=53 (full 0):
 garbage-first heap   total 362496K, used 208761K [0x0000000080000000, 0x0000000100000000)
  region size 1024K, 12 young (12288K), 12 survivors (12288K)
 Metaspace       used 108534K, committed 109376K, reserved 1146880K
  class space    used 14431K, committed 14848K, reserved 1048576K
}
Event: 68.636 GC heap before
{Heap before GC invocations=53 (full 0):
 garbage-first heap   total 362496K, used 296825K [0x0000000080000000, 0x0000000100000000)
  region size 1024K, 98 young (100352K), 12 survivors (12288K)
 Metaspace       used 112531K, committed 113472K, reserved 1155072K
  class space    used 14919K, committed 15360K, reserved 1048576K
}
Event: 68.648 GC heap after
{Heap after GC invocations=54 (full 0):
 garbage-first heap   total 362496K, used 218220K [0x0000000080000000, 0x0000000100000000)
  region size 1024K, 12 young (12288K), 12 survivors (12288K)
 Metaspace       used 112531K, committed 113472K, reserved 1155072K
  class space    used 14919K, committed 15360K, reserved 1048576K
}
Event: 70.324 GC heap before
{Heap before GC invocations=54 (full 0):
 garbage-first heap   total 362496K, used 299116K [0x0000000080000000, 0x0000000100000000)
  region size 1024K, 91 young (93184K), 12 survivors (12288K)
 Metaspace       used 112701K, committed 113664K, reserved 1155072K
  class space    used 14924K, committed 15360K, reserved 1048576K
}
Event: 70.332 GC heap after
{Heap after GC invocations=55 (full 0):
 garbage-first heap   total 362496K, used 222696K [0x0000000080000000, 0x0000000100000000)
  region size 1024K, 7 young (7168K), 7 survivors (7168K)
 Metaspace       used 112701K, committed 113664K, reserved 1155072K
  class space    used 14924K, committed 15360K, reserved 1048576K
}
Event: 70.716 GC heap before
{Heap before GC invocations=55 (full 0):
 garbage-first heap   total 362496K, used 300520K [0x0000000080000000, 0x0000000100000000)
  region size 1024K, 84 young (86016K), 7 survivors (7168K)
 Metaspace       used 112907K, committed 113792K, reserved 1155072K
  class space    used 14924K, committed 15360K, reserved 1048576K
}
Event: 70.723 GC heap after
{Heap after GC invocations=56 (full 0):
 garbage-first heap   total 362496K, used 228775K [0x0000000080000000, 0x0000000100000000)
  region size 1024K, 11 young (11264K), 11 survivors (11264K)
 Metaspace       used 112907K, committed 113792K, reserved 1155072K
  class space    used 14924K, committed 15360K, reserved 1048576K
}
Event: 71.223 GC heap before
{Heap before GC invocations=56 (full 0):
 garbage-first heap   total 362496K, used 301479K [0x0000000080000000, 0x0000000100000000)
  region size 1024K, 83 young (84992K), 11 survivors (11264K)
 Metaspace       used 113503K, committed 114560K, reserved 1155072K
  class space    used 15009K, committed 15488K, reserved 1048576K
}
Event: 71.233 GC heap after
{Heap after GC invocations=57 (full 0):
 garbage-first heap   total 362496K, used 238706K [0x0000000080000000, 0x0000000100000000)
  region size 1024K, 11 young (11264K), 11 survivors (11264K)
 Metaspace       used 113503K, committed 114560K, reserved 1155072K
  class space    used 15009K, committed 15488K, reserved 1048576K
}
Event: 75.263 GC heap before
{Heap before GC invocations=57 (full 0):
 garbage-first heap   total 362496K, used 303218K [0x0000000080000000, 0x0000000100000000)
  region size 1024K, 74 young (75776K), 11 survivors (11264K)
 Metaspace       used 113847K, committed 114944K, reserved 1155072K
  class space    used 15051K, committed 15552K, reserved 1048576K
}
Event: 75.270 GC heap after
{Heap after GC invocations=58 (full 0):
 garbage-first heap   total 362496K, used 242230K [0x0000000080000000, 0x0000000100000000)
  region size 1024K, 4 young (4096K), 4 survivors (4096K)
 Metaspace       used 113847K, committed 114944K, reserved 1155072K
  class space    used 15051K, committed 15552K, reserved 1048576K
}
Event: 75.808 GC heap before
{Heap before GC invocations=58 (full 0):
 garbage-first heap   total 362496K, used 306742K [0x0000000080000000, 0x0000000100000000)
  region size 1024K, 67 young (68608K), 4 survivors (4096K)
 Metaspace       used 116788K, committed 117952K, reserved 1155072K
  class space    used 15496K, committed 16064K, reserved 1048576K
}
Event: 75.814 GC heap after
{Heap after GC invocations=59 (full 0):
 garbage-first heap   total 362496K, used 246160K [0x0000000080000000, 0x0000000100000000)
  region size 1024K, 8 young (8192K), 8 survivors (8192K)
 Metaspace       used 116788K, committed 117952K, reserved 1155072K
  class space    used 15496K, committed 16064K, reserved 1048576K
}
Event: 78.369 GC heap before
{Heap before GC invocations=59 (full 0):
 garbage-first heap   total 362496K, used 308624K [0x0000000080000000, 0x0000000100000000)
  region size 1024K, 69 young (70656K), 8 survivors (8192K)
 Metaspace       used 122664K, committed 123776K, reserved 1163264K
  class space    used 16277K, committed 16832K, reserved 1048576K
}
Event: 78.377 GC heap after
{Heap after GC invocations=60 (full 0):
 garbage-first heap   total 362496K, used 253104K [0x0000000080000000, 0x0000000100000000)
  region size 1024K, 9 young (9216K), 9 survivors (9216K)
 Metaspace       used 122664K, committed 123776K, reserved 1163264K
  class space    used 16277K, committed 16832K, reserved 1048576K
}
Event: 307.114 GC heap before
{Heap before GC invocations=60 (full 0):
 garbage-first heap   total 362496K, used 306352K [0x0000000080000000, 0x0000000100000000)
  region size 1024K, 62 young (63488K), 9 survivors (9216K)
 Metaspace       used 126066K, committed 127168K, reserved 1163264K
  class space    used 16529K, committed 17088K, reserved 1048576K
}
Event: 307.122 GC heap after
{Heap after GC invocations=61 (full 0):
 garbage-first heap   total 362496K, used 256789K [0x0000000080000000, 0x0000000100000000)
  region size 1024K, 4 young (4096K), 4 survivors (4096K)
 Metaspace       used 126066K, committed 127168K, reserved 1163264K
  class space    used 16529K, committed 17088K, reserved 1048576K
}

