# JRE version: OpenJDK Runtime Environment (17.0.6) (build 17.0.6+0-b2043.56-10027231)
# Java VM: OpenJDK 64-Bit Server VM (17.0.6+0-b2043.56-10027231, mixed mode, tiered, compressed oops, compressed class ptrs, g1 gc, windows-amd64)
GC Precious Log:
 CPUs: 8 total, 8 available
 Memory: 7991M
 Large Page Support: Disabled
 NUMA Support: Disabled
 Compressed Oops: Enabled (32-bit)
 Heap Region Size: 1M
 Heap Min Capacity: 8M
 Heap Initial Capacity: 126M
 Heap Max Capacity: 2G
 Pre-touch: Disabled
 Parallel Workers: 8
 Concurrent Workers: 2
 Concurrent Refinement Workers: 8
 Periodic GC: Disabled
Heap:
 garbage-first heap   total 288768K, used 170846K [0x0000000080000000, 0x0000000100000000)
  region size 1024K, 2 young (2048K), 2 survivors (2048K)
 Metaspace       used 95845K, committed 96576K, reserved 1138688K
  class space    used 12886K, committed 13248K, reserved 1048576K
GC Heap History (20 events):
Event: 4.774 GC heap after
{Heap after GC invocations=25 (full 0):
 garbage-first heap   total 252928K, used 93395K [0x0000000080000000, 0x0000000100000000)
  region size 1024K, 15 young (15360K), 15 survivors (15360K)
 Metaspace       used 62214K, committed 62784K, reserved 1105920K
  class space    used 8289K, committed 8512K, reserved 1048576K
}
Event: 4.786 GC heap before
{Heap before GC invocations=25 (full 0):
 garbage-first heap   total 252928K, used 94419K [0x0000000080000000, 0x0000000100000000)
  region size 1024K, 16 young (16384K), 15 survivors (15360K)
 Metaspace       used 62294K, committed 62848K, reserved 1105920K
  class space    used 8295K, committed 8512K, reserved 1048576K
}
Event: 4.791 GC heap after
{Heap after GC invocations=26 (full 0):
 garbage-first heap   total 252928K, used 93881K [0x0000000080000000, 0x0000000100000000)
  region size 1024K, 2 young (2048K), 2 survivors (2048K)
 Metaspace       used 62294K, committed 62848K, reserved 1105920K
  class space    used 8295K, committed 8512K, reserved 1048576K
}
Event: 5.607 GC heap before
{Heap before GC invocations=26 (full 0):
 garbage-first heap   total 252928K, used 191161K [0x0000000080000000, 0x0000000100000000)
  region size 1024K, 91 young (93184K), 2 survivors (2048K)
 Metaspace       used 73050K, committed 73664K, reserved 1114112K
  class space    used 9702K, committed 9984K, reserved 1048576K
}
Event: 5.611 GC heap after
{Heap after GC invocations=27 (full 0):
 garbage-first heap   total 252928K, used 100176K [0x0000000080000000, 0x0000000100000000)
  region size 1024K, 8 young (8192K), 8 survivors (8192K)
 Metaspace       used 73050K, committed 73664K, reserved 1114112K
  class space    used 9702K, committed 9984K, reserved 1048576K
}
Event: 6.327 GC heap before
{Heap before GC invocations=27 (full 0):
 garbage-first heap   total 252928K, used 189264K [0x0000000080000000, 0x0000000100000000)
  region size 1024K, 96 young (98304K), 8 survivors (8192K)
 Metaspace       used 80887K, committed 81536K, reserved 1122304K
  class space    used 10737K, committed 11072K, reserved 1048576K
}
Event: 6.333 GC heap after
{Heap after GC invocations=28 (full 0):
 garbage-first heap   total 252928K, used 107836K [0x0000000080000000, 0x0000000100000000)
  region size 1024K, 8 young (8192K), 8 survivors (8192K)
 Metaspace       used 80887K, committed 81536K, reserved 1122304K
  class space    used 10737K, committed 11072K, reserved 1048576K
}
Event: 7.072 GC heap before
{Heap before GC invocations=28 (full 0):
 garbage-first heap   total 252928K, used 195900K [0x0000000080000000, 0x0000000100000000)
  region size 1024K, 94 young (96256K), 8 survivors (8192K)
 Metaspace       used 87785K, committed 88448K, reserved 1130496K
  class space    used 11880K, committed 12160K, reserved 1048576K
}
Event: 7.086 GC heap after
{Heap after GC invocations=29 (full 0):
 garbage-first heap   total 252928K, used 113122K [0x0000000080000000, 0x0000000100000000)
  region size 1024K, 8 young (8192K), 8 survivors (8192K)
 Metaspace       used 87785K, committed 88448K, reserved 1130496K
  class space    used 11880K, committed 12160K, reserved 1048576K
}
Event: 7.417 GC heap before
{Heap before GC invocations=29 (full 0):
 garbage-first heap   total 252928K, used 137698K [0x0000000080000000, 0x0000000100000000)
  region size 1024K, 34 young (34816K), 8 survivors (8192K)
 Metaspace       used 89270K, committed 89920K, reserved 1130496K
  class space    used 12048K, committed 12352K, reserved 1048576K
}
Event: 7.423 GC heap after
{Heap after GC invocations=30 (full 0):
 garbage-first heap   total 252928K, used 117689K [0x0000000080000000, 0x0000000100000000)
  region size 1024K, 5 young (5120K), 5 survivors (5120K)
 Metaspace       used 89270K, committed 89920K, reserved 1130496K
  class space    used 12048K, committed 12352K, reserved 1048576K
}
Event: 8.136 GC heap before
{Heap before GC invocations=31 (full 0):
 garbage-first heap   total 252928K, used 220089K [0x0000000080000000, 0x0000000100000000)
  region size 1024K, 83 young (84992K), 5 survivors (5120K)
 Metaspace       used 95269K, committed 96064K, reserved 1138688K
  class space    used 12804K, committed 13184K, reserved 1048576K
}
Event: 8.144 GC heap after
{Heap after GC invocations=32 (full 0):
 garbage-first heap   total 252928K, used 151318K [0x0000000080000000, 0x0000000100000000)
  region size 1024K, 11 young (11264K), 11 survivors (11264K)
 Metaspace       used 95269K, committed 96064K, reserved 1138688K
  class space    used 12804K, committed 13184K, reserved 1048576K
}
Event: 8.160 GC heap before
{Heap before GC invocations=32 (full 0):
 garbage-first heap   total 252928K, used 152342K [0x0000000080000000, 0x0000000100000000)
  region size 1024K, 12 young (12288K), 11 survivors (11264K)
 Metaspace       used 95427K, committed 96192K, reserved 1138688K
  class space    used 12821K, committed 13184K, reserved 1048576K
}
Event: 8.167 GC heap after
{Heap after GC invocations=33 (full 0):
 garbage-first heap   total 252928K, used 151870K [0x0000000080000000, 0x0000000100000000)
  region size 1024K, 2 young (2048K), 2 survivors (2048K)
 Metaspace       used 95427K, committed 96192K, reserved 1138688K
  class space    used 12821K, committed 13184K, reserved 1048576K
}
Event: 8.215 GC heap before
{Heap before GC invocations=33 (full 0):
 garbage-first heap   total 252928K, used 154942K [0x0000000080000000, 0x0000000100000000)
  region size 1024K, 6 young (6144K), 2 survivors (2048K)
 Metaspace       used 95827K, committed 96576K, reserved 1138688K
  class space    used 12885K, committed 13248K, reserved 1048576K
}
Event: 8.216 GC heap after
{Heap after GC invocations=34 (full 0):
 garbage-first heap   total 252928K, used 150860K [0x0000000080000000, 0x0000000100000000)
  region size 1024K, 1 young (1024K), 1 survivors (1024K)
 Metaspace       used 95827K, committed 96576K, reserved 1138688K
  class space    used 12885K, committed 13248K, reserved 1048576K
}
Event: 8.448 GC heap before
{Heap before GC invocations=35 (full 0):
 garbage-first heap   total 288768K, used 211276K [0x0000000080000000, 0x0000000100000000)
  region size 1024K, 57 young (58368K), 1 survivors (1024K)
 Metaspace       used 95839K, committed 96576K, reserved 1138688K
  class space    used 12886K, committed 13248K, reserved 1048576K
}
Event: 8.456 GC heap after
{Heap after GC invocations=36 (full 0):
 garbage-first heap   total 288768K, used 170125K [0x0000000080000000, 0x0000000100000000)
  region size 1024K, 8 young (8192K), 8 survivors (8192K)
 Metaspace       used 95839K, committed 96576K, reserved 1138688K
  class space    used 12886K, committed 13248K, reserved 1048576K
}
Event: 8.480 GC heap before
{Heap before GC invocations=36 (full 0):
 garbage-first heap   total 288768K, used 176269K [0x0000000080000000, 0x0000000100000000)
  region size 1024K, 14 young (14336K), 8 survivors (8192K)
 Metaspace       used 95845K, committed 96576K, reserved 1138688K
  class space    used 12886K, committed 13248K, reserved 1048576K
}

