# JRE version: OpenJDK Runtime Environment (17.0.6) (build 17.0.6+0-b2043.56-10027231)
# Java VM: OpenJDK 64-Bit Server VM (17.0.6+0-b2043.56-10027231, mixed mode, tiered, compressed oops, compressed class ptrs, g1 gc, windows-amd64)
GC Precious Log:
 CPUs: 8 total, 8 available
 Memory: 7991M
 Large Page Support: Disabled
 NUMA Support: Disabled
 Compressed Oops: Enabled (32-bit)
 Heap Region Size: 1M
 Heap Min Capacity: 8M
 Heap Initial Capacity: 126M
 Heap Max Capacity: 1998M
 Pre-touch: Disabled
 Parallel Workers: 8
 Concurrent Workers: 2
 Concurrent Refinement Workers: 8
 Periodic GC: Disabled
Heap:
 garbage-first heap   total 174080K, used 107130K [0x0000000083200000, 0x0000000100000000)
  region size 1024K, 1 young (1024K), 1 survivors (1024K)
 Metaspace       used 77991K, committed 78272K, reserved 1122304K
  class space    used 8790K, committed 8896K, reserved 1048576K
GC Heap History (20 events):
Event: 3.884 GC heap after
{Heap after GC invocations=15 (full 0):
 garbage-first heap   total 109568K, used 55296K [0x0000000083200000, 0x0000000100000000)
  region size 1024K, 5 young (5120K), 5 survivors (5120K)
 Metaspace       used 58045K, committed 58368K, reserved 1105920K
  class space    used 6754K, committed 6912K, reserved 1048576K
}
Event: 3.922 GC heap before
{Heap before GC invocations=15 (full 0):
 garbage-first heap   total 109568K, used 84992K [0x0000000083200000, 0x0000000100000000)
  region size 1024K, 34 young (34816K), 5 survivors (5120K)
 Metaspace       used 58072K, committed 58368K, reserved 1105920K
  class space    used 6754K, committed 6912K, reserved 1048576K
}
Event: 3.928 GC heap after
{Heap after GC invocations=16 (full 0):
 garbage-first heap   total 155648K, used 56822K [0x0000000083200000, 0x0000000100000000)
  region size 1024K, 1 young (1024K), 1 survivors (1024K)
 Metaspace       used 58072K, committed 58368K, reserved 1105920K
  class space    used 6754K, committed 6912K, reserved 1048576K
}
Event: 4.404 GC heap before
{Heap before GC invocations=17 (full 0):
 garbage-first heap   total 155648K, used 116214K [0x0000000083200000, 0x0000000100000000)
  region size 1024K, 59 young (60416K), 1 survivors (1024K)
 Metaspace       used 60742K, committed 61056K, reserved 1105920K
  class space    used 7093K, committed 7232K, reserved 1048576K
}
Event: 4.409 GC heap after
{Heap after GC invocations=18 (full 0):
 garbage-first heap   total 155648K, used 61098K [0x0000000083200000, 0x0000000100000000)
  region size 1024K, 6 young (6144K), 6 survivors (6144K)
 Metaspace       used 60742K, committed 61056K, reserved 1105920K
  class space    used 7093K, committed 7232K, reserved 1048576K
}
Event: 5.665 GC heap before
{Heap before GC invocations=18 (full 0):
 garbage-first heap   total 155648K, used 122538K [0x0000000083200000, 0x0000000100000000)
  region size 1024K, 66 young (67584K), 6 survivors (6144K)
 Metaspace       used 67271K, committed 67584K, reserved 1114112K
  class space    used 7820K, committed 7936K, reserved 1048576K
}
Event: 5.679 GC heap after
{Heap after GC invocations=19 (full 0):
 garbage-first heap   total 155648K, used 70742K [0x0000000083200000, 0x0000000100000000)
  region size 1024K, 9 young (9216K), 9 survivors (9216K)
 Metaspace       used 67271K, committed 67584K, reserved 1114112K
  class space    used 7820K, committed 7936K, reserved 1048576K
}
Event: 6.880 GC heap before
{Heap before GC invocations=19 (full 0):
 garbage-first heap   total 155648K, used 120918K [0x0000000083200000, 0x0000000100000000)
  region size 1024K, 57 young (58368K), 9 survivors (9216K)
 Metaspace       used 69449K, committed 69760K, reserved 1114112K
  class space    used 7917K, committed 8064K, reserved 1048576K
}
Event: 6.891 GC heap after
{Heap after GC invocations=20 (full 0):
 garbage-first heap   total 155648K, used 77595K [0x0000000083200000, 0x0000000100000000)
  region size 1024K, 7 young (7168K), 7 survivors (7168K)
 Metaspace       used 69449K, committed 69760K, reserved 1114112K
  class space    used 7917K, committed 8064K, reserved 1048576K
}
Event: 7.506 GC heap before
{Heap before GC invocations=20 (full 0):
 garbage-first heap   total 155648K, used 121627K [0x0000000083200000, 0x0000000100000000)
  region size 1024K, 50 young (51200K), 7 survivors (7168K)
 Metaspace       used 75111K, committed 75456K, reserved 1122304K
  class space    used 8488K, committed 8640K, reserved 1048576K
}
Event: 7.517 GC heap after
{Heap after GC invocations=21 (full 0):
 garbage-first heap   total 155648K, used 82419K [0x0000000083200000, 0x0000000100000000)
  region size 1024K, 5 young (5120K), 5 survivors (5120K)
 Metaspace       used 75111K, committed 75456K, reserved 1122304K
  class space    used 8488K, committed 8640K, reserved 1048576K
}
Event: 8.127 GC heap before
{Heap before GC invocations=22 (full 0):
 garbage-first heap   total 155648K, used 123379K [0x0000000083200000, 0x0000000100000000)
  region size 1024K, 45 young (46080K), 5 survivors (5120K)
 Metaspace       used 76578K, committed 76864K, reserved 1122304K
  class space    used 8640K, committed 8768K, reserved 1048576K
}
Event: 8.149 GC heap after
{Heap after GC invocations=23 (full 0):
 garbage-first heap   total 155648K, used 91136K [0x0000000083200000, 0x0000000100000000)
  region size 1024K, 6 young (6144K), 6 survivors (6144K)
 Metaspace       used 76578K, committed 76864K, reserved 1122304K
  class space    used 8640K, committed 8768K, reserved 1048576K
}
Event: 8.157 GC heap before
{Heap before GC invocations=23 (full 0):
 garbage-first heap   total 155648K, used 92160K [0x0000000083200000, 0x0000000100000000)
  region size 1024K, 7 young (7168K), 6 survivors (6144K)
 Metaspace       used 76580K, committed 76864K, reserved 1122304K
  class space    used 8640K, committed 8768K, reserved 1048576K
}
Event: 8.168 GC heap after
{Heap after GC invocations=24 (full 0):
 garbage-first heap   total 155648K, used 91793K [0x0000000083200000, 0x0000000100000000)
  region size 1024K, 1 young (1024K), 1 survivors (1024K)
 Metaspace       used 76580K, committed 76864K, reserved 1122304K
  class space    used 8640K, committed 8768K, reserved 1048576K
}
Event: 8.427 GC heap before
{Heap before GC invocations=24 (full 0):
 garbage-first heap   total 155648K, used 123537K [0x0000000083200000, 0x0000000100000000)
  region size 1024K, 32 young (32768K), 1 survivors (1024K)
 Metaspace       used 77568K, committed 77888K, reserved 1122304K
  class space    used 8770K, committed 8896K, reserved 1048576K
}
Event: 8.441 GC heap after
{Heap after GC invocations=25 (full 0):
 garbage-first heap   total 155648K, used 94191K [0x0000000083200000, 0x0000000100000000)
  region size 1024K, 4 young (4096K), 4 survivors (4096K)
 Metaspace       used 77568K, committed 77888K, reserved 1122304K
  class space    used 8770K, committed 8896K, reserved 1048576K
}
Event: 8.994 GC heap before
{Heap before GC invocations=26 (full 0):
 garbage-first heap   total 174080K, used 124911K [0x0000000083200000, 0x0000000100000000)
  region size 1024K, 34 young (34816K), 4 survivors (4096K)
 Metaspace       used 77962K, committed 78208K, reserved 1122304K
  class space    used 8790K, committed 8896K, reserved 1048576K
}
Event: 9.009 GC heap after
{Heap after GC invocations=27 (full 0):
 garbage-first heap   total 174080K, used 105957K [0x0000000083200000, 0x0000000100000000)
  region size 1024K, 5 young (5120K), 5 survivors (5120K)
 Metaspace       used 77962K, committed 78208K, reserved 1122304K
  class space    used 8790K, committed 8896K, reserved 1048576K
}
Event: 9.052 GC heap before
{Heap before GC invocations=27 (full 0):
 garbage-first heap   total 174080K, used 109029K [0x0000000083200000, 0x0000000100000000)
  region size 1024K, 8 young (8192K), 5 survivors (5120K)
 Metaspace       used 77991K, committed 78272K, reserved 1122304K
  class space    used 8790K, committed 8896K, reserved 1048576K
}

