# JRE version: OpenJDK Runtime Environment (17.0.6) (build 17.0.6+0-b2043.56-10027231)
# Java VM: OpenJDK 64-Bit Server VM (17.0.6+0-b2043.56-10027231, mixed mode, tiered, compressed oops, compressed class ptrs, g1 gc, windows-amd64)
GC Precious Log:
 CPUs: 8 total, 8 available
 Memory: 7991M
 Large Page Support: Disabled
 NUMA Support: Disabled
 Compressed Oops: Enabled (32-bit)
 Heap Region Size: 1M
 Heap Min Capacity: 8M
 Heap Initial Capacity: 126M
 Heap Max Capacity: 2G
 Pre-touch: Disabled
 Parallel Workers: 8
 Concurrent Workers: 2
 Concurrent Refinement Workers: 8
 Periodic GC: Disabled
Heap:
 garbage-first heap   total 86016K, used 45166K [0x0000000080000000, 0x0000000100000000)
  region size 1024K, 16 young (16384K), 3 survivors (3072K)
 Metaspace       used 50230K, committed 50688K, reserved 1097728K
  class space    used 6724K, committed 6912K, reserved 1048576K
GC Heap History (18 events):
Event: 0.496 GC heap before
{Heap before GC invocations=0 (full 0):
 garbage-first heap   total 129024K, used 27648K [0x0000000080000000, 0x0000000100000000)
  region size 1024K, 23 young (23552K), 0 survivors (0K)
 Metaspace       used 10250K, committed 10432K, reserved 1064960K
  class space    used 1058K, committed 1152K, reserved 1048576K
}
Event: 0.501 GC heap after
{Heap after GC invocations=1 (full 0):
 garbage-first heap   total 129024K, used 10218K [0x0000000080000000, 0x0000000100000000)
  region size 1024K, 3 young (3072K), 3 survivors (3072K)
 Metaspace       used 10250K, committed 10432K, reserved 1064960K
  class space    used 1058K, committed 1152K, reserved 1048576K
}
Event: 0.751 GC heap before
{Heap before GC invocations=1 (full 0):
 garbage-first heap   total 129024K, used 39914K [0x0000000080000000, 0x0000000100000000)
  region size 1024K, 31 young (31744K), 3 survivors (3072K)
 Metaspace       used 11191K, committed 11456K, reserved 1064960K
  class space    used 1161K, committed 1280K, reserved 1048576K
}
Event: 0.757 GC heap after
{Heap after GC invocations=2 (full 0):
 garbage-first heap   total 129024K, used 14297K [0x0000000080000000, 0x0000000100000000)
  region size 1024K, 4 young (4096K), 4 survivors (4096K)
 Metaspace       used 11191K, committed 11456K, reserved 1064960K
  class space    used 1161K, committed 1280K, reserved 1048576K
}
Event: 15.870 GC heap before
{Heap before GC invocations=2 (full 0):
 garbage-first heap   total 129024K, used 52185K [0x0000000080000000, 0x0000000100000000)
  region size 1024K, 42 young (43008K), 4 survivors (4096K)
 Metaspace       used 21247K, committed 21504K, reserved 1073152K
  class space    used 2584K, committed 2752K, reserved 1048576K
}
Event: 15.874 GC heap after
{Heap after GC invocations=3 (full 0):
 garbage-first heap   total 129024K, used 18691K [0x0000000080000000, 0x0000000100000000)
  region size 1024K, 9 young (9216K), 9 survivors (9216K)
 Metaspace       used 21247K, committed 21504K, reserved 1073152K
  class space    used 2584K, committed 2752K, reserved 1048576K
}
Event: 16.549 GC heap before
{Heap before GC invocations=4 (full 0):
 garbage-first heap   total 71680K, used 52483K [0x0000000080000000, 0x0000000100000000)
  region size 1024K, 42 young (43008K), 9 survivors (9216K)
 Metaspace       used 26477K, committed 26816K, reserved 1073152K
  class space    used 3494K, committed 3648K, reserved 1048576K
}
Event: 16.554 GC heap after
{Heap after GC invocations=5 (full 0):
 garbage-first heap   total 71680K, used 20650K [0x0000000080000000, 0x0000000100000000)
  region size 1024K, 3 young (3072K), 3 survivors (3072K)
 Metaspace       used 26477K, committed 26816K, reserved 1073152K
  class space    used 3494K, committed 3648K, reserved 1048576K
}
Event: 22.522 GC heap before
{Heap before GC invocations=5 (full 0):
 garbage-first heap   total 71680K, used 48298K [0x0000000080000000, 0x0000000100000000)
  region size 1024K, 31 young (31744K), 3 survivors (3072K)
 Metaspace       used 30864K, committed 31232K, reserved 1081344K
  class space    used 4210K, committed 4352K, reserved 1048576K
}
Event: 22.525 GC heap after
{Heap after GC invocations=6 (full 0):
 garbage-first heap   total 71680K, used 21910K [0x0000000080000000, 0x0000000100000000)
  region size 1024K, 4 young (4096K), 4 survivors (4096K)
 Metaspace       used 30864K, committed 31232K, reserved 1081344K
  class space    used 4210K, committed 4352K, reserved 1048576K
}
Event: 25.541 GC heap before
{Heap before GC invocations=6 (full 0):
 garbage-first heap   total 71680K, used 46486K [0x0000000080000000, 0x0000000100000000)
  region size 1024K, 30 young (30720K), 4 survivors (4096K)
 Metaspace       used 35588K, committed 35968K, reserved 1081344K
  class space    used 4873K, committed 5056K, reserved 1048576K
}
Event: 25.544 GC heap after
{Heap after GC invocations=7 (full 0):
 garbage-first heap   total 71680K, used 24283K [0x0000000080000000, 0x0000000100000000)
  region size 1024K, 4 young (4096K), 4 survivors (4096K)
 Metaspace       used 35588K, committed 35968K, reserved 1081344K
  class space    used 4873K, committed 5056K, reserved 1048576K
}
Event: 26.425 GC heap before
{Heap before GC invocations=8 (full 0):
 garbage-first heap   total 71680K, used 51931K [0x0000000080000000, 0x0000000100000000)
  region size 1024K, 32 young (32768K), 4 survivors (4096K)
 Metaspace       used 40433K, committed 40768K, reserved 1089536K
  class space    used 5364K, committed 5504K, reserved 1048576K
}
Event: 26.430 GC heap after
{Heap after GC invocations=9 (full 0):
 garbage-first heap   total 86016K, used 28497K [0x0000000080000000, 0x0000000100000000)
  region size 1024K, 4 young (4096K), 4 survivors (4096K)
 Metaspace       used 40433K, committed 40768K, reserved 1089536K
  class space    used 5364K, committed 5504K, reserved 1048576K
}
Event: 28.084 GC heap before
{Heap before GC invocations=9 (full 0):
 garbage-first heap   total 86016K, used 65361K [0x0000000080000000, 0x0000000100000000)
  region size 1024K, 38 young (38912K), 4 survivors (4096K)
 Metaspace       used 43583K, committed 43968K, reserved 1089536K
  class space    used 5720K, committed 5888K, reserved 1048576K
}
Event: 28.087 GC heap after
{Heap after GC invocations=10 (full 0):
 garbage-first heap   total 86016K, used 30820K [0x0000000080000000, 0x0000000100000000)
  region size 1024K, 4 young (4096K), 4 survivors (4096K)
 Metaspace       used 43583K, committed 43968K, reserved 1089536K
  class space    used 5720K, committed 5888K, reserved 1048576K
}
Event: 31.067 GC heap before
{Heap before GC invocations=10 (full 0):
 garbage-first heap   total 86016K, used 64612K [0x0000000080000000, 0x0000000100000000)
  region size 1024K, 36 young (36864K), 4 survivors (4096K)
 Metaspace       used 48537K, committed 48960K, reserved 1097728K
  class space    used 6460K, committed 6656K, reserved 1048576K
}
Event: 31.070 GC heap after
{Heap after GC invocations=11 (full 0):
 garbage-first heap   total 86016K, used 32878K [0x0000000080000000, 0x0000000100000000)
  region size 1024K, 3 young (3072K), 3 survivors (3072K)
 Metaspace       used 48537K, committed 48960K, reserved 1097728K
  class space    used 6460K, committed 6656K, reserved 1048576K
}

