# JRE version: OpenJDK Runtime Environment (17.0.6) (build 17.0.6+0-b2043.56-10027231)
# Java VM: OpenJDK 64-Bit Server VM (17.0.6+0-b2043.56-10027231, mixed mode, tiered, compressed oops, compressed class ptrs, g1 gc, windows-amd64)
GC Precious Log:
 CPUs: 8 total, 8 available
 Memory: 7991M
 Large Page Support: Disabled
 NUMA Support: Disabled
 Compressed Oops: Enabled (32-bit)
 Heap Region Size: 1M
 Heap Min Capacity: 8M
 Heap Initial Capacity: 126M
 Heap Max Capacity: 2G
 Pre-touch: Disabled
 Parallel Workers: 8
 Concurrent Workers: 2
 Concurrent Refinement Workers: 8
 Periodic GC: Disabled
Heap:
 garbage-first heap   total 382976K, used 264287K [0x0000000080000000, 0x0000000100000000)
  region size 1024K, 49 young (50176K), 2 survivors (2048K)
 Metaspace       used 160208K, committed 161408K, reserved 1196032K
  class space    used 21422K, committed 22016K, reserved 1048576K
GC Heap History (20 events):
Event: 1651.733 GC heap before
{Heap before GC invocations=67 (full 0):
 garbage-first heap   total 362496K, used 284923K [0x0000000080000000, 0x0000000100000000)
  region size 1024K, 127 young (130048K), 2 survivors (2048K)
 Metaspace       used 146556K, committed 147584K, reserved 1179648K
  class space    used 20002K, committed 20480K, reserved 1048576K
}
Event: 1651.765 GC heap after
{Heap after GC invocations=68 (full 0):
 garbage-first heap   total 362496K, used 172417K [0x0000000080000000, 0x0000000100000000)
  region size 1024K, 16 young (16384K), 16 survivors (16384K)
 Metaspace       used 146556K, committed 147584K, reserved 1179648K
  class space    used 20002K, committed 20480K, reserved 1048576K
}
Event: 1660.422 GC heap before
{Heap before GC invocations=69 (full 0):
 garbage-first heap   total 362496K, used 327041K [0x0000000080000000, 0x0000000100000000)
  region size 1024K, 137 young (140288K), 16 survivors (16384K)
 Metaspace       used 153360K, committed 154304K, reserved 1187840K
  class space    used 20809K, committed 21248K, reserved 1048576K
}
Event: 1660.446 GC heap after
{Heap after GC invocations=70 (full 0):
 garbage-first heap   total 362496K, used 179275K [0x0000000080000000, 0x0000000100000000)
  region size 1024K, 7 young (7168K), 7 survivors (7168K)
 Metaspace       used 153360K, committed 154304K, reserved 1187840K
  class space    used 20809K, committed 21248K, reserved 1048576K
}
Event: 1662.045 GC heap before
{Heap before GC invocations=70 (full 0):
 garbage-first heap   total 362496K, used 189515K [0x0000000080000000, 0x0000000100000000)
  region size 1024K, 17 young (17408K), 7 survivors (7168K)
 Metaspace       used 154347K, committed 155392K, reserved 1187840K
  class space    used 20923K, committed 21440K, reserved 1048576K
}
Event: 1662.052 GC heap after
{Heap after GC invocations=71 (full 0):
 garbage-first heap   total 362496K, used 177554K [0x0000000080000000, 0x0000000100000000)
  region size 1024K, 2 young (2048K), 2 survivors (2048K)
 Metaspace       used 154347K, committed 155392K, reserved 1187840K
  class space    used 20923K, committed 21440K, reserved 1048576K
}
Event: 1828.534 GC heap before
{Heap before GC invocations=71 (full 0):
 garbage-first heap   total 362496K, used 299410K [0x0000000080000000, 0x0000000100000000)
  region size 1024K, 122 young (124928K), 2 survivors (2048K)
 Metaspace       used 155530K, committed 156608K, reserved 1187840K
  class space    used 21054K, committed 21568K, reserved 1048576K
}
Event: 1828.539 GC heap after
{Heap after GC invocations=72 (full 0):
 garbage-first heap   total 362496K, used 178003K [0x0000000080000000, 0x0000000100000000)
  region size 1024K, 2 young (2048K), 2 survivors (2048K)
 Metaspace       used 155530K, committed 156608K, reserved 1187840K
  class space    used 21054K, committed 21568K, reserved 1048576K
}
Event: 1830.076 GC heap before
{Heap before GC invocations=73 (full 0):
 garbage-first heap   total 362496K, used 303955K [0x0000000080000000, 0x0000000100000000)
  region size 1024K, 126 young (129024K), 2 survivors (2048K)
 Metaspace       used 156558K, committed 157760K, reserved 1187840K
  class space    used 21169K, committed 21760K, reserved 1048576K
}
Event: 1830.093 GC heap after
{Heap after GC invocations=74 (full 0):
 garbage-first heap   total 362496K, used 195336K [0x0000000080000000, 0x0000000100000000)
  region size 1024K, 16 young (16384K), 16 survivors (16384K)
 Metaspace       used 156558K, committed 157760K, reserved 1187840K
  class space    used 21169K, committed 21760K, reserved 1048576K
}
Event: 1830.127 GC heap before
{Heap before GC invocations=74 (full 0):
 garbage-first heap   total 362496K, used 196360K [0x0000000080000000, 0x0000000100000000)
  region size 1024K, 17 young (17408K), 16 survivors (16384K)
 Metaspace       used 156576K, committed 157760K, reserved 1187840K
  class space    used 21169K, committed 21760K, reserved 1048576K
}
Event: 1830.157 GC heap after
{Heap after GC invocations=75 (full 0):
 garbage-first heap   total 362496K, used 178416K [0x0000000080000000, 0x0000000100000000)
  region size 1024K, 1 young (1024K), 1 survivors (1024K)
 Metaspace       used 156576K, committed 157760K, reserved 1187840K
  class space    used 21169K, committed 21760K, reserved 1048576K
}
Event: 1837.798 GC heap before
{Heap before GC invocations=75 (full 0):
 garbage-first heap   total 362496K, used 231664K [0x0000000080000000, 0x0000000100000000)
  region size 1024K, 55 young (56320K), 1 survivors (1024K)
 Metaspace       used 156832K, committed 158080K, reserved 1187840K
  class space    used 21169K, committed 21760K, reserved 1048576K
}
Event: 1837.806 GC heap after
{Heap after GC invocations=76 (full 0):
 garbage-first heap   total 362496K, used 191259K [0x0000000080000000, 0x0000000100000000)
  region size 1024K, 14 young (14336K), 14 survivors (14336K)
 Metaspace       used 156832K, committed 158080K, reserved 1187840K
  class space    used 21169K, committed 21760K, reserved 1048576K
}
Event: 1842.030 GC heap before
{Heap before GC invocations=77 (full 0):
 garbage-first heap   total 362496K, used 298779K [0x0000000080000000, 0x0000000100000000)
  region size 1024K, 110 young (112640K), 14 survivors (14336K)
 Metaspace       used 157144K, committed 158336K, reserved 1187840K
  class space    used 21180K, committed 21760K, reserved 1048576K
}
Event: 1842.057 GC heap after
{Heap after GC invocations=78 (full 0):
 garbage-first heap   total 362496K, used 210887K [0x0000000080000000, 0x0000000100000000)
  region size 1024K, 14 young (14336K), 14 survivors (14336K)
 Metaspace       used 157144K, committed 158336K, reserved 1187840K
  class space    used 21180K, committed 21760K, reserved 1048576K
}
Event: 1842.088 GC heap before
{Heap before GC invocations=78 (full 0):
 garbage-first heap   total 362496K, used 220103K [0x0000000080000000, 0x0000000100000000)
  region size 1024K, 17 young (17408K), 14 survivors (14336K)
 Metaspace       used 157144K, committed 158336K, reserved 1187840K
  class space    used 21180K, committed 21760K, reserved 1048576K
}
Event: 1842.102 GC heap after
{Heap after GC invocations=79 (full 0):
 garbage-first heap   total 362496K, used 207461K [0x0000000080000000, 0x0000000100000000)
  region size 1024K, 2 young (2048K), 2 survivors (2048K)
 Metaspace       used 157144K, committed 158336K, reserved 1187840K
  class space    used 21180K, committed 21760K, reserved 1048576K
}
Event: 1842.106 GC heap before
{Heap before GC invocations=79 (full 0):
 garbage-first heap   total 362496K, used 207461K [0x0000000080000000, 0x0000000100000000)
  region size 1024K, 3 young (3072K), 2 survivors (2048K)
 Metaspace       used 157144K, committed 158336K, reserved 1187840K
  class space    used 21180K, committed 21760K, reserved 1048576K
}
Event: 1842.108 GC heap after
{Heap after GC invocations=80 (full 0):
 garbage-first heap   total 362496K, used 206784K [0x0000000080000000, 0x0000000100000000)
  region size 1024K, 1 young (1024K), 1 survivors (1024K)
 Metaspace       used 157144K, committed 158336K, reserved 1187840K
  class space    used 21180K, committed 21760K, reserved 1048576K
}

