# JRE version: OpenJDK Runtime Environment (17.0.6) (build 17.0.6+0-b2043.56-10027231)
# Java VM: OpenJDK 64-Bit Server VM (17.0.6+0-b2043.56-10027231, mixed mode, tiered, compressed oops, compressed class ptrs, g1 gc, windows-amd64)
GC Precious Log:
 CPUs: 8 total, 8 available
 Memory: 7991M
 Large Page Support: Disabled
 NUMA Support: Disabled
 Compressed Oops: Enabled (32-bit)
 Heap Region Size: 1M
 Heap Min Capacity: 8M
 Heap Initial Capacity: 126M
 Heap Max Capacity: 2G
 Pre-touch: Disabled
 Parallel Workers: 8
 Concurrent Workers: 2
 Concurrent Refinement Workers: 8
 Periodic GC: Disabled
Heap:
 garbage-first heap   total 174080K, used 106144K [0x0000000080000000, 0x0000000100000000)
  region size 1024K, 5 young (5120K), 5 survivors (5120K)
 Metaspace       used 78999K, committed 79680K, reserved 1122304K
  class space    used 10509K, committed 10816K, reserved 1048576K
GC Heap History (20 events):
Event: 4.249 GC heap after
{Heap after GC invocations=26 (full 0):
 garbage-first heap   total 123904K, used 75963K [0x0000000080000000, 0x0000000100000000)
  region size 1024K, 4 young (4096K), 4 survivors (4096K)
 Metaspace       used 56157K, committed 56832K, reserved 1105920K
  class space    used 7569K, committed 7872K, reserved 1048576K
}
Event: 4.349 GC heap before
{Heap before GC invocations=27 (full 0):
 garbage-first heap   total 133120K, used 89275K [0x0000000080000000, 0x0000000100000000)
  region size 1024K, 19 young (19456K), 4 survivors (4096K)
 Metaspace       used 56410K, committed 57024K, reserved 1105920K
  class space    used 7593K, committed 7872K, reserved 1048576K
}
Event: 4.352 GC heap after
{Heap after GC invocations=28 (full 0):
 garbage-first heap   total 133120K, used 77672K [0x0000000080000000, 0x0000000100000000)
  region size 1024K, 3 young (3072K), 3 survivors (3072K)
 Metaspace       used 56410K, committed 57024K, reserved 1105920K
  class space    used 7593K, committed 7872K, reserved 1048576K
}
Event: 4.626 GC heap before
{Heap before GC invocations=29 (full 0):
 garbage-first heap   total 137216K, used 115560K [0x0000000080000000, 0x0000000100000000)
  region size 1024K, 31 young (31744K), 3 survivors (3072K)
 Metaspace       used 59118K, committed 59776K, reserved 1105920K
  class space    used 7976K, committed 8256K, reserved 1048576K
}
Event: 4.629 GC heap after
{Heap after GC invocations=30 (full 0):
 garbage-first heap   total 137216K, used 93148K [0x0000000080000000, 0x0000000100000000)
  region size 1024K, 4 young (4096K), 4 survivors (4096K)
 Metaspace       used 59118K, committed 59776K, reserved 1105920K
  class space    used 7976K, committed 8256K, reserved 1048576K
}
Event: 4.644 GC heap before
{Heap before GC invocations=30 (full 0):
 garbage-first heap   total 137216K, used 95196K [0x0000000080000000, 0x0000000100000000)
  region size 1024K, 6 young (6144K), 4 survivors (4096K)
 Metaspace       used 59347K, committed 60032K, reserved 1105920K
  class space    used 8006K, committed 8320K, reserved 1048576K
}
Event: 4.646 GC heap after
{Heap after GC invocations=31 (full 0):
 garbage-first heap   total 164864K, used 92903K [0x0000000080000000, 0x0000000100000000)
  region size 1024K, 1 young (1024K), 1 survivors (1024K)
 Metaspace       used 59347K, committed 60032K, reserved 1105920K
  class space    used 8006K, committed 8320K, reserved 1048576K
}
Event: 4.965 GC heap before
{Heap before GC invocations=31 (full 0):
 garbage-first heap   total 164864K, used 125671K [0x0000000080000000, 0x0000000100000000)
  region size 1024K, 33 young (33792K), 1 survivors (1024K)
 Metaspace       used 64618K, committed 65344K, reserved 1105920K
  class space    used 8628K, committed 8960K, reserved 1048576K
}
Event: 4.967 GC heap after
{Heap after GC invocations=32 (full 0):
 garbage-first heap   total 164864K, used 94072K [0x0000000080000000, 0x0000000100000000)
  region size 1024K, 2 young (2048K), 2 survivors (2048K)
 Metaspace       used 64618K, committed 65344K, reserved 1105920K
  class space    used 8628K, committed 8960K, reserved 1048576K
}
Event: 5.277 GC heap before
{Heap before GC invocations=33 (full 0):
 garbage-first heap   total 164864K, used 134008K [0x0000000080000000, 0x0000000100000000)
  region size 1024K, 35 young (35840K), 2 survivors (2048K)
 Metaspace       used 68852K, committed 69504K, reserved 1114112K
  class space    used 9170K, committed 9472K, reserved 1048576K
}
Event: 5.280 GC heap after
{Heap after GC invocations=34 (full 0):
 garbage-first heap   total 164864K, used 97931K [0x0000000080000000, 0x0000000100000000)
  region size 1024K, 5 young (5120K), 5 survivors (5120K)
 Metaspace       used 68852K, committed 69504K, reserved 1114112K
  class space    used 9170K, committed 9472K, reserved 1048576K
}
Event: 5.307 GC heap before
{Heap before GC invocations=34 (full 0):
 garbage-first heap   total 164864K, used 101003K [0x0000000080000000, 0x0000000100000000)
  region size 1024K, 8 young (8192K), 5 survivors (5120K)
 Metaspace       used 69156K, committed 69824K, reserved 1114112K
  class space    used 9207K, committed 9536K, reserved 1048576K
}
Event: 5.310 GC heap after
{Heap after GC invocations=35 (full 0):
 garbage-first heap   total 164864K, used 98750K [0x0000000080000000, 0x0000000100000000)
  region size 1024K, 1 young (1024K), 1 survivors (1024K)
 Metaspace       used 69156K, committed 69824K, reserved 1114112K
  class space    used 9207K, committed 9536K, reserved 1048576K
}
Event: 5.554 GC heap before
{Heap before GC invocations=35 (full 0):
 garbage-first heap   total 164864K, used 130494K [0x0000000080000000, 0x0000000100000000)
  region size 1024K, 32 young (32768K), 1 survivors (1024K)
 Metaspace       used 72245K, committed 72960K, reserved 1114112K
  class space    used 9608K, committed 9920K, reserved 1048576K
}
Event: 5.556 GC heap after
{Heap after GC invocations=36 (full 0):
 garbage-first heap   total 164864K, used 100171K [0x0000000080000000, 0x0000000100000000)
  region size 1024K, 3 young (3072K), 3 survivors (3072K)
 Metaspace       used 72245K, committed 72960K, reserved 1114112K
  class space    used 9608K, committed 9920K, reserved 1048576K
}
Event: 5.836 GC heap before
{Heap before GC invocations=37 (full 0):
 garbage-first heap   total 174080K, used 132939K [0x0000000080000000, 0x0000000100000000)
  region size 1024K, 35 young (35840K), 3 survivors (3072K)
 Metaspace       used 75744K, committed 76416K, reserved 1122304K
  class space    used 10097K, committed 10432K, reserved 1048576K
}
Event: 5.839 GC heap after
{Heap after GC invocations=38 (full 0):
 garbage-first heap   total 174080K, used 102043K [0x0000000080000000, 0x0000000100000000)
  region size 1024K, 5 young (5120K), 5 survivors (5120K)
 Metaspace       used 75744K, committed 76416K, reserved 1122304K
  class space    used 10097K, committed 10432K, reserved 1048576K
}
Event: 5.860 GC heap before
{Heap before GC invocations=38 (full 0):
 garbage-first heap   total 174080K, used 105115K [0x0000000080000000, 0x0000000100000000)
  region size 1024K, 8 young (8192K), 5 survivors (5120K)
 Metaspace       used 76200K, committed 76864K, reserved 1122304K
  class space    used 10166K, committed 10496K, reserved 1048576K
}
Event: 5.863 GC heap after
{Heap after GC invocations=39 (full 0):
 garbage-first heap   total 174080K, used 102165K [0x0000000080000000, 0x0000000100000000)
  region size 1024K, 1 young (1024K), 1 survivors (1024K)
 Metaspace       used 76200K, committed 76864K, reserved 1122304K
  class space    used 10166K, committed 10496K, reserved 1048576K
}
Event: 6.105 GC heap before
{Heap before GC invocations=39 (full 0):
 garbage-first heap   total 174080K, used 140053K [0x0000000080000000, 0x0000000100000000)
  region size 1024K, 38 young (38912K), 1 survivors (1024K)
 Metaspace       used 78999K, committed 79680K, reserved 1122304K
  class space    used 10509K, committed 10816K, reserved 1048576K
}

