# JRE version: OpenJDK Runtime Environment (17.0.6) (build 17.0.6+0-b2043.56-10027231)
# Java VM: OpenJDK 64-Bit Server VM (17.0.6+0-b2043.56-10027231, mixed mode, tiered, compressed oops, compressed class ptrs, g1 gc, windows-amd64)
GC Precious Log:
 CPUs: 8 total, 8 available
 Memory: 7991M
 Large Page Support: Disabled
 NUMA Support: Disabled
 Compressed Oops: Enabled (32-bit)
 Heap Region Size: 1M
 Heap Min Capacity: 8M
 Heap Initial Capacity: 126M
 Heap Max Capacity: 2G
 Pre-touch: Disabled
 Parallel Workers: 8
 Concurrent Workers: 2
 Concurrent Refinement Workers: 8
 Periodic GC: Disabled
Heap:
 garbage-first heap   total 302080K, used 251209K [0x0000000080000000, 0x0000000100000000)
  region size 1024K, 5 young (5120K), 4 survivors (4096K)
 Metaspace       used 146682K, committed 147648K, reserved 1179648K
  class space    used 19653K, committed 20096K, reserved 1048576K
GC Heap History (20 events):
Event: 41.204 GC heap before
{Heap before GC invocations=56 (full 0):
 garbage-first heap   total 302080K, used 187221K [0x0000000080000000, 0x0000000100000000)
  region size 1024K, 14 young (14336K), 2 survivors (2048K)
 Metaspace       used 117500K, committed 118336K, reserved 1155072K
  class space    used 15643K, committed 16064K, reserved 1048576K
}
Event: 41.209 GC heap after
{Heap after GC invocations=57 (full 0):
 garbage-first heap   total 302080K, used 171801K [0x0000000080000000, 0x0000000100000000)
  region size 1024K, 1 young (1024K), 1 survivors (1024K)
 Metaspace       used 117500K, committed 118336K, reserved 1155072K
  class space    used 15643K, committed 16064K, reserved 1048576K
}
Event: 43.091 GC heap before
{Heap before GC invocations=57 (full 0):
 garbage-first heap   total 302080K, used 246553K [0x0000000080000000, 0x0000000100000000)
  region size 1024K, 71 young (72704K), 1 survivors (1024K)
 Metaspace       used 123085K, committed 123968K, reserved 1163264K
  class space    used 16451K, committed 16896K, reserved 1048576K
}
Event: 43.100 GC heap after
{Heap after GC invocations=58 (full 0):
 garbage-first heap   total 302080K, used 183284K [0x0000000080000000, 0x0000000100000000)
  region size 1024K, 9 young (9216K), 9 survivors (9216K)
 Metaspace       used 123085K, committed 123968K, reserved 1163264K
  class space    used 16451K, committed 16896K, reserved 1048576K
}
Event: 43.549 GC heap before
{Heap before GC invocations=58 (full 0):
 garbage-first heap   total 302080K, used 243700K [0x0000000080000000, 0x0000000100000000)
  region size 1024K, 69 young (70656K), 9 survivors (9216K)
 Metaspace       used 130374K, committed 131200K, reserved 1163264K
  class space    used 17637K, committed 18048K, reserved 1048576K
}
Event: 43.556 GC heap after
{Heap after GC invocations=59 (full 0):
 garbage-first heap   total 302080K, used 188173K [0x0000000080000000, 0x0000000100000000)
  region size 1024K, 5 young (5120K), 5 survivors (5120K)
 Metaspace       used 130374K, committed 131200K, reserved 1163264K
  class space    used 17637K, committed 18048K, reserved 1048576K
}
Event: 43.980 GC heap before
{Heap before GC invocations=59 (full 0):
 garbage-first heap   total 302080K, used 247565K [0x0000000080000000, 0x0000000100000000)
  region size 1024K, 63 young (64512K), 5 survivors (5120K)
 Metaspace       used 133938K, committed 134848K, reserved 1171456K
  class space    used 18219K, committed 18688K, reserved 1048576K
}
Event: 43.985 GC heap after
{Heap after GC invocations=60 (full 0):
 garbage-first heap   total 302080K, used 191990K [0x0000000080000000, 0x0000000100000000)
  region size 1024K, 8 young (8192K), 8 survivors (8192K)
 Metaspace       used 133938K, committed 134848K, reserved 1171456K
  class space    used 18219K, committed 18688K, reserved 1048576K
}
Event: 45.579 GC heap before
{Heap before GC invocations=60 (full 0):
 garbage-first heap   total 302080K, used 250358K [0x0000000080000000, 0x0000000100000000)
  region size 1024K, 46 young (47104K), 8 survivors (8192K)
 Metaspace       used 136565K, committed 137408K, reserved 1171456K
  class space    used 18592K, committed 19008K, reserved 1048576K
}
Event: 45.586 GC heap after
{Heap after GC invocations=61 (full 0):
 garbage-first heap   total 302080K, used 207672K [0x0000000080000000, 0x0000000100000000)
  region size 1024K, 4 young (4096K), 4 survivors (4096K)
 Metaspace       used 136565K, committed 137408K, reserved 1171456K
  class space    used 18592K, committed 19008K, reserved 1048576K
}
Event: 143.296 GC heap before
{Heap before GC invocations=61 (full 0):
 garbage-first heap   total 302080K, used 261944K [0x0000000080000000, 0x0000000100000000)
  region size 1024K, 47 young (48128K), 4 survivors (4096K)
 Metaspace       used 141455K, committed 142464K, reserved 1179648K
  class space    used 19066K, committed 19584K, reserved 1048576K
}
Event: 143.300 GC heap after
{Heap after GC invocations=62 (full 0):
 garbage-first heap   total 302080K, used 192459K [0x0000000080000000, 0x0000000100000000)
  region size 1024K, 5 young (5120K), 5 survivors (5120K)
 Metaspace       used 141455K, committed 142464K, reserved 1179648K
  class space    used 19066K, committed 19584K, reserved 1048576K
}
Event: 144.452 GC heap before
{Heap before GC invocations=62 (full 0):
 garbage-first heap   total 302080K, used 249803K [0x0000000080000000, 0x0000000100000000)
  region size 1024K, 61 young (62464K), 5 survivors (5120K)
 Metaspace       used 141936K, committed 142976K, reserved 1179648K
  class space    used 19084K, committed 19584K, reserved 1048576K
}
Event: 144.459 GC heap after
{Heap after GC invocations=63 (full 0):
 garbage-first heap   total 302080K, used 200671K [0x0000000080000000, 0x0000000100000000)
  region size 1024K, 8 young (8192K), 8 survivors (8192K)
 Metaspace       used 141936K, committed 142976K, reserved 1179648K
  class space    used 19084K, committed 19584K, reserved 1048576K
}
Event: 146.596 GC heap before
{Heap before GC invocations=63 (full 0):
 garbage-first heap   total 302080K, used 252895K [0x0000000080000000, 0x0000000100000000)
  region size 1024K, 57 young (58368K), 8 survivors (8192K)
 Metaspace       used 143520K, committed 144512K, reserved 1179648K
  class space    used 19280K, committed 19776K, reserved 1048576K
}
Event: 146.608 GC heap after
{Heap after GC invocations=64 (full 0):
 garbage-first heap   total 302080K, used 216693K [0x0000000080000000, 0x0000000100000000)
  region size 1024K, 8 young (8192K), 8 survivors (8192K)
 Metaspace       used 143520K, committed 144512K, reserved 1179648K
  class space    used 19280K, committed 19776K, reserved 1048576K
}
Event: 147.325 GC heap before
{Heap before GC invocations=64 (full 0):
 garbage-first heap   total 302080K, used 249461K [0x0000000080000000, 0x0000000100000000)
  region size 1024K, 41 young (41984K), 8 survivors (8192K)
 Metaspace       used 144628K, committed 145664K, reserved 1179648K
  class space    used 19401K, committed 19904K, reserved 1048576K
}
Event: 147.334 GC heap after
{Heap after GC invocations=65 (full 0):
 garbage-first heap   total 302080K, used 230138K [0x0000000080000000, 0x0000000100000000)
  region size 1024K, 6 young (6144K), 6 survivors (6144K)
 Metaspace       used 144628K, committed 145664K, reserved 1179648K
  class space    used 19401K, committed 19904K, reserved 1048576K
}
Event: 147.880 GC heap before
{Heap before GC invocations=65 (full 0):
 garbage-first heap   total 302080K, used 267002K [0x0000000080000000, 0x0000000100000000)
  region size 1024K, 26 young (26624K), 6 survivors (6144K)
 Metaspace       used 146698K, committed 147648K, reserved 1179648K
  class space    used 19663K, committed 20096K, reserved 1048576K
}
Event: 147.889 GC heap after
{Heap after GC invocations=66 (full 0):
 garbage-first heap   total 302080K, used 249161K [0x0000000080000000, 0x0000000100000000)
  region size 1024K, 4 young (4096K), 4 survivors (4096K)
 Metaspace       used 146698K, committed 147648K, reserved 1179648K
  class space    used 19663K, committed 20096K, reserved 1048576K
}

