# JRE version: OpenJDK Runtime Environment (17.0.6) (build 17.0.6+0-b2043.56-10027231)
# Java VM: OpenJDK 64-Bit Server VM (17.0.6+0-b2043.56-10027231, mixed mode, tiered, compressed oops, compressed class ptrs, g1 gc, windows-amd64)
GC Precious Log:
 CPUs: 8 total, 8 available
 Memory: 7991M
 Large Page Support: Disabled
 NUMA Support: Disabled
 Compressed Oops: Enabled (32-bit)
 Heap Region Size: 1M
 Heap Min Capacity: 8M
 Heap Initial Capacity: 126M
 Heap Max Capacity: 2G
 Pre-touch: Disabled
 Parallel Workers: 8
 Concurrent Workers: 2
 Concurrent Refinement Workers: 8
 Periodic GC: Disabled
Heap:
 garbage-first heap   total 373760K, used 242976K [0x0000000080000000, 0x0000000100000000)
  region size 1024K, 85 young (87040K), 10 survivors (10240K)
 Metaspace       used 144357K, committed 145344K, reserved 1179648K
  class space    used 19104K, committed 19584K, reserved 1048576K
GC Heap History (20 events):
Event: 506.001 GC heap before
{Heap before GC invocations=51 (full 0):
 garbage-first heap   total 278528K, used 175566K [0x0000000080000000, 0x0000000100000000)
  region size 1024K, 31 young (31744K), 2 survivors (2048K)
 Metaspace       used 132733K, committed 133632K, reserved 1171456K
  class space    used 17908K, committed 18368K, reserved 1048576K
}
Event: 506.006 GC heap after
{Heap after GC invocations=52 (full 0):
 garbage-first heap   total 278528K, used 156469K [0x0000000080000000, 0x0000000100000000)
  region size 1024K, 10 young (10240K), 10 survivors (10240K)
 Metaspace       used 132733K, committed 133632K, reserved 1171456K
  class space    used 17908K, committed 18368K, reserved 1048576K
}
Event: 508.062 GC heap before
{Heap before GC invocations=53 (full 0):
 garbage-first heap   total 290816K, used 236341K [0x0000000080000000, 0x0000000100000000)
  region size 1024K, 71 young (72704K), 10 survivors (10240K)
 Metaspace       used 133318K, committed 134272K, reserved 1171456K
  class space    used 17960K, committed 18432K, reserved 1048576K
}
Event: 508.075 GC heap after
{Heap after GC invocations=54 (full 0):
 garbage-first heap   total 290816K, used 177647K [0x0000000080000000, 0x0000000100000000)
  region size 1024K, 9 young (9216K), 9 survivors (9216K)
 Metaspace       used 133318K, committed 134272K, reserved 1171456K
  class space    used 17960K, committed 18432K, reserved 1048576K
}
Event: 508.119 GC heap before
{Heap before GC invocations=54 (full 0):
 garbage-first heap   total 290816K, used 181743K [0x0000000080000000, 0x0000000100000000)
  region size 1024K, 14 young (14336K), 9 survivors (9216K)
 Metaspace       used 133324K, committed 134272K, reserved 1171456K
  class space    used 17960K, committed 18432K, reserved 1048576K
}
Event: 508.127 GC heap after
{Heap after GC invocations=55 (full 0):
 garbage-first heap   total 290816K, used 180224K [0x0000000080000000, 0x0000000100000000)
  region size 1024K, 2 young (2048K), 2 survivors (2048K)
 Metaspace       used 133324K, committed 134272K, reserved 1171456K
  class space    used 17960K, committed 18432K, reserved 1048576K
}
Event: 509.566 GC heap before
{Heap before GC invocations=55 (full 0):
 garbage-first heap   total 290816K, used 225280K [0x0000000080000000, 0x0000000100000000)
  region size 1024K, 47 young (48128K), 2 survivors (2048K)
 Metaspace       used 135730K, committed 136640K, reserved 1171456K
  class space    used 18270K, committed 18752K, reserved 1048576K
}
Event: 509.572 GC heap after
{Heap after GC invocations=56 (full 0):
 garbage-first heap   total 290816K, used 188047K [0x0000000080000000, 0x0000000100000000)
  region size 1024K, 7 young (7168K), 7 survivors (7168K)
 Metaspace       used 135730K, committed 136640K, reserved 1171456K
  class space    used 18270K, committed 18752K, reserved 1048576K
}
Event: 509.887 GC heap before
{Heap before GC invocations=57 (full 0):
 garbage-first heap   total 367616K, used 261775K [0x0000000080000000, 0x0000000100000000)
  region size 1024K, 52 young (53248K), 7 survivors (7168K)
 Metaspace       used 136360K, committed 137344K, reserved 1171456K
  class space    used 18322K, committed 18816K, reserved 1048576K
}
Event: 509.894 GC heap after
{Heap after GC invocations=58 (full 0):
 garbage-first heap   total 367616K, used 196128K [0x0000000080000000, 0x0000000100000000)
  region size 1024K, 7 young (7168K), 7 survivors (7168K)
 Metaspace       used 136360K, committed 137344K, reserved 1171456K
  class space    used 18322K, committed 18816K, reserved 1048576K
}
Event: 509.908 GC heap before
{Heap before GC invocations=58 (full 0):
 garbage-first heap   total 367616K, used 205344K [0x0000000080000000, 0x0000000100000000)
  region size 1024K, 17 young (17408K), 7 survivors (7168K)
 Metaspace       used 136424K, committed 137408K, reserved 1171456K
  class space    used 18332K, committed 18816K, reserved 1048576K
}
Event: 509.915 GC heap after
{Heap after GC invocations=59 (full 0):
 garbage-first heap   total 367616K, used 196456K [0x0000000080000000, 0x0000000100000000)
  region size 1024K, 3 young (3072K), 3 survivors (3072K)
 Metaspace       used 136424K, committed 137408K, reserved 1171456K
  class space    used 18332K, committed 18816K, reserved 1048576K
}
Event: 510.284 GC heap before
{Heap before GC invocations=59 (full 0):
 garbage-first heap   total 367616K, used 277352K [0x0000000080000000, 0x0000000100000000)
  region size 1024K, 83 young (84992K), 3 survivors (3072K)
 Metaspace       used 139625K, committed 140608K, reserved 1171456K
  class space    used 18605K, committed 19072K, reserved 1048576K
}
Event: 510.290 GC heap after
{Heap after GC invocations=60 (full 0):
 garbage-first heap   total 367616K, used 206657K [0x0000000080000000, 0x0000000100000000)
  region size 1024K, 11 young (11264K), 11 survivors (11264K)
 Metaspace       used 139625K, committed 140608K, reserved 1171456K
  class space    used 18605K, committed 19072K, reserved 1048576K
}
Event: 511.190 GC heap before
{Heap before GC invocations=61 (full 0):
 garbage-first heap   total 373760K, used 267073K [0x0000000080000000, 0x0000000100000000)
  region size 1024K, 89 young (91136K), 11 survivors (11264K)
 Metaspace       used 140431K, committed 141312K, reserved 1179648K
  class space    used 18658K, committed 19072K, reserved 1048576K
}
Event: 511.194 GC heap after
{Heap after GC invocations=62 (full 0):
 garbage-first heap   total 373760K, used 183676K [0x0000000080000000, 0x0000000100000000)
  region size 1024K, 2 young (2048K), 2 survivors (2048K)
 Metaspace       used 140431K, committed 141312K, reserved 1179648K
  class space    used 18658K, committed 19072K, reserved 1048576K
}
Event: 511.434 GC heap before
{Heap before GC invocations=62 (full 0):
 garbage-first heap   total 373760K, used 201084K [0x0000000080000000, 0x0000000100000000)
  region size 1024K, 18 young (18432K), 2 survivors (2048K)
 Metaspace       used 140480K, committed 141376K, reserved 1179648K
  class space    used 18658K, committed 19072K, reserved 1048576K
}
Event: 511.436 GC heap after
{Heap after GC invocations=63 (full 0):
 garbage-first heap   total 373760K, used 162687K [0x0000000080000000, 0x0000000100000000)
  region size 1024K, 1 young (1024K), 1 survivors (1024K)
 Metaspace       used 140480K, committed 141376K, reserved 1179648K
  class space    used 18658K, committed 19072K, reserved 1048576K
}
Event: 517.110 GC heap before
{Heap before GC invocations=63 (full 0):
 garbage-first heap   total 373760K, used 280447K [0x0000000080000000, 0x0000000100000000)
  region size 1024K, 117 young (119808K), 1 survivors (1024K)
 Metaspace       used 143879K, committed 144832K, reserved 1179648K
  class space    used 19055K, committed 19520K, reserved 1048576K
}
Event: 517.117 GC heap after
{Heap after GC invocations=64 (full 0):
 garbage-first heap   total 373760K, used 171296K [0x0000000080000000, 0x0000000100000000)
  region size 1024K, 10 young (10240K), 10 survivors (10240K)
 Metaspace       used 143879K, committed 144832K, reserved 1179648K
  class space    used 19055K, committed 19520K, reserved 1048576K
}

