# JRE version: OpenJDK Runtime Environment (17.0.6) (build 17.0.6+0-b2043.56-10027231)
# Java VM: OpenJDK 64-Bit Server VM (17.0.6+0-b2043.56-10027231, mixed mode, tiered, compressed oops, compressed class ptrs, g1 gc, windows-amd64)
GC Precious Log:
 CPUs: 8 total, 8 available
 Memory: 7991M
 Large Page Support: Disabled
 NUMA Support: Disabled
 Compressed Oops: Enabled (32-bit)
 Heap Region Size: 1M
 Heap Min Capacity: 8M
 Heap Initial Capacity: 126M
 Heap Max Capacity: 2G
 Pre-touch: Disabled
 Parallel Workers: 8
 Concurrent Workers: 2
 Concurrent Refinement Workers: 8
 Periodic GC: Disabled
Heap:
 garbage-first heap   total 388096K, used 290304K [0x0000000080000000, 0x0000000100000000)
  region size 1024K, 6 young (6144K), 6 survivors (6144K)
 Metaspace       used 107700K, committed 108544K, reserved 1146880K
  class space    used 14694K, committed 15104K, reserved 1048576K
GC Heap History (20 events):
Event: 11.672 GC heap after
{Heap after GC invocations=38 (full 0):
 garbage-first heap   total 242688K, used 106706K [0x0000000080000000, 0x0000000100000000)
  region size 1024K, 13 young (13312K), 13 survivors (13312K)
 Metaspace       used 98910K, committed 99648K, reserved 1138688K
  class space    used 13364K, committed 13696K, reserved 1048576K
}
Event: 11.986 GC heap before
{Heap before GC invocations=38 (full 0):
 garbage-first heap   total 242688K, used 186578K [0x0000000080000000, 0x0000000100000000)
  region size 1024K, 92 young (94208K), 13 survivors (13312K)
 Metaspace       used 99227K, committed 99968K, reserved 1138688K
  class space    used 13375K, committed 13696K, reserved 1048576K
}
Event: 11.995 GC heap after
{Heap after GC invocations=39 (full 0):
 garbage-first heap   total 242688K, used 113906K [0x0000000080000000, 0x0000000100000000)
  region size 1024K, 8 young (8192K), 8 survivors (8192K)
 Metaspace       used 99227K, committed 99968K, reserved 1138688K
  class space    used 13375K, committed 13696K, reserved 1048576K
}
Event: 12.306 GC heap before
{Heap before GC invocations=39 (full 0):
 garbage-first heap   total 242688K, used 190706K [0x0000000080000000, 0x0000000100000000)
  region size 1024K, 84 young (86016K), 8 survivors (8192K)
 Metaspace       used 99817K, committed 100544K, reserved 1138688K
  class space    used 13420K, committed 13760K, reserved 1048576K
}
Event: 12.312 GC heap after
{Heap after GC invocations=40 (full 0):
 garbage-first heap   total 242688K, used 119053K [0x0000000080000000, 0x0000000100000000)
  region size 1024K, 8 young (8192K), 8 survivors (8192K)
 Metaspace       used 99817K, committed 100544K, reserved 1138688K
  class space    used 13420K, committed 13760K, reserved 1048576K
}
Event: 12.575 GC heap before
{Heap before GC invocations=40 (full 0):
 garbage-first heap   total 242688K, used 192781K [0x0000000080000000, 0x0000000100000000)
  region size 1024K, 81 young (82944K), 8 survivors (8192K)
 Metaspace       used 100797K, committed 101504K, reserved 1138688K
  class space    used 13562K, committed 13888K, reserved 1048576K
}
Event: 12.584 GC heap after
{Heap after GC invocations=41 (full 0):
 garbage-first heap   total 242688K, used 124156K [0x0000000080000000, 0x0000000100000000)
  region size 1024K, 8 young (8192K), 8 survivors (8192K)
 Metaspace       used 100797K, committed 101504K, reserved 1138688K
  class space    used 13562K, committed 13888K, reserved 1048576K
}
Event: 12.955 GC heap before
{Heap before GC invocations=42 (full 0):
 garbage-first heap   total 254976K, used 232700K [0x0000000080000000, 0x0000000100000000)
  region size 1024K, 74 young (75776K), 8 survivors (8192K)
 Metaspace       used 104439K, committed 105280K, reserved 1146880K
  class space    used 14077K, committed 14464K, reserved 1048576K
}
Event: 12.961 GC heap after
{Heap after GC invocations=43 (full 0):
 garbage-first heap   total 254976K, used 168065K [0x0000000080000000, 0x0000000100000000)
  region size 1024K, 10 young (10240K), 10 survivors (10240K)
 Metaspace       used 104439K, committed 105280K, reserved 1146880K
  class space    used 14077K, committed 14464K, reserved 1048576K
}
Event: 12.963 GC heap before
{Heap before GC invocations=43 (full 0):
 garbage-first heap   total 254976K, used 173185K [0x0000000080000000, 0x0000000100000000)
  region size 1024K, 12 young (12288K), 10 survivors (10240K)
 Metaspace       used 104439K, committed 105280K, reserved 1146880K
  class space    used 14077K, committed 14464K, reserved 1048576K
}
Event: 12.967 GC heap after
{Heap after GC invocations=44 (full 0):
 garbage-first heap   total 306176K, used 168764K [0x0000000080000000, 0x0000000100000000)
  region size 1024K, 2 young (2048K), 2 survivors (2048K)
 Metaspace       used 104439K, committed 105280K, reserved 1146880K
  class space    used 14077K, committed 14464K, reserved 1048576K
}
Event: 13.257 GC heap before
{Heap before GC invocations=44 (full 0):
 garbage-first heap   total 306176K, used 286524K [0x0000000080000000, 0x0000000100000000)
  region size 1024K, 73 young (74752K), 2 survivors (2048K)
 Metaspace       used 104786K, committed 105600K, reserved 1146880K
  class space    used 14125K, committed 14528K, reserved 1048576K
}
Event: 13.272 GC heap after
{Heap after GC invocations=45 (full 0):
 garbage-first heap   total 318464K, used 214596K [0x0000000080000000, 0x0000000100000000)
  region size 1024K, 10 young (10240K), 10 survivors (10240K)
 Metaspace       used 104786K, committed 105600K, reserved 1146880K
  class space    used 14125K, committed 14528K, reserved 1048576K
}
Event: 13.476 GC heap before
{Heap before GC invocations=46 (full 0):
 garbage-first heap   total 388096K, used 260676K [0x0000000080000000, 0x0000000100000000)
  region size 1024K, 51 young (52224K), 10 survivors (10240K)
 Metaspace       used 104803K, committed 105600K, reserved 1146880K
  class space    used 14126K, committed 14528K, reserved 1048576K
}
Event: 13.493 GC heap after
{Heap after GC invocations=47 (full 0):
 garbage-first heap   total 388096K, used 233950K [0x0000000080000000, 0x0000000100000000)
  region size 1024K, 7 young (7168K), 7 survivors (7168K)
 Metaspace       used 104803K, committed 105600K, reserved 1146880K
  class space    used 14126K, committed 14528K, reserved 1048576K
}
Event: 13.568 GC heap before
{Heap before GC invocations=47 (full 0):
 garbage-first heap   total 388096K, used 244190K [0x0000000080000000, 0x0000000100000000)
  region size 1024K, 18 young (18432K), 7 survivors (7168K)
 Metaspace       used 107136K, committed 107904K, reserved 1146880K
  class space    used 14653K, committed 15040K, reserved 1048576K
}
Event: 13.578 GC heap after
{Heap after GC invocations=48 (full 0):
 garbage-first heap   total 388096K, used 235651K [0x0000000080000000, 0x0000000100000000)
  region size 1024K, 3 young (3072K), 3 survivors (3072K)
 Metaspace       used 107136K, committed 107904K, reserved 1146880K
  class space    used 14653K, committed 15040K, reserved 1048576K
}
Event: 13.753 GC heap before
{Heap before GC invocations=48 (full 0):
 garbage-first heap   total 388096K, used 300163K [0x0000000080000000, 0x0000000100000000)
  region size 1024K, 67 young (68608K), 3 survivors (3072K)
 Metaspace       used 107655K, committed 108480K, reserved 1146880K
  class space    used 14694K, committed 15104K, reserved 1048576K
}
Event: 13.773 GC heap after
{Heap after GC invocations=49 (full 0):
 garbage-first heap   total 388096K, used 268527K [0x0000000080000000, 0x0000000100000000)
  region size 1024K, 9 young (9216K), 9 survivors (9216K)
 Metaspace       used 107655K, committed 108480K, reserved 1146880K
  class space    used 14694K, committed 15104K, reserved 1048576K
}
Event: 13.872 GC heap before
{Heap before GC invocations=49 (full 0):
 garbage-first heap   total 388096K, used 308463K [0x0000000080000000, 0x0000000100000000)
  region size 1024K, 48 young (49152K), 9 survivors (9216K)
 Metaspace       used 107700K, committed 108544K, reserved 1146880K
  class space    used 14694K, committed 15104K, reserved 1048576K
}

