# JRE version: OpenJDK Runtime Environment (17.0.6) (build 17.0.6+0-b2043.56-10027231)
# Java VM: OpenJDK 64-Bit Server VM (17.0.6+0-b2043.56-10027231, mixed mode, tiered, compressed oops, compressed class ptrs, g1 gc, windows-amd64)
GC Precious Log:
 CPUs: 8 total, 8 available
 Memory: 7991M
 Large Page Support: Disabled
 NUMA Support: Disabled
 Compressed Oops: Enabled (32-bit)
 Heap Region Size: 1M
 Heap Min Capacity: 8M
 Heap Initial Capacity: 126M
 Heap Max Capacity: 2G
 Pre-touch: Disabled
 Parallel Workers: 8
 Concurrent Workers: 2
 Concurrent Refinement Workers: 8
 Periodic GC: Disabled
Heap:
 garbage-first heap   total 144384K, used 98182K [0x0000000080000000, 0x0000000100000000)
  region size 1024K, 34 young (34816K), 5 survivors (5120K)
 Metaspace       used 78471K, committed 79040K, reserved 1122304K
  class space    used 10376K, committed 10624K, reserved 1048576K
GC Heap History (20 events):
Event: 4.272 GC heap before
{Heap before GC invocations=14 (full 0):
 garbage-first heap   total 82944K, used 64873K [0x0000000080000000, 0x0000000100000000)
  region size 1024K, 31 young (31744K), 5 survivors (5120K)
 Metaspace       used 53495K, committed 53952K, reserved 1097728K
  class space    used 7141K, committed 7360K, reserved 1048576K
}
Event: 4.277 GC heap after
{Heap after GC invocations=15 (full 0):
 garbage-first heap   total 100352K, used 44197K [0x0000000080000000, 0x0000000100000000)
  region size 1024K, 4 young (4096K), 4 survivors (4096K)
 Metaspace       used 53495K, committed 53952K, reserved 1097728K
  class space    used 7141K, committed 7360K, reserved 1048576K
}
Event: 4.306 GC heap before
{Heap before GC invocations=15 (full 0):
 garbage-first heap   total 100352K, used 52389K [0x0000000080000000, 0x0000000100000000)
  region size 1024K, 9 young (9216K), 4 survivors (4096K)
 Metaspace       used 53505K, committed 54016K, reserved 1097728K
  class space    used 7141K, committed 7360K, reserved 1048576K
}
Event: 4.308 GC heap after
{Heap after GC invocations=16 (full 0):
 garbage-first heap   total 100352K, used 53036K [0x0000000080000000, 0x0000000100000000)
  region size 1024K, 4 young (4096K), 4 survivors (4096K)
 Metaspace       used 53505K, committed 54016K, reserved 1097728K
  class space    used 7141K, committed 7360K, reserved 1048576K
}
Event: 4.507 GC heap before
{Heap before GC invocations=17 (full 0):
 garbage-first heap   total 100352K, used 75564K [0x0000000080000000, 0x0000000100000000)
  region size 1024K, 25 young (25600K), 4 survivors (4096K)
 Metaspace       used 56145K, committed 56704K, reserved 1097728K
  class space    used 7512K, committed 7744K, reserved 1048576K
}
Event: 4.509 GC heap after
{Heap after GC invocations=18 (full 0):
 garbage-first heap   total 100352K, used 54913K [0x0000000080000000, 0x0000000100000000)
  region size 1024K, 3 young (3072K), 3 survivors (3072K)
 Metaspace       used 56145K, committed 56704K, reserved 1097728K
  class space    used 7512K, committed 7744K, reserved 1048576K
}
Event: 4.517 GC heap before
{Heap before GC invocations=18 (full 0):
 garbage-first heap   total 100352K, used 55937K [0x0000000080000000, 0x0000000100000000)
  region size 1024K, 4 young (4096K), 3 survivors (3072K)
 Metaspace       used 56290K, committed 56768K, reserved 1097728K
  class space    used 7532K, committed 7744K, reserved 1048576K
}
Event: 4.519 GC heap after
{Heap after GC invocations=19 (full 0):
 garbage-first heap   total 100352K, used 55018K [0x0000000080000000, 0x0000000100000000)
  region size 1024K, 1 young (1024K), 1 survivors (1024K)
 Metaspace       used 56290K, committed 56768K, reserved 1097728K
  class space    used 7532K, committed 7744K, reserved 1048576K
}
Event: 4.715 GC heap before
{Heap before GC invocations=19 (full 0):
 garbage-first heap   total 100352K, used 75498K [0x0000000080000000, 0x0000000100000000)
  region size 1024K, 21 young (21504K), 1 survivors (1024K)
 Metaspace       used 59858K, committed 60352K, reserved 1105920K
  class space    used 7917K, committed 8128K, reserved 1048576K
}
Event: 4.717 GC heap after
{Heap after GC invocations=20 (full 0):
 garbage-first heap   total 100352K, used 55607K [0x0000000080000000, 0x0000000100000000)
  region size 1024K, 1 young (1024K), 1 survivors (1024K)
 Metaspace       used 59858K, committed 60352K, reserved 1105920K
  class space    used 7917K, committed 8128K, reserved 1048576K
}
Event: 5.015 GC heap before
{Heap before GC invocations=21 (full 0):
 garbage-first heap   total 100352K, used 77111K [0x0000000080000000, 0x0000000100000000)
  region size 1024K, 22 young (22528K), 1 survivors (1024K)
 Metaspace       used 63471K, committed 64000K, reserved 1105920K
  class space    used 8420K, committed 8640K, reserved 1048576K
}
Event: 5.017 GC heap after
{Heap after GC invocations=22 (full 0):
 garbage-first heap   total 144384K, used 56904K [0x0000000080000000, 0x0000000100000000)
  region size 1024K, 3 young (3072K), 3 survivors (3072K)
 Metaspace       used 63471K, committed 64000K, reserved 1105920K
  class space    used 8420K, committed 8640K, reserved 1048576K
}
Event: 5.062 GC heap before
{Heap before GC invocations=22 (full 0):
 garbage-first heap   total 144384K, used 59976K [0x0000000080000000, 0x0000000100000000)
  region size 1024K, 7 young (7168K), 3 survivors (3072K)
 Metaspace       used 64551K, committed 65088K, reserved 1105920K
  class space    used 8545K, committed 8768K, reserved 1048576K
}
Event: 5.065 GC heap after
{Heap after GC invocations=23 (full 0):
 garbage-first heap   total 144384K, used 57427K [0x0000000080000000, 0x0000000100000000)
  region size 1024K, 1 young (1024K), 1 survivors (1024K)
 Metaspace       used 64551K, committed 65088K, reserved 1105920K
  class space    used 8545K, committed 8768K, reserved 1048576K
}
Event: 5.451 GC heap before
{Heap before GC invocations=23 (full 0):
 garbage-first heap   total 144384K, used 108627K [0x0000000080000000, 0x0000000100000000)
  region size 1024K, 45 young (46080K), 1 survivors (1024K)
 Metaspace       used 68098K, committed 68608K, reserved 1114112K
  class space    used 9002K, committed 9216K, reserved 1048576K
}
Event: 5.453 GC heap after
{Heap after GC invocations=24 (full 0):
 garbage-first heap   total 144384K, used 61269K [0x0000000080000000, 0x0000000100000000)
  region size 1024K, 5 young (5120K), 5 survivors (5120K)
 Metaspace       used 68098K, committed 68608K, reserved 1114112K
  class space    used 9002K, committed 9216K, reserved 1048576K
}
Event: 5.887 GC heap before
{Heap before GC invocations=24 (full 0):
 garbage-first heap   total 144384K, used 103253K [0x0000000080000000, 0x0000000100000000)
  region size 1024K, 46 young (47104K), 5 survivors (5120K)
 Metaspace       used 72501K, committed 73088K, reserved 1114112K
  class space    used 9580K, committed 9856K, reserved 1048576K
}
Event: 5.892 GC heap after
{Heap after GC invocations=25 (full 0):
 garbage-first heap   total 144384K, used 64716K [0x0000000080000000, 0x0000000100000000)
  region size 1024K, 4 young (4096K), 4 survivors (4096K)
 Metaspace       used 72501K, committed 73088K, reserved 1114112K
  class space    used 9580K, committed 9856K, reserved 1048576K
}
Event: 6.216 GC heap before
{Heap before GC invocations=25 (full 0):
 garbage-first heap   total 144384K, used 107724K [0x0000000080000000, 0x0000000100000000)
  region size 1024K, 46 young (47104K), 4 survivors (4096K)
 Metaspace       used 76398K, committed 76928K, reserved 1122304K
  class space    used 10090K, committed 10368K, reserved 1048576K
}
Event: 6.221 GC heap after
{Heap after GC invocations=26 (full 0):
 garbage-first heap   total 144384K, used 69510K [0x0000000080000000, 0x0000000100000000)
  region size 1024K, 5 young (5120K), 5 survivors (5120K)
 Metaspace       used 76398K, committed 76928K, reserved 1122304K
  class space    used 10090K, committed 10368K, reserved 1048576K
}

