# JRE version: OpenJDK Runtime Environment (17.0.6) (build 17.0.6+0-b2043.56-10027231)
# Java VM: OpenJDK 64-Bit Server VM (17.0.6+0-b2043.56-10027231, mixed mode, tiered, compressed oops, compressed class ptrs, g1 gc, windows-amd64)
GC Precious Log:
 CPUs: 8 total, 8 available
 Memory: 7991M
 Large Page Support: Disabled
 NUMA Support: Disabled
 Compressed Oops: Enabled (32-bit)
 Heap Region Size: 1M
 Heap Min Capacity: 8M
 Heap Initial Capacity: 126M
 Heap Max Capacity: 2G
 Pre-touch: Disabled
 Parallel Workers: 8
 Concurrent Workers: 2
 Concurrent Refinement Workers: 8
 Periodic GC: Disabled
Heap:
 garbage-first heap   total 208896K, used 162150K [0x0000000080000000, 0x0000000100000000)
  region size 1024K, 3 young (3072K), 3 survivors (3072K)
 Metaspace       used 107857K, committed 108608K, reserved 1146880K
  class space    used 14375K, committed 14784K, reserved 1048576K
GC Heap History (20 events):
Event: 29.455 GC heap after
{Heap after GC invocations=53 (full 0):
 garbage-first heap   total 208896K, used 115735K [0x0000000080000000, 0x0000000100000000)
  region size 1024K, 5 young (5120K), 5 survivors (5120K)
 Metaspace       used 99660K, committed 100416K, reserved 1138688K
  class space    used 13357K, committed 13696K, reserved 1048576K
}
Event: 30.340 GC heap before
{Heap before GC invocations=53 (full 0):
 garbage-first heap   total 208896K, used 167959K [0x0000000080000000, 0x0000000100000000)
  region size 1024K, 54 young (55296K), 5 survivors (5120K)
 Metaspace       used 102403K, committed 103040K, reserved 1138688K
  class space    used 13722K, committed 14016K, reserved 1048576K
}
Event: 30.351 GC heap after
{Heap after GC invocations=54 (full 0):
 garbage-first heap   total 208896K, used 136621K [0x0000000080000000, 0x0000000100000000)
  region size 1024K, 7 young (7168K), 7 survivors (7168K)
 Metaspace       used 102403K, committed 103040K, reserved 1138688K
  class space    used 13722K, committed 14016K, reserved 1048576K
}
Event: 31.497 GC heap before
{Heap before GC invocations=54 (full 0):
 garbage-first heap   total 208896K, used 160173K [0x0000000080000000, 0x0000000100000000)
  region size 1024K, 31 young (31744K), 7 survivors (7168K)
 Metaspace       used 104712K, committed 105408K, reserved 1146880K
  class space    used 14026K, committed 14336K, reserved 1048576K
}
Event: 31.502 GC heap after
{Heap after GC invocations=55 (full 0):
 garbage-first heap   total 208896K, used 139841K [0x0000000080000000, 0x0000000100000000)
  region size 1024K, 2 young (2048K), 2 survivors (2048K)
 Metaspace       used 104712K, committed 105408K, reserved 1146880K
  class space    used 14026K, committed 14336K, reserved 1048576K
}
Event: 31.676 GC heap before
{Heap before GC invocations=55 (full 0):
 garbage-first heap   total 208896K, used 176705K [0x0000000080000000, 0x0000000100000000)
  region size 1024K, 17 young (17408K), 2 survivors (2048K)
 Metaspace       used 105068K, committed 105792K, reserved 1146880K
  class space    used 14057K, committed 14400K, reserved 1048576K
}
Event: 31.682 GC heap after
{Heap after GC invocations=56 (full 0):
 garbage-first heap   total 208896K, used 154023K [0x0000000080000000, 0x0000000100000000)
  region size 1024K, 4 young (4096K), 4 survivors (4096K)
 Metaspace       used 105068K, committed 105792K, reserved 1146880K
  class space    used 14057K, committed 14400K, reserved 1048576K
}
Event: 32.252 GC heap before
{Heap before GC invocations=56 (full 0):
 garbage-first heap   total 208896K, used 172455K [0x0000000080000000, 0x0000000100000000)
  region size 1024K, 18 young (18432K), 4 survivors (4096K)
 Metaspace       used 106897K, committed 107712K, reserved 1146880K
  class space    used 14267K, committed 14656K, reserved 1048576K
}
Event: 32.261 GC heap after
{Heap after GC invocations=57 (full 0):
 garbage-first heap   total 208896K, used 150182K [0x0000000080000000, 0x0000000100000000)
  region size 1024K, 1 young (1024K), 1 survivors (1024K)
 Metaspace       used 106897K, committed 107712K, reserved 1146880K
  class space    used 14267K, committed 14656K, reserved 1048576K
}
Event: 32.569 GC heap before
{Heap before GC invocations=57 (full 0):
 garbage-first heap   total 208896K, used 168614K [0x0000000080000000, 0x0000000100000000)
  region size 1024K, 20 young (20480K), 1 survivors (1024K)
 Metaspace       used 107373K, committed 108160K, reserved 1146880K
  class space    used 14316K, committed 14720K, reserved 1048576K
}
Event: 32.572 GC heap after
{Heap after GC invocations=58 (full 0):
 garbage-first heap   total 208896K, used 152811K [0x0000000080000000, 0x0000000100000000)
  region size 1024K, 3 young (3072K), 3 survivors (3072K)
 Metaspace       used 107373K, committed 108160K, reserved 1146880K
  class space    used 14316K, committed 14720K, reserved 1048576K
}
Event: 33.049 GC heap before
{Heap before GC invocations=58 (full 0):
 garbage-first heap   total 208896K, used 171243K [0x0000000080000000, 0x0000000100000000)
  region size 1024K, 22 young (22528K), 3 survivors (3072K)
 Metaspace       used 107609K, committed 108352K, reserved 1146880K
  class space    used 14344K, committed 14720K, reserved 1048576K
}
Event: 33.055 GC heap after
{Heap after GC invocations=59 (full 0):
 garbage-first heap   total 208896K, used 154802K [0x0000000080000000, 0x0000000100000000)
  region size 1024K, 3 young (3072K), 3 survivors (3072K)
 Metaspace       used 107609K, committed 108352K, reserved 1146880K
  class space    used 14344K, committed 14720K, reserved 1048576K
}
Event: 33.333 GC heap before
{Heap before GC invocations=59 (full 0):
 garbage-first heap   total 208896K, used 173234K [0x0000000080000000, 0x0000000100000000)
  region size 1024K, 22 young (22528K), 3 survivors (3072K)
 Metaspace       used 107681K, committed 108416K, reserved 1146880K
  class space    used 14346K, committed 14720K, reserved 1048576K
}
Event: 33.339 GC heap after
{Heap after GC invocations=60 (full 0):
 garbage-first heap   total 208896K, used 156461K [0x0000000080000000, 0x0000000100000000)
  region size 1024K, 3 young (3072K), 3 survivors (3072K)
 Metaspace       used 107681K, committed 108416K, reserved 1146880K
  class space    used 14346K, committed 14720K, reserved 1048576K
}
Event: 33.443 GC heap before
{Heap before GC invocations=60 (full 0):
 garbage-first heap   total 208896K, used 173869K [0x0000000080000000, 0x0000000100000000)
  region size 1024K, 21 young (21504K), 3 survivors (3072K)
 Metaspace       used 107696K, committed 108416K, reserved 1146880K
  class space    used 14347K, committed 14720K, reserved 1048576K
}
Event: 33.446 GC heap after
{Heap after GC invocations=61 (full 0):
 garbage-first heap   total 208896K, used 158161K [0x0000000080000000, 0x0000000100000000)
  region size 1024K, 3 young (3072K), 3 survivors (3072K)
 Metaspace       used 107696K, committed 108416K, reserved 1146880K
  class space    used 14347K, committed 14720K, reserved 1048576K
}
Event: 33.476 GC heap before
{Heap before GC invocations=61 (full 0):
 garbage-first heap   total 208896K, used 175569K [0x0000000080000000, 0x0000000100000000)
  region size 1024K, 21 young (21504K), 3 survivors (3072K)
 Metaspace       used 107696K, committed 108416K, reserved 1146880K
  class space    used 14347K, committed 14720K, reserved 1048576K
}
Event: 33.478 GC heap after
{Heap after GC invocations=62 (full 0):
 garbage-first heap   total 208896K, used 159532K [0x0000000080000000, 0x0000000100000000)
  region size 1024K, 3 young (3072K), 3 survivors (3072K)
 Metaspace       used 107696K, committed 108416K, reserved 1146880K
  class space    used 14347K, committed 14720K, reserved 1048576K
}
Event: 33.598 GC heap before
{Heap before GC invocations=62 (full 0):
 garbage-first heap   total 208896K, used 175916K [0x0000000080000000, 0x0000000100000000)
  region size 1024K, 20 young (20480K), 3 survivors (3072K)
 Metaspace       used 107857K, committed 108608K, reserved 1146880K
  class space    used 14375K, committed 14784K, reserved 1048576K
}

