# JRE version: OpenJDK Runtime Environment (17.0.6) (build 17.0.6+0-b2043.56-10027231)
# Java VM: OpenJDK 64-Bit Server VM (17.0.6+0-b2043.56-10027231, mixed mode, tiered, compressed oops, compressed class ptrs, g1 gc, windows-amd64)
GC Precious Log:
 CPUs: 8 total, 8 available
 Memory: 7991M
 Large Page Support: Disabled
 NUMA Support: Disabled
 Compressed Oops: Enabled (32-bit)
 Heap Region Size: 1M
 Heap Min Capacity: 8M
 Heap Initial Capacity: 126M
 Heap Max Capacity: 2G
 Pre-touch: Disabled
 Parallel Workers: 8
 Concurrent Workers: 2
 Concurrent Refinement Workers: 8
 Periodic GC: Disabled
Heap:
 garbage-first heap   total 414720K, used 321024K [0x0000000080000000, 0x0000000100000000)
  region size 1024K, 5 young (5120K), 5 survivors (5120K)
 Metaspace       used 108186K, committed 108928K, reserved 1146880K
  class space    used 14785K, committed 15168K, reserved 1048576K
GC Heap History (20 events):
Event: 9.806 GC heap after
{Heap after GC invocations=41 (full 0):
 garbage-first heap   total 156672K, used 82854K [0x0000000080000000, 0x0000000100000000)
  region size 1024K, 5 young (5120K), 5 survivors (5120K)
 Metaspace       used 94235K, committed 94912K, reserved 1130496K
  class space    used 12803K, committed 13120K, reserved 1048576K
}
Event: 10.059 GC heap before
{Heap before GC invocations=42 (full 0):
 garbage-first heap   total 156672K, used 124838K [0x0000000080000000, 0x0000000100000000)
  region size 1024K, 47 young (48128K), 5 survivors (5120K)
 Metaspace       used 94794K, committed 95424K, reserved 1138688K
  class space    used 12843K, committed 13184K, reserved 1048576K
}
Event: 10.065 GC heap after
{Heap after GC invocations=43 (full 0):
 garbage-first heap   total 156672K, used 90815K [0x0000000080000000, 0x0000000100000000)
  region size 1024K, 6 young (6144K), 6 survivors (6144K)
 Metaspace       used 94794K, committed 95424K, reserved 1138688K
  class space    used 12843K, committed 13184K, reserved 1048576K
}
Event: 10.068 GC heap before
{Heap before GC invocations=43 (full 0):
 garbage-first heap   total 156672K, used 91839K [0x0000000080000000, 0x0000000100000000)
  region size 1024K, 7 young (7168K), 6 survivors (6144K)
 Metaspace       used 94807K, committed 95424K, reserved 1138688K
  class space    used 12843K, committed 13184K, reserved 1048576K
}
Event: 10.072 GC heap after
{Heap after GC invocations=44 (full 0):
 garbage-first heap   total 156672K, used 91807K [0x0000000080000000, 0x0000000100000000)
  region size 1024K, 1 young (1024K), 1 survivors (1024K)
 Metaspace       used 94807K, committed 95424K, reserved 1138688K
  class space    used 12843K, committed 13184K, reserved 1048576K
}
Event: 10.640 GC heap before
{Heap before GC invocations=44 (full 0):
 garbage-first heap   total 156672K, used 126623K [0x0000000080000000, 0x0000000100000000)
  region size 1024K, 34 young (34816K), 1 survivors (1024K)
 Metaspace       used 97744K, committed 98432K, reserved 1138688K
  class space    used 13180K, committed 13504K, reserved 1048576K
}
Event: 10.647 GC heap after
{Heap after GC invocations=45 (full 0):
 garbage-first heap   total 156672K, used 95425K [0x0000000080000000, 0x0000000100000000)
  region size 1024K, 5 young (5120K), 5 survivors (5120K)
 Metaspace       used 97744K, committed 98432K, reserved 1138688K
  class space    used 13180K, committed 13504K, reserved 1048576K
}
Event: 10.843 GC heap before
{Heap before GC invocations=45 (full 0):
 garbage-first heap   total 156672K, used 126145K [0x0000000080000000, 0x0000000100000000)
  region size 1024K, 36 young (36864K), 5 survivors (5120K)
 Metaspace       used 98275K, committed 99008K, reserved 1138688K
  class space    used 13300K, committed 13632K, reserved 1048576K
}
Event: 10.850 GC heap after
{Heap after GC invocations=46 (full 0):
 garbage-first heap   total 388096K, used 99924K [0x0000000080000000, 0x0000000100000000)
  region size 1024K, 5 young (5120K), 5 survivors (5120K)
 Metaspace       used 98275K, committed 99008K, reserved 1138688K
  class space    used 13300K, committed 13632K, reserved 1048576K
}
Event: 11.827 GC heap before
{Heap before GC invocations=46 (full 0):
 garbage-first heap   total 388096K, used 250452K [0x0000000080000000, 0x0000000100000000)
  region size 1024K, 153 young (156672K), 5 survivors (5120K)
 Metaspace       used 101070K, committed 101760K, reserved 1138688K
  class space    used 13597K, committed 13952K, reserved 1048576K
}
Event: 11.837 GC heap after
{Heap after GC invocations=47 (full 0):
 garbage-first heap   total 388096K, used 108544K [0x0000000080000000, 0x0000000100000000)
  region size 1024K, 13 young (13312K), 13 survivors (13312K)
 Metaspace       used 101070K, committed 101760K, reserved 1138688K
  class space    used 13597K, committed 13952K, reserved 1048576K
}
Event: 12.392 GC heap before
{Heap before GC invocations=47 (full 0):
 garbage-first heap   total 388096K, used 291840K [0x0000000080000000, 0x0000000100000000)
  region size 1024K, 137 young (140288K), 13 survivors (13312K)
 Metaspace       used 105007K, committed 105728K, reserved 1146880K
  class space    used 14179K, committed 14528K, reserved 1048576K
}
Event: 12.402 GC heap after
{Heap after GC invocations=48 (full 0):
 garbage-first heap   total 388096K, used 162202K [0x0000000080000000, 0x0000000100000000)
  region size 1024K, 25 young (25600K), 25 survivors (25600K)
 Metaspace       used 105007K, committed 105728K, reserved 1146880K
  class space    used 14179K, committed 14528K, reserved 1048576K
}
Event: 13.224 GC heap before
{Heap before GC invocations=48 (full 0):
 garbage-first heap   total 388096K, used 338330K [0x0000000080000000, 0x0000000100000000)
  region size 1024K, 159 young (162816K), 25 survivors (25600K)
 Metaspace       used 108054K, committed 108800K, reserved 1146880K
  class space    used 14785K, committed 15168K, reserved 1048576K
}
Event: 13.274 GC heap after
{Heap after GC invocations=49 (full 0):
 garbage-first heap   total 414720K, used 229601K [0x0000000080000000, 0x0000000100000000)
  region size 1024K, 20 young (20480K), 20 survivors (20480K)
 Metaspace       used 108054K, committed 108800K, reserved 1146880K
  class space    used 14785K, committed 15168K, reserved 1048576K
}
Event: 13.446 GC heap before
{Heap before GC invocations=49 (full 0):
 garbage-first heap   total 414720K, used 315617K [0x0000000080000000, 0x0000000100000000)
  region size 1024K, 105 young (107520K), 20 survivors (20480K)
 Metaspace       used 108182K, committed 108928K, reserved 1146880K
  class space    used 14785K, committed 15168K, reserved 1048576K
}
Event: 13.489 GC heap after
{Heap after GC invocations=50 (full 0):
 garbage-first heap   total 414720K, used 274944K [0x0000000080000000, 0x0000000100000000)
  region size 1024K, 14 young (14336K), 14 survivors (14336K)
 Metaspace       used 108182K, committed 108928K, reserved 1146880K
  class space    used 14785K, committed 15168K, reserved 1048576K
}
Event: 13.581 GC heap before
{Heap before GC invocations=50 (full 0):
 garbage-first heap   total 414720K, used 324096K [0x0000000080000000, 0x0000000100000000)
  region size 1024K, 63 young (64512K), 14 survivors (14336K)
 Metaspace       used 108186K, committed 108928K, reserved 1146880K
  class space    used 14785K, committed 15168K, reserved 1048576K
}
Event: 13.607 GC heap after
{Heap after GC invocations=51 (full 0):
 garbage-first heap   total 414720K, used 302592K [0x0000000080000000, 0x0000000100000000)
  region size 1024K, 8 young (8192K), 8 survivors (8192K)
 Metaspace       used 108186K, committed 108928K, reserved 1146880K
  class space    used 14785K, committed 15168K, reserved 1048576K
}
Event: 13.668 GC heap before
{Heap before GC invocations=51 (full 0):
 garbage-first heap   total 414720K, used 334336K [0x0000000080000000, 0x0000000100000000)
  region size 1024K, 40 young (40960K), 8 survivors (8192K)
 Metaspace       used 108186K, committed 108928K, reserved 1146880K
  class space    used 14785K, committed 15168K, reserved 1048576K
}

