# JRE version: OpenJDK Runtime Environment (17.0.6) (build 17.0.6+0-b2043.56-10027231)
# Java VM: OpenJDK 64-Bit Server VM (17.0.6+0-b2043.56-10027231, mixed mode, tiered, compressed oops, compressed class ptrs, g1 gc, windows-amd64)
GC Precious Log:
 CPUs: 8 total, 8 available
 Memory: 7991M
 Large Page Support: Disabled
 NUMA Support: Disabled
 Compressed Oops: Enabled (32-bit)
 Heap Region Size: 1M
 Heap Min Capacity: 8M
 Heap Initial Capacity: 126M
 Heap Max Capacity: 2G
 Pre-touch: Disabled
 Parallel Workers: 8
 Concurrent Workers: 2
 Concurrent Refinement Workers: 8
 Periodic GC: Disabled
Heap:
 garbage-first heap   total 314368K, used 173880K [0x0000000080000000, 0x0000000100000000)
  region size 1024K, 8 young (8192K), 8 survivors (8192K)
 Metaspace       used 127279K, committed 128000K, reserved 1163264K
  class space    used 16933K, committed 17280K, reserved 1048576K
GC Heap History (20 events):
Event: 21.863 GC heap after
{Heap after GC invocations=39 (full 0):
 garbage-first heap   total 276480K, used 112350K [0x0000000080000000, 0x0000000100000000)
  region size 1024K, 2 young (2048K), 2 survivors (2048K)
 Metaspace       used 91575K, committed 92288K, reserved 1130496K
  class space    used 12870K, committed 13184K, reserved 1048576K
}
Event: 22.539 GC heap before
{Heap before GC invocations=39 (full 0):
 garbage-first heap   total 276480K, used 151262K [0x0000000080000000, 0x0000000100000000)
  region size 1024K, 41 young (41984K), 2 survivors (2048K)
 Metaspace       used 95727K, committed 96448K, reserved 1138688K
  class space    used 13395K, committed 13696K, reserved 1048576K
}
Event: 22.542 GC heap after
{Heap after GC invocations=40 (full 0):
 garbage-first heap   total 276480K, used 113586K [0x0000000080000000, 0x0000000100000000)
  region size 1024K, 4 young (4096K), 4 survivors (4096K)
 Metaspace       used 95727K, committed 96448K, reserved 1138688K
  class space    used 13395K, committed 13696K, reserved 1048576K
}
Event: 23.330 GC heap before
{Heap before GC invocations=41 (full 0):
 garbage-first heap   total 276480K, used 227250K [0x0000000080000000, 0x0000000100000000)
  region size 1024K, 105 young (107520K), 4 survivors (4096K)
 Metaspace       used 101867K, committed 102592K, reserved 1138688K
  class space    used 14159K, committed 14464K, reserved 1048576K
}
Event: 23.342 GC heap after
{Heap after GC invocations=42 (full 0):
 garbage-first heap   total 276480K, used 138084K [0x0000000080000000, 0x0000000100000000)
  region size 1024K, 14 young (14336K), 14 survivors (14336K)
 Metaspace       used 101867K, committed 102592K, reserved 1138688K
  class space    used 14159K, committed 14464K, reserved 1048576K
}
Event: 23.344 GC heap before
{Heap before GC invocations=42 (full 0):
 garbage-first heap   total 276480K, used 139108K [0x0000000080000000, 0x0000000100000000)
  region size 1024K, 15 young (15360K), 14 survivors (14336K)
 Metaspace       used 101867K, committed 102592K, reserved 1138688K
  class space    used 14159K, committed 14464K, reserved 1048576K
}
Event: 23.351 GC heap after
{Heap after GC invocations=43 (full 0):
 garbage-first heap   total 276480K, used 140656K [0x0000000080000000, 0x0000000100000000)
  region size 1024K, 2 young (2048K), 2 survivors (2048K)
 Metaspace       used 101867K, committed 102592K, reserved 1138688K
  class space    used 14159K, committed 14464K, reserved 1048576K
}
Event: 23.966 GC heap before
{Heap before GC invocations=43 (full 0):
 garbage-first heap   total 276480K, used 193904K [0x0000000080000000, 0x0000000100000000)
  region size 1024K, 55 young (56320K), 2 survivors (2048K)
 Metaspace       used 106125K, committed 106880K, reserved 1146880K
  class space    used 14659K, committed 14976K, reserved 1048576K
}
Event: 23.971 GC heap after
{Heap after GC invocations=44 (full 0):
 garbage-first heap   total 276480K, used 147824K [0x0000000080000000, 0x0000000100000000)
  region size 1024K, 9 young (9216K), 9 survivors (9216K)
 Metaspace       used 106125K, committed 106880K, reserved 1146880K
  class space    used 14659K, committed 14976K, reserved 1048576K
}
Event: 24.740 GC heap before
{Heap before GC invocations=45 (full 0):
 garbage-first heap   total 276480K, used 220528K [0x0000000080000000, 0x0000000100000000)
  region size 1024K, 74 young (75776K), 9 survivors (9216K)
 Metaspace       used 113375K, committed 114112K, reserved 1155072K
  class space    used 15346K, committed 15680K, reserved 1048576K
}
Event: 24.747 GC heap after
{Heap after GC invocations=46 (full 0):
 garbage-first heap   total 276480K, used 160070K [0x0000000080000000, 0x0000000100000000)
  region size 1024K, 7 young (7168K), 7 survivors (7168K)
 Metaspace       used 113375K, committed 114112K, reserved 1155072K
  class space    used 15346K, committed 15680K, reserved 1048576K
}
Event: 24.823 GC heap before
{Heap before GC invocations=46 (full 0):
 garbage-first heap   total 276480K, used 166214K [0x0000000080000000, 0x0000000100000000)
  region size 1024K, 13 young (13312K), 7 survivors (7168K)
 Metaspace       used 114364K, committed 115072K, reserved 1155072K
  class space    used 15476K, committed 15808K, reserved 1048576K
}
Event: 24.827 GC heap after
{Heap after GC invocations=47 (full 0):
 garbage-first heap   total 276480K, used 160720K [0x0000000080000000, 0x0000000100000000)
  region size 1024K, 2 young (2048K), 2 survivors (2048K)
 Metaspace       used 114364K, committed 115072K, reserved 1155072K
  class space    used 15476K, committed 15808K, reserved 1048576K
}
Event: 25.230 GC heap before
{Heap before GC invocations=47 (full 0):
 garbage-first heap   total 276480K, used 203728K [0x0000000080000000, 0x0000000100000000)
  region size 1024K, 45 young (46080K), 2 survivors (2048K)
 Metaspace       used 120044K, committed 120768K, reserved 1155072K
  class space    used 16204K, committed 16512K, reserved 1048576K
}
Event: 25.233 GC heap after
{Heap after GC invocations=48 (full 0):
 garbage-first heap   total 276480K, used 162867K [0x0000000080000000, 0x0000000100000000)
  region size 1024K, 4 young (4096K), 4 survivors (4096K)
 Metaspace       used 120044K, committed 120768K, reserved 1155072K
  class space    used 16204K, committed 16512K, reserved 1048576K
}
Event: 25.619 GC heap before
{Heap before GC invocations=49 (full 0):
 garbage-first heap   total 314368K, used 225331K [0x0000000080000000, 0x0000000100000000)
  region size 1024K, 64 young (65536K), 4 survivors (4096K)
 Metaspace       used 122380K, committed 123072K, reserved 1155072K
  class space    used 16471K, committed 16768K, reserved 1048576K
}
Event: 25.624 GC heap after
{Heap after GC invocations=50 (full 0):
 garbage-first heap   total 314368K, used 166710K [0x0000000080000000, 0x0000000100000000)
  region size 1024K, 7 young (7168K), 7 survivors (7168K)
 Metaspace       used 122380K, committed 123072K, reserved 1155072K
  class space    used 16471K, committed 16768K, reserved 1048576K
}
Event: 25.675 GC heap before
{Heap before GC invocations=50 (full 0):
 garbage-first heap   total 314368K, used 174902K [0x0000000080000000, 0x0000000100000000)
  region size 1024K, 15 young (15360K), 7 survivors (7168K)
 Metaspace       used 122444K, committed 123136K, reserved 1155072K
  class space    used 16471K, committed 16768K, reserved 1048576K
}
Event: 25.680 GC heap after
{Heap after GC invocations=51 (full 0):
 garbage-first heap   total 314368K, used 167096K [0x0000000080000000, 0x0000000100000000)
  region size 1024K, 2 young (2048K), 2 survivors (2048K)
 Metaspace       used 122444K, committed 123136K, reserved 1155072K
  class space    used 16471K, committed 16768K, reserved 1048576K
}
Event: 26.521 GC heap before
{Heap before GC invocations=51 (full 0):
 garbage-first heap   total 314368K, used 247992K [0x0000000080000000, 0x0000000100000000)
  region size 1024K, 81 young (82944K), 2 survivors (2048K)
 Metaspace       used 127279K, committed 128000K, reserved 1163264K
  class space    used 16933K, committed 17280K, reserved 1048576K
}

