# JRE version: OpenJDK Runtime Environment (17.0.6) (build 17.0.6+0-b2043.56-10027231)
# Java VM: OpenJDK 64-Bit Server VM (17.0.6+0-b2043.56-10027231, mixed mode, tiered, compressed oops, compressed class ptrs, g1 gc, windows-amd64)
GC Precious Log:
 CPUs: 8 total, 8 available
 Memory: 7991M
 Large Page Support: Disabled
 NUMA Support: Disabled
 Compressed Oops: Enabled (32-bit)
 Heap Region Size: 1M
 Heap Min Capacity: 8M
 Heap Initial Capacity: 126M
 Heap Max Capacity: 2G
 Pre-touch: Disabled
 Parallel Workers: 8
 Concurrent Workers: 2
 Concurrent Refinement Workers: 8
 Periodic GC: Disabled
Heap:
 garbage-first heap   total 290816K, used 240943K [0x0000000080000000, 0x0000000100000000)
  region size 1024K, 2 young (2048K), 2 survivors (2048K)
 Metaspace       used 108378K, committed 109120K, reserved 1146880K
  class space    used 14559K, committed 14912K, reserved 1048576K
GC Heap History (20 events):
Event: 18.823 GC heap after
{Heap after GC invocations=36 (full 0):
 garbage-first heap   total 231424K, used 116414K [0x0000000080000000, 0x0000000100000000)
  region size 1024K, 8 young (8192K), 8 survivors (8192K)
 Metaspace       used 100050K, committed 100736K, reserved 1138688K
  class space    used 13442K, committed 13760K, reserved 1048576K
}
Event: 20.866 GC heap before
{Heap before GC invocations=36 (full 0):
 garbage-first heap   total 231424K, used 181950K [0x0000000080000000, 0x0000000100000000)
  region size 1024K, 73 young (74752K), 8 survivors (8192K)
 Metaspace       used 102485K, committed 103232K, reserved 1138688K
  class space    used 13726K, committed 14080K, reserved 1048576K
}
Event: 20.872 GC heap after
{Heap after GC invocations=37 (full 0):
 garbage-first heap   total 231424K, used 120554K [0x0000000080000000, 0x0000000100000000)
  region size 1024K, 7 young (7168K), 7 survivors (7168K)
 Metaspace       used 102485K, committed 103232K, reserved 1138688K
  class space    used 13726K, committed 14080K, reserved 1048576K
}
Event: 21.712 GC heap before
{Heap before GC invocations=37 (full 0):
 garbage-first heap   total 231424K, used 184042K [0x0000000080000000, 0x0000000100000000)
  region size 1024K, 70 young (71680K), 7 survivors (7168K)
 Metaspace       used 103822K, committed 104512K, reserved 1146880K
  class space    used 13920K, committed 14272K, reserved 1048576K
}
Event: 21.717 GC heap after
{Heap after GC invocations=38 (full 0):
 garbage-first heap   total 231424K, used 124472K [0x0000000080000000, 0x0000000100000000)
  region size 1024K, 7 young (7168K), 7 survivors (7168K)
 Metaspace       used 103822K, committed 104512K, reserved 1146880K
  class space    used 13920K, committed 14272K, reserved 1048576K
}
Event: 22.290 GC heap before
{Heap before GC invocations=38 (full 0):
 garbage-first heap   total 231424K, used 185912K [0x0000000080000000, 0x0000000100000000)
  region size 1024K, 68 young (69632K), 7 survivors (7168K)
 Metaspace       used 103919K, committed 104640K, reserved 1146880K
  class space    used 13934K, committed 14272K, reserved 1048576K
}
Event: 22.295 GC heap after
{Heap after GC invocations=39 (full 0):
 garbage-first heap   total 231424K, used 127094K [0x0000000080000000, 0x0000000100000000)
  region size 1024K, 5 young (5120K), 5 survivors (5120K)
 Metaspace       used 103919K, committed 104640K, reserved 1146880K
  class space    used 13934K, committed 14272K, reserved 1048576K
}
Event: 25.730 GC heap before
{Heap before GC invocations=39 (full 0):
 garbage-first heap   total 231424K, used 207990K [0x0000000080000000, 0x0000000100000000)
  region size 1024K, 65 young (66560K), 5 survivors (5120K)
 Metaspace       used 104308K, committed 105024K, reserved 1146880K
  class space    used 13980K, committed 14336K, reserved 1048576K
}
Event: 25.735 GC heap after
{Heap after GC invocations=40 (full 0):
 garbage-first heap   total 231424K, used 158489K [0x0000000080000000, 0x0000000100000000)
  region size 1024K, 9 young (9216K), 9 survivors (9216K)
 Metaspace       used 104308K, committed 105024K, reserved 1146880K
  class space    used 13980K, committed 14336K, reserved 1048576K
}
Event: 34.484 GC heap before
{Heap before GC invocations=40 (full 0):
 garbage-first heap   total 231424K, used 199449K [0x0000000080000000, 0x0000000100000000)
  region size 1024K, 40 young (40960K), 9 survivors (9216K)
 Metaspace       used 106505K, committed 107264K, reserved 1146880K
  class space    used 14288K, committed 14656K, reserved 1048576K
}
Event: 34.489 GC heap after
{Heap after GC invocations=41 (full 0):
 garbage-first heap   total 231424K, used 172756K [0x0000000080000000, 0x0000000100000000)
  region size 1024K, 5 young (5120K), 5 survivors (5120K)
 Metaspace       used 106505K, committed 107264K, reserved 1146880K
  class space    used 14288K, committed 14656K, reserved 1048576K
}
Event: 34.876 GC heap before
{Heap before GC invocations=42 (full 0):
 garbage-first heap   total 290816K, used 228052K [0x0000000080000000, 0x0000000100000000)
  region size 1024K, 23 young (23552K), 5 survivors (5120K)
 Metaspace       used 108037K, committed 108864K, reserved 1146880K
  class space    used 14512K, committed 14912K, reserved 1048576K
}
Event: 34.880 GC heap after
{Heap after GC invocations=43 (full 0):
 garbage-first heap   total 290816K, used 193025K [0x0000000080000000, 0x0000000100000000)
  region size 1024K, 3 young (3072K), 3 survivors (3072K)
 Metaspace       used 108037K, committed 108864K, reserved 1146880K
  class space    used 14512K, committed 14912K, reserved 1048576K
}
Event: 34.883 GC heap before
{Heap before GC invocations=43 (full 0):
 garbage-first heap   total 290816K, used 217601K [0x0000000080000000, 0x0000000100000000)
  region size 1024K, 14 young (14336K), 3 survivors (3072K)
 Metaspace       used 108037K, committed 108864K, reserved 1146880K
  class space    used 14512K, committed 14912K, reserved 1048576K
}
Event: 34.887 GC heap after
{Heap after GC invocations=44 (full 0):
 garbage-first heap   total 290816K, used 201037K [0x0000000080000000, 0x0000000100000000)
  region size 1024K, 2 young (2048K), 2 survivors (2048K)
 Metaspace       used 108037K, committed 108864K, reserved 1146880K
  class space    used 14512K, committed 14912K, reserved 1048576K
}
Event: 35.213 GC heap before
{Heap before GC invocations=44 (full 0):
 garbage-first heap   total 290816K, used 267597K [0x0000000080000000, 0x0000000100000000)
  region size 1024K, 40 young (40960K), 2 survivors (2048K)
 Metaspace       used 108377K, committed 109120K, reserved 1146880K
  class space    used 14559K, committed 14912K, reserved 1048576K
}
Event: 35.224 GC heap after
{Heap after GC invocations=45 (full 0):
 garbage-first heap   total 290816K, used 227380K [0x0000000080000000, 0x0000000100000000)
  region size 1024K, 5 young (5120K), 5 survivors (5120K)
 Metaspace       used 108377K, committed 109120K, reserved 1146880K
  class space    used 14559K, committed 14912K, reserved 1048576K
}
Event: 35.289 GC heap before
{Heap before GC invocations=45 (full 0):
 garbage-first heap   total 290816K, used 245812K [0x0000000080000000, 0x0000000100000000)
  region size 1024K, 22 young (22528K), 5 survivors (5120K)
 Metaspace       used 108378K, committed 109120K, reserved 1146880K
  class space    used 14559K, committed 14912K, reserved 1048576K
}
Event: 35.298 GC heap after
{Heap after GC invocations=46 (full 0):
 garbage-first heap   total 290816K, used 235887K [0x0000000080000000, 0x0000000100000000)
  region size 1024K, 3 young (3072K), 3 survivors (3072K)
 Metaspace       used 108378K, committed 109120K, reserved 1146880K
  class space    used 14559K, committed 14912K, reserved 1048576K
}
Event: 35.350 GC heap before
{Heap before GC invocations=46 (full 0):
 garbage-first heap   total 290816K, used 248175K [0x0000000080000000, 0x0000000100000000)
  region size 1024K, 15 young (15360K), 3 survivors (3072K)
 Metaspace       used 108378K, committed 109120K, reserved 1146880K
  class space    used 14559K, committed 14912K, reserved 1048576K
}

