# JRE version: OpenJDK Runtime Environment (17.0.6) (build 17.0.6+0-b2043.56-10027231)
# Java VM: OpenJDK 64-Bit Server VM (17.0.6+0-b2043.56-10027231, mixed mode, tiered, compressed oops, compressed class ptrs, g1 gc, windows-amd64)
GC Precious Log:
 CPUs: 8 total, 8 available
 Memory: 7991M
 Large Page Support: Disabled
 NUMA Support: Disabled
 Compressed Oops: Enabled (32-bit)
 Heap Region Size: 1M
 Heap Min Capacity: 8M
 Heap Initial Capacity: 126M
 Heap Max Capacity: 1998M
 Pre-touch: Disabled
 Parallel Workers: 8
 Concurrent Workers: 2
 Concurrent Refinement Workers: 8
 Periodic GC: Disabled
Heap:
 garbage-first heap   total 158720K, used 94802K [0x0000000083200000, 0x0000000100000000)
  region size 1024K, 2 young (2048K), 2 survivors (2048K)
 Metaspace       used 82985K, committed 83392K, reserved 1122304K
  class space    used 9509K, committed 9664K, reserved 1048576K
GC Heap History (20 events):
Event: 2.872 GC heap after
{Heap after GC invocations=13 (full 0):
 garbage-first heap   total 109568K, used 42286K [0x0000000083200000, 0x0000000100000000)
  region size 1024K, 6 young (6144K), 6 survivors (6144K)
 Metaspace       used 55834K, committed 56064K, reserved 1105920K
  class space    used 6607K, committed 6720K, reserved 1048576K
}
Event: 3.281 GC heap before
{Heap before GC invocations=13 (full 0):
 garbage-first heap   total 109568K, used 81198K [0x0000000083200000, 0x0000000100000000)
  region size 1024K, 44 young (45056K), 6 survivors (6144K)
 Metaspace       used 56724K, committed 57024K, reserved 1105920K
  class space    used 6641K, committed 6784K, reserved 1048576K
}
Event: 3.296 GC heap after
{Heap after GC invocations=14 (full 0):
 garbage-first heap   total 109568K, used 49007K [0x0000000083200000, 0x0000000100000000)
  region size 1024K, 6 young (6144K), 6 survivors (6144K)
 Metaspace       used 56724K, committed 57024K, reserved 1105920K
  class space    used 6641K, committed 6784K, reserved 1048576K
}
Event: 3.441 GC heap before
{Heap before GC invocations=14 (full 0):
 garbage-first heap   total 109568K, used 81775K [0x0000000083200000, 0x0000000100000000)
  region size 1024K, 38 young (38912K), 6 survivors (6144K)
 Metaspace       used 57679K, committed 57984K, reserved 1105920K
  class space    used 6742K, committed 6848K, reserved 1048576K
}
Event: 3.450 GC heap after
{Heap after GC invocations=15 (full 0):
 garbage-first heap   total 109568K, used 52224K [0x0000000083200000, 0x0000000100000000)
  region size 1024K, 3 young (3072K), 3 survivors (3072K)
 Metaspace       used 57679K, committed 57984K, reserved 1105920K
  class space    used 6742K, committed 6848K, reserved 1048576K
}
Event: 3.577 GC heap before
{Heap before GC invocations=15 (full 0):
 garbage-first heap   total 109568K, used 83968K [0x0000000083200000, 0x0000000100000000)
  region size 1024K, 34 young (34816K), 3 survivors (3072K)
 Metaspace       used 58831K, committed 59136K, reserved 1105920K
  class space    used 6898K, committed 7040K, reserved 1048576K
}
Event: 3.584 GC heap after
{Heap after GC invocations=16 (full 0):
 garbage-first heap   total 158720K, used 53043K [0x0000000083200000, 0x0000000100000000)
  region size 1024K, 4 young (4096K), 4 survivors (4096K)
 Metaspace       used 58831K, committed 59136K, reserved 1105920K
  class space    used 6898K, committed 7040K, reserved 1048576K
}
Event: 4.578 GC heap before
{Heap before GC invocations=17 (full 0):
 garbage-first heap   total 158720K, used 120627K [0x0000000083200000, 0x0000000100000000)
  region size 1024K, 70 young (71680K), 4 survivors (4096K)
 Metaspace       used 64786K, committed 65088K, reserved 1105920K
  class space    used 7639K, committed 7744K, reserved 1048576K
}
Event: 4.591 GC heap after
{Heap after GC invocations=18 (full 0):
 garbage-first heap   total 158720K, used 63586K [0x0000000083200000, 0x0000000100000000)
  region size 1024K, 9 young (9216K), 9 survivors (9216K)
 Metaspace       used 64786K, committed 65088K, reserved 1105920K
  class space    used 7639K, committed 7744K, reserved 1048576K
}
Event: 5.442 GC heap before
{Heap before GC invocations=18 (full 0):
 garbage-first heap   total 158720K, used 117858K [0x0000000083200000, 0x0000000100000000)
  region size 1024K, 62 young (63488K), 9 survivors (9216K)
 Metaspace       used 71125K, committed 71488K, reserved 1114112K
  class space    used 8230K, committed 8384K, reserved 1048576K
}
Event: 5.452 GC heap after
{Heap after GC invocations=19 (full 0):
 garbage-first heap   total 158720K, used 70102K [0x0000000083200000, 0x0000000100000000)
  region size 1024K, 6 young (6144K), 6 survivors (6144K)
 Metaspace       used 71125K, committed 71488K, reserved 1114112K
  class space    used 8230K, committed 8384K, reserved 1048576K
}
Event: 5.957 GC heap before
{Heap before GC invocations=19 (full 0):
 garbage-first heap   total 158720K, used 121302K [0x0000000083200000, 0x0000000100000000)
  region size 1024K, 56 young (57344K), 6 survivors (6144K)
 Metaspace       used 74024K, committed 74304K, reserved 1122304K
  class space    used 8522K, committed 8640K, reserved 1048576K
}
Event: 5.973 GC heap after
{Heap after GC invocations=20 (full 0):
 garbage-first heap   total 158720K, used 78812K [0x0000000083200000, 0x0000000100000000)
  region size 1024K, 7 young (7168K), 7 survivors (7168K)
 Metaspace       used 74024K, committed 74304K, reserved 1122304K
  class space    used 8522K, committed 8640K, reserved 1048576K
}
Event: 6.391 GC heap before
{Heap before GC invocations=20 (full 0):
 garbage-first heap   total 158720K, used 123868K [0x0000000083200000, 0x0000000100000000)
  region size 1024K, 51 young (52224K), 7 survivors (7168K)
 Metaspace       used 75606K, committed 75904K, reserved 1122304K
  class space    used 8686K, committed 8832K, reserved 1048576K
}
Event: 6.406 GC heap after
{Heap after GC invocations=21 (full 0):
 garbage-first heap   total 158720K, used 89088K [0x0000000083200000, 0x0000000100000000)
  region size 1024K, 7 young (7168K), 7 survivors (7168K)
 Metaspace       used 75606K, committed 75904K, reserved 1122304K
  class space    used 8686K, committed 8832K, reserved 1048576K
}
Event: 6.739 GC heap before
{Heap before GC invocations=22 (full 0):
 garbage-first heap   total 158720K, used 123904K [0x0000000083200000, 0x0000000100000000)
  region size 1024K, 41 young (41984K), 7 survivors (7168K)
 Metaspace       used 81042K, committed 81408K, reserved 1122304K
  class space    used 9338K, committed 9472K, reserved 1048576K
}
Event: 6.749 GC heap after
{Heap after GC invocations=23 (full 0):
 garbage-first heap   total 158720K, used 94640K [0x0000000083200000, 0x0000000100000000)
  region size 1024K, 5 young (5120K), 5 survivors (5120K)
 Metaspace       used 81042K, committed 81408K, reserved 1122304K
  class space    used 9338K, committed 9472K, reserved 1048576K
}
Event: 6.765 GC heap before
{Heap before GC invocations=23 (full 0):
 garbage-first heap   total 158720K, used 95664K [0x0000000083200000, 0x0000000100000000)
  region size 1024K, 7 young (7168K), 5 survivors (5120K)
 Metaspace       used 81156K, committed 81536K, reserved 1122304K
  class space    used 9356K, committed 9536K, reserved 1048576K
}
Event: 6.778 GC heap after
{Heap after GC invocations=24 (full 0):
 garbage-first heap   total 158720K, used 94702K [0x0000000083200000, 0x0000000100000000)
  region size 1024K, 1 young (1024K), 1 survivors (1024K)
 Metaspace       used 81156K, committed 81536K, reserved 1122304K
  class space    used 9356K, committed 9536K, reserved 1048576K
}
Event: 6.993 GC heap before
{Heap before GC invocations=24 (full 0):
 garbage-first heap   total 158720K, used 126446K [0x0000000083200000, 0x0000000100000000)
  region size 1024K, 32 young (32768K), 1 survivors (1024K)
 Metaspace       used 82985K, committed 83392K, reserved 1122304K
  class space    used 9509K, committed 9664K, reserved 1048576K
}

