# JRE version: OpenJDK Runtime Environment (17.0.6) (build 17.0.6+0-b2043.56-10027231)
# Java VM: OpenJDK 64-Bit Server VM (17.0.6+0-b2043.56-10027231, mixed mode, tiered, compressed oops, compressed class ptrs, g1 gc, windows-amd64)
GC Precious Log:
 CPUs: 8 total, 8 available
 Memory: 7991M
 Large Page Support: Disabled
 NUMA Support: Disabled
 Compressed Oops: Enabled (32-bit)
 Heap Region Size: 1M
 Heap Min Capacity: 8M
 Heap Initial Capacity: 126M
 Heap Max Capacity: 2G
 Pre-touch: Disabled
 Parallel Workers: 8
 Concurrent Workers: 2
 Concurrent Refinement Workers: 8
 Periodic GC: Disabled
Heap:
 garbage-first heap   total 413696K, used 315473K [0x0000000080000000, 0x0000000100000000)
  region size 1024K, 65 young (66560K), 3 survivors (3072K)
 Metaspace       used 122232K, committed 123136K, reserved 1163264K
  class space    used 16055K, committed 16512K, reserved 1048576K
GC Heap History (20 events):
Event: 41.931 GC heap before
{Heap before GC invocations=72 (full 5):
 garbage-first heap   total 289792K, used 251415K [0x0000000080000000, 0x0000000100000000)
  region size 1024K, 24 young (24576K), 5 survivors (5120K)
 Metaspace       used 116906K, committed 117824K, reserved 1155072K
  class space    used 15278K, committed 15744K, reserved 1048576K
}
Event: 41.935 GC heap after
{Heap after GC invocations=73 (full 5):
 garbage-first heap   total 289792K, used 223556K [0x0000000080000000, 0x0000000100000000)
  region size 1024K, 2 young (2048K), 2 survivors (2048K)
 Metaspace       used 116906K, committed 117824K, reserved 1155072K
  class space    used 15278K, committed 15744K, reserved 1048576K
}
Event: 42.687 GC heap before
{Heap before GC invocations=73 (full 5):
 garbage-first heap   total 289792K, used 257348K [0x0000000080000000, 0x0000000100000000)
  region size 1024K, 29 young (29696K), 2 survivors (2048K)
 Metaspace       used 116981K, committed 117888K, reserved 1155072K
  class space    used 15295K, committed 15744K, reserved 1048576K
}
Event: 42.690 GC heap after
{Heap after GC invocations=74 (full 5):
 garbage-first heap   total 289792K, used 236656K [0x0000000080000000, 0x0000000100000000)
  region size 1024K, 4 young (4096K), 4 survivors (4096K)
 Metaspace       used 116981K, committed 117888K, reserved 1155072K
  class space    used 15295K, committed 15744K, reserved 1048576K
}
Event: 44.001 GC heap before
{Heap before GC invocations=74 (full 5):
 garbage-first heap   total 289792K, used 253040K [0x0000000080000000, 0x0000000100000000)
  region size 1024K, 19 young (19456K), 4 survivors (4096K)
 Metaspace       used 116985K, committed 117888K, reserved 1155072K
  class space    used 15295K, committed 15744K, reserved 1048576K
}
Event: 44.004 GC heap after
{Heap after GC invocations=75 (full 5):
 garbage-first heap   total 289792K, used 245020K [0x0000000080000000, 0x0000000100000000)
  region size 1024K, 3 young (3072K), 3 survivors (3072K)
 Metaspace       used 116985K, committed 117888K, reserved 1155072K
  class space    used 15295K, committed 15744K, reserved 1048576K
}
Event: 44.713 GC heap before
{Heap before GC invocations=75 (full 5):
 garbage-first heap   total 289792K, used 256284K [0x0000000080000000, 0x0000000100000000)
  region size 1024K, 14 young (14336K), 3 survivors (3072K)
 Metaspace       used 117427K, committed 118272K, reserved 1155072K
  class space    used 15361K, committed 15808K, reserved 1048576K
}
Event: 44.715 GC heap after
{Heap after GC invocations=76 (full 5):
 garbage-first heap   total 289792K, used 247833K [0x0000000080000000, 0x0000000100000000)
  region size 1024K, 2 young (2048K), 2 survivors (2048K)
 Metaspace       used 117427K, committed 118272K, reserved 1155072K
  class space    used 15361K, committed 15808K, reserved 1048576K
}
Event: 45.592 GC heap before
{Heap before GC invocations=76 (full 5):
 garbage-first heap   total 289792K, used 259097K [0x0000000080000000, 0x0000000100000000)
  region size 1024K, 14 young (14336K), 2 survivors (2048K)
 Metaspace       used 117751K, committed 118592K, reserved 1155072K
  class space    used 15401K, committed 15808K, reserved 1048576K
}
Event: 45.600 GC heap after
{Heap after GC invocations=77 (full 5):
 garbage-first heap   total 289792K, used 251299K [0x0000000080000000, 0x0000000100000000)
  region size 1024K, 2 young (2048K), 2 survivors (2048K)
 Metaspace       used 117751K, committed 118592K, reserved 1155072K
  class space    used 15401K, committed 15808K, reserved 1048576K
}
Event: 46.368 GC heap before
{Heap before GC invocations=77 (full 5):
 garbage-first heap   total 289792K, used 269731K [0x0000000080000000, 0x0000000100000000)
  region size 1024K, 14 young (14336K), 2 survivors (2048K)
 Metaspace       used 118507K, committed 119360K, reserved 1155072K
  class space    used 15507K, committed 15936K, reserved 1048576K
}
Event: 46.371 GC heap after
{Heap after GC invocations=78 (full 5):
 garbage-first heap   total 289792K, used 261662K [0x0000000080000000, 0x0000000100000000)
  region size 1024K, 2 young (2048K), 2 survivors (2048K)
 Metaspace       used 118507K, committed 119360K, reserved 1155072K
  class space    used 15507K, committed 15936K, reserved 1048576K
}
Event: 46.779 GC heap before
{Heap before GC invocations=78 (full 5):
 garbage-first heap   total 289792K, used 263710K [0x0000000080000000, 0x0000000100000000)
  region size 1024K, 5 young (5120K), 2 survivors (2048K)
 Metaspace       used 118990K, committed 119872K, reserved 1155072K
  class space    used 15585K, committed 16000K, reserved 1048576K
}
Event: 46.782 GC heap after
{Heap after GC invocations=79 (full 5):
 garbage-first heap   total 289792K, used 262446K [0x0000000080000000, 0x0000000100000000)
  region size 1024K, 1 young (1024K), 1 survivors (1024K)
 Metaspace       used 118990K, committed 119872K, reserved 1155072K
  class space    used 15585K, committed 16000K, reserved 1048576K
}
Event: 47.254 GC heap before
{Heap before GC invocations=80 (full 5):
 garbage-first heap   total 413696K, used 300334K [0x0000000080000000, 0x0000000100000000)
  region size 1024K, 20 young (20480K), 1 survivors (1024K)
 Metaspace       used 120499K, committed 121408K, reserved 1155072K
  class space    used 15828K, committed 16256K, reserved 1048576K
}
Event: 47.257 GC heap after
{Heap after GC invocations=81 (full 5):
 garbage-first heap   total 413696K, used 263526K [0x0000000080000000, 0x0000000100000000)
  region size 1024K, 3 young (3072K), 3 survivors (3072K)
 Metaspace       used 120499K, committed 121408K, reserved 1155072K
  class space    used 15828K, committed 16256K, reserved 1048576K
}
Event: 47.263 GC heap before
{Heap before GC invocations=81 (full 5):
 garbage-first heap   total 413696K, used 304486K [0x0000000080000000, 0x0000000100000000)
  region size 1024K, 20 young (20480K), 3 survivors (3072K)
 Metaspace       used 120503K, committed 121408K, reserved 1155072K
  class space    used 15828K, committed 16256K, reserved 1048576K
}
Event: 47.267 GC heap after
{Heap after GC invocations=82 (full 5):
 garbage-first heap   total 413696K, used 241703K [0x0000000080000000, 0x0000000100000000)
  region size 1024K, 3 young (3072K), 3 survivors (3072K)
 Metaspace       used 120503K, committed 121408K, reserved 1155072K
  class space    used 15828K, committed 16256K, reserved 1048576K
}
Event: 47.591 GC heap before
{Heap before GC invocations=82 (full 5):
 garbage-first heap   total 413696K, used 276519K [0x0000000080000000, 0x0000000100000000)
  region size 1024K, 20 young (20480K), 3 survivors (3072K)
 Metaspace       used 121456K, committed 122368K, reserved 1163264K
  class space    used 15969K, committed 16384K, reserved 1048576K
}
Event: 47.596 GC heap after
{Heap after GC invocations=83 (full 5):
 garbage-first heap   total 413696K, used 250961K [0x0000000080000000, 0x0000000100000000)
  region size 1024K, 3 young (3072K), 3 survivors (3072K)
 Metaspace       used 121456K, committed 122368K, reserved 1163264K
  class space    used 15969K, committed 16384K, reserved 1048576K
}

