# JRE version: OpenJDK Runtime Environment (17.0.6) (build 17.0.6+0-b2043.56-10027231)
# Java VM: OpenJDK 64-Bit Server VM (17.0.6+0-b2043.56-10027231, mixed mode, tiered, compressed oops, compressed class ptrs, g1 gc, windows-amd64)
GC Precious Log:
 CPUs: 8 total, 8 available
 Memory: 7991M
 Large Page Support: Disabled
 NUMA Support: Disabled
 Compressed Oops: Enabled (32-bit)
 Heap Region Size: 1M
 Heap Min Capacity: 8M
 Heap Initial Capacity: 126M
 Heap Max Capacity: 2G
 Pre-touch: Disabled
 Parallel Workers: 8
 Concurrent Workers: 2
 Concurrent Refinement Workers: 8
 Periodic GC: Disabled
Heap:
 garbage-first heap   total 382976K, used 198656K [0x0000000080000000, 0x0000000100000000)
  region size 1024K, 15 young (15360K), 15 survivors (15360K)
 Metaspace       used 161310K, committed 162368K, reserved 1196032K
  class space    used 21821K, committed 22336K, reserved 1048576K
GC Heap History (20 events):
Event: 177.651 GC heap after
{Heap after GC invocations=91 (full 0):
 garbage-first heap   total 309248K, used 186888K [0x0000000080000000, 0x0000000100000000)
  region size 1024K, 4 young (4096K), 4 survivors (4096K)
 Metaspace       used 152181K, committed 153152K, reserved 1187840K
  class space    used 20533K, committed 20992K, reserved 1048576K
}
Event: 177.917 GC heap before
{Heap before GC invocations=92 (full 0):
 garbage-first heap   total 382976K, used 248328K [0x0000000080000000, 0x0000000100000000)
  region size 1024K, 64 young (65536K), 4 survivors (4096K)
 Metaspace       used 153504K, committed 154496K, reserved 1187840K
  class space    used 20692K, committed 21184K, reserved 1048576K
}
Event: 177.921 GC heap after
{Heap after GC invocations=93 (full 0):
 garbage-first heap   total 382976K, used 186134K [0x0000000080000000, 0x0000000100000000)
  region size 1024K, 3 young (3072K), 3 survivors (3072K)
 Metaspace       used 153504K, committed 154496K, reserved 1187840K
  class space    used 20692K, committed 21184K, reserved 1048576K
}
Event: 177.970 GC heap before
{Heap before GC invocations=93 (full 0):
 garbage-first heap   total 382976K, used 201494K [0x0000000080000000, 0x0000000100000000)
  region size 1024K, 18 young (18432K), 3 survivors (3072K)
 Metaspace       used 153957K, committed 155008K, reserved 1187840K
  class space    used 20795K, committed 21312K, reserved 1048576K
}
Event: 177.977 GC heap after
{Heap after GC invocations=94 (full 0):
 garbage-first heap   total 382976K, used 173097K [0x0000000080000000, 0x0000000100000000)
  region size 1024K, 2 young (2048K), 2 survivors (2048K)
 Metaspace       used 153957K, committed 155008K, reserved 1187840K
  class space    used 20795K, committed 21312K, reserved 1048576K
}
Event: 179.484 GC heap before
{Heap before GC invocations=94 (full 0):
 garbage-first heap   total 382976K, used 290857K [0x0000000080000000, 0x0000000100000000)
  region size 1024K, 117 young (119808K), 2 survivors (2048K)
 Metaspace       used 157512K, committed 158528K, reserved 1187840K
  class space    used 21438K, committed 21952K, reserved 1048576K
}
Event: 179.491 GC heap after
{Heap after GC invocations=95 (full 0):
 garbage-first heap   total 382976K, used 182831K [0x0000000080000000, 0x0000000100000000)
  region size 1024K, 12 young (12288K), 12 survivors (12288K)
 Metaspace       used 157512K, committed 158528K, reserved 1187840K
  class space    used 21438K, committed 21952K, reserved 1048576K
}
Event: 179.494 GC heap before
{Heap before GC invocations=95 (full 0):
 garbage-first heap   total 382976K, used 182831K [0x0000000080000000, 0x0000000100000000)
  region size 1024K, 13 young (13312K), 12 survivors (12288K)
 Metaspace       used 157515K, committed 158528K, reserved 1187840K
  class space    used 21438K, committed 21952K, reserved 1048576K
}
Event: 179.501 GC heap after
{Heap after GC invocations=96 (full 0):
 garbage-first heap   total 382976K, used 183329K [0x0000000080000000, 0x0000000100000000)
  region size 1024K, 1 young (1024K), 1 survivors (1024K)
 Metaspace       used 157515K, committed 158528K, reserved 1187840K
  class space    used 21438K, committed 21952K, reserved 1048576K
}
Event: 252.204 GC heap before
{Heap before GC invocations=97 (full 0):
 garbage-first heap   total 382976K, used 342049K [0x0000000080000000, 0x0000000100000000)
  region size 1024K, 124 young (126976K), 1 survivors (1024K)
 Metaspace       used 159418K, committed 160448K, reserved 1187840K
  class space    used 21645K, committed 22144K, reserved 1048576K
}
Event: 252.212 GC heap after
{Heap after GC invocations=98 (full 0):
 garbage-first heap   total 382976K, used 191988K [0x0000000080000000, 0x0000000100000000)
  region size 1024K, 12 young (12288K), 12 survivors (12288K)
 Metaspace       used 159418K, committed 160448K, reserved 1187840K
  class space    used 21645K, committed 22144K, reserved 1048576K
}
Event: 252.232 GC heap before
{Heap before GC invocations=98 (full 0):
 garbage-first heap   total 382976K, used 198132K [0x0000000080000000, 0x0000000100000000)
  region size 1024K, 18 young (18432K), 12 survivors (12288K)
 Metaspace       used 159431K, committed 160448K, reserved 1187840K
  class space    used 21645K, committed 22144K, reserved 1048576K
}
Event: 252.244 GC heap after
{Heap after GC invocations=99 (full 0):
 garbage-first heap   total 382976K, used 188945K [0x0000000080000000, 0x0000000100000000)
  region size 1024K, 2 young (2048K), 2 survivors (2048K)
 Metaspace       used 159431K, committed 160448K, reserved 1187840K
  class space    used 21645K, committed 22144K, reserved 1048576K
}
Event: 270.502 GC heap before
{Heap before GC invocations=99 (full 0):
 garbage-first heap   total 382976K, used 302609K [0x0000000080000000, 0x0000000100000000)
  region size 1024K, 115 young (117760K), 2 survivors (2048K)
 Metaspace       used 160894K, committed 161984K, reserved 1196032K
  class space    used 21801K, committed 22336K, reserved 1048576K
}
Event: 270.508 GC heap after
{Heap after GC invocations=100 (full 0):
 garbage-first heap   total 382976K, used 195454K [0x0000000080000000, 0x0000000100000000)
  region size 1024K, 8 young (8192K), 8 survivors (8192K)
 Metaspace       used 160894K, committed 161984K, reserved 1196032K
  class space    used 21801K, committed 22336K, reserved 1048576K
}
Event: 333.854 GC heap before
{Heap before GC invocations=101 (full 0):
 garbage-first heap   total 382976K, used 339838K [0x0000000080000000, 0x0000000100000000)
  region size 1024K, 122 young (124928K), 8 survivors (8192K)
 Metaspace       used 161261K, committed 162304K, reserved 1196032K
  class space    used 21821K, committed 22336K, reserved 1048576K
}
Event: 333.867 GC heap after
{Heap after GC invocations=102 (full 0):
 garbage-first heap   total 382976K, used 207535K [0x0000000080000000, 0x0000000100000000)
  region size 1024K, 16 young (16384K), 16 survivors (16384K)
 Metaspace       used 161261K, committed 162304K, reserved 1196032K
  class space    used 21821K, committed 22336K, reserved 1048576K
}
Event: 333.871 GC heap before
{Heap before GC invocations=102 (full 0):
 garbage-first heap   total 382976K, used 209583K [0x0000000080000000, 0x0000000100000000)
  region size 1024K, 18 young (18432K), 16 survivors (16384K)
 Metaspace       used 161263K, committed 162304K, reserved 1196032K
  class space    used 21821K, committed 22336K, reserved 1048576K
}
Event: 333.883 GC heap after
{Heap after GC invocations=103 (full 0):
 garbage-first heap   total 382976K, used 181900K [0x0000000080000000, 0x0000000100000000)
  region size 1024K, 3 young (3072K), 3 survivors (3072K)
 Metaspace       used 161263K, committed 162304K, reserved 1196032K
  class space    used 21821K, committed 22336K, reserved 1048576K
}
Event: 334.204 GC heap before
{Heap before GC invocations=103 (full 0):
 garbage-first heap   total 382976K, used 215692K [0x0000000080000000, 0x0000000100000000)
  region size 1024K, 38 young (38912K), 3 survivors (3072K)
 Metaspace       used 161310K, committed 162368K, reserved 1196032K
  class space    used 21821K, committed 22336K, reserved 1048576K
}

