# JRE version: OpenJDK Runtime Environment (17.0.6) (build 17.0.6+0-b2043.56-10027231)
# Java VM: OpenJDK 64-Bit Server VM (17.0.6+0-b2043.56-10027231, mixed mode, tiered, compressed oops, compressed class ptrs, g1 gc, windows-amd64)
GC Precious Log:
 CPUs: 8 total, 8 available
 Memory: 7991M
 Large Page Support: Disabled
 NUMA Support: Disabled
 Compressed Oops: Enabled (32-bit)
 Heap Region Size: 1M
 Heap Min Capacity: 8M
 Heap Initial Capacity: 126M
 Heap Max Capacity: 2G
 Pre-touch: Disabled
 Parallel Workers: 8
 Concurrent Workers: 2
 Concurrent Refinement Workers: 8
 Periodic GC: Disabled
Heap:
 garbage-first heap   total 225280K, used 181141K [0x0000000080000000, 0x0000000100000000)
  region size 1024K, 2 young (2048K), 2 survivors (2048K)
 Metaspace       used 107949K, committed 108736K, reserved 1146880K
  class space    used 14362K, committed 14720K, reserved 1048576K
GC Heap History (20 events):
Event: 12.430 GC heap after
{Heap after GC invocations=35 (full 0):
 garbage-first heap   total 225280K, used 115973K [0x0000000080000000, 0x0000000100000000)
  region size 1024K, 6 young (6144K), 6 survivors (6144K)
 Metaspace       used 100329K, committed 100992K, reserved 1138688K
  class space    used 13514K, committed 13824K, reserved 1048576K
}
Event: 13.128 GC heap before
{Heap before GC invocations=35 (full 0):
 garbage-first heap   total 225280K, used 179461K [0x0000000080000000, 0x0000000100000000)
  region size 1024K, 69 young (70656K), 6 survivors (6144K)
 Metaspace       used 103385K, committed 104192K, reserved 1138688K
  class space    used 13878K, committed 14272K, reserved 1048576K
}
Event: 13.135 GC heap after
{Heap after GC invocations=36 (full 0):
 garbage-first heap   total 225280K, used 120887K [0x0000000080000000, 0x0000000100000000)
  region size 1024K, 7 young (7168K), 7 survivors (7168K)
 Metaspace       used 103385K, committed 104192K, reserved 1138688K
  class space    used 13878K, committed 14272K, reserved 1048576K
}
Event: 16.176 GC heap before
{Heap before GC invocations=36 (full 0):
 garbage-first heap   total 225280K, used 189495K [0x0000000080000000, 0x0000000100000000)
  region size 1024K, 66 young (67584K), 7 survivors (7168K)
 Metaspace       used 103663K, committed 104448K, reserved 1146880K
  class space    used 13878K, committed 14272K, reserved 1048576K
}
Event: 16.187 GC heap after
{Heap after GC invocations=37 (full 0):
 garbage-first heap   total 225280K, used 142823K [0x0000000080000000, 0x0000000100000000)
  region size 1024K, 9 young (9216K), 9 survivors (9216K)
 Metaspace       used 103663K, committed 104448K, reserved 1146880K
  class space    used 13878K, committed 14272K, reserved 1048576K
}
Event: 17.812 GC heap before
{Heap before GC invocations=37 (full 0):
 garbage-first heap   total 225280K, used 177639K [0x0000000080000000, 0x0000000100000000)
  region size 1024K, 43 young (44032K), 9 survivors (9216K)
 Metaspace       used 104124K, committed 104960K, reserved 1146880K
  class space    used 13921K, committed 14336K, reserved 1048576K
}
Event: 17.820 GC heap after
{Heap after GC invocations=38 (full 0):
 garbage-first heap   total 225280K, used 152235K [0x0000000080000000, 0x0000000100000000)
  region size 1024K, 6 young (6144K), 6 survivors (6144K)
 Metaspace       used 104124K, committed 104960K, reserved 1146880K
  class space    used 13921K, committed 14336K, reserved 1048576K
}
Event: 18.374 GC heap before
{Heap before GC invocations=38 (full 0):
 garbage-first heap   total 225280K, used 188075K [0x0000000080000000, 0x0000000100000000)
  region size 1024K, 34 young (34816K), 6 survivors (6144K)
 Metaspace       used 105545K, committed 106304K, reserved 1146880K
  class space    used 14123K, committed 14528K, reserved 1048576K
}
Event: 18.382 GC heap after
{Heap after GC invocations=39 (full 0):
 garbage-first heap   total 225280K, used 160768K [0x0000000080000000, 0x0000000100000000)
  region size 1024K, 5 young (5120K), 5 survivors (5120K)
 Metaspace       used 105545K, committed 106304K, reserved 1146880K
  class space    used 14123K, committed 14528K, reserved 1048576K
}
Event: 18.897 GC heap before
{Heap before GC invocations=39 (full 0):
 garbage-first heap   total 225280K, used 184320K [0x0000000080000000, 0x0000000100000000)
  region size 1024K, 29 young (29696K), 5 survivors (5120K)
 Metaspace       used 106554K, committed 107392K, reserved 1146880K
  class space    used 14237K, committed 14656K, reserved 1048576K
}
Event: 18.902 GC heap after
{Heap after GC invocations=40 (full 0):
 garbage-first heap   total 225280K, used 162798K [0x0000000080000000, 0x0000000100000000)
  region size 1024K, 2 young (2048K), 2 survivors (2048K)
 Metaspace       used 106554K, committed 107392K, reserved 1146880K
  class space    used 14237K, committed 14656K, reserved 1048576K
}
Event: 19.129 GC heap before
{Heap before GC invocations=40 (full 0):
 garbage-first heap   total 225280K, used 192494K [0x0000000080000000, 0x0000000100000000)
  region size 1024K, 14 young (14336K), 2 survivors (2048K)
 Metaspace       used 106656K, committed 107456K, reserved 1146880K
  class space    used 14246K, committed 14656K, reserved 1048576K
}
Event: 19.133 GC heap after
{Heap after GC invocations=41 (full 0):
 garbage-first heap   total 225280K, used 176830K [0x0000000080000000, 0x0000000100000000)
  region size 1024K, 4 young (4096K), 4 survivors (4096K)
 Metaspace       used 106656K, committed 107456K, reserved 1146880K
  class space    used 14246K, committed 14656K, reserved 1048576K
}
Event: 19.353 GC heap before
{Heap before GC invocations=41 (full 0):
 garbage-first heap   total 225280K, used 200382K [0x0000000080000000, 0x0000000100000000)
  region size 1024K, 17 young (17408K), 4 survivors (4096K)
 Metaspace       used 106971K, committed 107776K, reserved 1146880K
  class space    used 14269K, committed 14656K, reserved 1048576K
}
Event: 19.358 GC heap after
{Heap after GC invocations=42 (full 0):
 garbage-first heap   total 225280K, used 171564K [0x0000000080000000, 0x0000000100000000)
  region size 1024K, 3 young (3072K), 3 survivors (3072K)
 Metaspace       used 106971K, committed 107776K, reserved 1146880K
  class space    used 14269K, committed 14656K, reserved 1048576K
}
Event: 19.387 GC heap before
{Heap before GC invocations=42 (full 0):
 garbage-first heap   total 225280K, used 188972K [0x0000000080000000, 0x0000000100000000)
  region size 1024K, 21 young (21504K), 3 survivors (3072K)
 Metaspace       used 107007K, committed 107776K, reserved 1146880K
  class space    used 14270K, committed 14656K, reserved 1048576K
}
Event: 19.389 GC heap after
{Heap after GC invocations=43 (full 0):
 garbage-first heap   total 225280K, used 174804K [0x0000000080000000, 0x0000000100000000)
  region size 1024K, 3 young (3072K), 3 survivors (3072K)
 Metaspace       used 107007K, committed 107776K, reserved 1146880K
  class space    used 14270K, committed 14656K, reserved 1048576K
}
Event: 19.416 GC heap before
{Heap before GC invocations=43 (full 0):
 garbage-first heap   total 225280K, used 191188K [0x0000000080000000, 0x0000000100000000)
  region size 1024K, 19 young (19456K), 3 survivors (3072K)
 Metaspace       used 107059K, committed 107840K, reserved 1146880K
  class space    used 14275K, committed 14656K, reserved 1048576K
}
Event: 19.419 GC heap after
{Heap after GC invocations=44 (full 0):
 garbage-first heap   total 225280K, used 178264K [0x0000000080000000, 0x0000000100000000)
  region size 1024K, 3 young (3072K), 3 survivors (3072K)
 Metaspace       used 107059K, committed 107840K, reserved 1146880K
  class space    used 14275K, committed 14656K, reserved 1048576K
}
Event: 19.806 GC heap before
{Heap before GC invocations=44 (full 0):
 garbage-first heap   total 225280K, used 190552K [0x0000000080000000, 0x0000000100000000)
  region size 1024K, 16 young (16384K), 3 survivors (3072K)
 Metaspace       used 107949K, committed 108736K, reserved 1146880K
  class space    used 14362K, committed 14720K, reserved 1048576K
}

