# JRE version: OpenJDK Runtime Environment (17.0.6) (build 17.0.6+0-b2043.56-10027231)
# Java VM: OpenJDK 64-Bit Server VM (17.0.6+0-b2043.56-10027231, mixed mode, tiered, compressed oops, compressed class ptrs, g1 gc, windows-amd64)
GC Precious Log:
 CPUs: 8 total, 8 available
 Memory: 7991M
 Large Page Support: Disabled
 NUMA Support: Disabled
 Compressed Oops: Enabled (32-bit)
 Heap Region Size: 1M
 Heap Min Capacity: 8M
 Heap Initial Capacity: 126M
 Heap Max Capacity: 2G
 Pre-touch: Disabled
 Parallel Workers: 8
 Concurrent Workers: 2
 Concurrent Refinement Workers: 8
 Periodic GC: Disabled
Heap:
 garbage-first heap   total 129024K, used 55034K [0x0000000080000000, 0x0000000100000000)
  region size 1024K, 1 young (1024K), 1 survivors (1024K)
 Metaspace       used 59377K, committed 59904K, reserved 1105920K
  class space    used 7876K, committed 8128K, reserved 1048576K
GC Heap History (20 events):
Event: 2.698 GC heap after
{Heap after GC invocations=11 (full 0):
 garbage-first heap   total 78848K, used 27943K [0x0000000080000000, 0x0000000100000000)
  region size 1024K, 1 young (1024K), 1 survivors (1024K)
 Metaspace       used 40355K, committed 40704K, reserved 1089536K
  class space    used 5355K, committed 5504K, reserved 1048576K
}
Event: 2.923 GC heap before
{Heap before GC invocations=11 (full 0):
 garbage-first heap   total 78848K, used 61735K [0x0000000080000000, 0x0000000100000000)
  region size 1024K, 31 young (31744K), 1 survivors (1024K)
 Metaspace       used 43106K, committed 43456K, reserved 1089536K
  class space    used 5667K, committed 5824K, reserved 1048576K
}
Event: 2.925 GC heap after
{Heap after GC invocations=12 (full 0):
 garbage-first heap   total 78848K, used 30187K [0x0000000080000000, 0x0000000100000000)
  region size 1024K, 3 young (3072K), 3 survivors (3072K)
 Metaspace       used 43106K, committed 43456K, reserved 1089536K
  class space    used 5667K, committed 5824K, reserved 1048576K
}
Event: 3.222 GC heap before
{Heap before GC invocations=12 (full 0):
 garbage-first heap   total 78848K, used 59883K [0x0000000080000000, 0x0000000100000000)
  region size 1024K, 32 young (32768K), 3 survivors (3072K)
 Metaspace       used 46895K, committed 47360K, reserved 1097728K
  class space    used 6186K, committed 6400K, reserved 1048576K
}
Event: 3.224 GC heap after
{Heap after GC invocations=13 (full 0):
 garbage-first heap   total 78848K, used 32692K [0x0000000080000000, 0x0000000100000000)
  region size 1024K, 3 young (3072K), 3 survivors (3072K)
 Metaspace       used 46895K, committed 47360K, reserved 1097728K
  class space    used 6186K, committed 6400K, reserved 1048576K
}
Event: 3.634 GC heap before
{Heap before GC invocations=13 (full 0):
 garbage-first heap   total 78848K, used 60340K [0x0000000080000000, 0x0000000100000000)
  region size 1024K, 30 young (30720K), 3 survivors (3072K)
 Metaspace       used 50653K, committed 51072K, reserved 1097728K
  class space    used 6796K, committed 6976K, reserved 1048576K
}
Event: 3.637 GC heap after
{Heap after GC invocations=14 (full 0):
 garbage-first heap   total 78848K, used 34176K [0x0000000080000000, 0x0000000100000000)
  region size 1024K, 2 young (2048K), 2 survivors (2048K)
 Metaspace       used 50653K, committed 51072K, reserved 1097728K
  class space    used 6796K, committed 6976K, reserved 1048576K
}
Event: 3.964 GC heap before
{Heap before GC invocations=14 (full 0):
 garbage-first heap   total 78848K, used 61824K [0x0000000080000000, 0x0000000100000000)
  region size 1024K, 29 young (29696K), 2 survivors (2048K)
 Metaspace       used 52876K, committed 53312K, reserved 1097728K
  class space    used 7081K, committed 7296K, reserved 1048576K
}
Event: 3.967 GC heap after
{Heap after GC invocations=15 (full 0):
 garbage-first heap   total 78848K, used 36802K [0x0000000080000000, 0x0000000100000000)
  region size 1024K, 4 young (4096K), 4 survivors (4096K)
 Metaspace       used 52876K, committed 53312K, reserved 1097728K
  class space    used 7081K, committed 7296K, reserved 1048576K
}
Event: 4.138 GC heap before
{Heap before GC invocations=15 (full 0):
 garbage-first heap   total 78848K, used 61378K [0x0000000080000000, 0x0000000100000000)
  region size 1024K, 28 young (28672K), 4 survivors (4096K)
 Metaspace       used 53355K, committed 53888K, reserved 1097728K
  class space    used 7128K, committed 7360K, reserved 1048576K
}
Event: 4.142 GC heap after
{Heap after GC invocations=16 (full 0):
 garbage-first heap   total 78848K, used 42327K [0x0000000080000000, 0x0000000100000000)
  region size 1024K, 4 young (4096K), 4 survivors (4096K)
 Metaspace       used 53355K, committed 53888K, reserved 1097728K
  class space    used 7128K, committed 7360K, reserved 1048576K
}
Event: 4.276 GC heap before
{Heap before GC invocations=17 (full 0):
 garbage-first heap   total 80896K, used 68951K [0x0000000080000000, 0x0000000100000000)
  region size 1024K, 23 young (23552K), 4 survivors (4096K)
 Metaspace       used 55026K, committed 55488K, reserved 1097728K
  class space    used 7349K, committed 7552K, reserved 1048576K
}
Event: 4.279 GC heap after
{Heap after GC invocations=18 (full 0):
 garbage-first heap   total 80896K, used 54995K [0x0000000080000000, 0x0000000100000000)
  region size 1024K, 3 young (3072K), 3 survivors (3072K)
 Metaspace       used 55026K, committed 55488K, reserved 1097728K
  class space    used 7349K, committed 7552K, reserved 1048576K
}
Event: 4.290 GC heap before
{Heap before GC invocations=18 (full 0):
 garbage-first heap   total 80896K, used 56019K [0x0000000080000000, 0x0000000100000000)
  region size 1024K, 4 young (4096K), 3 survivors (3072K)
 Metaspace       used 55157K, committed 55616K, reserved 1097728K
  class space    used 7371K, committed 7552K, reserved 1048576K
}
Event: 4.293 GC heap after
{Heap after GC invocations=19 (full 0):
 garbage-first heap   total 80896K, used 54836K [0x0000000080000000, 0x0000000100000000)
  region size 1024K, 1 young (1024K), 1 survivors (1024K)
 Metaspace       used 55157K, committed 55616K, reserved 1097728K
  class space    used 7371K, committed 7552K, reserved 1048576K
}
Event: 4.403 GC heap before
{Heap before GC invocations=19 (full 0):
 garbage-first heap   total 80896K, used 65076K [0x0000000080000000, 0x0000000100000000)
  region size 1024K, 12 young (12288K), 1 survivors (1024K)
 Metaspace       used 56736K, committed 57216K, reserved 1105920K
  class space    used 7596K, committed 7808K, reserved 1048576K
}
Event: 4.404 GC heap after
{Heap after GC invocations=20 (full 0):
 garbage-first heap   total 80896K, used 55079K [0x0000000080000000, 0x0000000100000000)
  region size 1024K, 1 young (1024K), 1 survivors (1024K)
 Metaspace       used 56736K, committed 57216K, reserved 1105920K
  class space    used 7596K, committed 7808K, reserved 1048576K
}
Event: 4.522 GC heap before
{Heap before GC invocations=21 (full 0):
 garbage-first heap   total 97280K, used 66343K [0x0000000080000000, 0x0000000100000000)
  region size 1024K, 12 young (12288K), 1 survivors (1024K)
 Metaspace       used 58924K, committed 59456K, reserved 1105920K
  class space    used 7830K, committed 8064K, reserved 1048576K
}
Event: 4.523 GC heap after
{Heap after GC invocations=22 (full 0):
 garbage-first heap   total 97280K, used 55383K [0x0000000080000000, 0x0000000100000000)
  region size 1024K, 1 young (1024K), 1 survivors (1024K)
 Metaspace       used 58924K, committed 59456K, reserved 1105920K
  class space    used 7830K, committed 8064K, reserved 1048576K
}
Event: 4.554 GC heap before
{Heap before GC invocations=22 (full 0):
 garbage-first heap   total 97280K, used 57431K [0x0000000080000000, 0x0000000100000000)
  region size 1024K, 4 young (4096K), 1 survivors (1024K)
 Metaspace       used 59377K, committed 59904K, reserved 1105920K
  class space    used 7876K, committed 8128K, reserved 1048576K
}

