# JRE version: OpenJDK Runtime Environment (17.0.6) (build 17.0.6+0-b2043.56-10027231)
# Java VM: OpenJDK 64-Bit Server VM (17.0.6+0-b2043.56-10027231, mixed mode, tiered, compressed oops, compressed class ptrs, g1 gc, windows-amd64)
GC Precious Log:
 CPUs: 8 total, 8 available
 Memory: 7991M
 Large Page Support: Disabled
 NUMA Support: Disabled
 Compressed Oops: Enabled (32-bit)
 Heap Region Size: 1M
 Heap Min Capacity: 8M
 Heap Initial Capacity: 126M
 Heap Max Capacity: 2G
 Pre-touch: Disabled
 Parallel Workers: 8
 Concurrent Workers: 2
 Concurrent Refinement Workers: 8
 Periodic GC: Disabled
Heap:
 garbage-first heap   total 378880K, used 261462K [0x0000000080000000, 0x0000000100000000)
  region size 1024K, 14 young (14336K), 5 survivors (5120K)
 Metaspace       used 126749K, committed 128000K, reserved 1163264K
  class space    used 16597K, committed 17152K, reserved 1048576K
GC Heap History (20 events):
Event: 63.597 GC heap before
{Heap before GC invocations=32 (full 0):
 garbage-first heap   total 378880K, used 306773K [0x0000000080000000, 0x0000000100000000)
  region size 1024K, 135 young (138240K), 8 survivors (8192K)
 Metaspace       used 95931K, committed 96768K, reserved 1138688K
  class space    used 12899K, committed 13312K, reserved 1048576K
}
Event: 63.611 GC heap after
{Heap after GC invocations=33 (full 0):
 garbage-first heap   total 378880K, used 179578K [0x0000000080000000, 0x0000000100000000)
  region size 1024K, 11 young (11264K), 11 survivors (11264K)
 Metaspace       used 95931K, committed 96768K, reserved 1138688K
  class space    used 12899K, committed 13312K, reserved 1048576K
}
Event: 75.743 GC heap before
{Heap before GC invocations=33 (full 0):
 garbage-first heap   total 378880K, used 310650K [0x0000000080000000, 0x0000000100000000)
  region size 1024K, 139 young (142336K), 11 survivors (11264K)
 Metaspace       used 95937K, committed 96768K, reserved 1138688K
  class space    used 12899K, committed 13312K, reserved 1048576K
}
Event: 75.760 GC heap after
{Heap after GC invocations=34 (full 0):
 garbage-first heap   total 378880K, used 182758K [0x0000000080000000, 0x0000000100000000)
  region size 1024K, 11 young (11264K), 11 survivors (11264K)
 Metaspace       used 95937K, committed 96768K, reserved 1138688K
  class space    used 12899K, committed 13312K, reserved 1048576K
}
Event: 78.398 GC heap before
{Heap before GC invocations=34 (full 0):
 garbage-first heap   total 378880K, used 331238K [0x0000000080000000, 0x0000000100000000)
  region size 1024K, 140 young (143360K), 11 survivors (11264K)
 Metaspace       used 108191K, committed 109056K, reserved 1146880K
  class space    used 14405K, committed 14848K, reserved 1048576K
}
Event: 78.413 GC heap after
{Heap after GC invocations=35 (full 0):
 garbage-first heap   total 378880K, used 198247K [0x0000000080000000, 0x0000000100000000)
  region size 1024K, 18 young (18432K), 18 survivors (18432K)
 Metaspace       used 108191K, committed 109056K, reserved 1146880K
  class space    used 14405K, committed 14848K, reserved 1048576K
}
Event: 80.131 GC heap before
{Heap before GC invocations=35 (full 0):
 garbage-first heap   total 378880K, used 311911K [0x0000000080000000, 0x0000000100000000)
  region size 1024K, 129 young (132096K), 18 survivors (18432K)
 Metaspace       used 111637K, committed 112576K, reserved 1146880K
  class space    used 14810K, committed 15232K, reserved 1048576K
}
Event: 80.149 GC heap after
{Heap after GC invocations=36 (full 0):
 garbage-first heap   total 378880K, used 209172K [0x0000000080000000, 0x0000000100000000)
  region size 1024K, 12 young (12288K), 12 survivors (12288K)
 Metaspace       used 111637K, committed 112576K, reserved 1146880K
  class space    used 14810K, committed 15232K, reserved 1048576K
}
Event: 80.864 GC heap before
{Heap before GC invocations=36 (full 0):
 garbage-first heap   total 378880K, used 311572K [0x0000000080000000, 0x0000000100000000)
  region size 1024K, 113 young (115712K), 12 survivors (12288K)
 Metaspace       used 113205K, committed 114112K, reserved 1155072K
  class space    used 14982K, committed 15424K, reserved 1048576K
}
Event: 80.898 GC heap after
{Heap after GC invocations=37 (full 0):
 garbage-first heap   total 378880K, used 218036K [0x0000000080000000, 0x0000000100000000)
  region size 1024K, 11 young (11264K), 11 survivors (11264K)
 Metaspace       used 113205K, committed 114112K, reserved 1155072K
  class space    used 14982K, committed 15424K, reserved 1048576K
}
Event: 81.379 GC heap before
{Heap before GC invocations=37 (full 0):
 garbage-first heap   total 378880K, used 312244K [0x0000000080000000, 0x0000000100000000)
  region size 1024K, 104 young (106496K), 11 survivors (11264K)
 Metaspace       used 113450K, committed 114432K, reserved 1155072K
  class space    used 14982K, committed 15424K, reserved 1048576K
}
Event: 81.388 GC heap after
{Heap after GC invocations=38 (full 0):
 garbage-first heap   total 378880K, used 226012K [0x0000000080000000, 0x0000000100000000)
  region size 1024K, 10 young (10240K), 10 survivors (10240K)
 Metaspace       used 113450K, committed 114432K, reserved 1155072K
  class space    used 14982K, committed 15424K, reserved 1048576K
}
Event: 81.825 GC heap before
{Heap before GC invocations=38 (full 0):
 garbage-first heap   total 378880K, used 315100K [0x0000000080000000, 0x0000000100000000)
  region size 1024K, 97 young (99328K), 10 survivors (10240K)
 Metaspace       used 114024K, committed 115136K, reserved 1155072K
  class space    used 15066K, committed 15616K, reserved 1048576K
}
Event: 81.835 GC heap after
{Heap after GC invocations=39 (full 0):
 garbage-first heap   total 378880K, used 234898K [0x0000000080000000, 0x0000000100000000)
  region size 1024K, 11 young (11264K), 11 survivors (11264K)
 Metaspace       used 114024K, committed 115136K, reserved 1155072K
  class space    used 15066K, committed 15616K, reserved 1048576K
}
Event: 85.071 GC heap before
{Heap before GC invocations=39 (full 0):
 garbage-first heap   total 378880K, used 314770K [0x0000000080000000, 0x0000000100000000)
  region size 1024K, 89 young (91136K), 11 survivors (11264K)
 Metaspace       used 115806K, committed 116928K, reserved 1155072K
  class space    used 15335K, committed 15872K, reserved 1048576K
}
Event: 85.085 GC heap after
{Heap after GC invocations=40 (full 0):
 garbage-first heap   total 378880K, used 239890K [0x0000000080000000, 0x0000000100000000)
  region size 1024K, 6 young (6144K), 6 survivors (6144K)
 Metaspace       used 115806K, committed 116928K, reserved 1155072K
  class space    used 15335K, committed 15872K, reserved 1048576K
}
Event: 86.579 GC heap before
{Heap before GC invocations=40 (full 0):
 garbage-first heap   total 378880K, used 317714K [0x0000000080000000, 0x0000000100000000)
  region size 1024K, 82 young (83968K), 6 survivors (6144K)
 Metaspace       used 122172K, committed 123392K, reserved 1163264K
  class space    used 16197K, committed 16768K, reserved 1048576K
}
Event: 86.588 GC heap after
{Heap after GC invocations=41 (full 0):
 garbage-first heap   total 378880K, used 249300K [0x0000000080000000, 0x0000000100000000)
  region size 1024K, 11 young (11264K), 11 survivors (11264K)
 Metaspace       used 122172K, committed 123392K, reserved 1163264K
  class space    used 16197K, committed 16768K, reserved 1048576K
}
Event: 315.600 GC heap before
{Heap before GC invocations=41 (full 0):
 garbage-first heap   total 378880K, used 315860K [0x0000000080000000, 0x0000000100000000)
  region size 1024K, 78 young (79872K), 11 survivors (11264K)
 Metaspace       used 126625K, committed 127808K, reserved 1163264K
  class space    used 16590K, committed 17152K, reserved 1048576K
}
Event: 315.674 GC heap after
{Heap after GC invocations=42 (full 0):
 garbage-first heap   total 378880K, used 253270K [0x0000000080000000, 0x0000000100000000)
  region size 1024K, 5 young (5120K), 5 survivors (5120K)
 Metaspace       used 126625K, committed 127808K, reserved 1163264K
  class space    used 16590K, committed 17152K, reserved 1048576K
}

