# JRE version: OpenJDK Runtime Environment (17.0.6) (build 17.0.6+0-b2043.56-10027231)
# Java VM: OpenJDK 64-Bit Server VM (17.0.6+0-b2043.56-10027231, mixed mode, tiered, compressed oops, compressed class ptrs, g1 gc, windows-amd64)
GC Precious Log:
 CPUs: 8 total, 8 available
 Memory: 7991M
 Large Page Support: Disabled
 NUMA Support: Disabled
 Compressed Oops: Enabled (32-bit)
 Heap Region Size: 1M
 Heap Min Capacity: 8M
 Heap Initial Capacity: 126M
 Heap Max Capacity: 2G
 Pre-touch: Disabled
 Parallel Workers: 8
 Concurrent Workers: 2
 Concurrent Refinement Workers: 8
 Periodic GC: Disabled
Heap:
 garbage-first heap   total 373760K, used 268494K [0x0000000080000000, 0x0000000100000000)
  region size 1024K, 71 young (72704K), 12 survivors (12288K)
 Metaspace       used 116284K, committed 117248K, reserved 1155072K
  class space    used 15276K, committed 15744K, reserved 1048576K
GC Heap History (20 events):
Event: 69.965 GC heap before
{Heap before GC invocations=38 (full 0):
 garbage-first heap   total 314368K, used 246072K [0x0000000080000000, 0x0000000100000000)
  region size 1024K, 66 young (67584K), 5 survivors (5120K)
 Metaspace       used 102134K, committed 103040K, reserved 1138688K
  class space    used 13511K, committed 13952K, reserved 1048576K
}
Event: 69.968 GC heap after
{Heap after GC invocations=39 (full 0):
 garbage-first heap   total 314368K, used 184885K [0x0000000080000000, 0x0000000100000000)
  region size 1024K, 6 young (6144K), 6 survivors (6144K)
 Metaspace       used 102134K, committed 103040K, reserved 1138688K
  class space    used 13511K, committed 13952K, reserved 1048576K
}
Event: 73.379 GC heap before
{Heap before GC invocations=39 (full 0):
 garbage-first heap   total 314368K, used 250421K [0x0000000080000000, 0x0000000100000000)
  region size 1024K, 70 young (71680K), 6 survivors (6144K)
 Metaspace       used 102136K, committed 103040K, reserved 1138688K
  class space    used 13511K, committed 13952K, reserved 1048576K
}
Event: 73.383 GC heap after
{Heap after GC invocations=40 (full 0):
 garbage-first heap   total 314368K, used 186860K [0x0000000080000000, 0x0000000100000000)
  region size 1024K, 7 young (7168K), 7 survivors (7168K)
 Metaspace       used 102136K, committed 103040K, reserved 1138688K
  class space    used 13511K, committed 13952K, reserved 1048576K
}
Event: 76.931 GC heap before
{Heap before GC invocations=40 (full 0):
 garbage-first heap   total 314368K, used 254444K [0x0000000080000000, 0x0000000100000000)
  region size 1024K, 73 young (74752K), 7 survivors (7168K)
 Metaspace       used 102144K, committed 103040K, reserved 1138688K
  class space    used 13512K, committed 13952K, reserved 1048576K
}
Event: 76.936 GC heap after
{Heap after GC invocations=41 (full 0):
 garbage-first heap   total 314368K, used 188611K [0x0000000080000000, 0x0000000100000000)
  region size 1024K, 7 young (7168K), 7 survivors (7168K)
 Metaspace       used 102144K, committed 103040K, reserved 1138688K
  class space    used 13512K, committed 13952K, reserved 1048576K
}
Event: 80.701 GC heap before
{Heap before GC invocations=41 (full 0):
 garbage-first heap   total 314368K, used 258243K [0x0000000080000000, 0x0000000100000000)
  region size 1024K, 75 young (76800K), 7 survivors (7168K)
 Metaspace       used 102144K, committed 103040K, reserved 1138688K
  class space    used 13512K, committed 13952K, reserved 1048576K
}
Event: 80.705 GC heap after
{Heap after GC invocations=42 (full 0):
 garbage-first heap   total 314368K, used 190133K [0x0000000080000000, 0x0000000100000000)
  region size 1024K, 6 young (6144K), 6 survivors (6144K)
 Metaspace       used 102144K, committed 103040K, reserved 1138688K
  class space    used 13512K, committed 13952K, reserved 1048576K
}
Event: 84.682 GC heap before
{Heap before GC invocations=42 (full 0):
 garbage-first heap   total 314368K, used 259765K [0x0000000080000000, 0x0000000100000000)
  region size 1024K, 74 young (75776K), 6 survivors (6144K)
 Metaspace       used 102148K, committed 103040K, reserved 1138688K
  class space    used 13512K, committed 13952K, reserved 1048576K
}
Event: 84.688 GC heap after
{Heap after GC invocations=43 (full 0):
 garbage-first heap   total 314368K, used 191614K [0x0000000080000000, 0x0000000100000000)
  region size 1024K, 7 young (7168K), 7 survivors (7168K)
 Metaspace       used 102148K, committed 103040K, reserved 1138688K
  class space    used 13512K, committed 13952K, reserved 1048576K
}
Event: 88.224 GC heap before
{Heap before GC invocations=43 (full 0):
 garbage-first heap   total 314368K, used 263294K [0x0000000080000000, 0x0000000100000000)
  region size 1024K, 77 young (78848K), 7 survivors (7168K)
 Metaspace       used 102148K, committed 103040K, reserved 1138688K
  class space    used 13512K, committed 13952K, reserved 1048576K
}
Event: 88.229 GC heap after
{Heap after GC invocations=44 (full 0):
 garbage-first heap   total 314368K, used 193331K [0x0000000080000000, 0x0000000100000000)
  region size 1024K, 7 young (7168K), 7 survivors (7168K)
 Metaspace       used 102148K, committed 103040K, reserved 1138688K
  class space    used 13512K, committed 13952K, reserved 1048576K
}
Event: 88.720 GC heap before
{Heap before GC invocations=44 (full 0):
 garbage-first heap   total 314368K, used 214835K [0x0000000080000000, 0x0000000100000000)
  region size 1024K, 15 young (15360K), 7 survivors (7168K)
 Metaspace       used 102188K, committed 103040K, reserved 1138688K
  class space    used 13522K, committed 13952K, reserved 1048576K
}
Event: 88.726 GC heap after
{Heap after GC invocations=45 (full 0):
 garbage-first heap   total 314368K, used 208287K [0x0000000080000000, 0x0000000100000000)
  region size 1024K, 6 young (6144K), 6 survivors (6144K)
 Metaspace       used 102188K, committed 103040K, reserved 1138688K
  class space    used 13522K, committed 13952K, reserved 1048576K
}
Event: 89.575 GC heap before
{Heap before GC invocations=46 (full 0):
 garbage-first heap   total 373760K, used 264607K [0x0000000080000000, 0x0000000100000000)
  region size 1024K, 59 young (60416K), 6 survivors (6144K)
 Metaspace       used 107013K, committed 107904K, reserved 1146880K
  class space    used 14138K, committed 14592K, reserved 1048576K
}
Event: 89.583 GC heap after
{Heap after GC invocations=47 (full 0):
 garbage-first heap   total 373760K, used 201228K [0x0000000080000000, 0x0000000100000000)
  region size 1024K, 8 young (8192K), 8 survivors (8192K)
 Metaspace       used 107013K, committed 107904K, reserved 1146880K
  class space    used 14138K, committed 14592K, reserved 1048576K
}
Event: 89.887 GC heap before
{Heap before GC invocations=47 (full 0):
 garbage-first heap   total 373760K, used 210444K [0x0000000080000000, 0x0000000100000000)
  region size 1024K, 18 young (18432K), 8 survivors (8192K)
 Metaspace       used 109098K, committed 110016K, reserved 1146880K
  class space    used 14391K, committed 14848K, reserved 1048576K
}
Event: 89.894 GC heap after
{Heap after GC invocations=48 (full 0):
 garbage-first heap   total 373760K, used 199834K [0x0000000080000000, 0x0000000100000000)
  region size 1024K, 2 young (2048K), 2 survivors (2048K)
 Metaspace       used 109098K, committed 110016K, reserved 1146880K
  class space    used 14391K, committed 14848K, reserved 1048576K
}
Event: 91.412 GC heap before
{Heap before GC invocations=48 (full 0):
 garbage-first heap   total 373760K, used 290970K [0x0000000080000000, 0x0000000100000000)
  region size 1024K, 92 young (94208K), 2 survivors (2048K)
 Metaspace       used 114428K, committed 115392K, reserved 1155072K
  class space    used 15050K, committed 15488K, reserved 1048576K
}
Event: 91.419 GC heap after
{Heap after GC invocations=49 (full 0):
 garbage-first heap   total 373760K, used 210126K [0x0000000080000000, 0x0000000100000000)
  region size 1024K, 12 young (12288K), 12 survivors (12288K)
 Metaspace       used 114428K, committed 115392K, reserved 1155072K
  class space    used 15050K, committed 15488K, reserved 1048576K
}

