# JRE version: OpenJDK Runtime Environment (17.0.6) (build 17.0.6+0-b2043.56-10027231)
# Java VM: OpenJDK 64-Bit Server VM (17.0.6+0-b2043.56-10027231, mixed mode, tiered, compressed oops, compressed class ptrs, g1 gc, windows-amd64)
GC Precious Log:
 CPUs: 8 total, 8 available
 Memory: 7991M
 Large Page Support: Disabled
 NUMA Support: Disabled
 Compressed Oops: Enabled (32-bit)
 Heap Region Size: 1M
 Heap Min Capacity: 8M
 Heap Initial Capacity: 126M
 Heap Max Capacity: 2G
 Pre-touch: Disabled
 Parallel Workers: 8
 Concurrent Workers: 2
 Concurrent Refinement Workers: 8
 Periodic GC: Disabled
Heap:
 garbage-first heap   total 175104K, used 101308K [0x0000000080000000, 0x0000000100000000)
  region size 1024K, 3 young (3072K), 3 survivors (3072K)
 Metaspace       used 74649K, committed 75328K, reserved 1114112K
  class space    used 9905K, committed 10240K, reserved 1048576K
GC Heap History (20 events):
Event: 3.652 GC heap after
{Heap after GC invocations=22 (full 0):
 garbage-first heap   total 117760K, used 68990K [0x0000000080000000, 0x0000000100000000)
  region size 1024K, 2 young (2048K), 2 survivors (2048K)
 Metaspace       used 49650K, committed 50176K, reserved 1097728K
  class space    used 6506K, committed 6720K, reserved 1048576K
}
Event: 3.842 GC heap before
{Heap before GC invocations=22 (full 0):
 garbage-first heap   total 117760K, used 90494K [0x0000000080000000, 0x0000000100000000)
  region size 1024K, 23 young (23552K), 2 survivors (2048K)
 Metaspace       used 51661K, committed 52224K, reserved 1097728K
  class space    used 6872K, committed 7168K, reserved 1048576K
}
Event: 3.844 GC heap after
{Heap after GC invocations=23 (full 0):
 garbage-first heap   total 117760K, used 70233K [0x0000000080000000, 0x0000000100000000)
  region size 1024K, 2 young (2048K), 2 survivors (2048K)
 Metaspace       used 51661K, committed 52224K, reserved 1097728K
  class space    used 6872K, committed 7168K, reserved 1048576K
}
Event: 4.155 GC heap before
{Heap before GC invocations=24 (full 0):
 garbage-first heap   total 122880K, used 92761K [0x0000000080000000, 0x0000000100000000)
  region size 1024K, 24 young (24576K), 2 survivors (2048K)
 Metaspace       used 54178K, committed 54848K, reserved 1097728K
  class space    used 7293K, committed 7616K, reserved 1048576K
}
Event: 4.157 GC heap after
{Heap after GC invocations=25 (full 0):
 garbage-first heap   total 122880K, used 71981K [0x0000000080000000, 0x0000000100000000)
  region size 1024K, 3 young (3072K), 3 survivors (3072K)
 Metaspace       used 54178K, committed 54848K, reserved 1097728K
  class space    used 7293K, committed 7616K, reserved 1048576K
}
Event: 4.492 GC heap before
{Heap before GC invocations=25 (full 0):
 garbage-first heap   total 122880K, used 97581K [0x0000000080000000, 0x0000000100000000)
  region size 1024K, 28 young (28672K), 3 survivors (3072K)
 Metaspace       used 56121K, committed 56832K, reserved 1105920K
  class space    used 7553K, committed 7872K, reserved 1048576K
}
Event: 4.495 GC heap after
{Heap after GC invocations=26 (full 0):
 garbage-first heap   total 122880K, used 74428K [0x0000000080000000, 0x0000000100000000)
  region size 1024K, 4 young (4096K), 4 survivors (4096K)
 Metaspace       used 56121K, committed 56832K, reserved 1105920K
  class space    used 7553K, committed 7872K, reserved 1048576K
}
Event: 4.639 GC heap before
{Heap before GC invocations=27 (full 0):
 garbage-first heap   total 137216K, used 94908K [0x0000000080000000, 0x0000000100000000)
  region size 1024K, 26 young (26624K), 4 survivors (4096K)
 Metaspace       used 56434K, committed 57024K, reserved 1105920K
  class space    used 7578K, committed 7872K, reserved 1048576K
}
Event: 4.642 GC heap after
{Heap after GC invocations=28 (full 0):
 garbage-first heap   total 137216K, used 77228K [0x0000000080000000, 0x0000000100000000)
  region size 1024K, 4 young (4096K), 4 survivors (4096K)
 Metaspace       used 56434K, committed 57024K, reserved 1105920K
  class space    used 7578K, committed 7872K, reserved 1048576K
}
Event: 4.864 GC heap before
{Heap before GC invocations=29 (full 0):
 garbage-first heap   total 145408K, used 118188K [0x0000000080000000, 0x0000000100000000)
  region size 1024K, 35 young (35840K), 4 survivors (4096K)
 Metaspace       used 59530K, committed 60160K, reserved 1105920K
  class space    used 7999K, committed 8320K, reserved 1048576K
}
Event: 4.867 GC heap after
{Heap after GC invocations=30 (full 0):
 garbage-first heap   total 175104K, used 92727K [0x0000000080000000, 0x0000000100000000)
  region size 1024K, 5 young (5120K), 5 survivors (5120K)
 Metaspace       used 59530K, committed 60160K, reserved 1105920K
  class space    used 7999K, committed 8320K, reserved 1048576K
}
Event: 4.902 GC heap before
{Heap before GC invocations=30 (full 0):
 garbage-first heap   total 175104K, used 95799K [0x0000000080000000, 0x0000000100000000)
  region size 1024K, 8 young (8192K), 5 survivors (5120K)
 Metaspace       used 59925K, committed 60544K, reserved 1105920K
  class space    used 8069K, committed 8384K, reserved 1048576K
}
Event: 4.904 GC heap after
{Heap after GC invocations=31 (full 0):
 garbage-first heap   total 175104K, used 93117K [0x0000000080000000, 0x0000000100000000)
  region size 1024K, 1 young (1024K), 1 survivors (1024K)
 Metaspace       used 59925K, committed 60544K, reserved 1105920K
  class space    used 8069K, committed 8384K, reserved 1048576K
}
Event: 5.346 GC heap before
{Heap before GC invocations=31 (full 0):
 garbage-first heap   total 175104K, used 132029K [0x0000000080000000, 0x0000000100000000)
  region size 1024K, 39 young (39936K), 1 survivors (1024K)
 Metaspace       used 66573K, committed 67264K, reserved 1114112K
  class space    used 8874K, committed 9216K, reserved 1048576K
}
Event: 5.348 GC heap after
{Heap after GC invocations=32 (full 0):
 garbage-first heap   total 175104K, used 95414K [0x0000000080000000, 0x0000000100000000)
  region size 1024K, 3 young (3072K), 3 survivors (3072K)
 Metaspace       used 66573K, committed 67264K, reserved 1114112K
  class space    used 8874K, committed 9216K, reserved 1048576K
}
Event: 5.635 GC heap before
{Heap before GC invocations=33 (full 0):
 garbage-first heap   total 175104K, used 143542K [0x0000000080000000, 0x0000000100000000)
  region size 1024K, 44 young (45056K), 3 survivors (3072K)
 Metaspace       used 70366K, committed 71104K, reserved 1114112K
  class space    used 9348K, committed 9664K, reserved 1048576K
}
Event: 5.638 GC heap after
{Heap after GC invocations=34 (full 0):
 garbage-first heap   total 175104K, used 99161K [0x0000000080000000, 0x0000000100000000)
  region size 1024K, 6 young (6144K), 6 survivors (6144K)
 Metaspace       used 70366K, committed 71104K, reserved 1114112K
  class space    used 9348K, committed 9664K, reserved 1048576K
}
Event: 5.650 GC heap before
{Heap before GC invocations=34 (full 0):
 garbage-first heap   total 175104K, used 100185K [0x0000000080000000, 0x0000000100000000)
  region size 1024K, 8 young (8192K), 6 survivors (6144K)
 Metaspace       used 70508K, committed 71232K, reserved 1114112K
  class space    used 9366K, committed 9664K, reserved 1048576K
}
Event: 5.654 GC heap after
{Heap after GC invocations=35 (full 0):
 garbage-first heap   total 175104K, used 99552K [0x0000000080000000, 0x0000000100000000)
  region size 1024K, 1 young (1024K), 1 survivors (1024K)
 Metaspace       used 70508K, committed 71232K, reserved 1114112K
  class space    used 9366K, committed 9664K, reserved 1048576K
}
Event: 6.003 GC heap before
{Heap before GC invocations=35 (full 0):
 garbage-first heap   total 175104K, used 138464K [0x0000000080000000, 0x0000000100000000)
  region size 1024K, 39 young (39936K), 1 survivors (1024K)
 Metaspace       used 74649K, committed 75328K, reserved 1114112K
  class space    used 9905K, committed 10240K, reserved 1048576K
}

