# JRE version: OpenJDK Runtime Environment (17.0.6) (build 17.0.6+0-b2043.56-10027231)
# Java VM: OpenJDK 64-Bit Server VM (17.0.6+0-b2043.56-10027231, mixed mode, tiered, compressed oops, compressed class ptrs, g1 gc, windows-amd64)
GC Precious Log:
 CPUs: 8 total, 8 available
 Memory: 7991M
 Large Page Support: Disabled
 NUMA Support: Disabled
 Compressed Oops: Enabled (32-bit)
 Heap Region Size: 1M
 Heap Min Capacity: 8M
 Heap Initial Capacity: 126M
 Heap Max Capacity: 2G
 Pre-touch: Disabled
 Parallel Workers: 8
 Concurrent Workers: 2
 Concurrent Refinement Workers: 8
 Periodic GC: Disabled
Heap:
 garbage-first heap   total 447488K, used 262575K [0x0000000080000000, 0x0000000100000000)
  region size 1024K, 6 young (6144K), 6 survivors (6144K)
 Metaspace       used 146526K, committed 147392K, reserved 1179648K
  class space    used 19485K, committed 19904K, reserved 1048576K
GC Heap History (20 events):
Event: 6372.514 GC heap after
{Heap after GC invocations=66 (full 1):
 garbage-first heap   total 336896K, used 150732K [0x0000000080000000, 0x0000000100000000)
  region size 1024K, 2 young (2048K), 2 survivors (2048K)
 Metaspace       used 141201K, committed 141888K, reserved 1179648K
  class space    used 18928K, committed 19264K, reserved 1048576K
}
Event: 6378.574 GC heap before
{Heap before GC invocations=66 (full 1):
 garbage-first heap   total 336896K, used 235724K [0x0000000080000000, 0x0000000100000000)
  region size 1024K, 86 young (88064K), 2 survivors (2048K)
 Metaspace       used 143761K, committed 144512K, reserved 1179648K
  class space    used 19197K, committed 19584K, reserved 1048576K
}
Event: 6378.581 GC heap after
{Heap after GC invocations=67 (full 1):
 garbage-first heap   total 336896K, used 152447K [0x0000000080000000, 0x0000000100000000)
  region size 1024K, 3 young (3072K), 3 survivors (3072K)
 Metaspace       used 143761K, committed 144512K, reserved 1179648K
  class space    used 19197K, committed 19584K, reserved 1048576K
}
Event: 6389.747 GC heap before
{Heap before GC invocations=68 (full 1):
 garbage-first heap   total 336896K, used 238463K [0x0000000080000000, 0x0000000100000000)
  region size 1024K, 94 young (96256K), 3 survivors (3072K)
 Metaspace       used 145905K, committed 146752K, reserved 1179648K
  class space    used 19446K, committed 19840K, reserved 1048576K
}
Event: 6389.755 GC heap after
{Heap after GC invocations=69 (full 1):
 garbage-first heap   total 336896K, used 154477K [0x0000000080000000, 0x0000000100000000)
  region size 1024K, 11 young (11264K), 11 survivors (11264K)
 Metaspace       used 145905K, committed 146752K, reserved 1179648K
  class space    used 19446K, committed 19840K, reserved 1048576K
}
Event: 6389.910 GC heap before
{Heap before GC invocations=69 (full 1):
 garbage-first heap   total 336896K, used 160621K [0x0000000080000000, 0x0000000100000000)
  region size 1024K, 16 young (16384K), 11 survivors (11264K)
 Metaspace       used 146008K, committed 146816K, reserved 1179648K
  class space    used 19450K, committed 19840K, reserved 1048576K
}
Event: 6389.927 GC heap after
{Heap after GC invocations=70 (full 1):
 garbage-first heap   total 336896K, used 146510K [0x0000000080000000, 0x0000000100000000)
  region size 1024K, 2 young (2048K), 2 survivors (2048K)
 Metaspace       used 146008K, committed 146816K, reserved 1179648K
  class space    used 19450K, committed 19840K, reserved 1048576K
}
Event: 6389.928 GC heap before
{Heap before GC invocations=70 (full 1):
 garbage-first heap   total 336896K, used 147534K [0x0000000080000000, 0x0000000100000000)
  region size 1024K, 4 young (4096K), 2 survivors (2048K)
 Metaspace       used 146008K, committed 146816K, reserved 1179648K
  class space    used 19450K, committed 19840K, reserved 1048576K
}
Event: 6389.932 GC heap after
{Heap after GC invocations=71 (full 1):
 garbage-first heap   total 336896K, used 145537K [0x0000000080000000, 0x0000000100000000)
  region size 1024K, 1 young (1024K), 1 survivors (1024K)
 Metaspace       used 146008K, committed 146816K, reserved 1179648K
  class space    used 19450K, committed 19840K, reserved 1048576K
}
Event: 6394.294 GC heap before
{Heap before GC invocations=72 (full 1):
 garbage-first heap   total 336896K, used 314497K [0x0000000080000000, 0x0000000100000000)
  region size 1024K, 75 young (76800K), 1 survivors (1024K)
 Metaspace       used 146346K, committed 147136K, reserved 1179648K
  class space    used 19471K, committed 19840K, reserved 1048576K
}
Event: 6394.318 GC heap after
{Heap after GC invocations=73 (full 1):
 garbage-first heap   total 344064K, used 227294K [0x0000000080000000, 0x0000000100000000)
  region size 1024K, 14 young (14336K), 14 survivors (14336K)
 Metaspace       used 146346K, committed 147136K, reserved 1179648K
  class space    used 19471K, committed 19840K, reserved 1048576K
}
Event: 6394.324 GC heap before
{Heap before GC invocations=73 (full 1):
 garbage-first heap   total 344064K, used 243678K [0x0000000080000000, 0x0000000100000000)
  region size 1024K, 16 young (16384K), 14 survivors (14336K)
 Metaspace       used 146349K, committed 147136K, reserved 1179648K
  class space    used 19471K, committed 19840K, reserved 1048576K
}
Event: 6394.329 GC heap after
{Heap after GC invocations=74 (full 1):
 garbage-first heap   total 344064K, used 227489K [0x0000000080000000, 0x0000000100000000)
  region size 1024K, 1 young (1024K), 1 survivors (1024K)
 Metaspace       used 146349K, committed 147136K, reserved 1179648K
  class space    used 19471K, committed 19840K, reserved 1048576K
}
Event: 6394.517 GC heap before
{Heap before GC invocations=74 (full 1):
 garbage-first heap   total 344064K, used 261281K [0x0000000080000000, 0x0000000100000000)
  region size 1024K, 35 young (35840K), 1 survivors (1024K)
 Metaspace       used 146448K, committed 147264K, reserved 1179648K
  class space    used 19476K, committed 19904K, reserved 1048576K
}
Event: 6394.530 GC heap after
{Heap after GC invocations=75 (full 1):
 garbage-first heap   total 344064K, used 241571K [0x0000000080000000, 0x0000000100000000)
  region size 1024K, 6 young (6144K), 6 survivors (6144K)
 Metaspace       used 146448K, committed 147264K, reserved 1179648K
  class space    used 19476K, committed 19904K, reserved 1048576K
}
Event: 6394.836 GC heap before
{Heap before GC invocations=76 (full 1):
 garbage-first heap   total 447488K, used 280483K [0x0000000080000000, 0x0000000100000000)
  region size 1024K, 42 young (43008K), 6 survivors (6144K)
 Metaspace       used 146479K, committed 147328K, reserved 1179648K
  class space    used 19479K, committed 19904K, reserved 1048576K
}
Event: 6394.855 GC heap after
{Heap after GC invocations=77 (full 1):
 garbage-first heap   total 447488K, used 256268K [0x0000000080000000, 0x0000000100000000)
  region size 1024K, 6 young (6144K), 6 survivors (6144K)
 Metaspace       used 146479K, committed 147328K, reserved 1179648K
  class space    used 19479K, committed 19904K, reserved 1048576K
}
Event: 6394.956 GC heap before
{Heap before GC invocations=77 (full 1):
 garbage-first heap   total 447488K, used 272652K [0x0000000080000000, 0x0000000100000000)
  region size 1024K, 21 young (21504K), 6 survivors (6144K)
 Metaspace       used 146526K, committed 147392K, reserved 1179648K
  class space    used 19485K, committed 19904K, reserved 1048576K
}
Event: 6394.968 GC heap after
{Heap after GC invocations=78 (full 1):
 garbage-first heap   total 447488K, used 260039K [0x0000000080000000, 0x0000000100000000)
  region size 1024K, 3 young (3072K), 3 survivors (3072K)
 Metaspace       used 146526K, committed 147392K, reserved 1179648K
  class space    used 19485K, committed 19904K, reserved 1048576K
}
Event: 6394.981 GC heap before
{Heap before GC invocations=78 (full 1):
 garbage-first heap   total 447488K, used 265159K [0x0000000080000000, 0x0000000100000000)
  region size 1024K, 9 young (9216K), 3 survivors (3072K)
 Metaspace       used 146526K, committed 147392K, reserved 1179648K
  class space    used 19485K, committed 19904K, reserved 1048576K
}

