# JRE version: OpenJDK Runtime Environment (17.0.6) (build 17.0.6+0-b2043.56-10027231)
# Java VM: OpenJDK 64-Bit Server VM (17.0.6+0-b2043.56-10027231, mixed mode, tiered, compressed oops, compressed class ptrs, g1 gc, windows-amd64)
GC Precious Log:
 CPUs: 8 total, 8 available
 Memory: 7991M
 Large Page Support: Disabled
 NUMA Support: Disabled
 Compressed Oops: Enabled (32-bit)
 Heap Region Size: 1M
 Heap Min Capacity: 8M
 Heap Initial Capacity: 126M
 Heap Max Capacity: 2G
 Pre-touch: Disabled
 Parallel Workers: 8
 Concurrent Workers: 2
 Concurrent Refinement Workers: 8
 Periodic GC: Disabled
Heap:
 garbage-first heap   total 336896K, used 157906K [0x0000000080000000, 0x0000000100000000)
  region size 1024K, 9 young (9216K), 9 survivors (9216K)
 Metaspace       used 145579K, committed 146624K, reserved 1179648K
  class space    used 19810K, committed 20288K, reserved 1048576K
GC Heap History (20 events):
Event: 712.922 GC heap after
{Heap after GC invocations=66 (full 0):
 garbage-first heap   total 267264K, used 197018K [0x0000000080000000, 0x0000000100000000)
  region size 1024K, 2 young (2048K), 2 survivors (2048K)
 Metaspace       used 134572K, committed 135552K, reserved 1171456K
  class space    used 18567K, committed 19008K, reserved 1048576K
}
Event: 875.406 GC heap before
{Heap before GC invocations=67 (full 0):
 garbage-first heap   total 336896K, used 232858K [0x0000000080000000, 0x0000000100000000)
  region size 1024K, 28 young (28672K), 2 survivors (2048K)
 Metaspace       used 134586K, committed 135616K, reserved 1171456K
  class space    used 18548K, committed 19008K, reserved 1048576K
}
Event: 875.410 GC heap after
{Heap after GC invocations=68 (full 0):
 garbage-first heap   total 336896K, used 179286K [0x0000000080000000, 0x0000000100000000)
  region size 1024K, 2 young (2048K), 2 survivors (2048K)
 Metaspace       used 134586K, committed 135616K, reserved 1171456K
  class space    used 18548K, committed 19008K, reserved 1048576K
}
Event: 875.633 GC heap before
{Heap before GC invocations=68 (full 0):
 garbage-first heap   total 336896K, used 192598K [0x0000000080000000, 0x0000000100000000)
  region size 1024K, 16 young (16384K), 2 survivors (2048K)
 Metaspace       used 134608K, committed 135616K, reserved 1171456K
  class space    used 18548K, committed 19008K, reserved 1048576K
}
Event: 875.647 GC heap after
{Heap after GC invocations=69 (full 0):
 garbage-first heap   total 336896K, used 156026K [0x0000000080000000, 0x0000000100000000)
  region size 1024K, 2 young (2048K), 2 survivors (2048K)
 Metaspace       used 134608K, committed 135616K, reserved 1171456K
  class space    used 18548K, committed 19008K, reserved 1048576K
}
Event: 875.771 GC heap before
{Heap before GC invocations=69 (full 0):
 garbage-first heap   total 336896K, used 169338K [0x0000000080000000, 0x0000000100000000)
  region size 1024K, 16 young (16384K), 2 survivors (2048K)
 Metaspace       used 134693K, committed 135616K, reserved 1171456K
  class space    used 18551K, committed 19008K, reserved 1048576K
}
Event: 875.781 GC heap after
{Heap after GC invocations=70 (full 0):
 garbage-first heap   total 336896K, used 153789K [0x0000000080000000, 0x0000000100000000)
  region size 1024K, 2 young (2048K), 2 survivors (2048K)
 Metaspace       used 134693K, committed 135616K, reserved 1171456K
  class space    used 18551K, committed 19008K, reserved 1048576K
}
Event: 906.918 GC heap before
{Heap before GC invocations=70 (full 0):
 garbage-first heap   total 336896K, used 272573K [0x0000000080000000, 0x0000000100000000)
  region size 1024K, 119 young (121856K), 2 survivors (2048K)
 Metaspace       used 135337K, committed 136320K, reserved 1171456K
  class space    used 18625K, committed 19136K, reserved 1048576K
}
Event: 906.927 GC heap after
{Heap after GC invocations=71 (full 0):
 garbage-first heap   total 336896K, used 163982K [0x0000000080000000, 0x0000000100000000)
  region size 1024K, 12 young (12288K), 12 survivors (12288K)
 Metaspace       used 135337K, committed 136320K, reserved 1171456K
  class space    used 18625K, committed 19136K, reserved 1048576K
}
Event: 1540.499 GC heap before
{Heap before GC invocations=72 (full 0):
 garbage-first heap   total 336896K, used 296078K [0x0000000080000000, 0x0000000100000000)
  region size 1024K, 115 young (117760K), 12 survivors (12288K)
 Metaspace       used 135780K, committed 136832K, reserved 1171456K
  class space    used 18651K, committed 19200K, reserved 1048576K
}
Event: 1540.517 GC heap after
{Heap after GC invocations=73 (full 0):
 garbage-first heap   total 336896K, used 172537K [0x0000000080000000, 0x0000000100000000)
  region size 1024K, 11 young (11264K), 11 survivors (11264K)
 Metaspace       used 135780K, committed 136832K, reserved 1171456K
  class space    used 18651K, committed 19200K, reserved 1048576K
}
Event: 1540.539 GC heap before
{Heap before GC invocations=73 (full 0):
 garbage-first heap   total 336896K, used 176633K [0x0000000080000000, 0x0000000100000000)
  region size 1024K, 16 young (16384K), 11 survivors (11264K)
 Metaspace       used 135786K, committed 136832K, reserved 1171456K
  class space    used 18651K, committed 19200K, reserved 1048576K
}
Event: 1540.553 GC heap after
{Heap after GC invocations=74 (full 0):
 garbage-first heap   total 336896K, used 159273K [0x0000000080000000, 0x0000000100000000)
  region size 1024K, 2 young (2048K), 2 survivors (2048K)
 Metaspace       used 135786K, committed 136832K, reserved 1171456K
  class space    used 18651K, committed 19200K, reserved 1048576K
}
Event: 1540.759 GC heap before
{Heap before GC invocations=74 (full 0):
 garbage-first heap   total 336896K, used 163369K [0x0000000080000000, 0x0000000100000000)
  region size 1024K, 7 young (7168K), 2 survivors (2048K)
 Metaspace       used 135934K, committed 136960K, reserved 1171456K
  class space    used 18669K, committed 19200K, reserved 1048576K
}
Event: 1540.762 GC heap after
{Heap after GC invocations=75 (full 0):
 garbage-first heap   total 336896K, used 158350K [0x0000000080000000, 0x0000000100000000)
  region size 1024K, 1 young (1024K), 1 survivors (1024K)
 Metaspace       used 135934K, committed 136960K, reserved 1171456K
  class space    used 18669K, committed 19200K, reserved 1048576K
}
Event: 1545.073 GC heap before
{Heap before GC invocations=76 (full 0):
 garbage-first heap   total 336896K, used 301710K [0x0000000080000000, 0x0000000100000000)
  region size 1024K, 111 young (113664K), 1 survivors (1024K)
 Metaspace       used 142953K, committed 144000K, reserved 1179648K
  class space    used 19518K, committed 20032K, reserved 1048576K
}
Event: 1545.078 GC heap after
{Heap after GC invocations=77 (full 0):
 garbage-first heap   total 336896K, used 162646K [0x0000000080000000, 0x0000000100000000)
  region size 1024K, 6 young (6144K), 6 survivors (6144K)
 Metaspace       used 142953K, committed 144000K, reserved 1179648K
  class space    used 19518K, committed 20032K, reserved 1048576K
}
Event: 1545.401 GC heap before
{Heap before GC invocations=77 (full 0):
 garbage-first heap   total 336896K, used 171862K [0x0000000080000000, 0x0000000100000000)
  region size 1024K, 16 young (16384K), 6 survivors (6144K)
 Metaspace       used 142981K, committed 144000K, reserved 1179648K
  class space    used 19518K, committed 20032K, reserved 1048576K
}
Event: 1545.412 GC heap after
{Heap after GC invocations=78 (full 0):
 garbage-first heap   total 336896K, used 151355K [0x0000000080000000, 0x0000000100000000)
  region size 1024K, 2 young (2048K), 2 survivors (2048K)
 Metaspace       used 142981K, committed 144000K, reserved 1179648K
  class space    used 19518K, committed 20032K, reserved 1048576K
}
Event: 1574.643 GC heap before
{Heap before GC invocations=78 (full 0):
 garbage-first heap   total 336896K, used 272187K [0x0000000080000000, 0x0000000100000000)
  region size 1024K, 121 young (123904K), 2 survivors (2048K)
 Metaspace       used 145579K, committed 146624K, reserved 1179648K
  class space    used 19810K, committed 20288K, reserved 1048576K
}

