# JRE version: OpenJDK Runtime Environment (17.0.6) (build 17.0.6+0-b2043.56-10027231)
# Java VM: OpenJDK 64-Bit Server VM (17.0.6+0-b2043.56-10027231, mixed mode, tiered, compressed oops, compressed class ptrs, g1 gc, windows-amd64)
GC Precious Log:
 CPUs: 8 total, 8 available
 Memory: 7991M
 Large Page Support: Disabled
 NUMA Support: Disabled
 Compressed Oops: Enabled (32-bit)
 Heap Region Size: 1M
 Heap Min Capacity: 8M
 Heap Initial Capacity: 126M
 Heap Max Capacity: 1998M
 Pre-touch: Disabled
 Parallel Workers: 8
 Concurrent Workers: 2
 Concurrent Refinement Workers: 8
 Periodic GC: Disabled
Heap:
 garbage-first heap   total 129024K, used 56807K [0x0000000083200000, 0x0000000100000000)
  region size 1024K, 2 young (2048K), 2 survivors (2048K)
 Metaspace       used 58008K, committed 58368K, reserved 1105920K
  class space    used 6743K, committed 6912K, reserved 1048576K
GC Heap History (20 events):
Event: 0.992 GC heap after
{Heap after GC invocations=5 (full 0):
 garbage-first heap   total 40960K, used 17071K [0x0000000083200000, 0x0000000100000000)
  region size 1024K, 1 young (1024K), 1 survivors (1024K)
 Metaspace       used 27694K, committed 27968K, reserved 1081344K
  class space    used 3044K, committed 3136K, reserved 1048576K
}
Event: 1.167 GC heap before
{Heap before GC invocations=5 (full 0):
 garbage-first heap   total 40960K, used 31407K [0x0000000083200000, 0x0000000100000000)
  region size 1024K, 15 young (15360K), 1 survivors (1024K)
 Metaspace       used 31501K, committed 31744K, reserved 1081344K
  class space    used 3826K, committed 3904K, reserved 1048576K
}
Event: 1.170 GC heap after
{Heap after GC invocations=6 (full 0):
 garbage-first heap   total 40960K, used 17913K [0x0000000083200000, 0x0000000100000000)
  region size 1024K, 2 young (2048K), 2 survivors (2048K)
 Metaspace       used 31501K, committed 31744K, reserved 1081344K
  class space    used 3826K, committed 3904K, reserved 1048576K
}
Event: 1.264 GC heap before
{Heap before GC invocations=6 (full 0):
 garbage-first heap   total 40960K, used 33273K [0x0000000083200000, 0x0000000100000000)
  region size 1024K, 15 young (15360K), 2 survivors (2048K)
 Metaspace       used 31678K, committed 31936K, reserved 1081344K
  class space    used 3826K, committed 3904K, reserved 1048576K
}
Event: 1.269 GC heap after
{Heap after GC invocations=7 (full 0):
 garbage-first heap   total 81920K, used 23376K [0x0000000083200000, 0x0000000100000000)
  region size 1024K, 2 young (2048K), 2 survivors (2048K)
 Metaspace       used 31678K, committed 31936K, reserved 1081344K
  class space    used 3826K, committed 3904K, reserved 1048576K
}
Event: 1.464 GC heap before
{Heap before GC invocations=7 (full 0):
 garbage-first heap   total 81920K, used 43856K [0x0000000083200000, 0x0000000100000000)
  region size 1024K, 23 young (23552K), 2 survivors (2048K)
 Metaspace       used 35782K, committed 35968K, reserved 1081344K
  class space    used 4498K, committed 4608K, reserved 1048576K
}
Event: 1.470 GC heap after
{Heap after GC invocations=8 (full 0):
 garbage-first heap   total 81920K, used 26877K [0x0000000083200000, 0x0000000100000000)
  region size 1024K, 5 young (5120K), 5 survivors (5120K)
 Metaspace       used 35782K, committed 35968K, reserved 1081344K
  class space    used 4498K, committed 4608K, reserved 1048576K
}
Event: 1.770 GC heap before
{Heap before GC invocations=9 (full 0):
 garbage-first heap   total 81920K, used 57597K [0x0000000083200000, 0x0000000100000000)
  region size 1024K, 35 young (35840K), 5 survivors (5120K)
 Metaspace       used 41406K, committed 41664K, reserved 1089536K
  class space    used 5036K, committed 5184K, reserved 1048576K
}
Event: 1.782 GC heap after
{Heap after GC invocations=10 (full 0):
 garbage-first heap   total 81920K, used 28362K [0x0000000083200000, 0x0000000100000000)
  region size 1024K, 4 young (4096K), 4 survivors (4096K)
 Metaspace       used 41406K, committed 41664K, reserved 1089536K
  class space    used 5036K, committed 5184K, reserved 1048576K
}
Event: 2.171 GC heap before
{Heap before GC invocations=10 (full 0):
 garbage-first heap   total 81920K, used 59082K [0x0000000083200000, 0x0000000100000000)
  region size 1024K, 34 young (34816K), 4 survivors (4096K)
 Metaspace       used 48766K, committed 49088K, reserved 1097728K
  class space    used 5867K, committed 6016K, reserved 1048576K
}
Event: 2.176 GC heap after
{Heap after GC invocations=11 (full 0):
 garbage-first heap   total 81920K, used 31444K [0x0000000083200000, 0x0000000100000000)
  region size 1024K, 3 young (3072K), 3 survivors (3072K)
 Metaspace       used 48766K, committed 49088K, reserved 1097728K
  class space    used 5867K, committed 6016K, reserved 1048576K
}
Event: 2.369 GC heap before
{Heap before GC invocations=11 (full 0):
 garbage-first heap   total 81920K, used 64212K [0x0000000083200000, 0x0000000100000000)
  region size 1024K, 32 young (32768K), 3 survivors (3072K)
 Metaspace       used 49897K, committed 50176K, reserved 1097728K
  class space    used 5960K, committed 6080K, reserved 1048576K
}
Event: 2.377 GC heap after
{Heap after GC invocations=12 (full 0):
 garbage-first heap   total 103424K, used 37572K [0x0000000083200000, 0x0000000100000000)
  region size 1024K, 4 young (4096K), 4 survivors (4096K)
 Metaspace       used 49897K, committed 50176K, reserved 1097728K
  class space    used 5960K, committed 6080K, reserved 1048576K
}
Event: 2.887 GC heap before
{Heap before GC invocations=12 (full 0):
 garbage-first heap   total 103424K, used 75460K [0x0000000083200000, 0x0000000100000000)
  region size 1024K, 41 young (41984K), 4 survivors (4096K)
 Metaspace       used 55449K, committed 55744K, reserved 1105920K
  class space    used 6557K, committed 6720K, reserved 1048576K
}
Event: 2.902 GC heap after
{Heap after GC invocations=13 (full 0):
 garbage-first heap   total 103424K, used 43744K [0x0000000083200000, 0x0000000100000000)
  region size 1024K, 6 young (6144K), 6 survivors (6144K)
 Metaspace       used 55449K, committed 55744K, reserved 1105920K
  class space    used 6557K, committed 6720K, reserved 1048576K
}
Event: 3.269 GC heap before
{Heap before GC invocations=13 (full 0):
 garbage-first heap   total 103424K, used 77536K [0x0000000083200000, 0x0000000100000000)
  region size 1024K, 39 young (39936K), 6 survivors (6144K)
 Metaspace       used 56884K, committed 57152K, reserved 1105920K
  class space    used 6635K, committed 6784K, reserved 1048576K
}
Event: 3.285 GC heap after
{Heap after GC invocations=14 (full 0):
 garbage-first heap   total 103424K, used 49527K [0x0000000083200000, 0x0000000100000000)
  region size 1024K, 5 young (5120K), 5 survivors (5120K)
 Metaspace       used 56884K, committed 57152K, reserved 1105920K
  class space    used 6635K, committed 6784K, reserved 1048576K
}
Event: 3.444 GC heap before
{Heap before GC invocations=14 (full 0):
 garbage-first heap   total 103424K, used 78199K [0x0000000083200000, 0x0000000100000000)
  region size 1024K, 33 young (33792K), 5 survivors (5120K)
 Metaspace       used 57805K, committed 58048K, reserved 1105920K
  class space    used 6725K, committed 6848K, reserved 1048576K
}
Event: 3.464 GC heap after
{Heap after GC invocations=15 (full 0):
 garbage-first heap   total 103424K, used 55296K [0x0000000083200000, 0x0000000100000000)
  region size 1024K, 5 young (5120K), 5 survivors (5120K)
 Metaspace       used 57805K, committed 58048K, reserved 1105920K
  class space    used 6725K, committed 6848K, reserved 1048576K
}
Event: 3.533 GC heap before
{Heap before GC invocations=15 (full 0):
 garbage-first heap   total 103424K, used 80896K [0x0000000083200000, 0x0000000100000000)
  region size 1024K, 30 young (30720K), 5 survivors (5120K)
 Metaspace       used 58008K, committed 58368K, reserved 1105920K
  class space    used 6743K, committed 6912K, reserved 1048576K
}

