# JRE version: OpenJDK Runtime Environment (17.0.6) (build 17.0.6+0-b2043.56-10027231)
# Java VM: OpenJDK 64-Bit Server VM (17.0.6+0-b2043.56-10027231, mixed mode, tiered, compressed oops, compressed class ptrs, g1 gc, windows-amd64)
GC Precious Log:
 CPUs: 8 total, 8 available
 Memory: 7991M
 Large Page Support: Disabled
 NUMA Support: Disabled
 Compressed Oops: Enabled (32-bit)
 Heap Region Size: 1M
 Heap Min Capacity: 8M
 Heap Initial Capacity: 126M
 Heap Max Capacity: 2G
 Pre-touch: Disabled
 Parallel Workers: 8
 Concurrent Workers: 2
 Concurrent Refinement Workers: 8
 Periodic GC: Disabled
Heap:
 garbage-first heap   total 165888K, used 87985K [0x0000000080000000, 0x0000000100000000)
  region size 1024K, 4 young (4096K), 4 survivors (4096K)
 Metaspace       used 93846K, committed 94464K, reserved 1130496K
  class space    used 12709K, committed 12992K, reserved 1048576K
GC Heap History (20 events):
Event: 4.109 GC heap after
{Heap after GC invocations=20 (full 0):
 garbage-first heap   total 165888K, used 55988K [0x0000000080000000, 0x0000000100000000)
  region size 1024K, 1 young (1024K), 1 survivors (1024K)
 Metaspace       used 57982K, committed 58496K, reserved 1105920K
  class space    used 7712K, committed 7936K, reserved 1048576K
}
Event: 4.565 GC heap before
{Heap before GC invocations=21 (full 0):
 garbage-first heap   total 165888K, used 103092K [0x0000000080000000, 0x0000000100000000)
  region size 1024K, 43 young (44032K), 1 survivors (1024K)
 Metaspace       used 65161K, committed 65664K, reserved 1105920K
  class space    used 8619K, committed 8832K, reserved 1048576K
}
Event: 4.570 GC heap after
{Heap after GC invocations=22 (full 0):
 garbage-first heap   total 165888K, used 63471K [0x0000000080000000, 0x0000000100000000)
  region size 1024K, 5 young (5120K), 5 survivors (5120K)
 Metaspace       used 65161K, committed 65664K, reserved 1105920K
  class space    used 8619K, committed 8832K, reserved 1048576K
}
Event: 4.574 GC heap before
{Heap before GC invocations=22 (full 0):
 garbage-first heap   total 165888K, used 66543K [0x0000000080000000, 0x0000000100000000)
  region size 1024K, 8 young (8192K), 5 survivors (5120K)
 Metaspace       used 65161K, committed 65664K, reserved 1105920K
  class space    used 8619K, committed 8832K, reserved 1048576K
}
Event: 4.578 GC heap after
{Heap after GC invocations=23 (full 0):
 garbage-first heap   total 165888K, used 64750K [0x0000000080000000, 0x0000000100000000)
  region size 1024K, 1 young (1024K), 1 survivors (1024K)
 Metaspace       used 65161K, committed 65664K, reserved 1105920K
  class space    used 8619K, committed 8832K, reserved 1048576K
}
Event: 4.923 GC heap before
{Heap before GC invocations=23 (full 0):
 garbage-first heap   total 165888K, used 111854K [0x0000000080000000, 0x0000000100000000)
  region size 1024K, 45 young (46080K), 1 survivors (1024K)
 Metaspace       used 69105K, committed 69696K, reserved 1114112K
  class space    used 9134K, committed 9408K, reserved 1048576K
}
Event: 4.926 GC heap after
{Heap after GC invocations=24 (full 0):
 garbage-first heap   total 165888K, used 68617K [0x0000000080000000, 0x0000000100000000)
  region size 1024K, 4 young (4096K), 4 survivors (4096K)
 Metaspace       used 69105K, committed 69696K, reserved 1114112K
  class space    used 9134K, committed 9408K, reserved 1048576K
}
Event: 5.365 GC heap before
{Heap before GC invocations=24 (full 0):
 garbage-first heap   total 165888K, used 114697K [0x0000000080000000, 0x0000000100000000)
  region size 1024K, 49 young (50176K), 4 survivors (4096K)
 Metaspace       used 74585K, committed 75200K, reserved 1114112K
  class space    used 9862K, committed 10176K, reserved 1048576K
}
Event: 5.369 GC heap after
{Heap after GC invocations=25 (full 0):
 garbage-first heap   total 165888K, used 71518K [0x0000000080000000, 0x0000000100000000)
  region size 1024K, 7 young (7168K), 7 survivors (7168K)
 Metaspace       used 74585K, committed 75200K, reserved 1114112K
  class space    used 9862K, committed 10176K, reserved 1048576K
}
Event: 5.685 GC heap before
{Heap before GC invocations=25 (full 0):
 garbage-first heap   total 165888K, used 119646K [0x0000000080000000, 0x0000000100000000)
  region size 1024K, 55 young (56320K), 7 survivors (7168K)
 Metaspace       used 77739K, committed 78336K, reserved 1122304K
  class space    used 10257K, committed 10560K, reserved 1048576K
}
Event: 5.691 GC heap after
{Heap after GC invocations=26 (full 0):
 garbage-first heap   total 165888K, used 75987K [0x0000000080000000, 0x0000000100000000)
  region size 1024K, 7 young (7168K), 7 survivors (7168K)
 Metaspace       used 77739K, committed 78336K, reserved 1122304K
  class space    used 10257K, committed 10560K, reserved 1048576K
}
Event: 6.150 GC heap before
{Heap before GC invocations=26 (full 0):
 garbage-first heap   total 165888K, used 123091K [0x0000000080000000, 0x0000000100000000)
  region size 1024K, 53 young (54272K), 7 survivors (7168K)
 Metaspace       used 83158K, committed 83776K, reserved 1122304K
  class space    used 11207K, committed 11520K, reserved 1048576K
}
Event: 6.154 GC heap after
{Heap after GC invocations=27 (full 0):
 garbage-first heap   total 165888K, used 79008K [0x0000000080000000, 0x0000000100000000)
  region size 1024K, 3 young (3072K), 3 survivors (3072K)
 Metaspace       used 83158K, committed 83776K, reserved 1122304K
  class space    used 11207K, committed 11520K, reserved 1048576K
}
Event: 6.452 GC heap before
{Heap before GC invocations=27 (full 0):
 garbage-first heap   total 165888K, used 126112K [0x0000000080000000, 0x0000000100000000)
  region size 1024K, 49 young (50176K), 3 survivors (3072K)
 Metaspace       used 85223K, committed 85888K, reserved 1130496K
  class space    used 11502K, committed 11840K, reserved 1048576K
}
Event: 6.456 GC heap after
{Heap after GC invocations=28 (full 0):
 garbage-first heap   total 165888K, used 83968K [0x0000000080000000, 0x0000000100000000)
  region size 1024K, 7 young (7168K), 7 survivors (7168K)
 Metaspace       used 85223K, committed 85888K, reserved 1130496K
  class space    used 11502K, committed 11840K, reserved 1048576K
}
Event: 6.916 GC heap before
{Heap before GC invocations=29 (full 0):
 garbage-first heap   total 165888K, used 125952K [0x0000000080000000, 0x0000000100000000)
  region size 1024K, 52 young (53248K), 7 survivors (7168K)
 Metaspace       used 88234K, committed 88896K, reserved 1130496K
  class space    used 11911K, committed 12224K, reserved 1048576K
}
Event: 6.923 GC heap after
{Heap after GC invocations=30 (full 0):
 garbage-first heap   total 165888K, used 86532K [0x0000000080000000, 0x0000000100000000)
  region size 1024K, 7 young (7168K), 7 survivors (7168K)
 Metaspace       used 88234K, committed 88896K, reserved 1130496K
  class space    used 11911K, committed 12224K, reserved 1048576K
}
Event: 6.930 GC heap before
{Heap before GC invocations=30 (full 0):
 garbage-first heap   total 165888K, used 87556K [0x0000000080000000, 0x0000000100000000)
  region size 1024K, 8 young (8192K), 7 survivors (7168K)
 Metaspace       used 88293K, committed 88960K, reserved 1130496K
  class space    used 11919K, committed 12224K, reserved 1048576K
}
Event: 6.934 GC heap after
{Heap after GC invocations=31 (full 0):
 garbage-first heap   total 165888K, used 85268K [0x0000000080000000, 0x0000000100000000)
  region size 1024K, 1 young (1024K), 1 survivors (1024K)
 Metaspace       used 88293K, committed 88960K, reserved 1130496K
  class space    used 11919K, committed 12224K, reserved 1048576K
}
Event: 7.371 GC heap before
{Heap before GC invocations=31 (full 0):
 garbage-first heap   total 165888K, used 129300K [0x0000000080000000, 0x0000000100000000)
  region size 1024K, 44 young (45056K), 1 survivors (1024K)
 Metaspace       used 93846K, committed 94464K, reserved 1130496K
  class space    used 12709K, committed 12992K, reserved 1048576K
}

