# JRE version: OpenJDK Runtime Environment (17.0.6) (build 17.0.6+0-b2043.56-10027231)
# Java VM: OpenJDK 64-Bit Server VM (17.0.6+0-b2043.56-10027231, mixed mode, tiered, compressed oops, compressed class ptrs, g1 gc, windows-amd64)
GC Precious Log:
 CPUs: 8 total, 8 available
 Memory: 7991M
 Large Page Support: Disabled
 NUMA Support: Disabled
 Compressed Oops: Enabled (32-bit)
 Heap Region Size: 1M
 Heap Min Capacity: 8M
 Heap Initial Capacity: 126M
 Heap Max Capacity: 1998M
 Pre-touch: Disabled
 Parallel Workers: 8
 Concurrent Workers: 2
 Concurrent Refinement Workers: 8
 Periodic GC: Disabled
Heap:
 garbage-first heap   total 201728K, used 118200K [0x0000000083200000, 0x0000000100000000)
  region size 1024K, 1 young (1024K), 1 survivors (1024K)
 Metaspace       used 87757K, committed 88128K, reserved 1130496K
  class space    used 9759K, committed 9920K, reserved 1048576K
GC Heap History (20 events):
Event: 5.274 GC heap after
{Heap after GC invocations=22 (full 0):
 garbage-first heap   total 133120K, used 59796K [0x0000000083200000, 0x0000000100000000)
  region size 1024K, 6 young (6144K), 6 survivors (6144K)
 Metaspace       used 60292K, committed 60608K, reserved 1105920K
  class space    used 7051K, committed 7168K, reserved 1048576K
}
Event: 6.513 GC heap before
{Heap before GC invocations=22 (full 0):
 garbage-first heap   total 133120K, used 106900K [0x0000000083200000, 0x0000000100000000)
  region size 1024K, 52 young (53248K), 6 survivors (6144K)
 Metaspace       used 65135K, committed 65472K, reserved 1114112K
  class space    used 7676K, committed 7808K, reserved 1048576K
}
Event: 6.531 GC heap after
{Heap after GC invocations=23 (full 0):
 garbage-first heap   total 133120K, used 66751K [0x0000000083200000, 0x0000000100000000)
  region size 1024K, 7 young (7168K), 7 survivors (7168K)
 Metaspace       used 65135K, committed 65472K, reserved 1114112K
  class space    used 7676K, committed 7808K, reserved 1048576K
}
Event: 7.718 GC heap before
{Heap before GC invocations=23 (full 0):
 garbage-first heap   total 133120K, used 104639K [0x0000000083200000, 0x0000000100000000)
  region size 1024K, 44 young (45056K), 7 survivors (7168K)
 Metaspace       used 67793K, committed 68160K, reserved 1114112K
  class space    used 7837K, committed 8000K, reserved 1048576K
}
Event: 7.734 GC heap after
{Heap after GC invocations=24 (full 0):
 garbage-first heap   total 201728K, used 72970K [0x0000000083200000, 0x0000000100000000)
  region size 1024K, 6 young (6144K), 6 survivors (6144K)
 Metaspace       used 67793K, committed 68160K, reserved 1114112K
  class space    used 7837K, committed 8000K, reserved 1048576K
}
Event: 9.721 GC heap before
{Heap before GC invocations=25 (full 0):
 garbage-first heap   total 201728K, used 148746K [0x0000000083200000, 0x0000000100000000)
  region size 1024K, 79 young (80896K), 6 survivors (6144K)
 Metaspace       used 72308K, committed 72640K, reserved 1114112K
  class space    used 8200K, committed 8320K, reserved 1048576K
}
Event: 9.736 GC heap after
{Heap after GC invocations=26 (full 0):
 garbage-first heap   total 201728K, used 80896K [0x0000000083200000, 0x0000000100000000)
  region size 1024K, 8 young (8192K), 8 survivors (8192K)
 Metaspace       used 72308K, committed 72640K, reserved 1114112K
  class space    used 8200K, committed 8320K, reserved 1048576K
}
Event: 9.751 GC heap before
{Heap before GC invocations=26 (full 0):
 garbage-first heap   total 201728K, used 81920K [0x0000000083200000, 0x0000000100000000)
  region size 1024K, 9 young (9216K), 8 survivors (8192K)
 Metaspace       used 72655K, committed 72960K, reserved 1114112K
  class space    used 8218K, committed 8320K, reserved 1048576K
}
Event: 9.759 GC heap after
{Heap after GC invocations=27 (full 0):
 garbage-first heap   total 201728K, used 81515K [0x0000000083200000, 0x0000000100000000)
  region size 1024K, 2 young (2048K), 2 survivors (2048K)
 Metaspace       used 72655K, committed 72960K, reserved 1114112K
  class space    used 8218K, committed 8320K, reserved 1048576K
}
Event: 10.859 GC heap before
{Heap before GC invocations=27 (full 0):
 garbage-first heap   total 201728K, used 152171K [0x0000000083200000, 0x0000000100000000)
  region size 1024K, 71 young (72704K), 2 survivors (2048K)
 Metaspace       used 77026K, committed 77376K, reserved 1122304K
  class space    used 8660K, committed 8832K, reserved 1048576K
}
Event: 10.875 GC heap after
{Heap after GC invocations=28 (full 0):
 garbage-first heap   total 201728K, used 93184K [0x0000000083200000, 0x0000000100000000)
  region size 1024K, 9 young (9216K), 9 survivors (9216K)
 Metaspace       used 77026K, committed 77376K, reserved 1122304K
  class space    used 8660K, committed 8832K, reserved 1048576K
}
Event: 11.534 GC heap before
{Heap before GC invocations=28 (full 0):
 garbage-first heap   total 201728K, used 154624K [0x0000000083200000, 0x0000000100000000)
  region size 1024K, 69 young (70656K), 9 survivors (9216K)
 Metaspace       used 78343K, committed 78656K, reserved 1122304K
  class space    used 8798K, committed 8960K, reserved 1048576K
}
Event: 11.561 GC heap after
{Heap after GC invocations=29 (full 0):
 garbage-first heap   total 201728K, used 108544K [0x0000000083200000, 0x0000000100000000)
  region size 1024K, 9 young (9216K), 9 survivors (9216K)
 Metaspace       used 78343K, committed 78656K, reserved 1122304K
  class space    used 8798K, committed 8960K, reserved 1048576K
}
Event: 12.189 GC heap before
{Heap before GC invocations=29 (full 0):
 garbage-first heap   total 201728K, used 154624K [0x0000000083200000, 0x0000000100000000)
  region size 1024K, 54 young (55296K), 9 survivors (9216K)
 Metaspace       used 82822K, committed 83200K, reserved 1130496K
  class space    used 9255K, committed 9408K, reserved 1048576K
}
Event: 12.202 GC heap after
{Heap after GC invocations=30 (full 0):
 garbage-first heap   total 201728K, used 113514K [0x0000000083200000, 0x0000000100000000)
  region size 1024K, 4 young (4096K), 4 survivors (4096K)
 Metaspace       used 82822K, committed 83200K, reserved 1130496K
  class space    used 9255K, committed 9408K, reserved 1048576K
}
Event: 12.940 GC heap before
{Heap before GC invocations=31 (full 0):
 garbage-first heap   total 201728K, used 158570K [0x0000000083200000, 0x0000000100000000)
  region size 1024K, 48 young (49152K), 4 survivors (4096K)
 Metaspace       used 87414K, committed 87808K, reserved 1130496K
  class space    used 9754K, committed 9920K, reserved 1048576K
}
Event: 12.954 GC heap after
{Heap after GC invocations=32 (full 0):
 garbage-first heap   total 201728K, used 118650K [0x0000000083200000, 0x0000000100000000)
  region size 1024K, 5 young (5120K), 5 survivors (5120K)
 Metaspace       used 87414K, committed 87808K, reserved 1130496K
  class space    used 9754K, committed 9920K, reserved 1048576K
}
Event: 12.990 GC heap before
{Heap before GC invocations=32 (full 0):
 garbage-first heap   total 201728K, used 122746K [0x0000000083200000, 0x0000000100000000)
  region size 1024K, 9 young (9216K), 5 survivors (5120K)
 Metaspace       used 87463K, committed 87808K, reserved 1130496K
  class space    used 9759K, committed 9920K, reserved 1048576K
}
Event: 12.998 GC heap after
{Heap after GC invocations=33 (full 0):
 garbage-first heap   total 201728K, used 118168K [0x0000000083200000, 0x0000000100000000)
  region size 1024K, 1 young (1024K), 1 survivors (1024K)
 Metaspace       used 87463K, committed 87808K, reserved 1130496K
  class space    used 9759K, committed 9920K, reserved 1048576K
}
Event: 13.292 GC heap before
{Heap before GC invocations=33 (full 0):
 garbage-first heap   total 201728K, used 160152K [0x0000000083200000, 0x0000000100000000)
  region size 1024K, 42 young (43008K), 1 survivors (1024K)
 Metaspace       used 87757K, committed 88128K, reserved 1130496K
  class space    used 9759K, committed 9920K, reserved 1048576K
}

