# JRE version: OpenJDK Runtime Environment (17.0.6) (build 17.0.6+0-b2043.56-10027231)
# Java VM: OpenJDK 64-Bit Server VM (17.0.6+0-b2043.56-10027231, mixed mode, tiered, compressed oops, compressed class ptrs, g1 gc, windows-amd64)
GC Precious Log:
 CPUs: 8 total, 8 available
 Memory: 7991M
 Large Page Support: Disabled
 NUMA Support: Disabled
 Compressed Oops: Enabled (32-bit)
 Heap Region Size: 1M
 Heap Min Capacity: 8M
 Heap Initial Capacity: 126M
 Heap Max Capacity: 2G
 Pre-touch: Disabled
 Parallel Workers: 8
 Concurrent Workers: 2
 Concurrent Refinement Workers: 8
 Periodic GC: Disabled
Heap:
 garbage-first heap   total 116736K, used 97159K [0x0000000080000000, 0x0000000100000000)
  region size 1024K, 25 young (25600K), 4 survivors (4096K)
 Metaspace       used 87230K, committed 87872K, reserved 1130496K
  class space    used 11777K, committed 12096K, reserved 1048576K
GC Heap History (20 events):
Event: 76.027 GC heap before
{Heap before GC invocations=30 (full 0):
 garbage-first heap   total 97280K, used 77760K [0x0000000080000000, 0x0000000100000000)
  region size 1024K, 22 young (22528K), 1 survivors (1024K)
 Metaspace       used 63392K, committed 63936K, reserved 1105920K
  class space    used 8400K, committed 8640K, reserved 1048576K
}
Event: 76.033 GC heap after
{Heap after GC invocations=31 (full 0):
 garbage-first heap   total 116736K, used 57559K [0x0000000080000000, 0x0000000100000000)
  region size 1024K, 2 young (2048K), 2 survivors (2048K)
 Metaspace       used 63392K, committed 63936K, reserved 1105920K
  class space    used 8400K, committed 8640K, reserved 1048576K
}
Event: 78.984 GC heap before
{Heap before GC invocations=32 (full 0):
 garbage-first heap   total 116736K, used 96471K [0x0000000080000000, 0x0000000100000000)
  region size 1024K, 34 young (34816K), 2 survivors (2048K)
 Metaspace       used 66700K, committed 67200K, reserved 1114112K
  class space    used 8815K, committed 9024K, reserved 1048576K
}
Event: 78.987 GC heap after
{Heap after GC invocations=33 (full 0):
 garbage-first heap   total 116736K, used 61311K [0x0000000080000000, 0x0000000100000000)
  region size 1024K, 5 young (5120K), 5 survivors (5120K)
 Metaspace       used 66700K, committed 67200K, reserved 1114112K
  class space    used 8815K, committed 9024K, reserved 1048576K
}
Event: 79.019 GC heap before
{Heap before GC invocations=33 (full 0):
 garbage-first heap   total 116736K, used 62335K [0x0000000080000000, 0x0000000100000000)
  region size 1024K, 6 young (6144K), 5 survivors (5120K)
 Metaspace       used 66808K, committed 67328K, reserved 1114112K
  class space    used 8835K, committed 9088K, reserved 1048576K
}
Event: 79.022 GC heap after
{Heap after GC invocations=34 (full 0):
 garbage-first heap   total 116736K, used 61667K [0x0000000080000000, 0x0000000100000000)
  region size 1024K, 1 young (1024K), 1 survivors (1024K)
 Metaspace       used 66808K, committed 67328K, reserved 1114112K
  class space    used 8835K, committed 9088K, reserved 1048576K
}
Event: 81.543 GC heap before
{Heap before GC invocations=34 (full 0):
 garbage-first heap   total 116736K, used 91363K [0x0000000080000000, 0x0000000100000000)
  region size 1024K, 30 young (30720K), 1 survivors (1024K)
 Metaspace       used 69763K, committed 70336K, reserved 1114112K
  class space    used 9209K, committed 9536K, reserved 1048576K
}
Event: 81.546 GC heap after
{Heap after GC invocations=35 (full 0):
 garbage-first heap   total 116736K, used 63302K [0x0000000080000000, 0x0000000100000000)
  region size 1024K, 3 young (3072K), 3 survivors (3072K)
 Metaspace       used 69763K, committed 70336K, reserved 1114112K
  class space    used 9209K, committed 9536K, reserved 1048576K
}
Event: 85.072 GC heap before
{Heap before GC invocations=35 (full 0):
 garbage-first heap   total 116736K, used 92998K [0x0000000080000000, 0x0000000100000000)
  region size 1024K, 32 young (32768K), 3 survivors (3072K)
 Metaspace       used 72698K, committed 73344K, reserved 1114112K
  class space    used 9607K, committed 9920K, reserved 1048576K
}
Event: 85.078 GC heap after
{Heap after GC invocations=36 (full 0):
 garbage-first heap   total 116736K, used 65476K [0x0000000080000000, 0x0000000100000000)
  region size 1024K, 3 young (3072K), 3 survivors (3072K)
 Metaspace       used 72698K, committed 73344K, reserved 1114112K
  class space    used 9607K, committed 9920K, reserved 1048576K
}
Event: 87.170 GC heap before
{Heap before GC invocations=36 (full 0):
 garbage-first heap   total 116736K, used 94148K [0x0000000080000000, 0x0000000100000000)
  region size 1024K, 31 young (31744K), 3 survivors (3072K)
 Metaspace       used 76553K, committed 77184K, reserved 1122304K
  class space    used 10124K, committed 10432K, reserved 1048576K
}
Event: 87.174 GC heap after
{Heap after GC invocations=37 (full 0):
 garbage-first heap   total 116736K, used 67631K [0x0000000080000000, 0x0000000100000000)
  region size 1024K, 3 young (3072K), 3 survivors (3072K)
 Metaspace       used 76553K, committed 77184K, reserved 1122304K
  class space    used 10124K, committed 10432K, reserved 1048576K
}
Event: 91.503 GC heap before
{Heap before GC invocations=37 (full 0):
 garbage-first heap   total 116736K, used 94255K [0x0000000080000000, 0x0000000100000000)
  region size 1024K, 30 young (30720K), 3 survivors (3072K)
 Metaspace       used 77076K, committed 77696K, reserved 1122304K
  class space    used 10184K, committed 10496K, reserved 1048576K
}
Event: 91.506 GC heap after
{Heap after GC invocations=38 (full 0):
 garbage-first heap   total 116736K, used 71110K [0x0000000080000000, 0x0000000100000000)
  region size 1024K, 4 young (4096K), 4 survivors (4096K)
 Metaspace       used 77076K, committed 77696K, reserved 1122304K
  class space    used 10184K, committed 10496K, reserved 1048576K
}
Event: 94.242 GC heap before
{Heap before GC invocations=38 (full 0):
 garbage-first heap   total 116736K, used 96710K [0x0000000080000000, 0x0000000100000000)
  region size 1024K, 28 young (28672K), 4 survivors (4096K)
 Metaspace       used 79827K, committed 80448K, reserved 1122304K
  class space    used 10551K, committed 10816K, reserved 1048576K
}
Event: 94.245 GC heap after
{Heap after GC invocations=39 (full 0):
 garbage-first heap   total 116736K, used 72725K [0x0000000080000000, 0x0000000100000000)
  region size 1024K, 2 young (2048K), 2 survivors (2048K)
 Metaspace       used 79827K, committed 80448K, reserved 1122304K
  class space    used 10551K, committed 10816K, reserved 1048576K
}
Event: 96.404 GC heap before
{Heap before GC invocations=39 (full 0):
 garbage-first heap   total 116736K, used 96277K [0x0000000080000000, 0x0000000100000000)
  region size 1024K, 25 young (25600K), 2 survivors (2048K)
 Metaspace       used 83051K, committed 83712K, reserved 1122304K
  class space    used 11203K, committed 11520K, reserved 1048576K
}
Event: 96.407 GC heap after
{Heap after GC invocations=40 (full 0):
 garbage-first heap   total 116736K, used 73742K [0x0000000080000000, 0x0000000100000000)
  region size 1024K, 3 young (3072K), 3 survivors (3072K)
 Metaspace       used 83051K, committed 83712K, reserved 1122304K
  class space    used 11203K, committed 11520K, reserved 1048576K
}
Event: 97.597 GC heap before
{Heap before GC invocations=40 (full 0):
 garbage-first heap   total 116736K, used 97294K [0x0000000080000000, 0x0000000100000000)
  region size 1024K, 26 young (26624K), 3 survivors (3072K)
 Metaspace       used 85295K, committed 85888K, reserved 1130496K
  class space    used 11519K, committed 11840K, reserved 1048576K
}
Event: 97.601 GC heap after
{Heap after GC invocations=41 (full 0):
 garbage-first heap   total 116736K, used 75655K [0x0000000080000000, 0x0000000100000000)
  region size 1024K, 4 young (4096K), 4 survivors (4096K)
 Metaspace       used 85295K, committed 85888K, reserved 1130496K
  class space    used 11519K, committed 11840K, reserved 1048576K
}

