# JRE version: OpenJDK Runtime Environment (17.0.6) (build 17.0.6+0-b2043.56-10027231)
# Java VM: OpenJDK 64-Bit Server VM (17.0.6+0-b2043.56-10027231, mixed mode, tiered, compressed oops, compressed class ptrs, g1 gc, windows-amd64)
GC Precious Log:
 CPUs: 8 total, 8 available
 Memory: 7991M
 Large Page Support: Disabled
 NUMA Support: Disabled
 Compressed Oops: Enabled (32-bit)
 Heap Region Size: 1M
 Heap Min Capacity: 8M
 Heap Initial Capacity: 126M
 Heap Max Capacity: 2G
 Pre-touch: Disabled
 Parallel Workers: 8
 Concurrent Workers: 2
 Concurrent Refinement Workers: 8
 Periodic GC: Disabled
Heap:
 garbage-first heap   total 477184K, used 389101K [0x0000000080000000, 0x0000000100000000)
  region size 1024K, 120 young (122880K), 18 survivors (18432K)
 Metaspace       used 141528K, committed 142400K, reserved 1179648K
  class space    used 18689K, committed 19136K, reserved 1048576K
GC Heap History (20 events):
Event: 35.968 GC heap after
{Heap after GC invocations=72 (full 0):
 garbage-first heap   total 409600K, used 244736K [0x0000000080000000, 0x0000000100000000)
  region size 1024K, 10 young (10240K), 10 survivors (10240K)
 Metaspace       used 136414K, committed 137344K, reserved 1171456K
  class space    used 18135K, committed 18560K, reserved 1048576K
}
Event: 36.210 GC heap before
{Heap before GC invocations=72 (full 0):
 garbage-first heap   total 409600K, used 333824K [0x0000000080000000, 0x0000000100000000)
  region size 1024K, 97 young (99328K), 10 survivors (10240K)
 Metaspace       used 136893K, committed 137856K, reserved 1171456K
  class space    used 18171K, committed 18624K, reserved 1048576K
}
Event: 36.218 GC heap after
{Heap after GC invocations=73 (full 0):
 garbage-first heap   total 409600K, used 249584K [0x0000000080000000, 0x0000000100000000)
  region size 1024K, 5 young (5120K), 5 survivors (5120K)
 Metaspace       used 136893K, committed 137856K, reserved 1171456K
  class space    used 18171K, committed 18624K, reserved 1048576K
}
Event: 36.460 GC heap before
{Heap before GC invocations=73 (full 0):
 garbage-first heap   total 409600K, used 338672K [0x0000000080000000, 0x0000000100000000)
  region size 1024K, 92 young (94208K), 5 survivors (5120K)
 Metaspace       used 137153K, committed 138048K, reserved 1171456K
  class space    used 18215K, committed 18624K, reserved 1048576K
}
Event: 36.467 GC heap after
{Heap after GC invocations=74 (full 0):
 garbage-first heap   total 409600K, used 251540K [0x0000000080000000, 0x0000000100000000)
  region size 1024K, 7 young (7168K), 7 survivors (7168K)
 Metaspace       used 137153K, committed 138048K, reserved 1171456K
  class space    used 18215K, committed 18624K, reserved 1048576K
}
Event: 36.702 GC heap before
{Heap before GC invocations=74 (full 0):
 garbage-first heap   total 409600K, used 342676K [0x0000000080000000, 0x0000000100000000)
  region size 1024K, 96 young (98304K), 7 survivors (7168K)
 Metaspace       used 138766K, committed 139648K, reserved 1171456K
  class space    used 18465K, committed 18880K, reserved 1048576K
}
Event: 36.707 GC heap after
{Heap after GC invocations=75 (full 0):
 garbage-first heap   total 409600K, used 254182K [0x0000000080000000, 0x0000000100000000)
  region size 1024K, 9 young (9216K), 9 survivors (9216K)
 Metaspace       used 138766K, committed 139648K, reserved 1171456K
  class space    used 18465K, committed 18880K, reserved 1048576K
}
Event: 36.893 GC heap before
{Heap before GC invocations=75 (full 0):
 garbage-first heap   total 409600K, used 346342K [0x0000000080000000, 0x0000000100000000)
  region size 1024K, 99 young (101376K), 9 survivors (9216K)
 Metaspace       used 139822K, committed 140736K, reserved 1171456K
  class space    used 18639K, committed 19072K, reserved 1048576K
}
Event: 36.900 GC heap after
{Heap after GC invocations=76 (full 0):
 garbage-first heap   total 409600K, used 255106K [0x0000000080000000, 0x0000000100000000)
  region size 1024K, 7 young (7168K), 7 survivors (7168K)
 Metaspace       used 139822K, committed 140736K, reserved 1171456K
  class space    used 18639K, committed 19072K, reserved 1048576K
}
Event: 37.175 GC heap before
{Heap before GC invocations=76 (full 0):
 garbage-first heap   total 409600K, used 348290K [0x0000000080000000, 0x0000000100000000)
  region size 1024K, 99 young (101376K), 7 survivors (7168K)
 Metaspace       used 140484K, committed 141376K, reserved 1179648K
  class space    used 18654K, committed 19072K, reserved 1048576K
}
Event: 37.182 GC heap after
{Heap after GC invocations=77 (full 0):
 garbage-first heap   total 409600K, used 258521K [0x0000000080000000, 0x0000000100000000)
  region size 1024K, 10 young (10240K), 10 survivors (10240K)
 Metaspace       used 140484K, committed 141376K, reserved 1179648K
  class space    used 18654K, committed 19072K, reserved 1048576K
}
Event: 37.479 GC heap before
{Heap before GC invocations=77 (full 0):
 garbage-first heap   total 409600K, used 350681K [0x0000000080000000, 0x0000000100000000)
  region size 1024K, 101 young (103424K), 10 survivors (10240K)
 Metaspace       used 140943K, committed 141824K, reserved 1179648K
  class space    used 18663K, committed 19072K, reserved 1048576K
}
Event: 37.486 GC heap after
{Heap after GC invocations=78 (full 0):
 garbage-first heap   total 409600K, used 260666K [0x0000000080000000, 0x0000000100000000)
  region size 1024K, 8 young (8192K), 8 survivors (8192K)
 Metaspace       used 140943K, committed 141824K, reserved 1179648K
  class space    used 18663K, committed 19072K, reserved 1048576K
}
Event: 37.724 GC heap before
{Heap before GC invocations=78 (full 0):
 garbage-first heap   total 409600K, used 350778K [0x0000000080000000, 0x0000000100000000)
  region size 1024K, 97 young (99328K), 8 survivors (8192K)
 Metaspace       used 141062K, committed 141952K, reserved 1179648K
  class space    used 18665K, committed 19072K, reserved 1048576K
}
Event: 37.731 GC heap after
{Heap after GC invocations=79 (full 0):
 garbage-first heap   total 409600K, used 263337K [0x0000000080000000, 0x0000000100000000)
  region size 1024K, 10 young (10240K), 10 survivors (10240K)
 Metaspace       used 141062K, committed 141952K, reserved 1179648K
  class space    used 18665K, committed 19072K, reserved 1048576K
}
Event: 37.908 GC heap before
{Heap before GC invocations=79 (full 0):
 garbage-first heap   total 409600K, used 351401K [0x0000000080000000, 0x0000000100000000)
  region size 1024K, 96 young (98304K), 10 survivors (10240K)
 Metaspace       used 141320K, committed 142144K, reserved 1179648K
  class space    used 18677K, committed 19072K, reserved 1048576K
}
Event: 37.914 GC heap after
{Heap after GC invocations=80 (full 0):
 garbage-first heap   total 409600K, used 263186K [0x0000000080000000, 0x0000000100000000)
  region size 1024K, 7 young (7168K), 7 survivors (7168K)
 Metaspace       used 141320K, committed 142144K, reserved 1179648K
  class space    used 18677K, committed 19072K, reserved 1048576K
}
Event: 38.028 GC heap before
{Heap before GC invocations=80 (full 0):
 garbage-first heap   total 409600K, used 351250K [0x0000000080000000, 0x0000000100000000)
  region size 1024K, 93 young (95232K), 7 survivors (7168K)
 Metaspace       used 141398K, committed 142272K, reserved 1179648K
  class space    used 18685K, committed 19136K, reserved 1048576K
}
Event: 38.035 GC heap after
{Heap after GC invocations=81 (full 0):
 garbage-first heap   total 477184K, used 271676K [0x0000000080000000, 0x0000000100000000)
  region size 1024K, 12 young (12288K), 12 survivors (12288K)
 Metaspace       used 141398K, committed 142272K, reserved 1179648K
  class space    used 18685K, committed 19136K, reserved 1048576K
}
Event: 38.263 GC heap before
{Heap before GC invocations=81 (full 0):
 garbage-first heap   total 477184K, used 401724K [0x0000000080000000, 0x0000000100000000)
  region size 1024K, 139 young (142336K), 12 survivors (12288K)
 Metaspace       used 141489K, committed 142400K, reserved 1179648K
  class space    used 18688K, committed 19136K, reserved 1048576K
}

