# JRE version: OpenJDK Runtime Environment (17.0.6) (build 17.0.6+0-b2043.56-10027231)
# Java VM: OpenJDK 64-Bit Server VM (17.0.6+0-b2043.56-10027231, mixed mode, tiered, compressed oops, compressed class ptrs, g1 gc, windows-amd64)
GC Precious Log:
 CPUs: 8 total, 8 available
 Memory: 7991M
 Large Page Support: Disabled
 NUMA Support: Disabled
 Compressed Oops: Enabled (32-bit)
 Heap Region Size: 1M
 Heap Min Capacity: 8M
 Heap Initial Capacity: 126M
 Heap Max Capacity: 2G
 Pre-touch: Disabled
 Parallel Workers: 8
 Concurrent Workers: 2
 Concurrent Refinement Workers: 8
 Periodic GC: Disabled
Heap:
 garbage-first heap   total 452608K, used 347442K [0x0000000080000000, 0x0000000100000000)
  region size 1024K, 6 young (6144K), 6 survivors (6144K)
 Metaspace       used 127917K, committed 128832K, reserved 1163264K
  class space    used 16656K, committed 17088K, reserved 1048576K
GC Heap History (20 events):
Event: 128.725 GC heap after
{Heap after GC invocations=64 (full 0):
 garbage-first heap   total 288768K, used 169183K [0x0000000080000000, 0x0000000100000000)
  region size 1024K, 7 young (7168K), 7 survivors (7168K)
 Metaspace       used 121721K, committed 122688K, reserved 1163264K
  class space    used 15615K, committed 16064K, reserved 1048576K
}
Event: 135.546 GC heap before
{Heap before GC invocations=65 (full 0):
 garbage-first heap   total 288768K, used 272607K [0x0000000080000000, 0x0000000100000000)
  region size 1024K, 48 young (49152K), 7 survivors (7168K)
 Metaspace       used 124811K, committed 125760K, reserved 1163264K
  class space    used 16057K, committed 16512K, reserved 1048576K
}
Event: 135.553 GC heap after
{Heap after GC invocations=66 (full 0):
 garbage-first heap   total 301056K, used 224440K [0x0000000080000000, 0x0000000100000000)
  region size 1024K, 9 young (9216K), 9 survivors (9216K)
 Metaspace       used 124811K, committed 125760K, reserved 1163264K
  class space    used 16057K, committed 16512K, reserved 1048576K
}
Event: 135.555 GC heap before
{Heap before GC invocations=66 (full 0):
 garbage-first heap   total 301056K, used 237752K [0x0000000080000000, 0x0000000100000000)
  region size 1024K, 14 young (14336K), 9 survivors (9216K)
 Metaspace       used 124813K, committed 125760K, reserved 1163264K
  class space    used 16057K, committed 16512K, reserved 1048576K
}
Event: 135.558 GC heap after
{Heap after GC invocations=67 (full 0):
 garbage-first heap   total 301056K, used 214046K [0x0000000080000000, 0x0000000100000000)
  region size 1024K, 2 young (2048K), 2 survivors (2048K)
 Metaspace       used 124813K, committed 125760K, reserved 1163264K
  class space    used 16057K, committed 16512K, reserved 1048576K
}
Event: 135.822 GC heap before
{Heap before GC invocations=67 (full 0):
 garbage-first heap   total 301056K, used 276510K [0x0000000080000000, 0x0000000100000000)
  region size 1024K, 36 young (36864K), 2 survivors (2048K)
 Metaspace       used 125150K, committed 126080K, reserved 1163264K
  class space    used 16105K, committed 16576K, reserved 1048576K
}
Event: 135.831 GC heap after
{Heap after GC invocations=68 (full 0):
 garbage-first heap   total 301056K, used 238160K [0x0000000080000000, 0x0000000100000000)
  region size 1024K, 5 young (5120K), 5 survivors (5120K)
 Metaspace       used 125150K, committed 126080K, reserved 1163264K
  class space    used 16105K, committed 16576K, reserved 1048576K
}
Event: 135.850 GC heap before
{Heap before GC invocations=68 (full 0):
 garbage-first heap   total 301056K, used 243280K [0x0000000080000000, 0x0000000100000000)
  region size 1024K, 11 young (11264K), 5 survivors (5120K)
 Metaspace       used 125150K, committed 126080K, reserved 1163264K
  class space    used 16105K, committed 16576K, reserved 1048576K
}
Event: 135.856 GC heap after
{Heap after GC invocations=69 (full 0):
 garbage-first heap   total 361472K, used 241177K [0x0000000080000000, 0x0000000100000000)
  region size 1024K, 3 young (3072K), 3 survivors (3072K)
 Metaspace       used 125150K, committed 126080K, reserved 1163264K
  class space    used 16105K, committed 16576K, reserved 1048576K
}
Event: 135.900 GC heap before
{Heap before GC invocations=69 (full 0):
 garbage-first heap   total 361472K, used 252441K [0x0000000080000000, 0x0000000100000000)
  region size 1024K, 14 young (14336K), 3 survivors (3072K)
 Metaspace       used 125150K, committed 126080K, reserved 1163264K
  class space    used 16105K, committed 16576K, reserved 1048576K
}
Event: 135.907 GC heap after
{Heap after GC invocations=70 (full 0):
 garbage-first heap   total 361472K, used 246035K [0x0000000080000000, 0x0000000100000000)
  region size 1024K, 6 young (6144K), 6 survivors (6144K)
 Metaspace       used 125150K, committed 126080K, reserved 1163264K
  class space    used 16105K, committed 16576K, reserved 1048576K
}
Event: 136.095 GC heap before
{Heap before GC invocations=71 (full 0):
 garbage-first heap   total 452608K, used 288019K [0x0000000080000000, 0x0000000100000000)
  region size 1024K, 45 young (46080K), 6 survivors (6144K)
 Metaspace       used 125167K, committed 126080K, reserved 1163264K
  class space    used 16106K, committed 16576K, reserved 1048576K
}
Event: 136.111 GC heap after
{Heap after GC invocations=72 (full 0):
 garbage-first heap   total 452608K, used 263143K [0x0000000080000000, 0x0000000100000000)
  region size 1024K, 6 young (6144K), 6 survivors (6144K)
 Metaspace       used 125167K, committed 126080K, reserved 1163264K
  class space    used 16106K, committed 16576K, reserved 1048576K
}
Event: 136.160 GC heap before
{Heap before GC invocations=72 (full 0):
 garbage-first heap   total 452608K, used 281575K [0x0000000080000000, 0x0000000100000000)
  region size 1024K, 22 young (22528K), 6 survivors (6144K)
 Metaspace       used 125169K, committed 126080K, reserved 1163264K
  class space    used 16106K, committed 16576K, reserved 1048576K
}
Event: 136.173 GC heap after
{Heap after GC invocations=73 (full 0):
 garbage-first heap   total 452608K, used 269345K [0x0000000080000000, 0x0000000100000000)
  region size 1024K, 3 young (3072K), 3 survivors (3072K)
 Metaspace       used 125169K, committed 126080K, reserved 1163264K
  class space    used 16106K, committed 16576K, reserved 1048576K
}
Event: 136.906 GC heap before
{Heap before GC invocations=73 (full 0):
 garbage-first heap   total 452608K, used 334881K [0x0000000080000000, 0x0000000100000000)
  region size 1024K, 68 young (69632K), 3 survivors (3072K)
 Metaspace       used 127880K, committed 128832K, reserved 1163264K
  class space    used 16656K, committed 17088K, reserved 1048576K
}
Event: 136.927 GC heap after
{Heap after GC invocations=74 (full 0):
 garbage-first heap   total 452608K, used 297778K [0x0000000080000000, 0x0000000100000000)
  region size 1024K, 9 young (9216K), 9 survivors (9216K)
 Metaspace       used 127880K, committed 128832K, reserved 1163264K
  class space    used 16656K, committed 17088K, reserved 1048576K
}
Event: 137.017 GC heap before
{Heap before GC invocations=74 (full 0):
 garbage-first heap   total 452608K, used 351026K [0x0000000080000000, 0x0000000100000000)
  region size 1024K, 61 young (62464K), 9 survivors (9216K)
 Metaspace       used 127913K, committed 128832K, reserved 1163264K
  class space    used 16656K, committed 17088K, reserved 1048576K
}
Event: 137.045 GC heap after
{Heap after GC invocations=75 (full 0):
 garbage-first heap   total 452608K, used 326450K [0x0000000080000000, 0x0000000100000000)
  region size 1024K, 8 young (8192K), 8 survivors (8192K)
 Metaspace       used 127913K, committed 128832K, reserved 1163264K
  class space    used 16656K, committed 17088K, reserved 1048576K
}
Event: 137.102 GC heap before
{Heap before GC invocations=75 (full 0):
 garbage-first heap   total 452608K, used 363314K [0x0000000080000000, 0x0000000100000000)
  region size 1024K, 45 young (46080K), 8 survivors (8192K)
 Metaspace       used 127917K, committed 128832K, reserved 1163264K
  class space    used 16656K, committed 17088K, reserved 1048576K
}

