# JRE version: OpenJDK Runtime Environment (17.0.6) (build 17.0.6+0-b2043.56-10027231)
# Java VM: OpenJDK 64-Bit Server VM (17.0.6+0-b2043.56-10027231, mixed mode, tiered, compressed oops, compressed class ptrs, g1 gc, windows-amd64)
GC Precious Log:
 CPUs: 8 total, 8 available
 Memory: 7991M
 Large Page Support: Disabled
 NUMA Support: Disabled
 Compressed Oops: Enabled (32-bit)
 Heap Region Size: 1M
 Heap Min Capacity: 8M
 Heap Initial Capacity: 126M
 Heap Max Capacity: 2G
 Pre-touch: Disabled
 Parallel Workers: 8
 Concurrent Workers: 2
 Concurrent Refinement Workers: 8
 Periodic GC: Disabled
Heap:
 garbage-first heap   total 337920K, used 292950K [0x0000000080000000, 0x0000000100000000)
  region size 1024K, 6 young (6144K), 2 survivors (2048K)
 Metaspace       used 128516K, committed 129792K, reserved 1163264K
  class space    used 16868K, committed 17536K, reserved 1048576K
GC Heap History (20 events):
Event: 352.888 GC heap before
{Heap before GC invocations=70 (full 0):
 garbage-first heap   total 337920K, used 294761K [0x0000000080000000, 0x0000000100000000)
  region size 1024K, 26 young (26624K), 4 survivors (4096K)
 Metaspace       used 128194K, committed 129472K, reserved 1163264K
  class space    used 16810K, committed 17472K, reserved 1048576K
}
Event: 352.893 GC heap after
{Heap after GC invocations=71 (full 0):
 garbage-first heap   total 337920K, used 276570K [0x0000000080000000, 0x0000000100000000)
  region size 1024K, 4 young (4096K), 4 survivors (4096K)
 Metaspace       used 128194K, committed 129472K, reserved 1163264K
  class space    used 16810K, committed 17472K, reserved 1048576K
}
Event: 354.018 GC heap before
{Heap before GC invocations=71 (full 0):
 garbage-first heap   total 337920K, used 295002K [0x0000000080000000, 0x0000000100000000)
  region size 1024K, 22 young (22528K), 4 survivors (4096K)
 Metaspace       used 128216K, committed 129536K, reserved 1163264K
  class space    used 16810K, committed 17472K, reserved 1048576K
}
Event: 354.022 GC heap after
{Heap after GC invocations=72 (full 0):
 garbage-first heap   total 337920K, used 278714K [0x0000000080000000, 0x0000000100000000)
  region size 1024K, 3 young (3072K), 3 survivors (3072K)
 Metaspace       used 128216K, committed 129536K, reserved 1163264K
  class space    used 16810K, committed 17472K, reserved 1048576K
}
Event: 356.066 GC heap before
{Heap before GC invocations=72 (full 0):
 garbage-first heap   total 337920K, used 295098K [0x0000000080000000, 0x0000000100000000)
  region size 1024K, 20 young (20480K), 3 survivors (3072K)
 Metaspace       used 128256K, committed 129536K, reserved 1163264K
  class space    used 16816K, committed 17472K, reserved 1048576K
}
Event: 356.069 GC heap after
{Heap after GC invocations=73 (full 0):
 garbage-first heap   total 337920K, used 281098K [0x0000000080000000, 0x0000000100000000)
  region size 1024K, 3 young (3072K), 3 survivors (3072K)
 Metaspace       used 128256K, committed 129536K, reserved 1163264K
  class space    used 16816K, committed 17472K, reserved 1048576K
}
Event: 357.074 GC heap before
{Heap before GC invocations=73 (full 0):
 garbage-first heap   total 337920K, used 295434K [0x0000000080000000, 0x0000000100000000)
  region size 1024K, 18 young (18432K), 3 survivors (3072K)
 Metaspace       used 128276K, committed 129536K, reserved 1163264K
  class space    used 16820K, committed 17472K, reserved 1048576K
}
Event: 357.077 GC heap after
{Heap after GC invocations=74 (full 0):
 garbage-first heap   total 337920K, used 283062K [0x0000000080000000, 0x0000000100000000)
  region size 1024K, 3 young (3072K), 3 survivors (3072K)
 Metaspace       used 128276K, committed 129536K, reserved 1163264K
  class space    used 16820K, committed 17472K, reserved 1048576K
}
Event: 358.197 GC heap before
{Heap before GC invocations=74 (full 0):
 garbage-first heap   total 337920K, used 295350K [0x0000000080000000, 0x0000000100000000)
  region size 1024K, 16 young (16384K), 3 survivors (3072K)
 Metaspace       used 128391K, committed 129664K, reserved 1163264K
  class space    used 16843K, committed 17472K, reserved 1048576K
}
Event: 358.200 GC heap after
{Heap after GC invocations=75 (full 0):
 garbage-first heap   total 337920K, used 284464K [0x0000000080000000, 0x0000000100000000)
  region size 1024K, 2 young (2048K), 2 survivors (2048K)
 Metaspace       used 128391K, committed 129664K, reserved 1163264K
  class space    used 16843K, committed 17472K, reserved 1048576K
}
Event: 358.827 GC heap before
{Heap before GC invocations=75 (full 0):
 garbage-first heap   total 337920K, used 297776K [0x0000000080000000, 0x0000000100000000)
  region size 1024K, 16 young (16384K), 2 survivors (2048K)
 Metaspace       used 128391K, committed 129664K, reserved 1163264K
  class space    used 16843K, committed 17472K, reserved 1048576K
}
Event: 358.829 GC heap after
{Heap after GC invocations=76 (full 0):
 garbage-first heap   total 337920K, used 286115K [0x0000000080000000, 0x0000000100000000)
  region size 1024K, 2 young (2048K), 2 survivors (2048K)
 Metaspace       used 128391K, committed 129664K, reserved 1163264K
  class space    used 16843K, committed 17472K, reserved 1048576K
}
Event: 359.272 GC heap before
{Heap before GC invocations=76 (full 0):
 garbage-first heap   total 337920K, used 299427K [0x0000000080000000, 0x0000000100000000)
  region size 1024K, 16 young (16384K), 2 survivors (2048K)
 Metaspace       used 128394K, committed 129664K, reserved 1163264K
  class space    used 16843K, committed 17472K, reserved 1048576K
}
Event: 359.274 GC heap after
{Heap after GC invocations=77 (full 0):
 garbage-first heap   total 337920K, used 287363K [0x0000000080000000, 0x0000000100000000)
  region size 1024K, 2 young (2048K), 2 survivors (2048K)
 Metaspace       used 128394K, committed 129664K, reserved 1163264K
  class space    used 16843K, committed 17472K, reserved 1048576K
}
Event: 359.683 GC heap before
{Heap before GC invocations=77 (full 0):
 garbage-first heap   total 337920K, used 300675K [0x0000000080000000, 0x0000000100000000)
  region size 1024K, 16 young (16384K), 2 survivors (2048K)
 Metaspace       used 128400K, committed 129664K, reserved 1163264K
  class space    used 16843K, committed 17472K, reserved 1048576K
}
Event: 359.686 GC heap after
{Heap after GC invocations=78 (full 0):
 garbage-first heap   total 337920K, used 288670K [0x0000000080000000, 0x0000000100000000)
  region size 1024K, 2 young (2048K), 2 survivors (2048K)
 Metaspace       used 128400K, committed 129664K, reserved 1163264K
  class space    used 16843K, committed 17472K, reserved 1048576K
}
Event: 359.956 GC heap before
{Heap before GC invocations=78 (full 0):
 garbage-first heap   total 337920K, used 301982K [0x0000000080000000, 0x0000000100000000)
  region size 1024K, 16 young (16384K), 2 survivors (2048K)
 Metaspace       used 128426K, committed 129664K, reserved 1163264K
  class space    used 16845K, committed 17472K, reserved 1048576K
}
Event: 359.959 GC heap after
{Heap after GC invocations=79 (full 0):
 garbage-first heap   total 337920K, used 290399K [0x0000000080000000, 0x0000000100000000)
  region size 1024K, 2 young (2048K), 2 survivors (2048K)
 Metaspace       used 128426K, committed 129664K, reserved 1163264K
  class space    used 16845K, committed 17472K, reserved 1048576K
}
Event: 360.393 GC heap before
{Heap before GC invocations=79 (full 0):
 garbage-first heap   total 337920K, used 303711K [0x0000000080000000, 0x0000000100000000)
  region size 1024K, 16 young (16384K), 2 survivors (2048K)
 Metaspace       used 128426K, committed 129664K, reserved 1163264K
  class space    used 16845K, committed 17472K, reserved 1048576K
}
Event: 360.398 GC heap after
{Heap after GC invocations=80 (full 0):
 garbage-first heap   total 337920K, used 291926K [0x0000000080000000, 0x0000000100000000)
  region size 1024K, 2 young (2048K), 2 survivors (2048K)
 Metaspace       used 128426K, committed 129664K, reserved 1163264K
  class space    used 16845K, committed 17472K, reserved 1048576K
}

