# JRE version: OpenJDK Runtime Environment (17.0.6) (build 17.0.6+0-b2043.56-10027231)
# Java VM: OpenJDK 64-Bit Server VM (17.0.6+0-b2043.56-10027231, mixed mode, tiered, compressed oops, compressed class ptrs, g1 gc, windows-amd64)
GC Precious Log:
 CPUs: 8 total, 8 available
 Memory: 7991M
 Large Page Support: Disabled
 NUMA Support: Disabled
 Compressed Oops: Enabled (32-bit)
 Heap Region Size: 1M
 Heap Min Capacity: 8M
 Heap Initial Capacity: 126M
 Heap Max Capacity: 2G
 Pre-touch: Disabled
 Parallel Workers: 8
 Concurrent Workers: 2
 Concurrent Refinement Workers: 8
 Periodic GC: Disabled
Heap:
 garbage-first heap   total 413696K, used 262362K [0x0000000080000000, 0x0000000100000000)
  region size 1024K, 51 young (52224K), 12 survivors (12288K)
 Metaspace       used 153096K, committed 154240K, reserved 1187840K
  class space    used 20349K, committed 20928K, reserved 1048576K
GC Heap History (20 events):
Event: 528.275 GC heap before
{Heap before GC invocations=73 (full 0):
 garbage-first heap   total 339968K, used 219514K [0x0000000080000000, 0x0000000100000000)
  region size 1024K, 16 young (16384K), 5 survivors (5120K)
 Metaspace       used 149147K, committed 150208K, reserved 1179648K
  class space    used 20091K, committed 20608K, reserved 1048576K
}
Event: 528.285 GC heap after
{Heap after GC invocations=74 (full 0):
 garbage-first heap   total 339968K, used 183432K [0x0000000080000000, 0x0000000100000000)
  region size 1024K, 2 young (2048K), 2 survivors (2048K)
 Metaspace       used 149147K, committed 150208K, reserved 1179648K
  class space    used 20091K, committed 20608K, reserved 1048576K
}
Event: 528.606 GC heap before
{Heap before GC invocations=74 (full 0):
 garbage-first heap   total 339968K, used 197768K [0x0000000080000000, 0x0000000100000000)
  region size 1024K, 16 young (16384K), 2 survivors (2048K)
 Metaspace       used 149721K, committed 150784K, reserved 1179648K
  class space    used 20134K, committed 20672K, reserved 1048576K
}
Event: 528.614 GC heap after
{Heap after GC invocations=75 (full 0):
 garbage-first heap   total 339968K, used 179607K [0x0000000080000000, 0x0000000100000000)
  region size 1024K, 1 young (1024K), 1 survivors (1024K)
 Metaspace       used 149721K, committed 150784K, reserved 1179648K
  class space    used 20134K, committed 20672K, reserved 1048576K
}
Event: 528.963 GC heap before
{Heap before GC invocations=75 (full 0):
 garbage-first heap   total 339968K, used 276887K [0x0000000080000000, 0x0000000100000000)
  region size 1024K, 93 young (95232K), 1 survivors (1024K)
 Metaspace       used 150554K, committed 151552K, reserved 1187840K
  class space    used 20164K, committed 20672K, reserved 1048576K
}
Event: 528.969 GC heap after
{Heap after GC invocations=76 (full 0):
 garbage-first heap   total 339968K, used 189028K [0x0000000080000000, 0x0000000100000000)
  region size 1024K, 10 young (10240K), 10 survivors (10240K)
 Metaspace       used 150554K, committed 151552K, reserved 1187840K
  class space    used 20164K, committed 20672K, reserved 1048576K
}
Event: 529.691 GC heap before
{Heap before GC invocations=77 (full 0):
 garbage-first heap   total 373760K, used 279140K [0x0000000080000000, 0x0000000100000000)
  region size 1024K, 95 young (97280K), 10 survivors (10240K)
 Metaspace       used 151322K, committed 152384K, reserved 1187840K
  class space    used 20180K, committed 20672K, reserved 1048576K
}
Event: 529.694 GC heap after
{Heap after GC invocations=78 (full 0):
 garbage-first heap   total 373760K, used 181098K [0x0000000080000000, 0x0000000100000000)
  region size 1024K, 2 young (2048K), 2 survivors (2048K)
 Metaspace       used 151322K, committed 152384K, reserved 1187840K
  class space    used 20180K, committed 20672K, reserved 1048576K
}
Event: 573.158 GC heap before
{Heap before GC invocations=78 (full 0):
 garbage-first heap   total 373760K, used 228202K [0x0000000080000000, 0x0000000100000000)
  region size 1024K, 18 young (18432K), 2 survivors (2048K)
 Metaspace       used 151540K, committed 152576K, reserved 1187840K
  class space    used 20205K, committed 20736K, reserved 1048576K
}
Event: 573.163 GC heap after
{Heap after GC invocations=79 (full 0):
 garbage-first heap   total 373760K, used 169732K [0x0000000080000000, 0x0000000100000000)
  region size 1024K, 1 young (1024K), 1 survivors (1024K)
 Metaspace       used 151540K, committed 152576K, reserved 1187840K
  class space    used 20205K, committed 20736K, reserved 1048576K
}
Event: 927.411 GC heap before
{Heap before GC invocations=79 (full 0):
 garbage-first heap   total 373760K, used 306948K [0x0000000080000000, 0x0000000100000000)
  region size 1024K, 133 young (136192K), 1 survivors (1024K)
 Metaspace       used 152032K, committed 153024K, reserved 1187840K
  class space    used 20223K, committed 20736K, reserved 1048576K
}
Event: 927.426 GC heap after
{Heap after GC invocations=80 (full 0):
 garbage-first heap   total 373760K, used 194551K [0x0000000080000000, 0x0000000100000000)
  region size 1024K, 17 young (17408K), 17 survivors (17408K)
 Metaspace       used 152032K, committed 153024K, reserved 1187840K
  class space    used 20223K, committed 20736K, reserved 1048576K
}
Event: 927.627 GC heap before
{Heap before GC invocations=80 (full 0):
 garbage-first heap   total 373760K, used 230391K [0x0000000080000000, 0x0000000100000000)
  region size 1024K, 54 young (55296K), 17 survivors (17408K)
 Metaspace       used 152073K, committed 153152K, reserved 1187840K
  class space    used 20223K, committed 20736K, reserved 1048576K
}
Event: 927.643 GC heap after
{Heap after GC invocations=81 (full 0):
 garbage-first heap   total 373760K, used 214368K [0x0000000080000000, 0x0000000100000000)
  region size 1024K, 15 young (15360K), 15 survivors (15360K)
 Metaspace       used 152073K, committed 153152K, reserved 1187840K
  class space    used 20223K, committed 20736K, reserved 1048576K
}
Event: 929.692 GC heap before
{Heap before GC invocations=82 (full 0):
 garbage-first heap   total 413696K, used 300384K [0x0000000080000000, 0x0000000100000000)
  region size 1024K, 73 young (74752K), 15 survivors (15360K)
 Metaspace       used 152313K, committed 153408K, reserved 1187840K
  class space    used 20249K, committed 20800K, reserved 1048576K
}
Event: 929.702 GC heap after
{Heap after GC invocations=83 (full 0):
 garbage-first heap   total 413696K, used 220338K [0x0000000080000000, 0x0000000100000000)
  region size 1024K, 7 young (7168K), 7 survivors (7168K)
 Metaspace       used 152313K, committed 153408K, reserved 1187840K
  class space    used 20249K, committed 20800K, reserved 1048576K
}
Event: 935.649 GC heap before
{Heap before GC invocations=83 (full 0):
 garbage-first heap   total 413696K, used 232626K [0x0000000080000000, 0x0000000100000000)
  region size 1024K, 20 young (20480K), 7 survivors (7168K)
 Metaspace       used 152584K, committed 153728K, reserved 1187840K
  class space    used 20291K, committed 20864K, reserved 1048576K
}
Event: 935.656 GC heap after
{Heap after GC invocations=84 (full 0):
 garbage-first heap   total 413696K, used 210225K [0x0000000080000000, 0x0000000100000000)
  region size 1024K, 2 young (2048K), 2 survivors (2048K)
 Metaspace       used 152584K, committed 153728K, reserved 1187840K
  class space    used 20291K, committed 20864K, reserved 1048576K
}
Event: 936.159 GC heap before
{Heap before GC invocations=84 (full 0):
 garbage-first heap   total 413696K, used 301361K [0x0000000080000000, 0x0000000100000000)
  region size 1024K, 92 young (94208K), 2 survivors (2048K)
 Metaspace       used 152991K, committed 154176K, reserved 1187840K
  class space    used 20332K, committed 20928K, reserved 1048576K
}
Event: 936.168 GC heap after
{Heap after GC invocations=85 (full 0):
 garbage-first heap   total 413696K, used 223450K [0x0000000080000000, 0x0000000100000000)
  region size 1024K, 12 young (12288K), 12 survivors (12288K)
 Metaspace       used 152991K, committed 154176K, reserved 1187840K
  class space    used 20332K, committed 20928K, reserved 1048576K
}

