# JRE version: OpenJDK Runtime Environment (17.0.6) (build 17.0.6+0-b2043.56-10027231)
# Java VM: OpenJDK 64-Bit Server VM (17.0.6+0-b2043.56-10027231, mixed mode, tiered, compressed oops, compressed class ptrs, g1 gc, windows-amd64)
GC Precious Log:
 CPUs: 8 total, 8 available
 Memory: 7991M
 Large Page Support: Disabled
 NUMA Support: Disabled
 Compressed Oops: Enabled (32-bit)
 Heap Region Size: 1M
 Heap Min Capacity: 8M
 Heap Initial Capacity: 126M
 Heap Max Capacity: 2G
 Pre-touch: Disabled
 Parallel Workers: 8
 Concurrent Workers: 2
 Concurrent Refinement Workers: 8
 Periodic GC: Disabled
Heap:
 garbage-first heap   total 463872K, used 350563K [0x0000000080000000, 0x0000000100000000)
  region size 1024K, 7 young (7168K), 7 survivors (7168K)
 Metaspace       used 112199K, committed 112960K, reserved 1146880K
  class space    used 15214K, committed 15552K, reserved 1048576K
GC Heap History (20 events):
Event: 46.538 GC heap after
{Heap after GC invocations=46 (full 0):
 garbage-first heap   total 168960K, used 109392K [0x0000000080000000, 0x0000000100000000)
  region size 1024K, 5 young (5120K), 5 survivors (5120K)
 Metaspace       used 98968K, committed 99584K, reserved 1138688K
  class space    used 13282K, committed 13568K, reserved 1048576K
}
Event: 48.386 GC heap before
{Heap before GC invocations=46 (full 0):
 garbage-first heap   total 168960K, used 137040K [0x0000000080000000, 0x0000000100000000)
  region size 1024K, 33 young (33792K), 5 survivors (5120K)
 Metaspace       used 99074K, committed 99840K, reserved 1138688K
  class space    used 13286K, committed 13632K, reserved 1048576K
}
Event: 48.389 GC heap after
{Heap after GC invocations=47 (full 0):
 garbage-first heap   total 168960K, used 111280K [0x0000000080000000, 0x0000000100000000)
  region size 1024K, 5 young (5120K), 5 survivors (5120K)
 Metaspace       used 99074K, committed 99840K, reserved 1138688K
  class space    used 13286K, committed 13632K, reserved 1048576K
}
Event: 51.270 GC heap before
{Heap before GC invocations=48 (full 0):
 garbage-first heap   total 194560K, used 137904K [0x0000000080000000, 0x0000000100000000)
  region size 1024K, 32 young (32768K), 5 survivors (5120K)
 Metaspace       used 99485K, committed 100096K, reserved 1138688K
  class space    used 13335K, committed 13632K, reserved 1048576K
}
Event: 51.274 GC heap after
{Heap after GC invocations=49 (full 0):
 garbage-first heap   total 194560K, used 112940K [0x0000000080000000, 0x0000000100000000)
  region size 1024K, 4 young (4096K), 4 survivors (4096K)
 Metaspace       used 99485K, committed 100096K, reserved 1138688K
  class space    used 13335K, committed 13632K, reserved 1048576K
}
Event: 51.298 GC heap before
{Heap before GC invocations=49 (full 0):
 garbage-first heap   total 194560K, used 117036K [0x0000000080000000, 0x0000000100000000)
  region size 1024K, 9 young (9216K), 4 survivors (4096K)
 Metaspace       used 99488K, committed 100160K, reserved 1138688K
  class space    used 13335K, committed 13632K, reserved 1048576K
}
Event: 51.302 GC heap after
{Heap after GC invocations=50 (full 0):
 garbage-first heap   total 194560K, used 112387K [0x0000000080000000, 0x0000000100000000)
  region size 1024K, 2 young (2048K), 2 survivors (2048K)
 Metaspace       used 99488K, committed 100160K, reserved 1138688K
  class space    used 13335K, committed 13632K, reserved 1048576K
}
Event: 52.800 GC heap before
{Heap before GC invocations=50 (full 0):
 garbage-first heap   total 194560K, used 157443K [0x0000000080000000, 0x0000000100000000)
  region size 1024K, 47 young (48128K), 2 survivors (2048K)
 Metaspace       used 99628K, committed 100288K, reserved 1138688K
  class space    used 13337K, committed 13632K, reserved 1048576K
}
Event: 52.804 GC heap after
{Heap after GC invocations=51 (full 0):
 garbage-first heap   total 410624K, used 116326K [0x0000000080000000, 0x0000000100000000)
  region size 1024K, 6 young (6144K), 6 survivors (6144K)
 Metaspace       used 99628K, committed 100288K, reserved 1138688K
  class space    used 13337K, committed 13632K, reserved 1048576K
}
Event: 64.445 GC heap before
{Heap before GC invocations=51 (full 0):
 garbage-first heap   total 410624K, used 340582K [0x0000000080000000, 0x0000000100000000)
  region size 1024K, 199 young (203776K), 6 survivors (6144K)
 Metaspace       used 107458K, committed 108224K, reserved 1146880K
  class space    used 14383K, committed 14720K, reserved 1048576K
}
Event: 64.457 GC heap after
{Heap after GC invocations=52 (full 0):
 garbage-first heap   total 410624K, used 164889K [0x0000000080000000, 0x0000000100000000)
  region size 1024K, 25 young (25600K), 25 survivors (25600K)
 Metaspace       used 107458K, committed 108224K, reserved 1146880K
  class space    used 14383K, committed 14720K, reserved 1048576K
}
Event: 65.289 GC heap before
{Heap before GC invocations=53 (full 0):
 garbage-first heap   total 423936K, used 385049K [0x0000000080000000, 0x0000000100000000)
  region size 1024K, 173 young (177152K), 25 survivors (25600K)
 Metaspace       used 110404K, committed 111168K, reserved 1146880K
  class space    used 14982K, committed 15296K, reserved 1048576K
}
Event: 65.336 GC heap after
{Heap after GC invocations=54 (full 0):
 garbage-first heap   total 463872K, used 245590K [0x0000000080000000, 0x0000000100000000)
  region size 1024K, 22 young (22528K), 22 survivors (22528K)
 Metaspace       used 110404K, committed 111168K, reserved 1146880K
  class space    used 14982K, committed 15296K, reserved 1048576K
}
Event: 65.339 GC heap before
{Heap before GC invocations=54 (full 0):
 garbage-first heap   total 463872K, used 246614K [0x0000000080000000, 0x0000000100000000)
  region size 1024K, 23 young (23552K), 22 survivors (22528K)
 Metaspace       used 110404K, committed 111168K, reserved 1146880K
  class space    used 14982K, committed 15296K, reserved 1048576K
}
Event: 65.356 GC heap after
{Heap after GC invocations=55 (full 0):
 garbage-first heap   total 463872K, used 248675K [0x0000000080000000, 0x0000000100000000)
  region size 1024K, 3 young (3072K), 3 survivors (3072K)
 Metaspace       used 110404K, committed 111168K, reserved 1146880K
  class space    used 14982K, committed 15296K, reserved 1048576K
}
Event: 65.518 GC heap before
{Heap before GC invocations=55 (full 0):
 garbage-first heap   total 463872K, used 350051K [0x0000000080000000, 0x0000000100000000)
  region size 1024K, 103 young (105472K), 3 survivors (3072K)
 Metaspace       used 110558K, committed 111296K, reserved 1146880K
  class space    used 14982K, committed 15296K, reserved 1048576K
}
Event: 65.543 GC heap after
{Heap after GC invocations=56 (full 0):
 garbage-first heap   total 463872K, used 299875K [0x0000000080000000, 0x0000000100000000)
  region size 1024K, 13 young (13312K), 13 survivors (13312K)
 Metaspace       used 110558K, committed 111296K, reserved 1146880K
  class space    used 14982K, committed 15296K, reserved 1048576K
}
Event: 65.633 GC heap before
{Heap before GC invocations=56 (full 0):
 garbage-first heap   total 463872K, used 359267K [0x0000000080000000, 0x0000000100000000)
  region size 1024K, 72 young (73728K), 13 survivors (13312K)
 Metaspace       used 110560K, committed 111296K, reserved 1146880K
  class space    used 14982K, committed 15296K, reserved 1048576K
}
Event: 65.659 GC heap after
{Heap after GC invocations=57 (full 0):
 garbage-first heap   total 463872K, used 332643K [0x0000000080000000, 0x0000000100000000)
  region size 1024K, 9 young (9216K), 9 survivors (9216K)
 Metaspace       used 110560K, committed 111296K, reserved 1146880K
  class space    used 14982K, committed 15296K, reserved 1048576K
}
Event: 67.259 GC heap before
{Heap before GC invocations=57 (full 0):
 garbage-first heap   total 463872K, used 372579K [0x0000000080000000, 0x0000000100000000)
  region size 1024K, 49 young (50176K), 9 survivors (9216K)
 Metaspace       used 112199K, committed 112960K, reserved 1146880K
  class space    used 15214K, committed 15552K, reserved 1048576K
}

