# JRE version: OpenJDK Runtime Environment (17.0.6) (build 17.0.6+0-b2043.56-10027231)
# Java VM: OpenJDK 64-Bit Server VM (17.0.6+0-b2043.56-10027231, mixed mode, tiered, compressed oops, compressed class ptrs, g1 gc, windows-amd64)
GC Precious Log:
 CPUs: 8 total, 8 available
 Memory: 7991M
 Large Page Support: Disabled
 NUMA Support: Disabled
 Compressed Oops: Enabled (32-bit)
 Heap Region Size: 1M
 Heap Min Capacity: 8M
 Heap Initial Capacity: 126M
 Heap Max Capacity: 2G
 Pre-touch: Disabled
 Parallel Workers: 8
 Concurrent Workers: 2
 Concurrent Refinement Workers: 8
 Periodic GC: Disabled
Heap:
 garbage-first heap   total 309248K, used 175566K [0x0000000080000000, 0x0000000100000000)
  region size 1024K, 4 young (4096K), 4 survivors (4096K)
 Metaspace       used 95961K, committed 96704K, reserved 1138688K
  class space    used 12900K, committed 13248K, reserved 1048576K
GC Heap History (20 events):
Event: 8.689 GC heap after
{Heap after GC invocations=28 (full 0):
 garbage-first heap   total 250880K, used 95734K [0x0000000080000000, 0x0000000100000000)
  region size 1024K, 14 young (14336K), 14 survivors (14336K)
 Metaspace       used 66097K, committed 66816K, reserved 1114112K
  class space    used 8804K, committed 9152K, reserved 1048576K
}
Event: 10.643 GC heap before
{Heap before GC invocations=28 (full 0):
 garbage-first heap   total 250880K, used 185846K [0x0000000080000000, 0x0000000100000000)
  region size 1024K, 96 young (98304K), 14 survivors (14336K)
 Metaspace       used 74520K, committed 75136K, reserved 1114112K
  class space    used 9880K, committed 10176K, reserved 1048576K
}
Event: 10.650 GC heap after
{Heap after GC invocations=29 (full 0):
 garbage-first heap   total 250880K, used 103855K [0x0000000080000000, 0x0000000100000000)
  region size 1024K, 8 young (8192K), 8 survivors (8192K)
 Metaspace       used 74520K, committed 75136K, reserved 1114112K
  class space    used 9880K, committed 10176K, reserved 1048576K
}
Event: 12.756 GC heap before
{Heap before GC invocations=29 (full 0):
 garbage-first heap   total 250880K, used 186799K [0x0000000080000000, 0x0000000100000000)
  region size 1024K, 89 young (91136K), 8 survivors (8192K)
 Metaspace       used 81645K, committed 82304K, reserved 1122304K
  class space    used 10845K, committed 11136K, reserved 1048576K
}
Event: 12.763 GC heap after
{Heap after GC invocations=30 (full 0):
 garbage-first heap   total 250880K, used 110740K [0x0000000080000000, 0x0000000100000000)
  region size 1024K, 8 young (8192K), 8 survivors (8192K)
 Metaspace       used 81645K, committed 82304K, reserved 1122304K
  class space    used 10845K, committed 11136K, reserved 1048576K
}
Event: 14.646 GC heap before
{Heap before GC invocations=30 (full 0):
 garbage-first heap   total 250880K, used 193684K [0x0000000080000000, 0x0000000100000000)
  region size 1024K, 89 young (91136K), 8 survivors (8192K)
 Metaspace       used 88055K, committed 88704K, reserved 1130496K
  class space    used 11922K, committed 12224K, reserved 1048576K
}
Event: 14.653 GC heap after
{Heap after GC invocations=31 (full 0):
 garbage-first heap   total 250880K, used 115861K [0x0000000080000000, 0x0000000100000000)
  region size 1024K, 8 young (8192K), 8 survivors (8192K)
 Metaspace       used 88055K, committed 88704K, reserved 1130496K
  class space    used 11922K, committed 12224K, reserved 1048576K
}
Event: 15.373 GC heap before
{Heap before GC invocations=31 (full 0):
 garbage-first heap   total 250880K, used 158869K [0x0000000080000000, 0x0000000100000000)
  region size 1024K, 49 young (50176K), 8 survivors (8192K)
 Metaspace       used 91566K, committed 92352K, reserved 1130496K
  class space    used 12265K, committed 12608K, reserved 1048576K
}
Event: 15.381 GC heap after
{Heap after GC invocations=32 (full 0):
 garbage-first heap   total 250880K, used 125788K [0x0000000080000000, 0x0000000100000000)
  region size 1024K, 8 young (8192K), 8 survivors (8192K)
 Metaspace       used 91566K, committed 92352K, reserved 1130496K
  class space    used 12265K, committed 12608K, reserved 1048576K
}
Event: 15.931 GC heap before
{Heap before GC invocations=33 (full 0):
 garbage-first heap   total 250880K, used 218972K [0x0000000080000000, 0x0000000100000000)
  region size 1024K, 76 young (77824K), 8 survivors (8192K)
 Metaspace       used 95941K, committed 96704K, reserved 1138688K
  class space    used 12899K, committed 13248K, reserved 1048576K
}
Event: 15.941 GC heap after
{Heap after GC invocations=34 (full 0):
 garbage-first heap   total 250880K, used 160113K [0x0000000080000000, 0x0000000100000000)
  region size 1024K, 10 young (10240K), 10 survivors (10240K)
 Metaspace       used 95941K, committed 96704K, reserved 1138688K
  class space    used 12899K, committed 13248K, reserved 1048576K
}
Event: 15.946 GC heap before
{Heap before GC invocations=34 (full 0):
 garbage-first heap   total 250880K, used 162161K [0x0000000080000000, 0x0000000100000000)
  region size 1024K, 12 young (12288K), 10 survivors (10240K)
 Metaspace       used 95941K, committed 96704K, reserved 1138688K
  class space    used 12899K, committed 13248K, reserved 1048576K
}
Event: 15.950 GC heap after
{Heap after GC invocations=35 (full 0):
 garbage-first heap   total 250880K, used 160562K [0x0000000080000000, 0x0000000100000000)
  region size 1024K, 2 young (2048K), 2 survivors (2048K)
 Metaspace       used 95941K, committed 96704K, reserved 1138688K
  class space    used 12899K, committed 13248K, reserved 1048576K
}
Event: 16.085 GC heap before
{Heap before GC invocations=35 (full 0):
 garbage-first heap   total 250880K, used 206642K [0x0000000080000000, 0x0000000100000000)
  region size 1024K, 47 young (48128K), 2 survivors (2048K)
 Metaspace       used 95941K, committed 96704K, reserved 1138688K
  class space    used 12899K, committed 13248K, reserved 1048576K
}
Event: 16.094 GC heap after
{Heap after GC invocations=36 (full 0):
 garbage-first heap   total 250880K, used 177504K [0x0000000080000000, 0x0000000100000000)
  region size 1024K, 6 young (6144K), 6 survivors (6144K)
 Metaspace       used 95941K, committed 96704K, reserved 1138688K
  class space    used 12899K, committed 13248K, reserved 1048576K
}
Event: 16.274 GC heap before
{Heap before GC invocations=37 (full 0):
 garbage-first heap   total 309248K, used 201056K [0x0000000080000000, 0x0000000100000000)
  region size 1024K, 34 young (34816K), 6 survivors (6144K)
 Metaspace       used 95960K, committed 96704K, reserved 1138688K
  class space    used 12899K, committed 13248K, reserved 1048576K
}
Event: 16.279 GC heap after
{Heap after GC invocations=38 (full 0):
 garbage-first heap   total 309248K, used 175599K [0x0000000080000000, 0x0000000100000000)
  region size 1024K, 3 young (3072K), 3 survivors (3072K)
 Metaspace       used 95960K, committed 96704K, reserved 1138688K
  class space    used 12899K, committed 13248K, reserved 1048576K
}
Event: 16.327 GC heap before
{Heap before GC invocations=38 (full 0):
 garbage-first heap   total 309248K, used 187887K [0x0000000080000000, 0x0000000100000000)
  region size 1024K, 15 young (15360K), 3 survivors (3072K)
 Metaspace       used 95960K, committed 96704K, reserved 1138688K
  class space    used 12899K, committed 13248K, reserved 1048576K
}
Event: 16.330 GC heap after
{Heap after GC invocations=39 (full 0):
 garbage-first heap   total 309248K, used 173630K [0x0000000080000000, 0x0000000100000000)
  region size 1024K, 2 young (2048K), 2 survivors (2048K)
 Metaspace       used 95960K, committed 96704K, reserved 1138688K
  class space    used 12899K, committed 13248K, reserved 1048576K
}
Event: 16.533 GC heap before
{Heap before GC invocations=39 (full 0):
 garbage-first heap   total 309248K, used 241214K [0x0000000080000000, 0x0000000100000000)
  region size 1024K, 68 young (69632K), 2 survivors (2048K)
 Metaspace       used 95961K, committed 96704K, reserved 1138688K
  class space    used 12900K, committed 13248K, reserved 1048576K
}

