# JRE version: OpenJDK Runtime Environment (17.0.6) (build 17.0.6+0-b2043.56-10027231)
# Java VM: OpenJDK 64-Bit Server VM (17.0.6+0-b2043.56-10027231, mixed mode, tiered, compressed oops, compressed class ptrs, g1 gc, windows-amd64)
GC Precious Log:
 CPUs: 8 total, 8 available
 Memory: 7991M
 Large Page Support: Disabled
 NUMA Support: Disabled
 Compressed Oops: Enabled (32-bit)
 Heap Region Size: 1M
 Heap Min Capacity: 8M
 Heap Initial Capacity: 126M
 Heap Max Capacity: 2G
 Pre-touch: Disabled
 Parallel Workers: 8
 Concurrent Workers: 2
 Concurrent Refinement Workers: 8
 Periodic GC: Disabled
Heap:
 garbage-first heap   total 403456K, used 265562K [0x0000000080000000, 0x0000000100000000)
  region size 1024K, 12 young (12288K), 11 survivors (11264K)
 Metaspace       used 175657K, committed 176704K, reserved 1204224K
  class space    used 22605K, committed 23104K, reserved 1048576K
GC Heap History (20 events):
Event: 82.115 GC heap before
{Heap before GC invocations=66 (full 0):
 garbage-first heap   total 403456K, used 272117K [0x0000000080000000, 0x0000000100000000)
  region size 1024K, 35 young (35840K), 3 survivors (3072K)
 Metaspace       used 158246K, committed 159232K, reserved 1187840K
  class space    used 20485K, committed 20992K, reserved 1048576K
}
Event: 82.118 GC heap after
{Heap after GC invocations=67 (full 0):
 garbage-first heap   total 403456K, used 240169K [0x0000000080000000, 0x0000000100000000)
  region size 1024K, 4 young (4096K), 4 survivors (4096K)
 Metaspace       used 158246K, committed 159232K, reserved 1187840K
  class space    used 20485K, committed 20992K, reserved 1048576K
}
Event: 83.067 GC heap before
{Heap before GC invocations=67 (full 0):
 garbage-first heap   total 403456K, used 255529K [0x0000000080000000, 0x0000000100000000)
  region size 1024K, 19 young (19456K), 4 survivors (4096K)
 Metaspace       used 158246K, committed 159232K, reserved 1187840K
  class space    used 20485K, committed 20992K, reserved 1048576K
}
Event: 83.074 GC heap after
{Heap after GC invocations=68 (full 0):
 garbage-first heap   total 403456K, used 229345K [0x0000000080000000, 0x0000000100000000)
  region size 1024K, 3 young (3072K), 3 survivors (3072K)
 Metaspace       used 158246K, committed 159232K, reserved 1187840K
  class space    used 20485K, committed 20992K, reserved 1048576K
}
Event: 98.495 GC heap before
{Heap before GC invocations=68 (full 0):
 garbage-first heap   total 403456K, used 329697K [0x0000000080000000, 0x0000000100000000)
  region size 1024K, 101 young (103424K), 3 survivors (3072K)
 Metaspace       used 158248K, committed 159232K, reserved 1187840K
  class space    used 20485K, committed 20992K, reserved 1048576K
}
Event: 98.500 GC heap after
{Heap after GC invocations=69 (full 0):
 garbage-first heap   total 403456K, used 231464K [0x0000000080000000, 0x0000000100000000)
  region size 1024K, 5 young (5120K), 5 survivors (5120K)
 Metaspace       used 158248K, committed 159232K, reserved 1187840K
  class space    used 20485K, committed 20992K, reserved 1048576K
}
Event: 108.897 GC heap before
{Heap before GC invocations=69 (full 0):
 garbage-first heap   total 403456K, used 335912K [0x0000000080000000, 0x0000000100000000)
  region size 1024K, 107 young (109568K), 5 survivors (5120K)
 Metaspace       used 158255K, committed 159232K, reserved 1187840K
  class space    used 20486K, committed 20992K, reserved 1048576K
}
Event: 108.904 GC heap after
{Heap after GC invocations=70 (full 0):
 garbage-first heap   total 403456K, used 234180K [0x0000000080000000, 0x0000000100000000)
  region size 1024K, 8 young (8192K), 8 survivors (8192K)
 Metaspace       used 158255K, committed 159232K, reserved 1187840K
  class space    used 20486K, committed 20992K, reserved 1048576K
}
Event: 130.139 GC heap before
{Heap before GC invocations=70 (full 0):
 garbage-first heap   total 403456K, used 338628K [0x0000000080000000, 0x0000000100000000)
  region size 1024K, 110 young (112640K), 8 survivors (8192K)
 Metaspace       used 158258K, committed 159232K, reserved 1187840K
  class space    used 20486K, committed 20992K, reserved 1048576K
}
Event: 130.144 GC heap after
{Heap after GC invocations=71 (full 0):
 garbage-first heap   total 403456K, used 236659K [0x0000000080000000, 0x0000000100000000)
  region size 1024K, 10 young (10240K), 10 survivors (10240K)
 Metaspace       used 158258K, committed 159232K, reserved 1187840K
  class space    used 20486K, committed 20992K, reserved 1048576K
}
Event: 144.162 GC heap before
{Heap before GC invocations=72 (full 0):
 garbage-first heap   total 403456K, used 341107K [0x0000000080000000, 0x0000000100000000)
  region size 1024K, 112 young (114688K), 10 survivors (10240K)
 Metaspace       used 158263K, committed 159232K, reserved 1187840K
  class space    used 20486K, committed 20992K, reserved 1048576K
}
Event: 144.171 GC heap after
{Heap after GC invocations=73 (full 0):
 garbage-first heap   total 403456K, used 238972K [0x0000000080000000, 0x0000000100000000)
  region size 1024K, 10 young (10240K), 10 survivors (10240K)
 Metaspace       used 158263K, committed 159232K, reserved 1187840K
  class space    used 20486K, committed 20992K, reserved 1048576K
}
Event: 144.782 GC heap before
{Heap before GC invocations=73 (full 0):
 garbage-first heap   total 403456K, used 248188K [0x0000000080000000, 0x0000000100000000)
  region size 1024K, 19 young (19456K), 10 survivors (10240K)
 Metaspace       used 158263K, committed 159232K, reserved 1187840K
  class space    used 20486K, committed 20992K, reserved 1048576K
}
Event: 144.788 GC heap after
{Heap after GC invocations=74 (full 0):
 garbage-first heap   total 403456K, used 235807K [0x0000000080000000, 0x0000000100000000)
  region size 1024K, 3 young (3072K), 3 survivors (3072K)
 Metaspace       used 158263K, committed 159232K, reserved 1187840K
  class space    used 20486K, committed 20992K, reserved 1048576K
}
Event: 148.952 GC heap before
{Heap before GC invocations=74 (full 0):
 garbage-first heap   total 403456K, used 359711K [0x0000000080000000, 0x0000000100000000)
  region size 1024K, 108 young (110592K), 3 survivors (3072K)
 Metaspace       used 168184K, committed 169152K, reserved 1196032K
  class space    used 21742K, committed 22208K, reserved 1048576K
}
Event: 148.961 GC heap after
{Heap after GC invocations=75 (full 0):
 garbage-first heap   total 403456K, used 246709K [0x0000000080000000, 0x0000000100000000)
  region size 1024K, 14 young (14336K), 14 survivors (14336K)
 Metaspace       used 168184K, committed 169152K, reserved 1196032K
  class space    used 21742K, committed 22208K, reserved 1048576K
}
Event: 156.987 GC heap before
{Heap before GC invocations=75 (full 0):
 garbage-first heap   total 403456K, used 337845K [0x0000000080000000, 0x0000000100000000)
  region size 1024K, 103 young (105472K), 14 survivors (14336K)
 Metaspace       used 170657K, committed 171648K, reserved 1204224K
  class space    used 21997K, committed 22464K, reserved 1048576K
}
Event: 157.000 GC heap after
{Heap after GC invocations=76 (full 0):
 garbage-first heap   total 403456K, used 256513K [0x0000000080000000, 0x0000000100000000)
  region size 1024K, 12 young (12288K), 12 survivors (12288K)
 Metaspace       used 170657K, committed 171648K, reserved 1204224K
  class space    used 21997K, committed 22464K, reserved 1048576K
}
Event: 167.538 GC heap before
{Heap before GC invocations=76 (full 0):
 garbage-first heap   total 403456K, used 338433K [0x0000000080000000, 0x0000000100000000)
  region size 1024K, 93 young (95232K), 12 survivors (12288K)
 Metaspace       used 175657K, committed 176704K, reserved 1204224K
  class space    used 22605K, committed 23104K, reserved 1048576K
}
Event: 167.552 GC heap after
{Heap after GC invocations=77 (full 0):
 garbage-first heap   total 403456K, used 265562K [0x0000000080000000, 0x0000000100000000)
  region size 1024K, 11 young (11264K), 11 survivors (11264K)
 Metaspace       used 175657K, committed 176704K, reserved 1204224K
  class space    used 22605K, committed 23104K, reserved 1048576K
}

