# JRE version: OpenJDK Runtime Environment (17.0.6) (build 17.0.6+0-b2043.56-10027231)
# Java VM: OpenJDK 64-Bit Server VM (17.0.6+0-b2043.56-10027231, mixed mode, tiered, compressed oops, compressed class ptrs, g1 gc, windows-amd64)
GC Precious Log:
 CPUs: 8 total, 8 available
 Memory: 7991M
 Large Page Support: Disabled
 NUMA Support: Disabled
 Compressed Oops: Enabled (32-bit)
 Heap Region Size: 1M
 Heap Min Capacity: 8M
 Heap Initial Capacity: 126M
 Heap Max Capacity: 2G
 Pre-touch: Disabled
 Parallel Workers: 8
 Concurrent Workers: 2
 Concurrent Refinement Workers: 8
 Periodic GC: Disabled
Heap:
 garbage-first heap   total 435200K, used 256462K [0x0000000080000000, 0x0000000100000000)
  region size 1024K, 2 young (2048K), 2 survivors (2048K)
 Metaspace       used 114816K, committed 115584K, reserved 1155072K
  class space    used 15301K, committed 15680K, reserved 1048576K
GC Heap History (20 events):
Event: 19.393 GC heap after
{Heap after GC invocations=43 (full 0):
 garbage-first heap   total 275456K, used 155605K [0x0000000080000000, 0x0000000100000000)
  region size 1024K, 7 young (7168K), 7 survivors (7168K)
 Metaspace       used 110244K, committed 110976K, reserved 1146880K
  class space    used 14672K, committed 15040K, reserved 1048576K
}
Event: 20.163 GC heap before
{Heap before GC invocations=43 (full 0):
 garbage-first heap   total 275456K, used 220117K [0x0000000080000000, 0x0000000100000000)
  region size 1024K, 71 young (72704K), 7 survivors (7168K)
 Metaspace       used 110821K, committed 111552K, reserved 1146880K
  class space    used 14740K, committed 15104K, reserved 1048576K
}
Event: 20.170 GC heap after
{Heap after GC invocations=44 (full 0):
 garbage-first heap   total 275456K, used 159393K [0x0000000080000000, 0x0000000100000000)
  region size 1024K, 6 young (6144K), 6 survivors (6144K)
 Metaspace       used 110821K, committed 111552K, reserved 1146880K
  class space    used 14740K, committed 15104K, reserved 1048576K
}
Event: 26.930 GC heap before
{Heap before GC invocations=44 (full 0):
 garbage-first heap   total 275456K, used 222881K [0x0000000080000000, 0x0000000100000000)
  region size 1024K, 69 young (70656K), 6 survivors (6144K)
 Metaspace       used 111291K, committed 112128K, reserved 1146880K
  class space    used 14798K, committed 15232K, reserved 1048576K
}
Event: 26.934 GC heap after
{Heap after GC invocations=45 (full 0):
 garbage-first heap   total 275456K, used 162355K [0x0000000080000000, 0x0000000100000000)
  region size 1024K, 5 young (5120K), 5 survivors (5120K)
 Metaspace       used 111291K, committed 112128K, reserved 1146880K
  class space    used 14798K, committed 15232K, reserved 1048576K
}
Event: 29.061 GC heap before
{Heap before GC invocations=45 (full 0):
 garbage-first heap   total 275456K, used 194099K [0x0000000080000000, 0x0000000100000000)
  region size 1024K, 21 young (21504K), 5 survivors (5120K)
 Metaspace       used 111372K, committed 112192K, reserved 1146880K
  class space    used 14810K, committed 15232K, reserved 1048576K
}
Event: 29.068 GC heap after
{Heap after GC invocations=46 (full 0):
 garbage-first heap   total 275456K, used 188049K [0x0000000080000000, 0x0000000100000000)
  region size 1024K, 9 young (9216K), 9 survivors (9216K)
 Metaspace       used 111372K, committed 112192K, reserved 1146880K
  class space    used 14810K, committed 15232K, reserved 1048576K
}
Event: 33.270 GC heap before
{Heap before GC invocations=47 (full 0):
 garbage-first heap   total 296960K, used 267921K [0x0000000080000000, 0x0000000100000000)
  region size 1024K, 46 young (47104K), 9 survivors (9216K)
 Metaspace       used 114459K, committed 115264K, reserved 1155072K
  class space    used 15253K, committed 15680K, reserved 1048576K
}
Event: 33.274 GC heap after
{Heap after GC invocations=48 (full 0):
 garbage-first heap   total 296960K, used 216991K [0x0000000080000000, 0x0000000100000000)
  region size 1024K, 6 young (6144K), 6 survivors (6144K)
 Metaspace       used 114459K, committed 115264K, reserved 1155072K
  class space    used 15253K, committed 15680K, reserved 1048576K
}
Event: 33.281 GC heap before
{Heap before GC invocations=48 (full 0):
 garbage-first heap   total 296960K, used 262047K [0x0000000080000000, 0x0000000100000000)
  region size 1024K, 14 young (14336K), 6 survivors (6144K)
 Metaspace       used 114465K, committed 115328K, reserved 1155072K
  class space    used 15253K, committed 15680K, reserved 1048576K
}
Event: 33.284 GC heap after
{Heap after GC invocations=49 (full 0):
 garbage-first heap   total 296960K, used 219112K [0x0000000080000000, 0x0000000100000000)
  region size 1024K, 2 young (2048K), 2 survivors (2048K)
 Metaspace       used 114465K, committed 115328K, reserved 1155072K
  class space    used 15253K, committed 15680K, reserved 1048576K
}
Event: 33.683 GC heap before
{Heap before GC invocations=49 (full 0):
 garbage-first heap   total 296960K, used 246760K [0x0000000080000000, 0x0000000100000000)
  region size 1024K, 30 young (30720K), 2 survivors (2048K)
 Metaspace       used 114800K, committed 115584K, reserved 1155072K
  class space    used 15300K, committed 15680K, reserved 1048576K
}
Event: 33.692 GC heap after
{Heap after GC invocations=50 (full 0):
 garbage-first heap   total 296960K, used 230642K [0x0000000080000000, 0x0000000100000000)
  region size 1024K, 4 young (4096K), 4 survivors (4096K)
 Metaspace       used 114800K, committed 115584K, reserved 1155072K
  class space    used 15300K, committed 15680K, reserved 1048576K
}
Event: 33.760 GC heap before
{Heap before GC invocations=50 (full 0):
 garbage-first heap   total 296960K, used 249074K [0x0000000080000000, 0x0000000100000000)
  region size 1024K, 21 young (21504K), 4 survivors (4096K)
 Metaspace       used 114800K, committed 115584K, reserved 1155072K
  class space    used 15300K, committed 15680K, reserved 1048576K
}
Event: 33.769 GC heap after
{Heap after GC invocations=51 (full 0):
 garbage-first heap   total 296960K, used 239616K [0x0000000080000000, 0x0000000100000000)
  region size 1024K, 3 young (3072K), 3 survivors (3072K)
 Metaspace       used 114800K, committed 115584K, reserved 1155072K
  class space    used 15300K, committed 15680K, reserved 1048576K
}
Event: 33.820 GC heap before
{Heap before GC invocations=51 (full 0):
 garbage-first heap   total 296960K, used 251904K [0x0000000080000000, 0x0000000100000000)
  region size 1024K, 16 young (16384K), 3 survivors (3072K)
 Metaspace       used 114800K, committed 115584K, reserved 1155072K
  class space    used 15300K, committed 15680K, reserved 1048576K
}
Event: 33.827 GC heap after
{Heap after GC invocations=52 (full 0):
 garbage-first heap   total 296960K, used 244625K [0x0000000080000000, 0x0000000100000000)
  region size 1024K, 2 young (2048K), 2 survivors (2048K)
 Metaspace       used 114800K, committed 115584K, reserved 1155072K
  class space    used 15300K, committed 15680K, reserved 1048576K
}
Event: 33.887 GC heap before
{Heap before GC invocations=52 (full 0):
 garbage-first heap   total 296960K, used 256913K [0x0000000080000000, 0x0000000100000000)
  region size 1024K, 14 young (14336K), 2 survivors (2048K)
 Metaspace       used 114816K, committed 115584K, reserved 1155072K
  class space    used 15301K, committed 15680K, reserved 1048576K
}
Event: 33.893 GC heap after
{Heap after GC invocations=53 (full 0):
 garbage-first heap   total 296960K, used 249684K [0x0000000080000000, 0x0000000100000000)
  region size 1024K, 2 young (2048K), 2 survivors (2048K)
 Metaspace       used 114816K, committed 115584K, reserved 1155072K
  class space    used 15301K, committed 15680K, reserved 1048576K
}
Event: 33.955 GC heap before
{Heap before GC invocations=53 (full 0):
 garbage-first heap   total 435200K, used 264020K [0x0000000080000000, 0x0000000100000000)
  region size 1024K, 14 young (14336K), 2 survivors (2048K)
 Metaspace       used 114816K, committed 115584K, reserved 1155072K
  class space    used 15301K, committed 15680K, reserved 1048576K
}

