# JRE version: OpenJDK Runtime Environment (17.0.6) (build 17.0.6+0-b2043.56-10027231)
# Java VM: OpenJDK 64-Bit Server VM (17.0.6+0-b2043.56-10027231, mixed mode, tiered, compressed oops, compressed class ptrs, g1 gc, windows-amd64)
GC Precious Log:
 CPUs: 8 total, 8 available
 Memory: 7991M
 Large Page Support: Disabled
 NUMA Support: Disabled
 Compressed Oops: Enabled (32-bit)
 Heap Region Size: 1M
 Heap Min Capacity: 8M
 Heap Initial Capacity: 126M
 Heap Max Capacity: 1998M
 Pre-touch: Disabled
 Parallel Workers: 8
 Concurrent Workers: 2
 Concurrent Refinement Workers: 8
 Periodic GC: Disabled
Heap:
 garbage-first heap   total 198656K, used 112128K [0x0000000083200000, 0x0000000100000000)
  region size 1024K, 28 young (28672K), 9 survivors (9216K)
 Metaspace       used 80206K, committed 80512K, reserved 1122304K
  class space    used 9146K, committed 9280K, reserved 1048576K
GC Heap History (20 events):
Event: 1.806 GC heap before
{Heap before GC invocations=9 (full 0):
 garbage-first heap   total 81920K, used 57597K [0x0000000083200000, 0x0000000100000000)
  region size 1024K, 35 young (35840K), 5 survivors (5120K)
 Metaspace       used 41382K, committed 41664K, reserved 1089536K
  class space    used 5040K, committed 5184K, reserved 1048576K
}
Event: 1.814 GC heap after
{Heap after GC invocations=10 (full 0):
 garbage-first heap   total 81920K, used 28292K [0x0000000083200000, 0x0000000100000000)
  region size 1024K, 4 young (4096K), 4 survivors (4096K)
 Metaspace       used 41382K, committed 41664K, reserved 1089536K
  class space    used 5040K, committed 5184K, reserved 1048576K
}
Event: 2.222 GC heap before
{Heap before GC invocations=10 (full 0):
 garbage-first heap   total 81920K, used 59012K [0x0000000083200000, 0x0000000100000000)
  region size 1024K, 34 young (34816K), 4 survivors (4096K)
 Metaspace       used 48996K, committed 49216K, reserved 1097728K
  class space    used 5904K, committed 6016K, reserved 1048576K
}
Event: 2.230 GC heap after
{Heap after GC invocations=11 (full 0):
 garbage-first heap   total 81920K, used 31435K [0x0000000083200000, 0x0000000100000000)
  region size 1024K, 3 young (3072K), 3 survivors (3072K)
 Metaspace       used 48996K, committed 49216K, reserved 1097728K
  class space    used 5904K, committed 6016K, reserved 1048576K
}
Event: 2.433 GC heap before
{Heap before GC invocations=11 (full 0):
 garbage-first heap   total 81920K, used 64203K [0x0000000083200000, 0x0000000100000000)
  region size 1024K, 32 young (32768K), 3 survivors (3072K)
 Metaspace       used 49840K, committed 50048K, reserved 1097728K
  class space    used 5970K, committed 6080K, reserved 1048576K
}
Event: 2.443 GC heap after
{Heap after GC invocations=12 (full 0):
 garbage-first heap   total 81920K, used 37760K [0x0000000083200000, 0x0000000100000000)
  region size 1024K, 4 young (4096K), 4 survivors (4096K)
 Metaspace       used 49840K, committed 50048K, reserved 1097728K
  class space    used 5970K, committed 6080K, reserved 1048576K
}
Event: 2.781 GC heap before
{Heap before GC invocations=12 (full 0):
 garbage-first heap   total 81920K, used 62336K [0x0000000083200000, 0x0000000100000000)
  region size 1024K, 29 young (29696K), 4 survivors (4096K)
 Metaspace       used 54161K, committed 54464K, reserved 1097728K
  class space    used 6454K, committed 6592K, reserved 1048576K
}
Event: 2.793 GC heap after
{Heap after GC invocations=13 (full 0):
 garbage-first heap   total 110592K, used 40729K [0x0000000083200000, 0x0000000100000000)
  region size 1024K, 4 young (4096K), 4 survivors (4096K)
 Metaspace       used 54161K, committed 54464K, reserved 1097728K
  class space    used 6454K, committed 6592K, reserved 1048576K
}
Event: 3.410 GC heap before
{Heap before GC invocations=13 (full 0):
 garbage-first heap   total 110592K, used 80665K [0x0000000083200000, 0x0000000100000000)
  region size 1024K, 43 young (44032K), 4 survivors (4096K)
 Metaspace       used 56640K, committed 56960K, reserved 1105920K
  class space    used 6644K, committed 6784K, reserved 1048576K
}
Event: 3.429 GC heap after
{Heap after GC invocations=14 (full 0):
 garbage-first heap   total 110592K, used 47743K [0x0000000083200000, 0x0000000100000000)
  region size 1024K, 6 young (6144K), 6 survivors (6144K)
 Metaspace       used 56640K, committed 56960K, reserved 1105920K
  class space    used 6644K, committed 6784K, reserved 1048576K
}
Event: 3.721 GC heap before
{Heap before GC invocations=14 (full 0):
 garbage-first heap   total 110592K, used 81535K [0x0000000083200000, 0x0000000100000000)
  region size 1024K, 39 young (39936K), 6 survivors (6144K)
 Metaspace       used 57774K, committed 58112K, reserved 1105920K
  class space    used 6750K, committed 6912K, reserved 1048576K
}
Event: 3.739 GC heap after
{Heap after GC invocations=15 (full 0):
 garbage-first heap   total 110592K, used 53248K [0x0000000083200000, 0x0000000100000000)
  region size 1024K, 5 young (5120K), 5 survivors (5120K)
 Metaspace       used 57774K, committed 58112K, reserved 1105920K
  class space    used 6750K, committed 6912K, reserved 1048576K
}
Event: 3.783 GC heap before
{Heap before GC invocations=15 (full 0):
 garbage-first heap   total 110592K, used 84992K [0x0000000083200000, 0x0000000100000000)
  region size 1024K, 36 young (36864K), 5 survivors (5120K)
 Metaspace       used 57779K, committed 58112K, reserved 1105920K
  class space    used 6750K, committed 6912K, reserved 1048576K
}
Event: 3.792 GC heap after
{Heap after GC invocations=16 (full 0):
 garbage-first heap   total 110592K, used 54245K [0x0000000083200000, 0x0000000100000000)
  region size 1024K, 1 young (1024K), 1 survivors (1024K)
 Metaspace       used 57779K, committed 58112K, reserved 1105920K
  class space    used 6750K, committed 6912K, reserved 1048576K
}
Event: 4.131 GC heap before
{Heap before GC invocations=16 (full 0):
 garbage-first heap   total 110592K, used 81893K [0x0000000083200000, 0x0000000100000000)
  region size 1024K, 29 young (29696K), 1 survivors (1024K)
 Metaspace       used 60183K, committed 60416K, reserved 1105920K
  class space    used 7049K, committed 7168K, reserved 1048576K
}
Event: 4.137 GC heap after
{Heap after GC invocations=17 (full 0):
 garbage-first heap   total 200704K, used 56446K [0x0000000083200000, 0x0000000100000000)
  region size 1024K, 4 young (4096K), 4 survivors (4096K)
 Metaspace       used 60183K, committed 60416K, reserved 1105920K
  class space    used 7049K, committed 7168K, reserved 1048576K
}
Event: 6.433 GC heap before
{Heap before GC invocations=18 (full 0):
 garbage-first heap   total 198656K, used 153726K [0x0000000083200000, 0x0000000100000000)
  region size 1024K, 99 young (101376K), 4 survivors (4096K)
 Metaspace       used 68085K, committed 68416K, reserved 1114112K
  class space    used 7860K, committed 8000K, reserved 1048576K
}
Event: 6.446 GC heap after
{Heap after GC invocations=19 (full 0):
 garbage-first heap   total 198656K, used 70845K [0x0000000083200000, 0x0000000100000000)
  region size 1024K, 13 young (13312K), 13 survivors (13312K)
 Metaspace       used 68085K, committed 68416K, reserved 1114112K
  class space    used 7860K, committed 8000K, reserved 1048576K
}
Event: 7.293 GC heap before
{Heap before GC invocations=19 (full 0):
 garbage-first heap   total 198656K, used 137405K [0x0000000083200000, 0x0000000100000000)
  region size 1024K, 78 young (79872K), 13 survivors (13312K)
 Metaspace       used 74890K, committed 75200K, reserved 1122304K
  class space    used 8559K, committed 8704K, reserved 1048576K
}
Event: 7.310 GC heap after
{Heap after GC invocations=20 (full 0):
 garbage-first heap   total 198656K, used 81395K [0x0000000083200000, 0x0000000100000000)
  region size 1024K, 10 young (10240K), 10 survivors (10240K)
 Metaspace       used 74890K, committed 75200K, reserved 1122304K
  class space    used 8559K, committed 8704K, reserved 1048576K
}

