# JRE version: OpenJDK Runtime Environment (17.0.6) (build 17.0.6+0-b2043.56-10027231)
# Java VM: OpenJDK 64-Bit Server VM (17.0.6+0-b2043.56-10027231, mixed mode, tiered, compressed oops, compressed class ptrs, g1 gc, windows-amd64)
GC Precious Log:
 CPUs: 8 total, 8 available
 Memory: 7991M
 Large Page Support: Disabled
 NUMA Support: Disabled
 Compressed Oops: Enabled (32-bit)
 Heap Region Size: 1M
 Heap Min Capacity: 8M
 Heap Initial Capacity: 126M
 Heap Max Capacity: 2G
 Pre-touch: Disabled
 Parallel Workers: 8
 Concurrent Workers: 2
 Concurrent Refinement Workers: 8
 Periodic GC: Disabled
Heap:
 garbage-first heap   total 430080K, used 299740K [0x0000000080000000, 0x0000000100000000)
  region size 1024K, 8 young (8192K), 8 survivors (8192K)
 Metaspace       used 115236K, committed 116032K, reserved 1155072K
  class space    used 15650K, committed 16064K, reserved 1048576K
GC Heap History (20 events):
Event: 14.691 GC heap after
{Heap after GC invocations=50 (full 0):
 garbage-first heap   total 254976K, used 144242K [0x0000000080000000, 0x0000000100000000)
  region size 1024K, 8 young (8192K), 8 survivors (8192K)
 Metaspace       used 108423K, committed 109184K, reserved 1146880K
  class space    used 14529K, committed 14912K, reserved 1048576K
}
Event: 14.875 GC heap before
{Heap before GC invocations=50 (full 0):
 garbage-first heap   total 254976K, used 226162K [0x0000000080000000, 0x0000000100000000)
  region size 1024K, 67 young (68608K), 8 survivors (8192K)
 Metaspace       used 109053K, committed 109824K, reserved 1146880K
  class space    used 14602K, committed 14976K, reserved 1048576K
}
Event: 14.880 GC heap after
{Heap after GC invocations=51 (full 0):
 garbage-first heap   total 254976K, used 175838K [0x0000000080000000, 0x0000000100000000)
  region size 1024K, 9 young (9216K), 9 survivors (9216K)
 Metaspace       used 109053K, committed 109824K, reserved 1146880K
  class space    used 14602K, committed 14976K, reserved 1048576K
}
Event: 14.996 GC heap before
{Heap before GC invocations=51 (full 0):
 garbage-first heap   total 254976K, used 197342K [0x0000000080000000, 0x0000000100000000)
  region size 1024K, 23 young (23552K), 9 survivors (9216K)
 Metaspace       used 112149K, committed 112896K, reserved 1146880K
  class space    used 15047K, committed 15424K, reserved 1048576K
}
Event: 14.999 GC heap after
{Heap after GC invocations=52 (full 0):
 garbage-first heap   total 254976K, used 184283K [0x0000000080000000, 0x0000000100000000)
  region size 1024K, 3 young (3072K), 3 survivors (3072K)
 Metaspace       used 112149K, committed 112896K, reserved 1146880K
  class space    used 15047K, committed 15424K, reserved 1048576K
}
Event: 15.010 GC heap before
{Heap before GC invocations=52 (full 0):
 garbage-first heap   total 254976K, used 242651K [0x0000000080000000, 0x0000000100000000)
  region size 1024K, 19 young (19456K), 3 survivors (3072K)
 Metaspace       used 112156K, committed 112896K, reserved 1146880K
  class space    used 15047K, committed 15424K, reserved 1048576K
}
Event: 15.012 GC heap after
{Heap after GC invocations=53 (full 0):
 garbage-first heap   total 254976K, used 208783K [0x0000000080000000, 0x0000000100000000)
  region size 1024K, 4 young (4096K), 4 survivors (4096K)
 Metaspace       used 112156K, committed 112896K, reserved 1146880K
  class space    used 15047K, committed 15424K, reserved 1048576K
}
Event: 15.076 GC heap before
{Heap before GC invocations=53 (full 0):
 garbage-first heap   total 254976K, used 234383K [0x0000000080000000, 0x0000000100000000)
  region size 1024K, 14 young (14336K), 4 survivors (4096K)
 Metaspace       used 112461K, committed 113152K, reserved 1146880K
  class space    used 15094K, committed 15424K, reserved 1048576K
}
Event: 15.079 GC heap after
{Heap after GC invocations=54 (full 0):
 garbage-first heap   total 386048K, used 216308K [0x0000000080000000, 0x0000000100000000)
  region size 1024K, 2 young (2048K), 2 survivors (2048K)
 Metaspace       used 112461K, committed 113152K, reserved 1146880K
  class space    used 15094K, committed 15424K, reserved 1048576K
}
Event: 15.412 GC heap before
{Heap before GC invocations=55 (full 0):
 garbage-first heap   total 386048K, used 284916K [0x0000000080000000, 0x0000000100000000)
  region size 1024K, 73 young (74752K), 2 survivors (2048K)
 Metaspace       used 112490K, committed 113216K, reserved 1146880K
  class space    used 15094K, committed 15424K, reserved 1048576K
}
Event: 15.432 GC heap after
{Heap after GC invocations=56 (full 0):
 garbage-first heap   total 386048K, used 238667K [0x0000000080000000, 0x0000000100000000)
  region size 1024K, 10 young (10240K), 10 survivors (10240K)
 Metaspace       used 112490K, committed 113216K, reserved 1146880K
  class space    used 15094K, committed 15424K, reserved 1048576K
}
Event: 15.456 GC heap before
{Heap before GC invocations=56 (full 0):
 garbage-first heap   total 386048K, used 246859K [0x0000000080000000, 0x0000000100000000)
  region size 1024K, 18 young (18432K), 10 survivors (10240K)
 Metaspace       used 112506K, committed 113216K, reserved 1146880K
  class space    used 15095K, committed 15424K, reserved 1048576K
}
Event: 15.468 GC heap after
{Heap after GC invocations=57 (full 0):
 garbage-first heap   total 386048K, used 235051K [0x0000000080000000, 0x0000000100000000)
  region size 1024K, 3 young (3072K), 3 survivors (3072K)
 Metaspace       used 112506K, committed 113216K, reserved 1146880K
  class space    used 15095K, committed 15424K, reserved 1048576K
}
Event: 15.481 GC heap before
{Heap before GC invocations=57 (full 0):
 garbage-first heap   total 386048K, used 241195K [0x0000000080000000, 0x0000000100000000)
  region size 1024K, 10 young (10240K), 3 survivors (3072K)
 Metaspace       used 112506K, committed 113216K, reserved 1146880K
  class space    used 15095K, committed 15424K, reserved 1048576K
}
Event: 15.486 GC heap after
{Heap after GC invocations=58 (full 0):
 garbage-first heap   total 386048K, used 237895K [0x0000000080000000, 0x0000000100000000)
  region size 1024K, 6 young (6144K), 6 survivors (6144K)
 Metaspace       used 112506K, committed 113216K, reserved 1146880K
  class space    used 15095K, committed 15424K, reserved 1048576K
}
Event: 15.750 GC heap before
{Heap before GC invocations=59 (full 0):
 garbage-first heap   total 430080K, used 297287K [0x0000000080000000, 0x0000000100000000)
  region size 1024K, 64 young (65536K), 6 survivors (6144K)
 Metaspace       used 115205K, committed 116032K, reserved 1155072K
  class space    used 15650K, committed 16064K, reserved 1048576K
}
Event: 15.770 GC heap after
{Heap after GC invocations=60 (full 0):
 garbage-first heap   total 430080K, used 265750K [0x0000000080000000, 0x0000000100000000)
  region size 1024K, 8 young (8192K), 8 survivors (8192K)
 Metaspace       used 115205K, committed 116032K, reserved 1155072K
  class space    used 15650K, committed 16064K, reserved 1048576K
}
Event: 15.800 GC heap before
{Heap before GC invocations=60 (full 0):
 garbage-first heap   total 430080K, used 279062K [0x0000000080000000, 0x0000000100000000)
  region size 1024K, 21 young (21504K), 8 survivors (8192K)
 Metaspace       used 115221K, committed 116032K, reserved 1155072K
  class space    used 15650K, committed 16064K, reserved 1048576K
}
Event: 15.815 GC heap after
{Heap after GC invocations=61 (full 0):
 garbage-first heap   total 430080K, used 268288K [0x0000000080000000, 0x0000000100000000)
  region size 1024K, 3 young (3072K), 3 survivors (3072K)
 Metaspace       used 115221K, committed 116032K, reserved 1155072K
  class space    used 15650K, committed 16064K, reserved 1048576K
}
Event: 15.912 GC heap before
{Heap before GC invocations=61 (full 0):
 garbage-first heap   total 430080K, used 327680K [0x0000000080000000, 0x0000000100000000)
  region size 1024K, 62 young (63488K), 3 survivors (3072K)
 Metaspace       used 115236K, committed 116032K, reserved 1155072K
  class space    used 15650K, committed 16064K, reserved 1048576K
}

