# JRE version: OpenJDK Runtime Environment (17.0.6) (build 17.0.6+0-b2043.56-10027231)
# Java VM: OpenJDK 64-Bit Server VM (17.0.6+0-b2043.56-10027231, mixed mode, tiered, compressed oops, compressed class ptrs, g1 gc, windows-amd64)
GC Precious Log:
 CPUs: 8 total, 8 available
 Memory: 7991M
 Large Page Support: Disabled
 NUMA Support: Disabled
 Compressed Oops: Enabled (32-bit)
 Heap Region Size: 1M
 Heap Min Capacity: 8M
 Heap Initial Capacity: 126M
 Heap Max Capacity: 2G
 Pre-touch: Disabled
 Parallel Workers: 8
 Concurrent Workers: 2
 Concurrent Refinement Workers: 8
 Periodic GC: Disabled
Heap:
 garbage-first heap   total 174080K, used 104744K [0x0000000080000000, 0x0000000100000000)
  region size 1024K, 5 young (5120K), 5 survivors (5120K)
 Metaspace       used 99077K, committed 99776K, reserved 1138688K
  class space    used 13330K, committed 13632K, reserved 1048576K
GC Heap History (20 events):
Event: 46.012 GC heap after
{Heap after GC invocations=39 (full 0):
 garbage-first heap   total 151552K, used 71746K [0x0000000080000000, 0x0000000100000000)
  region size 1024K, 1 young (1024K), 1 survivors (1024K)
 Metaspace       used 82462K, committed 83008K, reserved 1122304K
  class space    used 11129K, committed 11392K, reserved 1048576K
}
Event: 47.406 GC heap before
{Heap before GC invocations=39 (full 0):
 garbage-first heap   total 151552K, used 117826K [0x0000000080000000, 0x0000000100000000)
  region size 1024K, 46 young (47104K), 1 survivors (1024K)
 Metaspace       used 85162K, committed 85760K, reserved 1130496K
  class space    used 11497K, committed 11776K, reserved 1048576K
}
Event: 47.410 GC heap after
{Heap after GC invocations=40 (full 0):
 garbage-first heap   total 151552K, used 76764K [0x0000000080000000, 0x0000000100000000)
  region size 1024K, 6 young (6144K), 6 survivors (6144K)
 Metaspace       used 85162K, committed 85760K, reserved 1130496K
  class space    used 11497K, committed 11776K, reserved 1048576K
}
Event: 48.927 GC heap before
{Heap before GC invocations=41 (full 0):
 garbage-first heap   total 151552K, used 118748K [0x0000000080000000, 0x0000000100000000)
  region size 1024K, 47 young (48128K), 6 survivors (6144K)
 Metaspace       used 87347K, committed 88000K, reserved 1130496K
  class space    used 11785K, committed 12096K, reserved 1048576K
}
Event: 48.934 GC heap after
{Heap after GC invocations=42 (full 0):
 garbage-first heap   total 151552K, used 81704K [0x0000000080000000, 0x0000000100000000)
  region size 1024K, 6 young (6144K), 6 survivors (6144K)
 Metaspace       used 87347K, committed 88000K, reserved 1130496K
  class space    used 11785K, committed 12096K, reserved 1048576K
}
Event: 48.939 GC heap before
{Heap before GC invocations=42 (full 0):
 garbage-first heap   total 151552K, used 82728K [0x0000000080000000, 0x0000000100000000)
  region size 1024K, 7 young (7168K), 6 survivors (6144K)
 Metaspace       used 87407K, committed 88064K, reserved 1130496K
  class space    used 11794K, committed 12096K, reserved 1048576K
}
Event: 48.943 GC heap after
{Heap after GC invocations=43 (full 0):
 garbage-first heap   total 151552K, used 81459K [0x0000000080000000, 0x0000000100000000)
  region size 1024K, 1 young (1024K), 1 survivors (1024K)
 Metaspace       used 87407K, committed 88064K, reserved 1130496K
  class space    used 11794K, committed 12096K, reserved 1048576K
}
Event: 49.941 GC heap before
{Heap before GC invocations=43 (full 0):
 garbage-first heap   total 151552K, used 119347K [0x0000000080000000, 0x0000000100000000)
  region size 1024K, 38 young (38912K), 1 survivors (1024K)
 Metaspace       used 91372K, committed 92096K, reserved 1130496K
  class space    used 12416K, committed 12736K, reserved 1048576K
}
Event: 49.943 GC heap after
{Heap after GC invocations=44 (full 0):
 garbage-first heap   total 151552K, used 83051K [0x0000000080000000, 0x0000000100000000)
  region size 1024K, 3 young (3072K), 3 survivors (3072K)
 Metaspace       used 91372K, committed 92096K, reserved 1130496K
  class space    used 12416K, committed 12736K, reserved 1048576K
}
Event: 50.810 GC heap before
{Heap before GC invocations=45 (full 0):
 garbage-first heap   total 151552K, used 120939K [0x0000000080000000, 0x0000000100000000)
  region size 1024K, 40 young (40960K), 3 survivors (3072K)
 Metaspace       used 94974K, committed 95616K, reserved 1138688K
  class space    used 12882K, committed 13184K, reserved 1048576K
}
Event: 50.814 GC heap after
{Heap after GC invocations=46 (full 0):
 garbage-first heap   total 151552K, used 86576K [0x0000000080000000, 0x0000000100000000)
  region size 1024K, 5 young (5120K), 5 survivors (5120K)
 Metaspace       used 94974K, committed 95616K, reserved 1138688K
  class space    used 12882K, committed 13184K, reserved 1048576K
}
Event: 50.865 GC heap before
{Heap before GC invocations=46 (full 0):
 garbage-first heap   total 151552K, used 88624K [0x0000000080000000, 0x0000000100000000)
  region size 1024K, 7 young (7168K), 5 survivors (5120K)
 Metaspace       used 95043K, committed 95680K, reserved 1138688K
  class space    used 12887K, committed 13184K, reserved 1048576K
}
Event: 50.870 GC heap after
{Heap after GC invocations=47 (full 0):
 garbage-first heap   total 151552K, used 86595K [0x0000000080000000, 0x0000000100000000)
  region size 1024K, 1 young (1024K), 1 survivors (1024K)
 Metaspace       used 95043K, committed 95680K, reserved 1138688K
  class space    used 12887K, committed 13184K, reserved 1048576K
}
Event: 51.189 GC heap before
{Heap before GC invocations=47 (full 0):
 garbage-first heap   total 151552K, used 122435K [0x0000000080000000, 0x0000000100000000)
  region size 1024K, 36 young (36864K), 1 survivors (1024K)
 Metaspace       used 95387K, committed 96064K, reserved 1138688K
  class space    used 12919K, committed 13248K, reserved 1048576K
}
Event: 51.193 GC heap after
{Heap after GC invocations=48 (full 0):
 garbage-first heap   total 151552K, used 92384K [0x0000000080000000, 0x0000000100000000)
  region size 1024K, 5 young (5120K), 5 survivors (5120K)
 Metaspace       used 95387K, committed 96064K, reserved 1138688K
  class space    used 12919K, committed 13248K, reserved 1048576K
}
Event: 51.935 GC heap before
{Heap before GC invocations=49 (full 0):
 garbage-first heap   total 174080K, used 122080K [0x0000000080000000, 0x0000000100000000)
  region size 1024K, 33 young (33792K), 5 survivors (5120K)
 Metaspace       used 97722K, committed 98368K, reserved 1138688K
  class space    used 13169K, committed 13504K, reserved 1048576K
}
Event: 51.941 GC heap after
{Heap after GC invocations=50 (full 0):
 garbage-first heap   total 174080K, used 97789K [0x0000000080000000, 0x0000000100000000)
  region size 1024K, 5 young (5120K), 5 survivors (5120K)
 Metaspace       used 97722K, committed 98368K, reserved 1138688K
  class space    used 13169K, committed 13504K, reserved 1048576K
}
Event: 52.098 GC heap before
{Heap before GC invocations=50 (full 0):
 garbage-first heap   total 174080K, used 100861K [0x0000000080000000, 0x0000000100000000)
  region size 1024K, 8 young (8192K), 5 survivors (5120K)
 Metaspace       used 98085K, committed 98816K, reserved 1138688K
  class space    used 13233K, committed 13568K, reserved 1048576K
}
Event: 52.103 GC heap after
{Heap after GC invocations=51 (full 0):
 garbage-first heap   total 174080K, used 98568K [0x0000000080000000, 0x0000000100000000)
  region size 1024K, 1 young (1024K), 1 survivors (1024K)
 Metaspace       used 98085K, committed 98816K, reserved 1138688K
  class space    used 13233K, committed 13568K, reserved 1048576K
}
Event: 56.503 GC heap before
{Heap before GC invocations=51 (full 0):
 garbage-first heap   total 174080K, used 138504K [0x0000000080000000, 0x0000000100000000)
  region size 1024K, 40 young (40960K), 1 survivors (1024K)
 Metaspace       used 99077K, committed 99776K, reserved 1138688K
  class space    used 13330K, committed 13632K, reserved 1048576K
}

