# JRE version: OpenJDK Runtime Environment (17.0.6) (build 17.0.6+0-b2043.56-10027231)
# Java VM: OpenJDK 64-Bit Server VM (17.0.6+0-b2043.56-10027231, mixed mode, tiered, compressed oops, compressed class ptrs, g1 gc, windows-amd64)
GC Precious Log:
 CPUs: 8 total, 8 available
 Memory: 7991M
 Large Page Support: Disabled
 NUMA Support: Disabled
 Compressed Oops: Enabled (32-bit)
 Heap Region Size: 1M
 Heap Min Capacity: 8M
 Heap Initial Capacity: 126M
 Heap Max Capacity: 2G
 Pre-touch: Disabled
 Parallel Workers: 8
 Concurrent Workers: 2
 Concurrent Refinement Workers: 8
 Periodic GC: Disabled
Heap:
 garbage-first heap   total 400384K, used 292864K [0x0000000080000000, 0x0000000100000000)
  region size 1024K, 7 young (7168K), 7 survivors (7168K)
 Metaspace       used 121910K, committed 122816K, reserved 1155072K
  class space    used 16498K, committed 16896K, reserved 1048576K
GC Heap History (20 events):
Event: 10.100 GC heap after
{Heap after GC invocations=40 (full 0):
 garbage-first heap   total 400384K, used 116666K [0x0000000080000000, 0x0000000100000000)
  region size 1024K, 16 young (16384K), 16 survivors (16384K)
 Metaspace       used 102595K, committed 103360K, reserved 1138688K
  class space    used 13824K, committed 14208K, reserved 1048576K
}
Event: 10.107 GC heap before
{Heap before GC invocations=40 (full 0):
 garbage-first heap   total 400384K, used 119738K [0x0000000080000000, 0x0000000100000000)
  region size 1024K, 19 young (19456K), 16 survivors (16384K)
 Metaspace       used 102599K, committed 103360K, reserved 1138688K
  class space    used 13825K, committed 14208K, reserved 1048576K
}
Event: 10.114 GC heap after
{Heap after GC invocations=41 (full 0):
 garbage-first heap   total 400384K, used 116878K [0x0000000080000000, 0x0000000100000000)
  region size 1024K, 3 young (3072K), 3 survivors (3072K)
 Metaspace       used 102599K, committed 103360K, reserved 1138688K
  class space    used 13825K, committed 14208K, reserved 1048576K
}
Event: 11.676 GC heap before
{Heap before GC invocations=41 (full 0):
 garbage-first heap   total 400384K, used 310414K [0x0000000080000000, 0x0000000100000000)
  region size 1024K, 193 young (197632K), 3 survivors (3072K)
 Metaspace       used 115669K, committed 116416K, reserved 1155072K
  class space    used 15824K, committed 16192K, reserved 1048576K
}
Event: 11.688 GC heap after
{Heap after GC invocations=42 (full 0):
 garbage-first heap   total 400384K, used 133540K [0x0000000080000000, 0x0000000100000000)
  region size 1024K, 19 young (19456K), 19 survivors (19456K)
 Metaspace       used 115669K, committed 116416K, reserved 1155072K
  class space    used 15824K, committed 16192K, reserved 1048576K
}
Event: 12.395 GC heap before
{Heap before GC invocations=42 (full 0):
 garbage-first heap   total 400384K, used 310692K [0x0000000080000000, 0x0000000100000000)
  region size 1024K, 192 young (196608K), 19 survivors (19456K)
 Metaspace       used 117666K, committed 118464K, reserved 1155072K
  class space    used 15934K, committed 16320K, reserved 1048576K
}
Event: 12.405 GC heap after
{Heap after GC invocations=43 (full 0):
 garbage-first heap   total 400384K, used 134226K [0x0000000080000000, 0x0000000100000000)
  region size 1024K, 3 young (3072K), 3 survivors (3072K)
 Metaspace       used 117666K, committed 118464K, reserved 1155072K
  class space    used 15934K, committed 16320K, reserved 1048576K
}
Event: 12.754 GC heap before
{Heap before GC invocations=43 (full 0):
 garbage-first heap   total 400384K, used 322642K [0x0000000080000000, 0x0000000100000000)
  region size 1024K, 187 young (191488K), 3 survivors (3072K)
 Metaspace       used 117891K, committed 118656K, reserved 1155072K
  class space    used 15942K, committed 16320K, reserved 1048576K
}
Event: 12.757 GC heap after
{Heap after GC invocations=44 (full 0):
 garbage-first heap   total 400384K, used 133504K [0x0000000080000000, 0x0000000100000000)
  region size 1024K, 2 young (2048K), 2 survivors (2048K)
 Metaspace       used 117891K, committed 118656K, reserved 1155072K
  class space    used 15942K, committed 16320K, reserved 1048576K
}
Event: 13.260 GC heap before
{Heap before GC invocations=44 (full 0):
 garbage-first heap   total 400384K, used 330112K [0x0000000080000000, 0x0000000100000000)
  region size 1024K, 194 young (198656K), 2 survivors (2048K)
 Metaspace       used 119972K, committed 120768K, reserved 1155072K
  class space    used 16253K, committed 16640K, reserved 1048576K
}
Event: 13.264 GC heap after
{Heap after GC invocations=45 (full 0):
 garbage-first heap   total 400384K, used 135522K [0x0000000080000000, 0x0000000100000000)
  region size 1024K, 4 young (4096K), 4 survivors (4096K)
 Metaspace       used 119972K, committed 120768K, reserved 1155072K
  class space    used 16253K, committed 16640K, reserved 1048576K
}
Event: 13.516 GC heap before
{Heap before GC invocations=45 (full 0):
 garbage-first heap   total 400384K, used 195938K [0x0000000080000000, 0x0000000100000000)
  region size 1024K, 41 young (41984K), 4 survivors (4096K)
 Metaspace       used 120811K, committed 121664K, reserved 1155072K
  class space    used 16343K, committed 16768K, reserved 1048576K
}
Event: 13.520 GC heap after
{Heap after GC invocations=46 (full 0):
 garbage-first heap   total 400384K, used 164885K [0x0000000080000000, 0x0000000100000000)
  region size 1024K, 11 young (11264K), 11 survivors (11264K)
 Metaspace       used 120811K, committed 121664K, reserved 1155072K
  class space    used 16343K, committed 16768K, reserved 1048576K
}
Event: 13.563 GC heap before
{Heap before GC invocations=46 (full 0):
 garbage-first heap   total 400384K, used 206869K [0x0000000080000000, 0x0000000100000000)
  region size 1024K, 22 young (22528K), 11 survivors (11264K)
 Metaspace       used 121190K, committed 121984K, reserved 1155072K
  class space    used 16406K, committed 16768K, reserved 1048576K
}
Event: 13.567 GC heap after
{Heap after GC invocations=47 (full 0):
 garbage-first heap   total 400384K, used 185490K [0x0000000080000000, 0x0000000100000000)
  region size 1024K, 15 young (15360K), 15 survivors (15360K)
 Metaspace       used 121190K, committed 121984K, reserved 1155072K
  class space    used 16406K, committed 16768K, reserved 1048576K
}
Event: 13.851 GC heap before
{Heap before GC invocations=47 (full 0):
 garbage-first heap   total 400384K, used 328850K [0x0000000080000000, 0x0000000100000000)
  region size 1024K, 106 young (108544K), 15 survivors (15360K)
 Metaspace       used 121275K, committed 122112K, reserved 1155072K
  class space    used 16412K, committed 16832K, reserved 1048576K
}
Event: 13.870 GC heap after
{Heap after GC invocations=48 (full 0):
 garbage-first heap   total 400384K, used 237421K [0x0000000080000000, 0x0000000100000000)
  region size 1024K, 14 young (14336K), 14 survivors (14336K)
 Metaspace       used 121275K, committed 122112K, reserved 1155072K
  class space    used 16412K, committed 16832K, reserved 1048576K
}
Event: 14.127 GC heap before
{Heap before GC invocations=48 (full 0):
 garbage-first heap   total 400384K, used 306029K [0x0000000080000000, 0x0000000100000000)
  region size 1024K, 77 young (78848K), 14 survivors (14336K)
 Metaspace       used 121811K, committed 122624K, reserved 1155072K
  class space    used 16498K, committed 16896K, reserved 1048576K
}
Event: 14.157 GC heap after
{Heap after GC invocations=49 (full 0):
 garbage-first heap   total 400384K, used 267587K [0x0000000080000000, 0x0000000100000000)
  region size 1024K, 10 young (10240K), 10 survivors (10240K)
 Metaspace       used 121811K, committed 122624K, reserved 1155072K
  class space    used 16498K, committed 16896K, reserved 1048576K
}
Event: 14.248 GC heap before
{Heap before GC invocations=49 (full 0):
 garbage-first heap   total 400384K, used 312643K [0x0000000080000000, 0x0000000100000000)
  region size 1024K, 55 young (56320K), 10 survivors (10240K)
 Metaspace       used 121910K, committed 122816K, reserved 1155072K
  class space    used 16498K, committed 16896K, reserved 1048576K
}

