# JRE version: OpenJDK Runtime Environment (17.0.6) (build 17.0.6+0-b2043.56-10027231)
# Java VM: OpenJDK 64-Bit Server VM (17.0.6+0-b2043.56-10027231, mixed mode, tiered, compressed oops, compressed class ptrs, g1 gc, windows-amd64)
GC Precious Log:
 CPUs: 8 total, 8 available
 Memory: 7991M
 Large Page Support: Disabled
 NUMA Support: Disabled
 Compressed Oops: Enabled (32-bit)
 Heap Region Size: 1M
 Heap Min Capacity: 8M
 Heap Initial Capacity: 126M
 Heap Max Capacity: 2G
 Pre-touch: Disabled
 Parallel Workers: 8
 Concurrent Workers: 2
 Concurrent Refinement Workers: 8
 Periodic GC: Disabled
Heap:
 garbage-first heap   total 385024K, used 109433K [0x0000000080000000, 0x0000000100000000)
  region size 1024K, 18 young (18432K), 6 survivors (6144K)
 Metaspace       used 97722K, committed 98496K, reserved 1138688K
  class space    used 13171K, committed 13504K, reserved 1048576K
GC Heap History (20 events):
Event: 5.864 GC heap before
{Heap before GC invocations=24 (full 0):
 garbage-first heap   total 126976K, used 98868K [0x0000000080000000, 0x0000000100000000)
  region size 1024K, 36 young (36864K), 3 survivors (3072K)
 Metaspace       used 76363K, committed 76928K, reserved 1122304K
  class space    used 10092K, committed 10368K, reserved 1048576K
}
Event: 5.869 GC heap after
{Heap after GC invocations=25 (full 0):
 garbage-first heap   total 126976K, used 68844K [0x0000000080000000, 0x0000000100000000)
  region size 1024K, 5 young (5120K), 5 survivors (5120K)
 Metaspace       used 76363K, committed 76928K, reserved 1122304K
  class space    used 10092K, committed 10368K, reserved 1048576K
}
Event: 6.130 GC heap before
{Heap before GC invocations=26 (full 0):
 garbage-first heap   total 126976K, used 100588K [0x0000000080000000, 0x0000000100000000)
  region size 1024K, 36 young (36864K), 5 survivors (5120K)
 Metaspace       used 79348K, committed 80000K, reserved 1122304K
  class space    used 10498K, committed 10816K, reserved 1048576K
}
Event: 6.134 GC heap after
{Heap after GC invocations=27 (full 0):
 garbage-first heap   total 126976K, used 71965K [0x0000000080000000, 0x0000000100000000)
  region size 1024K, 4 young (4096K), 4 survivors (4096K)
 Metaspace       used 79348K, committed 80000K, reserved 1122304K
  class space    used 10498K, committed 10816K, reserved 1048576K
}
Event: 6.154 GC heap before
{Heap before GC invocations=27 (full 0):
 garbage-first heap   total 126976K, used 72989K [0x0000000080000000, 0x0000000100000000)
  region size 1024K, 6 young (6144K), 4 survivors (4096K)
 Metaspace       used 79603K, committed 80192K, reserved 1122304K
  class space    used 10543K, committed 10816K, reserved 1048576K
}
Event: 6.156 GC heap after
{Heap after GC invocations=28 (full 0):
 garbage-first heap   total 126976K, used 70862K [0x0000000080000000, 0x0000000100000000)
  region size 1024K, 1 young (1024K), 1 survivors (1024K)
 Metaspace       used 79603K, committed 80192K, reserved 1122304K
  class space    used 10543K, committed 10816K, reserved 1048576K
}
Event: 6.453 GC heap before
{Heap before GC invocations=28 (full 0):
 garbage-first heap   total 126976K, used 101582K [0x0000000080000000, 0x0000000100000000)
  region size 1024K, 31 young (31744K), 1 survivors (1024K)
 Metaspace       used 83415K, committed 84032K, reserved 1122304K
  class space    used 11268K, committed 11584K, reserved 1048576K
}
Event: 6.455 GC heap after
{Heap after GC invocations=29 (full 0):
 garbage-first heap   total 171008K, used 72296K [0x0000000080000000, 0x0000000100000000)
  region size 1024K, 2 young (2048K), 2 survivors (2048K)
 Metaspace       used 83415K, committed 84032K, reserved 1122304K
  class space    used 11268K, committed 11584K, reserved 1048576K
}
Event: 6.898 GC heap before
{Heap before GC invocations=30 (full 0):
 garbage-first heap   total 171008K, used 132712K [0x0000000080000000, 0x0000000100000000)
  region size 1024K, 61 young (62464K), 2 survivors (2048K)
 Metaspace       used 85778K, committed 86464K, reserved 1130496K
  class space    used 11568K, committed 11904K, reserved 1048576K
}
Event: 6.904 GC heap after
{Heap after GC invocations=31 (full 0):
 garbage-first heap   total 171008K, used 79501K [0x0000000080000000, 0x0000000100000000)
  region size 1024K, 8 young (8192K), 8 survivors (8192K)
 Metaspace       used 85778K, committed 86464K, reserved 1130496K
  class space    used 11568K, committed 11904K, reserved 1048576K
}
Event: 6.912 GC heap before
{Heap before GC invocations=31 (full 0):
 garbage-first heap   total 171008K, used 80525K [0x0000000080000000, 0x0000000100000000)
  region size 1024K, 9 young (9216K), 8 survivors (8192K)
 Metaspace       used 85793K, committed 86528K, reserved 1130496K
  class space    used 11568K, committed 11904K, reserved 1048576K
}
Event: 6.917 GC heap after
{Heap after GC invocations=32 (full 0):
 garbage-first heap   total 171008K, used 80437K [0x0000000080000000, 0x0000000100000000)
  region size 1024K, 2 young (2048K), 2 survivors (2048K)
 Metaspace       used 85793K, committed 86528K, reserved 1130496K
  class space    used 11568K, committed 11904K, reserved 1048576K
}
Event: 7.446 GC heap before
{Heap before GC invocations=32 (full 0):
 garbage-first heap   total 171008K, used 132661K [0x0000000080000000, 0x0000000100000000)
  region size 1024K, 53 young (54272K), 2 survivors (2048K)
 Metaspace       used 90976K, committed 91648K, reserved 1130496K
  class space    used 12357K, committed 12672K, reserved 1048576K
}
Event: 7.450 GC heap after
{Heap after GC invocations=33 (full 0):
 garbage-first heap   total 171008K, used 83633K [0x0000000080000000, 0x0000000100000000)
  region size 1024K, 5 young (5120K), 5 survivors (5120K)
 Metaspace       used 90976K, committed 91648K, reserved 1130496K
  class space    used 12357K, committed 12672K, reserved 1048576K
}
Event: 7.894 GC heap before
{Heap before GC invocations=34 (full 0):
 garbage-first heap   total 171008K, used 134833K [0x0000000080000000, 0x0000000100000000)
  region size 1024K, 55 young (56320K), 5 survivors (5120K)
 Metaspace       used 95220K, committed 95936K, reserved 1138688K
  class space    used 12904K, committed 13248K, reserved 1048576K
}
Event: 7.901 GC heap after
{Heap after GC invocations=35 (full 0):
 garbage-first heap   total 171008K, used 89318K [0x0000000080000000, 0x0000000100000000)
  region size 1024K, 6 young (6144K), 6 survivors (6144K)
 Metaspace       used 95220K, committed 95936K, reserved 1138688K
  class space    used 12904K, committed 13248K, reserved 1048576K
}
Event: 7.912 GC heap before
{Heap before GC invocations=35 (full 0):
 garbage-first heap   total 171008K, used 91366K [0x0000000080000000, 0x0000000100000000)
  region size 1024K, 8 young (8192K), 6 survivors (6144K)
 Metaspace       used 95224K, committed 95936K, reserved 1138688K
  class space    used 12904K, committed 13248K, reserved 1048576K
}
Event: 7.916 GC heap after
{Heap after GC invocations=36 (full 0):
 garbage-first heap   total 171008K, used 89651K [0x0000000080000000, 0x0000000100000000)
  region size 1024K, 1 young (1024K), 1 survivors (1024K)
 Metaspace       used 95224K, committed 95936K, reserved 1138688K
  class space    used 12904K, committed 13248K, reserved 1048576K
}
Event: 8.175 GC heap before
{Heap before GC invocations=36 (full 0):
 garbage-first heap   total 171008K, used 137779K [0x0000000080000000, 0x0000000100000000)
  region size 1024K, 48 young (49152K), 1 survivors (1024K)
 Metaspace       used 96903K, committed 97536K, reserved 1138688K
  class space    used 13001K, committed 13312K, reserved 1048576K
}
Event: 8.182 GC heap after
{Heap after GC invocations=37 (full 0):
 garbage-first heap   total 385024K, used 98169K [0x0000000080000000, 0x0000000100000000)
  region size 1024K, 6 young (6144K), 6 survivors (6144K)
 Metaspace       used 96903K, committed 97536K, reserved 1138688K
  class space    used 13001K, committed 13312K, reserved 1048576K
}

