# JRE version: OpenJDK Runtime Environment (17.0.6) (build 17.0.6+0-b2043.56-10027231)
# Java VM: OpenJDK 64-Bit Server VM (17.0.6+0-b2043.56-10027231, mixed mode, tiered, compressed oops, compressed class ptrs, g1 gc, windows-amd64)
GC Precious Log:
 CPUs: 8 total, 8 available
 Memory: 7991M
 Large Page Support: Disabled
 NUMA Support: Disabled
 Compressed Oops: Enabled (32-bit)
 Heap Region Size: 1M
 Heap Min Capacity: 8M
 Heap Initial Capacity: 126M
 Heap Max Capacity: 2G
 Pre-touch: Disabled
 Parallel Workers: 8
 Concurrent Workers: 2
 Concurrent Refinement Workers: 8
 Periodic GC: Disabled
Heap:
 garbage-first heap   total 416768K, used 288951K [0x0000000080000000, 0x0000000100000000)
  region size 1024K, 130 young (133120K), 3 survivors (3072K)
 Metaspace       used 130388K, committed 131520K, reserved 1171456K
  class space    used 16688K, committed 17216K, reserved 1048576K
GC Heap History (20 events):
Event: 303.493 GC heap before
{Heap before GC invocations=59 (full 0):
 garbage-first heap   total 416768K, used 167656K [0x0000000080000000, 0x0000000100000000)
  region size 1024K, 20 young (20480K), 15 survivors (15360K)
 Metaspace       used 122329K, committed 123200K, reserved 1163264K
  class space    used 15772K, committed 16192K, reserved 1048576K
}
Event: 303.508 GC heap after
{Heap after GC invocations=60 (full 0):
 garbage-first heap   total 416768K, used 144564K [0x0000000080000000, 0x0000000100000000)
  region size 1024K, 2 young (2048K), 2 survivors (2048K)
 Metaspace       used 122329K, committed 123200K, reserved 1163264K
  class space    used 15772K, committed 16192K, reserved 1048576K
}
Event: 304.100 GC heap before
{Heap before GC invocations=60 (full 0):
 garbage-first heap   total 416768K, used 255156K [0x0000000080000000, 0x0000000100000000)
  region size 1024K, 111 young (113664K), 2 survivors (2048K)
 Metaspace       used 122718K, committed 123648K, reserved 1163264K
  class space    used 15787K, committed 16256K, reserved 1048576K
}
Event: 304.111 GC heap after
{Heap after GC invocations=61 (full 0):
 garbage-first heap   total 416768K, used 157826K [0x0000000080000000, 0x0000000100000000)
  region size 1024K, 15 young (15360K), 15 survivors (15360K)
 Metaspace       used 122718K, committed 123648K, reserved 1163264K
  class space    used 15787K, committed 16256K, reserved 1048576K
}
Event: 315.960 GC heap before
{Heap before GC invocations=62 (full 0):
 garbage-first heap   total 416768K, used 344194K [0x0000000080000000, 0x0000000100000000)
  region size 1024K, 197 young (201728K), 15 survivors (15360K)
 Metaspace       used 123696K, committed 124672K, reserved 1163264K
  class space    used 15917K, committed 16384K, reserved 1048576K
}
Event: 315.969 GC heap after
{Heap after GC invocations=63 (full 0):
 garbage-first heap   total 416768K, used 158429K [0x0000000080000000, 0x0000000100000000)
  region size 1024K, 16 young (16384K), 16 survivors (16384K)
 Metaspace       used 123696K, committed 124672K, reserved 1163264K
  class space    used 15917K, committed 16384K, reserved 1048576K
}
Event: 315.977 GC heap before
{Heap before GC invocations=63 (full 0):
 garbage-first heap   total 416768K, used 161501K [0x0000000080000000, 0x0000000100000000)
  region size 1024K, 20 young (20480K), 16 survivors (16384K)
 Metaspace       used 123698K, committed 124672K, reserved 1163264K
  class space    used 15917K, committed 16384K, reserved 1048576K
}
Event: 315.988 GC heap after
{Heap after GC invocations=64 (full 0):
 garbage-first heap   total 416768K, used 144456K [0x0000000080000000, 0x0000000100000000)
  region size 1024K, 2 young (2048K), 2 survivors (2048K)
 Metaspace       used 123698K, committed 124672K, reserved 1163264K
  class space    used 15917K, committed 16384K, reserved 1048576K
}
Event: 319.209 GC heap before
{Heap before GC invocations=64 (full 0):
 garbage-first heap   total 416768K, used 211016K [0x0000000080000000, 0x0000000100000000)
  region size 1024K, 69 young (70656K), 2 survivors (2048K)
 Metaspace       used 123792K, committed 124800K, reserved 1163264K
  class space    used 15926K, committed 16384K, reserved 1048576K
}
Event: 319.215 GC heap after
{Heap after GC invocations=65 (full 0):
 garbage-first heap   total 416768K, used 157115K [0x0000000080000000, 0x0000000100000000)
  region size 1024K, 15 young (15360K), 15 survivors (15360K)
 Metaspace       used 123792K, committed 124800K, reserved 1163264K
  class space    used 15926K, committed 16384K, reserved 1048576K
}
Event: 321.552 GC heap before
{Heap before GC invocations=66 (full 0):
 garbage-first heap   total 416768K, used 376251K [0x0000000080000000, 0x0000000100000000)
  region size 1024K, 185 young (189440K), 15 survivors (15360K)
 Metaspace       used 123996K, committed 125056K, reserved 1163264K
  class space    used 15936K, committed 16448K, reserved 1048576K
}
Event: 321.559 GC heap after
{Heap after GC invocations=67 (full 0):
 garbage-first heap   total 416768K, used 158526K [0x0000000080000000, 0x0000000100000000)
  region size 1024K, 15 young (15360K), 15 survivors (15360K)
 Metaspace       used 123996K, committed 125056K, reserved 1163264K
  class space    used 15936K, committed 16448K, reserved 1048576K
}
Event: 321.579 GC heap before
{Heap before GC invocations=67 (full 0):
 garbage-first heap   total 416768K, used 163646K [0x0000000080000000, 0x0000000100000000)
  region size 1024K, 20 young (20480K), 15 survivors (15360K)
 Metaspace       used 123996K, committed 125056K, reserved 1163264K
  class space    used 15936K, committed 16448K, reserved 1048576K
}
Event: 321.586 GC heap after
{Heap after GC invocations=68 (full 0):
 garbage-first heap   total 416768K, used 155945K [0x0000000080000000, 0x0000000100000000)
  region size 1024K, 3 young (3072K), 3 survivors (3072K)
 Metaspace       used 123996K, committed 125056K, reserved 1163264K
  class space    used 15936K, committed 16448K, reserved 1048576K
}
Event: 330.463 GC heap before
{Heap before GC invocations=68 (full 0):
 garbage-first heap   total 416768K, used 332073K [0x0000000080000000, 0x0000000100000000)
  region size 1024K, 176 young (180224K), 3 survivors (3072K)
 Metaspace       used 124408K, committed 125504K, reserved 1163264K
  class space    used 15943K, committed 16448K, reserved 1048576K
}
Event: 330.469 GC heap after
{Heap after GC invocations=69 (full 0):
 garbage-first heap   total 416768K, used 162666K [0x0000000080000000, 0x0000000100000000)
  region size 1024K, 9 young (9216K), 9 survivors (9216K)
 Metaspace       used 124408K, committed 125504K, reserved 1163264K
  class space    used 15943K, committed 16448K, reserved 1048576K
}
Event: 1318.654 GC heap before
{Heap before GC invocations=70 (full 0):
 garbage-first heap   total 416768K, used 334698K [0x0000000080000000, 0x0000000100000000)
  region size 1024K, 179 young (183296K), 9 survivors (9216K)
 Metaspace       used 128876K, committed 130048K, reserved 1163264K
  class space    used 16518K, committed 17088K, reserved 1048576K
}
Event: 1318.663 GC heap after
{Heap after GC invocations=71 (full 0):
 garbage-first heap   total 416768K, used 167260K [0x0000000080000000, 0x0000000100000000)
  region size 1024K, 15 young (15360K), 15 survivors (15360K)
 Metaspace       used 128876K, committed 130048K, reserved 1163264K
  class space    used 16518K, committed 17088K, reserved 1048576K
}
Event: 1318.686 GC heap before
{Heap before GC invocations=71 (full 0):
 garbage-first heap   total 416768K, used 172380K [0x0000000080000000, 0x0000000100000000)
  region size 1024K, 20 young (20480K), 15 survivors (15360K)
 Metaspace       used 128889K, committed 130048K, reserved 1163264K
  class space    used 16519K, committed 17088K, reserved 1048576K
}
Event: 1318.694 GC heap after
{Heap after GC invocations=72 (full 0):
 garbage-first heap   total 416768K, used 160951K [0x0000000080000000, 0x0000000100000000)
  region size 1024K, 3 young (3072K), 3 survivors (3072K)
 Metaspace       used 128889K, committed 130048K, reserved 1163264K
  class space    used 16519K, committed 17088K, reserved 1048576K
}

