# JRE version: OpenJDK Runtime Environment (17.0.6) (build 17.0.6+0-b2043.56-10027231)
# Java VM: OpenJDK 64-Bit Server VM (17.0.6+0-b2043.56-10027231, mixed mode, tiered, compressed oops, compressed class ptrs, g1 gc, windows-amd64)
GC Precious Log:
 CPUs: 8 total, 8 available
 Memory: 7991M
 Large Page Support: Disabled
 NUMA Support: Disabled
 Compressed Oops: Enabled (32-bit)
 Heap Region Size: 1M
 Heap Min Capacity: 8M
 Heap Initial Capacity: 126M
 Heap Max Capacity: 2G
 Pre-touch: Disabled
 Parallel Workers: 8
 Concurrent Workers: 2
 Concurrent Refinement Workers: 8
 Periodic GC: Disabled
Heap:
 garbage-first heap   total 432128K, used 220109K [0x0000000080000000, 0x0000000100000000)
  region size 1024K, 3 young (3072K), 3 survivors (3072K)
 Metaspace       used 160268K, committed 161408K, reserved 1196032K
  class space    used 21221K, committed 21760K, reserved 1048576K
GC Heap History (20 events):
Event: 859.827 GC heap after
{Heap after GC invocations=83 (full 0):
 garbage-first heap   total 360448K, used 154387K [0x0000000080000000, 0x0000000100000000)
  region size 1024K, 2 young (2048K), 2 survivors (2048K)
 Metaspace       used 157824K, committed 158976K, reserved 1187840K
  class space    used 20979K, committed 21568K, reserved 1048576K
}
Event: 862.433 GC heap before
{Heap before GC invocations=83 (full 0):
 garbage-first heap   total 360448K, used 241427K [0x0000000080000000, 0x0000000100000000)
  region size 1024K, 89 young (91136K), 2 survivors (2048K)
 Metaspace       used 158304K, committed 159488K, reserved 1187840K
  class space    used 21036K, committed 21632K, reserved 1048576K
}
Event: 862.438 GC heap after
{Heap after GC invocations=84 (full 0):
 garbage-first heap   total 360448K, used 157245K [0x0000000080000000, 0x0000000100000000)
  region size 1024K, 5 young (5120K), 5 survivors (5120K)
 Metaspace       used 158304K, committed 159488K, reserved 1187840K
  class space    used 21036K, committed 21632K, reserved 1048576K
}
Event: 863.427 GC heap before
{Heap before GC invocations=85 (full 0):
 garbage-first heap   total 360448K, used 286269K [0x0000000080000000, 0x0000000100000000)
  region size 1024K, 131 young (134144K), 5 survivors (5120K)
 Metaspace       used 158659K, committed 159808K, reserved 1187840K
  class space    used 21076K, committed 21632K, reserved 1048576K
}
Event: 863.441 GC heap after
{Heap after GC invocations=86 (full 0):
 garbage-first heap   total 360448K, used 178090K [0x0000000080000000, 0x0000000100000000)
  region size 1024K, 17 young (17408K), 17 survivors (17408K)
 Metaspace       used 158659K, committed 159808K, reserved 1187840K
  class space    used 21076K, committed 21632K, reserved 1048576K
}
Event: 863.443 GC heap before
{Heap before GC invocations=86 (full 0):
 garbage-first heap   total 360448K, used 179114K [0x0000000080000000, 0x0000000100000000)
  region size 1024K, 18 young (18432K), 17 survivors (17408K)
 Metaspace       used 158659K, committed 159808K, reserved 1187840K
  class space    used 21076K, committed 21632K, reserved 1048576K
}
Event: 863.455 GC heap after
{Heap after GC invocations=87 (full 0):
 garbage-first heap   total 360448K, used 169921K [0x0000000080000000, 0x0000000100000000)
  region size 1024K, 2 young (2048K), 2 survivors (2048K)
 Metaspace       used 158659K, committed 159808K, reserved 1187840K
  class space    used 21076K, committed 21632K, reserved 1048576K
}
Event: 863.746 GC heap before
{Heap before GC invocations=87 (full 0):
 garbage-first heap   total 360448K, used 283585K [0x0000000080000000, 0x0000000100000000)
  region size 1024K, 114 young (116736K), 2 survivors (2048K)
 Metaspace       used 158902K, committed 160128K, reserved 1187840K
  class space    used 21111K, committed 21696K, reserved 1048576K
}
Event: 863.760 GC heap after
{Heap after GC invocations=88 (full 0):
 garbage-first heap   total 360448K, used 192945K [0x0000000080000000, 0x0000000100000000)
  region size 1024K, 15 young (15360K), 15 survivors (15360K)
 Metaspace       used 158902K, committed 160128K, reserved 1187840K
  class space    used 21111K, committed 21696K, reserved 1048576K
}
Event: 864.034 GC heap before
{Heap before GC invocations=89 (full 0):
 garbage-first heap   total 432128K, used 291249K [0x0000000080000000, 0x0000000100000000)
  region size 1024K, 105 young (107520K), 15 survivors (15360K)
 Metaspace       used 158954K, committed 160128K, reserved 1187840K
  class space    used 21112K, committed 21696K, reserved 1048576K
}
Event: 864.051 GC heap after
{Heap after GC invocations=90 (full 0):
 garbage-first heap   total 432128K, used 213741K [0x0000000080000000, 0x0000000100000000)
  region size 1024K, 14 young (14336K), 14 survivors (14336K)
 Metaspace       used 158954K, committed 160128K, reserved 1187840K
  class space    used 21112K, committed 21696K, reserved 1048576K
}
Event: 864.077 GC heap before
{Heap before GC invocations=90 (full 0):
 garbage-first heap   total 432128K, used 220909K [0x0000000080000000, 0x0000000100000000)
  region size 1024K, 21 young (21504K), 14 survivors (14336K)
 Metaspace       used 158955K, committed 160128K, reserved 1187840K
  class space    used 21112K, committed 21696K, reserved 1048576K
}
Event: 864.090 GC heap after
{Heap after GC invocations=91 (full 0):
 garbage-first heap   total 432128K, used 215692K [0x0000000080000000, 0x0000000100000000)
  region size 1024K, 3 young (3072K), 3 survivors (3072K)
 Metaspace       used 158955K, committed 160128K, reserved 1187840K
  class space    used 21112K, committed 21696K, reserved 1048576K
}
Event: 864.275 GC heap before
{Heap before GC invocations=91 (full 0):
 garbage-first heap   total 432128K, used 217740K [0x0000000080000000, 0x0000000100000000)
  region size 1024K, 6 young (6144K), 3 survivors (3072K)
 Metaspace       used 159080K, committed 160256K, reserved 1187840K
  class space    used 21118K, committed 21696K, reserved 1048576K
}
Event: 864.278 GC heap after
{Heap after GC invocations=92 (full 0):
 garbage-first heap   total 432128K, used 214177K [0x0000000080000000, 0x0000000100000000)
  region size 1024K, 2 young (2048K), 2 survivors (2048K)
 Metaspace       used 159080K, committed 160256K, reserved 1187840K
  class space    used 21118K, committed 21696K, reserved 1048576K
}
Event: 865.102 GC heap before
{Heap before GC invocations=93 (full 0):
 garbage-first heap   total 432128K, used 351393K [0x0000000080000000, 0x0000000100000000)
  region size 1024K, 124 young (126976K), 2 survivors (2048K)
 Metaspace       used 159964K, committed 161088K, reserved 1196032K
  class space    used 21216K, committed 21760K, reserved 1048576K
}
Event: 865.110 GC heap after
{Heap after GC invocations=94 (full 0):
 garbage-first heap   total 432128K, used 220002K [0x0000000080000000, 0x0000000100000000)
  region size 1024K, 7 young (7168K), 7 survivors (7168K)
 Metaspace       used 159964K, committed 161088K, reserved 1196032K
  class space    used 21216K, committed 21760K, reserved 1048576K
}
Event: 865.176 GC heap before
{Heap before GC invocations=94 (full 0):
 garbage-first heap   total 432128K, used 234338K [0x0000000080000000, 0x0000000100000000)
  region size 1024K, 21 young (21504K), 7 survivors (7168K)
 Metaspace       used 160038K, committed 161152K, reserved 1196032K
  class space    used 21216K, committed 21760K, reserved 1048576K
}
Event: 865.183 GC heap after
{Heap after GC invocations=95 (full 0):
 garbage-first heap   total 432128K, used 217997K [0x0000000080000000, 0x0000000100000000)
  region size 1024K, 1 young (1024K), 1 survivors (1024K)
 Metaspace       used 160038K, committed 161152K, reserved 1196032K
  class space    used 21216K, committed 21760K, reserved 1048576K
}
Event: 865.503 GC heap before
{Heap before GC invocations=95 (full 0):
 garbage-first heap   total 432128K, used 347021K [0x0000000080000000, 0x0000000100000000)
  region size 1024K, 127 young (130048K), 1 survivors (1024K)
 Metaspace       used 160268K, committed 161408K, reserved 1196032K
  class space    used 21221K, committed 21760K, reserved 1048576K
}

