# JRE version: OpenJDK Runtime Environment (17.0.6) (build 17.0.6+0-b2043.56-10027231)
# Java VM: OpenJDK 64-Bit Server VM (17.0.6+0-b2043.56-10027231, mixed mode, tiered, compressed oops, compressed class ptrs, g1 gc, windows-amd64)
GC Precious Log:
 CPUs: 8 total, 8 available
 Memory: 7991M
 Large Page Support: Disabled
 NUMA Support: Disabled
 Compressed Oops: Enabled (32-bit)
 Heap Region Size: 1M
 Heap Min Capacity: 8M
 Heap Initial Capacity: 126M
 Heap Max Capacity: 2G
 Pre-touch: Disabled
 Parallel Workers: 8
 Concurrent Workers: 2
 Concurrent Refinement Workers: 8
 Periodic GC: Disabled
Heap:
 garbage-first heap   total 138240K, used 96089K [0x0000000080000000, 0x0000000100000000)
  region size 1024K, 8 young (8192K), 4 survivors (4096K)
 Metaspace       used 96691K, committed 97280K, reserved 1138688K
  class space    used 13009K, committed 13312K, reserved 1048576K
GC Heap History (20 events):
Event: 18.742 GC heap before
{Heap before GC invocations=29 (full 0):
 garbage-first heap   total 138240K, used 103087K [0x0000000080000000, 0x0000000100000000)
  region size 1024K, 42 young (43008K), 4 survivors (4096K)
 Metaspace       used 76590K, committed 77184K, reserved 1122304K
  class space    used 10118K, committed 10432K, reserved 1048576K
}
Event: 18.746 GC heap after
{Heap after GC invocations=30 (full 0):
 garbage-first heap   total 138240K, used 67929K [0x0000000080000000, 0x0000000100000000)
  region size 1024K, 6 young (6144K), 6 survivors (6144K)
 Metaspace       used 76590K, committed 77184K, reserved 1122304K
  class space    used 10118K, committed 10432K, reserved 1048576K
}
Event: 19.412 GC heap before
{Heap before GC invocations=30 (full 0):
 garbage-first heap   total 138240K, used 104793K [0x0000000080000000, 0x0000000100000000)
  region size 1024K, 43 young (44032K), 6 survivors (6144K)
 Metaspace       used 78556K, committed 79168K, reserved 1122304K
  class space    used 10383K, committed 10688K, reserved 1048576K
}
Event: 19.417 GC heap after
{Heap after GC invocations=31 (full 0):
 garbage-first heap   total 138240K, used 70390K [0x0000000080000000, 0x0000000100000000)
  region size 1024K, 4 young (4096K), 4 survivors (4096K)
 Metaspace       used 78556K, committed 79168K, reserved 1122304K
  class space    used 10383K, committed 10688K, reserved 1048576K
}
Event: 20.227 GC heap before
{Heap before GC invocations=32 (full 0):
 garbage-first heap   total 138240K, used 107254K [0x0000000080000000, 0x0000000100000000)
  region size 1024K, 40 young (40960K), 4 survivors (4096K)
 Metaspace       used 83090K, committed 83712K, reserved 1122304K
  class space    used 11207K, committed 11520K, reserved 1048576K
}
Event: 20.230 GC heap after
{Heap after GC invocations=33 (full 0):
 garbage-first heap   total 138240K, used 72663K [0x0000000080000000, 0x0000000100000000)
  region size 1024K, 3 young (3072K), 3 survivors (3072K)
 Metaspace       used 83090K, committed 83712K, reserved 1122304K
  class space    used 11207K, committed 11520K, reserved 1048576K
}
Event: 20.270 GC heap before
{Heap before GC invocations=33 (full 0):
 garbage-first heap   total 138240K, used 75735K [0x0000000080000000, 0x0000000100000000)
  region size 1024K, 6 young (6144K), 3 survivors (3072K)
 Metaspace       used 83374K, committed 83968K, reserved 1122304K
  class space    used 11242K, committed 11520K, reserved 1048576K
}
Event: 20.273 GC heap after
{Heap after GC invocations=34 (full 0):
 garbage-first heap   total 138240K, used 72312K [0x0000000080000000, 0x0000000100000000)
  region size 1024K, 1 young (1024K), 1 survivors (1024K)
 Metaspace       used 83374K, committed 83968K, reserved 1122304K
  class space    used 11242K, committed 11520K, reserved 1048576K
}
Event: 21.067 GC heap before
{Heap before GC invocations=34 (full 0):
 garbage-first heap   total 138240K, used 110200K [0x0000000080000000, 0x0000000100000000)
  region size 1024K, 38 young (38912K), 1 survivors (1024K)
 Metaspace       used 87171K, committed 87808K, reserved 1130496K
  class space    used 11791K, committed 12096K, reserved 1048576K
}
Event: 21.071 GC heap after
{Heap after GC invocations=35 (full 0):
 garbage-first heap   total 138240K, used 75227K [0x0000000080000000, 0x0000000100000000)
  region size 1024K, 4 young (4096K), 4 survivors (4096K)
 Metaspace       used 87171K, committed 87808K, reserved 1130496K
  class space    used 11791K, committed 12096K, reserved 1048576K
}
Event: 22.159 GC heap before
{Heap before GC invocations=36 (full 0):
 garbage-first heap   total 138240K, used 111067K [0x0000000080000000, 0x0000000100000000)
  region size 1024K, 39 young (39936K), 4 survivors (4096K)
 Metaspace       used 91945K, committed 92544K, reserved 1130496K
  class space    used 12493K, committed 12800K, reserved 1048576K
}
Event: 22.165 GC heap after
{Heap after GC invocations=37 (full 0):
 garbage-first heap   total 138240K, used 77661K [0x0000000080000000, 0x0000000100000000)
  region size 1024K, 3 young (3072K), 3 survivors (3072K)
 Metaspace       used 91945K, committed 92544K, reserved 1130496K
  class space    used 12493K, committed 12800K, reserved 1048576K
}
Event: 22.301 GC heap before
{Heap before GC invocations=37 (full 0):
 garbage-first heap   total 138240K, used 80733K [0x0000000080000000, 0x0000000100000000)
  region size 1024K, 6 young (6144K), 3 survivors (3072K)
 Metaspace       used 92290K, committed 92928K, reserved 1130496K
  class space    used 12533K, committed 12864K, reserved 1048576K
}
Event: 22.304 GC heap after
{Heap after GC invocations=38 (full 0):
 garbage-first heap   total 138240K, used 77975K [0x0000000080000000, 0x0000000100000000)
  region size 1024K, 1 young (1024K), 1 survivors (1024K)
 Metaspace       used 92290K, committed 92928K, reserved 1130496K
  class space    used 12533K, committed 12864K, reserved 1048576K
}
Event: 22.791 GC heap before
{Heap before GC invocations=38 (full 0):
 garbage-first heap   total 138240K, used 112791K [0x0000000080000000, 0x0000000100000000)
  region size 1024K, 35 young (35840K), 1 survivors (1024K)
 Metaspace       used 94561K, committed 95232K, reserved 1138688K
  class space    used 12848K, committed 13184K, reserved 1048576K
}
Event: 22.794 GC heap after
{Heap after GC invocations=39 (full 0):
 garbage-first heap   total 138240K, used 81228K [0x0000000080000000, 0x0000000100000000)
  region size 1024K, 4 young (4096K), 4 survivors (4096K)
 Metaspace       used 94561K, committed 95232K, reserved 1138688K
  class space    used 12848K, committed 13184K, reserved 1048576K
}
Event: 23.028 GC heap before
{Heap before GC invocations=39 (full 0):
 garbage-first heap   total 138240K, used 112972K [0x0000000080000000, 0x0000000100000000)
  region size 1024K, 35 young (35840K), 4 survivors (4096K)
 Metaspace       used 94894K, committed 95552K, reserved 1138688K
  class space    used 12878K, committed 13184K, reserved 1048576K
}
Event: 23.033 GC heap after
{Heap after GC invocations=40 (full 0):
 garbage-first heap   total 138240K, used 86307K [0x0000000080000000, 0x0000000100000000)
  region size 1024K, 5 young (5120K), 5 survivors (5120K)
 Metaspace       used 94894K, committed 95552K, reserved 1138688K
  class space    used 12878K, committed 13184K, reserved 1048576K
}
Event: 23.253 GC heap before
{Heap before GC invocations=40 (full 0):
 garbage-first heap   total 138240K, used 111907K [0x0000000080000000, 0x0000000100000000)
  region size 1024K, 31 young (31744K), 5 survivors (5120K)
 Metaspace       used 95886K, committed 96512K, reserved 1138688K
  class space    used 12961K, committed 13248K, reserved 1048576K
}
Event: 23.259 GC heap after
{Heap after GC invocations=41 (full 0):
 garbage-first heap   total 138240K, used 91993K [0x0000000080000000, 0x0000000100000000)
  region size 1024K, 4 young (4096K), 4 survivors (4096K)
 Metaspace       used 95886K, committed 96512K, reserved 1138688K
  class space    used 12961K, committed 13248K, reserved 1048576K
}

