# JRE version: OpenJDK Runtime Environment (17.0.6) (build 17.0.6+0-b2043.56-10027231)
# Java VM: OpenJDK 64-Bit Server VM (17.0.6+0-b2043.56-10027231, mixed mode, tiered, compressed oops, compressed class ptrs, g1 gc, windows-amd64)
GC Precious Log:
 CPUs: 8 total, 8 available
 Memory: 7991M
 Large Page Support: Disabled
 NUMA Support: Disabled
 Compressed Oops: Enabled (32-bit)
 Heap Region Size: 1M
 Heap Min Capacity: 8M
 Heap Initial Capacity: 126M
 Heap Max Capacity: 1998M
 Pre-touch: Disabled
 Parallel Workers: 8
 Concurrent Workers: 2
 Concurrent Refinement Workers: 8
 Periodic GC: Disabled
Heap:
 garbage-first heap   total 129024K, used 55958K [0x0000000083200000, 0x0000000100000000)
  region size 1024K, 1 young (1024K), 1 survivors (1024K)
 Metaspace       used 58501K, committed 58816K, reserved 1105920K
  class space    used 6816K, committed 6976K, reserved 1048576K
GC Heap History (20 events):
Event: 1.549 GC heap after
{Heap after GC invocations=6 (full 0):
 garbage-first heap   total 40960K, used 17993K [0x0000000083200000, 0x0000000100000000)
  region size 1024K, 2 young (2048K), 2 survivors (2048K)
 Metaspace       used 31501K, committed 31744K, reserved 1081344K
  class space    used 3825K, committed 3904K, reserved 1048576K
}
Event: 1.657 GC heap before
{Heap before GC invocations=6 (full 0):
 garbage-first heap   total 40960K, used 33353K [0x0000000083200000, 0x0000000100000000)
  region size 1024K, 15 young (15360K), 2 survivors (2048K)
 Metaspace       used 31684K, committed 31936K, reserved 1081344K
  class space    used 3825K, committed 3904K, reserved 1048576K
}
Event: 1.664 GC heap after
{Heap after GC invocations=7 (full 0):
 garbage-first heap   total 81920K, used 23164K [0x0000000083200000, 0x0000000100000000)
  region size 1024K, 2 young (2048K), 2 survivors (2048K)
 Metaspace       used 31684K, committed 31936K, reserved 1081344K
  class space    used 3825K, committed 3904K, reserved 1048576K
}
Event: 2.098 GC heap before
{Heap before GC invocations=7 (full 0):
 garbage-first heap   total 81920K, used 44668K [0x0000000083200000, 0x0000000100000000)
  region size 1024K, 24 young (24576K), 2 survivors (2048K)
 Metaspace       used 35867K, committed 36096K, reserved 1081344K
  class space    used 4503K, committed 4608K, reserved 1048576K
}
Event: 2.105 GC heap after
{Heap after GC invocations=8 (full 0):
 garbage-first heap   total 81920K, used 26624K [0x0000000083200000, 0x0000000100000000)
  region size 1024K, 5 young (5120K), 5 survivors (5120K)
 Metaspace       used 35867K, committed 36096K, reserved 1081344K
  class space    used 4503K, committed 4608K, reserved 1048576K
}
Event: 2.370 GC heap before
{Heap before GC invocations=9 (full 0):
 garbage-first heap   total 81920K, used 57344K [0x0000000083200000, 0x0000000100000000)
  region size 1024K, 35 young (35840K), 5 survivors (5120K)
 Metaspace       used 41518K, committed 41792K, reserved 1089536K
  class space    used 5047K, committed 5184K, reserved 1048576K
}
Event: 2.379 GC heap after
{Heap after GC invocations=10 (full 0):
 garbage-first heap   total 81920K, used 28407K [0x0000000083200000, 0x0000000100000000)
  region size 1024K, 4 young (4096K), 4 survivors (4096K)
 Metaspace       used 41518K, committed 41792K, reserved 1089536K
  class space    used 5047K, committed 5184K, reserved 1048576K
}
Event: 2.895 GC heap before
{Heap before GC invocations=10 (full 0):
 garbage-first heap   total 81920K, used 59127K [0x0000000083200000, 0x0000000100000000)
  region size 1024K, 34 young (34816K), 4 survivors (4096K)
 Metaspace       used 49019K, committed 49280K, reserved 1097728K
  class space    used 5897K, committed 6016K, reserved 1048576K
}
Event: 2.901 GC heap after
{Heap after GC invocations=11 (full 0):
 garbage-first heap   total 81920K, used 31839K [0x0000000083200000, 0x0000000100000000)
  region size 1024K, 4 young (4096K), 4 survivors (4096K)
 Metaspace       used 49019K, committed 49280K, reserved 1097728K
  class space    used 5897K, committed 6016K, reserved 1048576K
}
Event: 3.047 GC heap before
{Heap before GC invocations=11 (full 0):
 garbage-first heap   total 81920K, used 63583K [0x0000000083200000, 0x0000000100000000)
  region size 1024K, 32 young (32768K), 4 survivors (4096K)
 Metaspace       used 49873K, committed 50112K, reserved 1097728K
  class space    used 5962K, committed 6080K, reserved 1048576K
}
Event: 3.057 GC heap after
{Heap after GC invocations=12 (full 0):
 garbage-first heap   total 81920K, used 37574K [0x0000000083200000, 0x0000000100000000)
  region size 1024K, 4 young (4096K), 4 survivors (4096K)
 Metaspace       used 49873K, committed 50112K, reserved 1097728K
  class space    used 5962K, committed 6080K, reserved 1048576K
}
Event: 3.508 GC heap before
{Heap before GC invocations=12 (full 0):
 garbage-first heap   total 81920K, used 62150K [0x0000000083200000, 0x0000000100000000)
  region size 1024K, 29 young (29696K), 4 survivors (4096K)
 Metaspace       used 53833K, committed 54080K, reserved 1097728K
  class space    used 6405K, committed 6528K, reserved 1048576K
}
Event: 3.519 GC heap after
{Heap after GC invocations=13 (full 0):
 garbage-first heap   total 115712K, used 40612K [0x0000000083200000, 0x0000000100000000)
  region size 1024K, 4 young (4096K), 4 survivors (4096K)
 Metaspace       used 53833K, committed 54080K, reserved 1097728K
  class space    used 6405K, committed 6528K, reserved 1048576K
}
Event: 4.247 GC heap before
{Heap before GC invocations=13 (full 0):
 garbage-first heap   total 115712K, used 82596K [0x0000000083200000, 0x0000000100000000)
  region size 1024K, 45 young (46080K), 4 survivors (4096K)
 Metaspace       used 56790K, committed 57088K, reserved 1105920K
  class space    used 6638K, committed 6784K, reserved 1048576K
}
Event: 4.264 GC heap after
{Heap after GC invocations=14 (full 0):
 garbage-first heap   total 115712K, used 48128K [0x0000000083200000, 0x0000000100000000)
  region size 1024K, 6 young (6144K), 6 survivors (6144K)
 Metaspace       used 56790K, committed 57088K, reserved 1105920K
  class space    used 6638K, committed 6784K, reserved 1048576K
}
Event: 4.617 GC heap before
{Heap before GC invocations=14 (full 0):
 garbage-first heap   total 115712K, used 83968K [0x0000000083200000, 0x0000000100000000)
  region size 1024K, 41 young (41984K), 6 survivors (6144K)
 Metaspace       used 57777K, committed 58048K, reserved 1105920K
  class space    used 6727K, committed 6848K, reserved 1048576K
}
Event: 4.632 GC heap after
{Heap after GC invocations=15 (full 0):
 garbage-first heap   total 115712K, used 55093K [0x0000000083200000, 0x0000000100000000)
  region size 1024K, 6 young (6144K), 6 survivors (6144K)
 Metaspace       used 57777K, committed 58048K, reserved 1105920K
  class space    used 6727K, committed 6848K, reserved 1048576K
}
Event: 4.691 GC heap before
{Heap before GC invocations=15 (full 0):
 garbage-first heap   total 115712K, used 87861K [0x0000000083200000, 0x0000000100000000)
  region size 1024K, 38 young (38912K), 6 survivors (6144K)
 Metaspace       used 57946K, committed 58304K, reserved 1105920K
  class space    used 6745K, committed 6912K, reserved 1048576K
}
Event: 4.698 GC heap after
{Heap after GC invocations=16 (full 0):
 garbage-first heap   total 115712K, used 56320K [0x0000000083200000, 0x0000000100000000)
  region size 1024K, 1 young (1024K), 1 survivors (1024K)
 Metaspace       used 57946K, committed 58304K, reserved 1105920K
  class space    used 6745K, committed 6912K, reserved 1048576K
}
Event: 4.796 GC heap before
{Heap before GC invocations=16 (full 0):
 garbage-first heap   total 115712K, used 90112K [0x0000000083200000, 0x0000000100000000)
  region size 1024K, 34 young (34816K), 1 survivors (1024K)
 Metaspace       used 58501K, committed 58816K, reserved 1105920K
  class space    used 6816K, committed 6976K, reserved 1048576K
}

